Namespace(K=1, Ks='[10, 20, 50]', alpha=2.0, batch_size=2048, batch_test_flag=True, beta=0.1, context_hops=3, cuda=True, data_path='data/', dataset='ali', dim=64, edge_dropout=False, edge_dropout_rate=0.1, embedding0=False, epoch=1000, gamma=0.3, gnn='lightgcn', gpu_id=1, l2=0.0001, lr=0.001, mess_dropout=False, mess_dropout_rate=0.1, n_negs=32, ns='dins', out_dir='./weights/', p=-2, pool='mean', save=False, simi='ip', tau=1.0, test_batch_size=2048, test_flag='part', warmup=100, window_length=5)
reading train and test user-item set ...
building the adj mat ...
loading over ...
This is LightGCN.py working...
Sep-20-2024_04-48-17 start training ...
+-------+------------------+----------------+--------+-----------------------------+-----------------------------+-----------------------------+-----------------------------+
| Epoch | training time(s) | tesing time(s) |  Loss  |            recall           |             ndcg            |          precision          |          hit_ratio          |
+-------+------------------+----------------+--------+-----------------------------+-----------------------------+-----------------------------+-----------------------------+
|   0   |        51        |       1        | 243.28 |  [0.03268, 0.05201, 0.0886] | [0.01851, 0.02362, 0.03124] | [0.00402, 0.00323, 0.00223] | [0.03946, 0.06232, 0.10554] |
|   0   |        51        |       1        | 243.28 | [0.00286, 0.00516, 0.01262] | [0.00146, 0.00204, 0.00354] | [0.00031, 0.00028, 0.00028] | [0.00301, 0.00542, 0.01376] |
+-------+------------------+----------------+--------+-----------------------------+-----------------------------+-----------------------------+-----------------------------+
+-------+------------------+----------------+--------+-----------------------------+-----------------------------+-----------------------------+-----------------------------+
| Epoch | training time(s) | tesing time(s) |  Loss  |            recall           |             ndcg            |          precision          |          hit_ratio          |
+-------+------------------+----------------+--------+-----------------------------+-----------------------------+-----------------------------+-----------------------------+
|   1   |        62        |       1        | 233.19 | [0.04304, 0.06353, 0.10617] | [0.02395, 0.02935, 0.03823] | [0.00517, 0.00384, 0.00261] |  [0.0508, 0.0746, 0.12451]  |
|   1   |        62        |       1        | 233.19 | [0.00416, 0.00711, 0.01596] |  [0.002, 0.00275, 0.00453]  | [0.00044, 0.00038, 0.00035] | [0.00436, 0.00751, 0.01724] |
+-------+------------------+----------------+--------+-----------------------------+-----------------------------+-----------------------------+-----------------------------+
+-------+------------------+----------------+--------+-----------------------------+-----------------------------+----------------------------+-----------------------------+
| Epoch | training time(s) | tesing time(s) |  Loss  |            recall           |             ndcg            |         precision          |          hit_ratio          |
+-------+------------------+----------------+--------+-----------------------------+-----------------------------+----------------------------+-----------------------------+
|   2   |        62        |       1        | 219.12 |  [0.0471, 0.06878, 0.11368] | [0.02627, 0.03196, 0.04131] | [0.0056, 0.00412, 0.00277] | [0.05504, 0.08018, 0.13234] |
|   2   |        62        |       1        | 219.12 | [0.00486, 0.00844, 0.01836] | [0.00235, 0.00326, 0.00525] | [0.00051, 0.00045, 0.0004] |  [0.00507, 0.00894, 0.0198] |
+-------+------------------+----------------+--------+-----------------------------+-----------------------------+----------------------------+-----------------------------+
+-------+------------------+----------------+--------+-----------------------------+-----------------------------+-----------------------------+-----------------------------+
| Epoch | training time(s) | tesing time(s) |  Loss  |            recall           |             ndcg            |          precision          |          hit_ratio          |
+-------+------------------+----------------+--------+-----------------------------+-----------------------------+-----------------------------+-----------------------------+
|   3   |        61        |       1        | 201.38 | [0.04969, 0.07286, 0.11877] | [0.02754, 0.03362, 0.04315] | [0.00586, 0.00433, 0.00289] |  [0.05771, 0.0845, 0.13804] |
|   3   |        61        |       1        | 201.38 | [0.00541, 0.00951, 0.02054] | [0.00265, 0.00369, 0.00589] | [0.00057, 0.00051, 0.00045] | [0.00566, 0.01009, 0.02212] |
+-------+------------------+----------------+--------+-----------------------------+-----------------------------+-----------------------------+-----------------------------+
+-------+------------------+----------------+--------+-----------------------------+-----------------------------+-----------------------------+-----------------------------+
| Epoch | training time(s) | tesing time(s) |  Loss  |            recall           |             ndcg            |          precision          |          hit_ratio          |
+-------+------------------+----------------+--------+-----------------------------+-----------------------------+-----------------------------+-----------------------------+
|   4   |        62        |       1        | 183.05 | [0.05147, 0.07479, 0.12043] |  [0.02856, 0.03469, 0.0442] | [0.00605, 0.00444, 0.00292] | [0.05947, 0.08663, 0.13977] |
|   4   |        62        |       1        | 183.05 | [0.00575, 0.01036, 0.02247] | [0.00283, 0.00401, 0.00642] |  [0.0006, 0.00056, 0.00049] |  [0.006, 0.01104, 0.02413]  |
+-------+------------------+----------------+--------+-----------------------------+-----------------------------+-----------------------------+-----------------------------+
+-------+------------------+----------------+--------+-----------------------------+-----------------------------+-----------------------------+-----------------------------+
| Epoch | training time(s) | tesing time(s) |  Loss  |            recall           |             ndcg            |          precision          |          hit_ratio          |
+-------+------------------+----------------+--------+-----------------------------+-----------------------------+-----------------------------+-----------------------------+
|   5   |        62        |       1        | 165.37 | [0.05216, 0.07609, 0.12103] | [0.02918, 0.03548, 0.04484] |  [0.00612, 0.0045, 0.00293] | [0.06016, 0.08789, 0.14017] |
|   5   |        62        |       1        | 165.37 | [0.00615, 0.01104, 0.02353] | [0.00301, 0.00425, 0.00675] | [0.00064, 0.00059, 0.00051] |  [0.00643, 0.0117, 0.02527] |
+-------+------------------+----------------+--------+-----------------------------+-----------------------------+-----------------------------+-----------------------------+
+-------+------------------+----------------+--------+-----------------------------+-----------------------------+-----------------------------+-----------------------------+
| Epoch | training time(s) | tesing time(s) |  Loss  |            recall           |             ndcg            |          precision          |          hit_ratio          |
+-------+------------------+----------------+--------+-----------------------------+-----------------------------+-----------------------------+-----------------------------+
|   6   |        62        |       1        | 148.92 | [0.05302, 0.07768, 0.12074] | [0.02969, 0.03616, 0.04513] | [0.00619, 0.00459, 0.00292] | [0.06093, 0.08958, 0.13961] |
|   6   |        62        |       1        | 148.92 |  [0.00642, 0.01165, 0.0245] | [0.00316, 0.00449, 0.00706] | [0.00068, 0.00062, 0.00053] | [0.00674, 0.01235, 0.02632] |
+-------+------------------+----------------+--------+-----------------------------+-----------------------------+-----------------------------+-----------------------------+
+-------+------------------+----------------+-------+-----------------------------+-----------------------------+-----------------------------+-----------------------------+
| Epoch | training time(s) | tesing time(s) |  Loss |            recall           |             ndcg            |          precision          |          hit_ratio          |
+-------+------------------+----------------+-------+-----------------------------+-----------------------------+-----------------------------+-----------------------------+
|   7   |        62        |       1        | 133.9 | [0.05288, 0.07748, 0.12047] | [0.02982, 0.03631, 0.04526] | [0.00617, 0.00458, 0.00291] | [0.06078, 0.08927, 0.13913] |
|   7   |        62        |       1        | 133.9 | [0.00676, 0.01233, 0.02495] | [0.00329, 0.00471, 0.00723] | [0.00071, 0.00066, 0.00054] | [0.00708, 0.01308, 0.02676] |
+-------+------------------+----------------+-------+-----------------------------+-----------------------------+-----------------------------+-----------------------------+
+-------+------------------+----------------+--------+-----------------------------+-----------------------------+-----------------------------+-----------------------------+
| Epoch | training time(s) | tesing time(s) |  Loss  |            recall           |             ndcg            |          precision          |          hit_ratio          |
+-------+------------------+----------------+--------+-----------------------------+-----------------------------+-----------------------------+-----------------------------+
|   8   |        61        |       1        | 120.57 | [0.05307, 0.07803, 0.11945] | [0.02996, 0.03652, 0.04514] |  [0.00619, 0.0046, 0.00288] | [0.06092, 0.08979, 0.13776] |
|   8   |        61        |       1        | 120.57 | [0.00706, 0.01251, 0.02566] | [0.00342, 0.00481, 0.00745] | [0.00074, 0.00067, 0.00056] | [0.00737, 0.01331, 0.02763] |
+-------+------------------+----------------+--------+-----------------------------+-----------------------------+-----------------------------+-----------------------------+
+-------+------------------+----------------+--------+-----------------------------+-----------------------------+-----------------------------+-----------------------------+
| Epoch | training time(s) | tesing time(s) |  Loss  |            recall           |             ndcg            |          precision          |          hit_ratio          |
+-------+------------------+----------------+--------+-----------------------------+-----------------------------+-----------------------------+-----------------------------+
|   9   |        61        |       1        | 108.74 | [0.05306, 0.07766, 0.11849] | [0.02999, 0.03645, 0.04496] | [0.00618, 0.00457, 0.00285] | [0.06082, 0.08924, 0.13649] |
|   9   |        61        |       1        | 108.74 | [0.00736, 0.01284, 0.02634] | [0.00354, 0.00494, 0.00766] | [0.00077, 0.00069, 0.00057] | [0.00768, 0.01365, 0.02842] |
+-------+------------------+----------------+--------+-----------------------------+-----------------------------+-----------------------------+-----------------------------+
+-------+------------------+----------------+-------+-----------------------------+-----------------------------+-----------------------------+-----------------------------+
| Epoch | training time(s) | tesing time(s) |  Loss |            recall           |             ndcg            |          precision          |          hit_ratio          |
+-------+------------------+----------------+-------+-----------------------------+-----------------------------+-----------------------------+-----------------------------+
|   10  |        62        |       1        | 98.06 | [0.05261, 0.07693, 0.11772] | [0.02996, 0.03636, 0.04486] | [0.00613, 0.00453, 0.00283] | [0.06034, 0.08843, 0.13532] |
|   10  |        62        |       1        | 98.06 | [0.00766, 0.01291, 0.02658] |  [0.00365, 0.005, 0.00775]  | [0.00081, 0.00069, 0.00058] | [0.00802, 0.01373, 0.02874] |
+-------+------------------+----------------+-------+-----------------------------+-----------------------------+-----------------------------+-----------------------------+
+-------+------------------+----------------+-------+----------------------------+-----------------------------+-----------------------------+-----------------------------+
| Epoch | training time(s) | tesing time(s) |  Loss |           recall           |             ndcg            |          precision          |          hit_ratio          |
+-------+------------------+----------------+-------+----------------------------+-----------------------------+-----------------------------+-----------------------------+
|   11  |        62        |       1        | 88.83 | [0.05254, 0.0767, 0.11637] |  [0.0299, 0.03626, 0.04452] | [0.00611, 0.00451, 0.00279] | [0.06019, 0.08811, 0.13369] |
|   11  |        62        |       1        | 88.83 | [0.0077, 0.01314, 0.02689] | [0.00368, 0.00507, 0.00784] |  [0.00081, 0.0007, 0.00059] | [0.00805, 0.01395, 0.02911] |
+-------+------------------+----------------+-------+----------------------------+-----------------------------+-----------------------------+-----------------------------+
+-------+------------------+----------------+-------+-----------------------------+-----------------------------+-----------------------------+-----------------------------+
| Epoch | training time(s) | tesing time(s) |  Loss |            recall           |             ndcg            |          precision          |          hit_ratio          |
+-------+------------------+----------------+-------+-----------------------------+-----------------------------+-----------------------------+-----------------------------+
|   12  |        61        |       1        | 80.79 | [0.05259, 0.07611, 0.11558] | [0.02988, 0.03608, 0.04429] | [0.00611, 0.00448, 0.00278] | [0.06008, 0.08742, 0.13287] |
|   12  |        61        |       1        | 80.79 |  [0.00783, 0.0132, 0.02722] | [0.00376, 0.00514, 0.00797] |  [0.00083, 0.0007, 0.0006]  | [0.00825, 0.01404, 0.02952] |
+-------+------------------+----------------+-------+-----------------------------+-----------------------------+-----------------------------+-----------------------------+
+-------+------------------+----------------+-------+-----------------------------+-----------------------------+-----------------------------+-----------------------------+
| Epoch | training time(s) | tesing time(s) |  Loss |            recall           |             ndcg            |          precision          |          hit_ratio          |
+-------+------------------+----------------+-------+-----------------------------+-----------------------------+-----------------------------+-----------------------------+
|   13  |        62        |       1        | 73.55 | [0.05226, 0.07577, 0.11473] | [0.02975, 0.03593, 0.04404] | [0.00607, 0.00445, 0.00276] | [0.05973, 0.08672, 0.13196] |
|   13  |        62        |       1        | 73.55 | [0.00786, 0.01344, 0.02764] | [0.00382, 0.00524, 0.00812] | [0.00083, 0.00072, 0.00061] | [0.00828, 0.01429, 0.03004] |
+-------+------------------+----------------+-------+-----------------------------+-----------------------------+-----------------------------+-----------------------------+
+-------+------------------+----------------+-------+-----------------------------+----------------------------+-----------------------------+-----------------------------+
| Epoch | training time(s) | tesing time(s) |  Loss |            recall           |            ndcg            |          precision          |          hit_ratio          |
+-------+------------------+----------------+-------+-----------------------------+----------------------------+-----------------------------+-----------------------------+
|   14  |        62        |       1        | 67.13 | [0.05231, 0.07528, 0.11376] | [0.0297, 0.03573, 0.04374] | [0.00607, 0.00442, 0.00273] | [0.05968, 0.08618, 0.13076] |
|   14  |        62        |       1        | 67.13 | [0.00808, 0.01368, 0.02771] | [0.0039, 0.00533, 0.00816] | [0.00085, 0.00073, 0.00061] | [0.00848, 0.01453, 0.03017] |
+-------+------------------+----------------+-------+-----------------------------+----------------------------+-----------------------------+-----------------------------+
+-------+------------------+----------------+-------+----------------------------+-----------------------------+-----------------------------+----------------------------+
| Epoch | training time(s) | tesing time(s) |  Loss |           recall           |             ndcg            |          precision          |         hit_ratio          |
+-------+------------------+----------------+-------+----------------------------+-----------------------------+-----------------------------+----------------------------+
|   15  |        61        |       1        | 61.53 | [0.05208, 0.07413, 0.1126] | [0.02955, 0.03534, 0.04334] |  [0.00605, 0.00436, 0.0027] | [0.05951, 0.0849, 0.12928] |
|   15  |        61        |       1        | 61.53 | [0.0081, 0.01381, 0.02792] | [0.00391, 0.00537, 0.00822] | [0.00086, 0.00074, 0.00062] | [0.00853, 0.0147, 0.0304]  |
+-------+------------------+----------------+-------+----------------------------+-----------------------------+-----------------------------+----------------------------+
+-------+------------------+----------------+-------+-----------------------------+-----------------------------+-----------------------------+-----------------------------+
| Epoch | training time(s) | tesing time(s) |  Loss |            recall           |             ndcg            |          precision          |          hit_ratio          |
+-------+------------------+----------------+-------+-----------------------------+-----------------------------+-----------------------------+-----------------------------+
|   16  |        61        |       1        | 56.39 | [0.05183, 0.07319, 0.11136] | [0.02931, 0.03492, 0.04285] |  [0.00601, 0.0043, 0.00267] | [0.05914, 0.08378, 0.12792] |
|   16  |        61        |       1        | 56.39 | [0.00813, 0.01399, 0.02813] |  [0.00395, 0.00544, 0.0083] | [0.00086, 0.00075, 0.00062] | [0.00854, 0.01488, 0.03069] |
+-------+------------------+----------------+-------+-----------------------------+-----------------------------+-----------------------------+-----------------------------+
+-------+------------------+----------------+-------+----------------------------+-----------------------------+-----------------------------+-----------------------------+
| Epoch | training time(s) | tesing time(s) |  Loss |           recall           |             ndcg            |          precision          |          hit_ratio          |
+-------+------------------+----------------+-------+----------------------------+-----------------------------+-----------------------------+-----------------------------+
|   17  |        62        |       1        | 52.17 | [0.0516, 0.07286, 0.11038] |  [0.0292, 0.03477, 0.04256] | [0.00598, 0.00428, 0.00265] | [0.05892, 0.08326, 0.12674] |
|   17  |        62        |       1        | 52.17 | [0.00806, 0.014, 0.02823]  | [0.00392, 0.00544, 0.00832] | [0.00085, 0.00075, 0.00063] |  [0.00848, 0.0149, 0.0309]  |
+-------+------------------+----------------+-------+----------------------------+-----------------------------+-----------------------------+-----------------------------+
+-------+------------------+----------------+-------+-----------------------------+-----------------------------+-----------------------------+----------------------------+
| Epoch | training time(s) | tesing time(s) |  Loss |            recall           |             ndcg            |          precision          |         hit_ratio          |
+-------+------------------+----------------+-------+-----------------------------+-----------------------------+-----------------------------+----------------------------+
|   18  |        62        |       1        | 48.25 | [0.05093, 0.07195, 0.10878] | [0.02895, 0.03447, 0.04213] | [0.00591, 0.00422, 0.00261] | [0.0582, 0.08221, 0.1249]  |
|   18  |        62        |       1        | 48.25 |  [0.00816, 0.014, 0.02835]  | [0.00397, 0.00547, 0.00837] | [0.00087, 0.00075, 0.00063] | [0.00861, 0.0149, 0.03102] |
+-------+------------------+----------------+-------+-----------------------------+-----------------------------+-----------------------------+----------------------------+
+-------+------------------+----------------+-------+-----------------------------+-----------------------------+-----------------------------+-----------------------------+
| Epoch | training time(s) | tesing time(s) |  Loss |            recall           |             ndcg            |          precision          |          hit_ratio          |
+-------+------------------+----------------+-------+-----------------------------+-----------------------------+-----------------------------+-----------------------------+
|   19  |        62        |       1        | 44.67 | [0.05028, 0.07148, 0.10798] | [0.02868, 0.03425, 0.04183] |  [0.00584, 0.0042, 0.00259] |  [0.0575, 0.08171, 0.12396] |
|   19  |        62        |       1        | 44.67 | [0.00809, 0.01405, 0.02841] | [0.00394, 0.00547, 0.00838] | [0.00086, 0.00075, 0.00063] | [0.00853, 0.01495, 0.03108] |
+-------+------------------+----------------+-------+-----------------------------+-----------------------------+-----------------------------+-----------------------------+
+-------+------------------+----------------+-------+-----------------------------+-----------------------------+-----------------------------+----------------------------+
| Epoch | training time(s) | tesing time(s) |  Loss |            recall           |             ndcg            |          precision          |         hit_ratio          |
+-------+------------------+----------------+-------+-----------------------------+-----------------------------+-----------------------------+----------------------------+
|   20  |        62        |       1        | 41.59 | [0.04991, 0.07037, 0.10686] | [0.02848, 0.03387, 0.04146] |  [0.0058, 0.00413, 0.00256] | [0.05706, 0.0805, 0.12261] |
|   20  |        62        |       1        | 41.59 | [0.00819, 0.01422, 0.02839] | [0.00398, 0.00552, 0.00839] | [0.00087, 0.00076, 0.00063] | [0.0086, 0.01515, 0.03106] |
+-------+------------------+----------------+-------+-----------------------------+-----------------------------+-----------------------------+----------------------------+
+-------+------------------+----------------+-------+-----------------------------+-----------------------------+-----------------------------+-----------------------------+
| Epoch | training time(s) | tesing time(s) |  Loss |            recall           |             ndcg            |          precision          |          hit_ratio          |
+-------+------------------+----------------+-------+-----------------------------+-----------------------------+-----------------------------+-----------------------------+
|   21  |        61        |       1        | 38.69 |  [0.04943, 0.0702, 0.10578] | [0.02822, 0.03368, 0.04107] | [0.00574, 0.00412, 0.00253] |  [0.05653, 0.08028, 0.1213] |
|   21  |        61        |       1        | 38.69 | [0.00817, 0.01414, 0.02851] | [0.00399, 0.00551, 0.00842] | [0.00086, 0.00076, 0.00063] | [0.00859, 0.01506, 0.03119] |
+-------+------------------+----------------+-------+-----------------------------+-----------------------------+-----------------------------+-----------------------------+
+-------+------------------+----------------+------+-----------------------------+-----------------------------+-----------------------------+-----------------------------+
| Epoch | training time(s) | tesing time(s) | Loss |            recall           |             ndcg            |          precision          |          hit_ratio          |
+-------+------------------+----------------+------+-----------------------------+-----------------------------+-----------------------------+-----------------------------+
|   22  |        61        |       1        | 36.3 | [0.04907, 0.06929, 0.10473] | [0.02803, 0.03335, 0.04073] |  [0.0057, 0.00406, 0.00251] | [0.05606, 0.07915, 0.12008] |
|   22  |        61        |       1        | 36.3 | [0.00819, 0.01406, 0.02822] | [0.00399, 0.00549, 0.00837] | [0.00087, 0.00075, 0.00063] | [0.00861, 0.01497, 0.03088] |
+-------+------------------+----------------+------+-----------------------------+-----------------------------+-----------------------------+-----------------------------+
+-------+------------------+----------------+-------+-----------------------------+-----------------------------+-----------------------------+-----------------------------+
| Epoch | training time(s) | tesing time(s) |  Loss |            recall           |             ndcg            |          precision          |          hit_ratio          |
+-------+------------------+----------------+-------+-----------------------------+-----------------------------+-----------------------------+-----------------------------+
|   23  |        61        |       1        | 34.05 | [0.04867, 0.06871, 0.10395] | [0.02777, 0.03304, 0.04038] | [0.00565, 0.00403, 0.00249] | [0.05562, 0.07854, 0.11926] |
|   23  |        61        |       1        | 34.05 |  [0.00827, 0.014, 0.02821]  | [0.00401, 0.00547, 0.00835] | [0.00088, 0.00075, 0.00063] |  [0.0087, 0.01492, 0.03087] |
+-------+------------------+----------------+-------+-----------------------------+-----------------------------+-----------------------------+-----------------------------+
+-------+------------------+----------------+------+-----------------------------+-----------------------------+-----------------------------+-----------------------------+
| Epoch | training time(s) | tesing time(s) | Loss |            recall           |             ndcg            |          precision          |          hit_ratio          |
+-------+------------------+----------------+------+-----------------------------+-----------------------------+-----------------------------+-----------------------------+
|   24  |        60        |       1        | 31.9 | [0.04845, 0.06799, 0.10287] | [0.02763, 0.03277, 0.04003] | [0.00562, 0.00399, 0.00246] | [0.05536, 0.07766, 0.11803] |
|   24  |        60        |       1        | 31.9 | [0.00825, 0.01402, 0.02813] | [0.00401, 0.00548, 0.00834] | [0.00088, 0.00075, 0.00063] | [0.00875, 0.01497, 0.03087] |
+-------+------------------+----------------+------+-----------------------------+-----------------------------+-----------------------------+-----------------------------+
+-------+------------------+----------------+-------+-----------------------------+-----------------------------+-----------------------------+----------------------------+
| Epoch | training time(s) | tesing time(s) |  Loss |            recall           |             ndcg            |          precision          |         hit_ratio          |
+-------+------------------+----------------+-------+-----------------------------+-----------------------------+-----------------------------+----------------------------+
|   25  |        61        |       1        | 30.06 | [0.04802, 0.06749, 0.10157] | [0.02741, 0.03252, 0.03963] | [0.00557, 0.00395, 0.00243] | [0.05484, 0.07712, 0.1165] |
|   25  |        61        |       1        | 30.06 | [0.00831, 0.01416, 0.02816] | [0.00404, 0.00552, 0.00837] | [0.00089, 0.00076, 0.00063] | [0.00882, 0.01509, 0.0309] |
+-------+------------------+----------------+-------+-----------------------------+-----------------------------+-----------------------------+----------------------------+
+-------+------------------+----------------+-------+-----------------------------+-----------------------------+-----------------------------+-----------------------------+
| Epoch | training time(s) | tesing time(s) |  Loss |            recall           |             ndcg            |          precision          |          hit_ratio          |
+-------+------------------+----------------+-------+-----------------------------+-----------------------------+-----------------------------+-----------------------------+
|   26  |        61        |       1        | 28.36 | [0.04783, 0.06717, 0.10119] |  [0.0273, 0.03238, 0.03946] | [0.00554, 0.00394, 0.00243] | [0.05455, 0.07671, 0.11614] |
|   26  |        61        |       1        | 28.36 | [0.00829, 0.01418, 0.02816] | [0.00402, 0.00552, 0.00835] | [0.00089, 0.00076, 0.00063] | [0.00881, 0.01509, 0.03088] |
+-------+------------------+----------------+-------+-----------------------------+-----------------------------+-----------------------------+-----------------------------+
+-------+------------------+----------------+-------+-----------------------------+-----------------------------+-----------------------------+-----------------------------+
| Epoch | training time(s) | tesing time(s) |  Loss |            recall           |             ndcg            |          precision          |          hit_ratio          |
+-------+------------------+----------------+-------+-----------------------------+-----------------------------+-----------------------------+-----------------------------+
|   27  |        62        |       1        | 26.82 | [0.04728, 0.06688, 0.10034] | [0.02701, 0.03215, 0.03912] | [0.00548, 0.00392, 0.00241] |   [0.054, 0.0764, 0.11524]  |
|   27  |        62        |       0        | 26.82 | [0.00819, 0.01426, 0.02791] | [0.00403, 0.00558, 0.00835] | [0.00087, 0.00076, 0.00062] | [0.00869, 0.01519, 0.03057] |
+-------+------------------+----------------+-------+-----------------------------+-----------------------------+-----------------------------+-----------------------------+
+-------+------------------+----------------+-------+-----------------------------+-----------------------------+-----------------------------+-----------------------------+
| Epoch | training time(s) | tesing time(s) |  Loss |            recall           |             ndcg            |          precision          |          hit_ratio          |
+-------+------------------+----------------+-------+-----------------------------+-----------------------------+-----------------------------+-----------------------------+
|   28  |        61        |       1        | 25.41 | [0.04718, 0.06614, 0.09964] | [0.02695, 0.03194, 0.03891] | [0.00546, 0.00388, 0.00239] | [0.05372, 0.07552, 0.11442] |
|   28  |        61        |       1        | 25.41 | [0.00825, 0.01426, 0.02782] | [0.00401, 0.00554, 0.00829] | [0.00088, 0.00077, 0.00062] |  [0.00875, 0.01522, 0.0305] |
+-------+------------------+----------------+-------+-----------------------------+-----------------------------+-----------------------------+-----------------------------+
+-------+------------------+----------------+-------+-----------------------------+-----------------------------+-----------------------------+-----------------------------+
| Epoch | training time(s) | tesing time(s) |  Loss |            recall           |             ndcg            |          precision          |          hit_ratio          |
+-------+------------------+----------------+-------+-----------------------------+-----------------------------+-----------------------------+-----------------------------+
|   29  |        60        |       1        | 24.25 | [0.04671, 0.06559, 0.09838] | [0.02668, 0.03165, 0.03849] | [0.00541, 0.00385, 0.00236] | [0.05331, 0.07493, 0.11293] |
|   29  |        60        |       1        | 24.25 |  [0.00831, 0.01433, 0.0278] | [0.00406, 0.00559, 0.00832] | [0.00088, 0.00077, 0.00062] | [0.00881, 0.01531, 0.03048] |
+-------+------------------+----------------+-------+-----------------------------+-----------------------------+-----------------------------+-----------------------------+
+-------+------------------+----------------+-------+-----------------------------+-----------------------------+-----------------------------+-----------------------------+
| Epoch | training time(s) | tesing time(s) |  Loss |            recall           |             ndcg            |          precision          |          hit_ratio          |
+-------+------------------+----------------+-------+-----------------------------+-----------------------------+-----------------------------+-----------------------------+
|   30  |        61        |       1        | 22.92 | [0.04648, 0.06517, 0.09777] | [0.02657, 0.03149, 0.03828] | [0.00539, 0.00382, 0.00234] | [0.05302, 0.07446, 0.11224] |
|   30  |        61        |       1        | 22.92 | [0.00817, 0.01416, 0.02762] |  [0.004, 0.00553, 0.00826]  | [0.00087, 0.00076, 0.00062] | [0.00864, 0.01518, 0.03023] |
+-------+------------------+----------------+-------+-----------------------------+-----------------------------+-----------------------------+-----------------------------+
+-------+------------------+----------------+-------+-----------------------------+-----------------------------+-----------------------------+-----------------------------+
| Epoch | training time(s) | tesing time(s) |  Loss |            recall           |             ndcg            |          precision          |          hit_ratio          |
+-------+------------------+----------------+-------+-----------------------------+-----------------------------+-----------------------------+-----------------------------+
|   31  |        61        |       1        | 21.85 | [0.04626, 0.06499, 0.09702] | [0.02644, 0.03135, 0.03804] | [0.00537, 0.00381, 0.00233] | [0.05278, 0.07429, 0.11137] |
|   31  |        61        |       1        | 21.85 |  [0.00814, 0.01421, 0.0275] | [0.00399, 0.00555, 0.00824] | [0.00086, 0.00076, 0.00061] | [0.00861, 0.01521, 0.03017] |
+-------+------------------+----------------+-------+-----------------------------+-----------------------------+-----------------------------+-----------------------------+
+-------+------------------+----------------+-------+-----------------------------+-----------------------------+-----------------------------+----------------------------+
| Epoch | training time(s) | tesing time(s) |  Loss |            recall           |             ndcg            |          precision          |         hit_ratio          |
+-------+------------------+----------------+-------+-----------------------------+-----------------------------+-----------------------------+----------------------------+
|   32  |        61        |       1        | 21.01 | [0.04584, 0.06442, 0.09637] | [0.02626, 0.03113, 0.03779] | [0.00532, 0.00378, 0.00231] | [0.0523, 0.07356, 0.11072] |
|   32  |        61        |       1        | 21.01 | [0.00823, 0.01407, 0.02751] | [0.00404, 0.00554, 0.00827] | [0.00087, 0.00076, 0.00062] | [0.0087, 0.01506, 0.03019] |
+-------+------------------+----------------+-------+-----------------------------+-----------------------------+-----------------------------+----------------------------+
+-------+------------------+----------------+-------+-----------------------------+-----------------------------+-----------------------------+-----------------------------+
| Epoch | training time(s) | tesing time(s) |  Loss |            recall           |             ndcg            |          precision          |          hit_ratio          |
+-------+------------------+----------------+-------+-----------------------------+-----------------------------+-----------------------------+-----------------------------+
|   33  |        61        |       1        | 20.07 |  [0.04563, 0.06403, 0.0958] |  [0.02617, 0.03099, 0.0376] |  [0.00529, 0.00375, 0.0023] |   [0.05196, 0.07309, 0.11]  |
|   33  |        61        |       1        | 20.07 | [0.00826, 0.01409, 0.02742] | [0.00405, 0.00555, 0.00825] | [0.00088, 0.00076, 0.00061] | [0.00875, 0.01512, 0.03009] |
+-------+------------------+----------------+-------+-----------------------------+-----------------------------+-----------------------------+-----------------------------+
+-------+------------------+----------------+-------+-----------------------------+-----------------------------+-----------------------------+----------------------------+
| Epoch | training time(s) | tesing time(s) |  Loss |            recall           |             ndcg            |          precision          |         hit_ratio          |
+-------+------------------+----------------+-------+-----------------------------+-----------------------------+-----------------------------+----------------------------+
|   34  |        61        |       1        | 19.35 | [0.04523, 0.06352, 0.09457] | [0.02607, 0.03086, 0.03734] | [0.00524, 0.00372, 0.00227] | [0.05149, 0.07251, 0.1087] |
|   34  |        61        |       1        | 19.35 | [0.00822, 0.01416, 0.02717] |  [0.00404, 0.00556, 0.0082] | [0.00087, 0.00077, 0.00061] | [0.0087, 0.01524, 0.02978] |
+-------+------------------+----------------+-------+-----------------------------+-----------------------------+-----------------------------+----------------------------+
+-------+------------------+----------------+-------+-----------------------------+-----------------------------+-----------------------------+-----------------------------+
| Epoch | training time(s) | tesing time(s) |  Loss |            recall           |             ndcg            |          precision          |          hit_ratio          |
+-------+------------------+----------------+-------+-----------------------------+-----------------------------+-----------------------------+-----------------------------+
|   35  |        61        |       1        | 18.59 | [0.04489, 0.06297, 0.09382] | [0.02589, 0.03063, 0.03706] |  [0.0052, 0.00369, 0.00225] | [0.05109, 0.07187, 0.10787] |
|   35  |        61        |       1        | 18.59 | [0.00835, 0.01399, 0.02712] |  [0.00405, 0.0055, 0.00816] | [0.00089, 0.00076, 0.00061] | [0.00882, 0.01506, 0.02976] |
+-------+------------------+----------------+-------+-----------------------------+-----------------------------+-----------------------------+-----------------------------+
+-------+------------------+----------------+-------+-----------------------------+-----------------------------+-----------------------------+-----------------------------+
| Epoch | training time(s) | tesing time(s) |  Loss |            recall           |             ndcg            |          precision          |          hit_ratio          |
+-------+------------------+----------------+-------+-----------------------------+-----------------------------+-----------------------------+-----------------------------+
|   36  |        61        |       1        | 17.77 | [0.04464, 0.06247, 0.09294] | [0.02567, 0.03036, 0.03671] | [0.00517, 0.00366, 0.00223] |  [0.05085, 0.0713, 0.10683] |
|   36  |        61        |       1        | 17.77 |  [0.0082, 0.01397, 0.02672] |  [0.00402, 0.00551, 0.0081] |  [0.00087, 0.00076, 0.0006] | [0.00869, 0.01509, 0.02936] |
+-------+------------------+----------------+-------+-----------------------------+-----------------------------+-----------------------------+-----------------------------+
+-------+------------------+----------------+-------+-----------------------------+-----------------------------+-----------------------------+-----------------------------+
| Epoch | training time(s) | tesing time(s) |  Loss |            recall           |             ndcg            |          precision          |          hit_ratio          |
+-------+------------------+----------------+-------+-----------------------------+-----------------------------+-----------------------------+-----------------------------+
|   37  |        60        |       1        | 17.23 |  [0.04416, 0.062, 0.09246]  | [0.02554, 0.03022, 0.03658] | [0.00511, 0.00363, 0.00222] | [0.05029, 0.07085, 0.10623] |
|   37  |        60        |       1        | 17.23 | [0.00835, 0.01395, 0.02665] | [0.00406, 0.00549, 0.00808] |  [0.00089, 0.00076, 0.0006] | [0.00885, 0.01501, 0.02929] |
+-------+------------------+----------------+-------+-----------------------------+-----------------------------+-----------------------------+-----------------------------+
+-------+------------------+----------------+-------+-----------------------------+-----------------------------+-----------------------------+-----------------------------+
| Epoch | training time(s) | tesing time(s) |  Loss |            recall           |             ndcg            |          precision          |          hit_ratio          |
+-------+------------------+----------------+-------+-----------------------------+-----------------------------+-----------------------------+-----------------------------+
|   38  |        59        |       1        | 16.66 | [0.04379, 0.06171, 0.09155] | [0.02532, 0.03003, 0.03626] | [0.00506, 0.00361, 0.00219] | [0.04976, 0.07046, 0.10518] |
|   38  |        59        |       1        | 16.66 |  [0.00841, 0.01415, 0.0266] | [0.00409, 0.00555, 0.00809] |  [0.0009, 0.00077, 0.0006]  | [0.00891, 0.01522, 0.02923] |
+-------+------------------+----------------+-------+-----------------------------+-----------------------------+-----------------------------+-----------------------------+
+-------+------------------+----------------+-------+-----------------------------+----------------------------+-----------------------------+-----------------------------+
| Epoch | training time(s) | tesing time(s) |  Loss |            recall           |            ndcg            |          precision          |          hit_ratio          |
+-------+------------------+----------------+-------+-----------------------------+----------------------------+-----------------------------+-----------------------------+
|   39  |        60        |       1        | 16.11 | [0.04323, 0.06135, 0.09091] | [0.025, 0.02975, 0.03593]  | [0.00501, 0.00359, 0.00218] | [0.04924, 0.06992, 0.10448] |
|   39  |        60        |       0        | 16.11 | [0.00838, 0.01394, 0.02668] | [0.00407, 0.0055, 0.00809] |  [0.00089, 0.00076, 0.0006] |  [0.00887, 0.01504, 0.0293] |
+-------+------------------+----------------+-------+-----------------------------+----------------------------+-----------------------------+-----------------------------+
Early stopping is trigger at step: 10 log:0.01394
Sep-20-2024_05-30-46 end training ...
early stopping at 39, recall@20:0.0143
+-------+------------------+----------------+-------+-----------------------------+-----------------------------+-----------------------------+-----------------------------+
| Epoch | training time(s) | tesing time(s) |  Loss |            recall           |             ndcg            |          precision          |          hit_ratio          |
+-------+------------------+----------------+-------+-----------------------------+-----------------------------+-----------------------------+-----------------------------+
|   29  |        60        |       1        | 24.25 | [0.04671, 0.06559, 0.09838] | [0.02668, 0.03165, 0.03849] | [0.00541, 0.00385, 0.00236] | [0.05331, 0.07493, 0.11293] |
+-------+------------------+----------------+-------+-----------------------------+-----------------------------+-----------------------------+-----------------------------+
