Namespace(K=1, Ks='[10, 20, 50]', alpha=2.0, batch_size=2048, batch_test_flag=True, beta=0.1, context_hops=3, cuda=True, data_path='data/', dataset='ali', dim=64, e=1e-07, edge_dropout=False, edge_dropout_rate=0.1, embedding0=False, epoch=1000, gamma=0.3, gnn='lightgcn', gpu_id=2, heatkernel=False, l2=0.0001, learnkernel=False, lr=0.001, mess_dropout=False, mess_dropout_rate=0.1, model_ablation=1, n_negs=32, ns='dins', out_dir='./weights/', p=-2, pool='mean', save=False, simi='ip', t_i=2, t_u=2, test_batch_size=2048, test_flag='part', warmup=100, window_length=5)
reading train and test user-item set ...
building the adj mat ...
loading over ...
This is LightGCN.py working...
Jul-18-2025_20-53-26 start training ...
+-------+------------------+----------------+--------+-----------------------------+-----------------------------+-----------------------------+-----------------------------+
| Epoch | training time(s) | tesing time(s) |  Loss  |            recall           |             ndcg            |          precision          |          hit_ratio          |
+-------+------------------+----------------+--------+-----------------------------+-----------------------------+-----------------------------+-----------------------------+
|   0   |        45        |       0        | 246.77 |  [0.0206, 0.03487, 0.06374] |  [0.01154, 0.01533, 0.0214] | [0.00268, 0.00224, 0.00166] | [0.02616, 0.04302, 0.07768] |
|   0   |        45        |       0        | 246.77 | [0.00175, 0.00337, 0.00814] | [0.00087, 0.00128, 0.00224] | [0.00019, 0.00018, 0.00018] | [0.00186, 0.00353, 0.00903] |
+-------+------------------+----------------+--------+-----------------------------+-----------------------------+-----------------------------+-----------------------------+
+-------+------------------+----------------+--------+-----------------------------+-----------------------------+----------------------------+-----------------------------+
| Epoch | training time(s) | tesing time(s) |  Loss  |            recall           |             ndcg            |         precision          |          hit_ratio          |
+-------+------------------+----------------+--------+-----------------------------+-----------------------------+----------------------------+-----------------------------+
|   1   |        43        |       0        | 242.73 | [0.02847, 0.04649, 0.08265] |  [0.016, 0.02073, 0.02828]  | [0.00356, 0.0029, 0.00209] | [0.03487, 0.05586, 0.09867] |
|   1   |        43        |       0        | 242.73 | [0.00279, 0.00499, 0.01192] | [0.00143, 0.00199, 0.00338] | [0.0003, 0.00027, 0.00027] | [0.00296, 0.00523, 0.01302] |
+-------+------------------+----------------+--------+-----------------------------+-----------------------------+----------------------------+-----------------------------+
+-------+------------------+----------------+--------+-----------------------------+-----------------------------+-----------------------------+-----------------------------+
| Epoch | training time(s) | tesing time(s) |  Loss  |            recall           |             ndcg            |          precision          |          hit_ratio          |
+-------+------------------+----------------+--------+-----------------------------+-----------------------------+-----------------------------+-----------------------------+
|   2   |        44        |       0        | 240.56 | [0.03399, 0.05468, 0.09353] | [0.01922, 0.02466, 0.03275] | [0.00417, 0.00336, 0.00233] | [0.04088, 0.06493, 0.11046] |
|   2   |        44        |       0        | 240.56 |  [0.0037, 0.00635, 0.01424] |  [0.00184, 0.00251, 0.0041] | [0.00039, 0.00034, 0.00032] | [0.00392, 0.00669, 0.01556] |
+-------+------------------+----------------+--------+-----------------------------+-----------------------------+-----------------------------+-----------------------------+
+-------+------------------+----------------+--------+-----------------------------+-----------------------------+-----------------------------+-----------------------------+
| Epoch | training time(s) | tesing time(s) |  Loss  |            recall           |             ndcg            |          precision          |          hit_ratio          |
+-------+------------------+----------------+--------+-----------------------------+-----------------------------+-----------------------------+-----------------------------+
|   3   |        43        |       0        | 238.02 | [0.03772, 0.05968, 0.10084] |  [0.02152, 0.0273, 0.03587] | [0.00455, 0.00363, 0.00249] |  [0.04474, 0.07038, 0.1185] |
|   3   |        43        |       0        | 238.02 | [0.00398, 0.00716, 0.01607] | [0.00202, 0.00283, 0.00461] | [0.00042, 0.00038, 0.00036] | [0.00421, 0.00755, 0.01748] |
+-------+------------------+----------------+--------+-----------------------------+-----------------------------+-----------------------------+-----------------------------+
+-------+------------------+----------------+--------+-----------------------------+-----------------------------+-----------------------------+-----------------------------+
| Epoch | training time(s) | tesing time(s) |  Loss  |            recall           |             ndcg            |          precision          |          hit_ratio          |
+-------+------------------+----------------+--------+-----------------------------+-----------------------------+-----------------------------+-----------------------------+
|   4   |        43        |       0        | 234.91 | [0.04158, 0.06316, 0.10525] |  [0.0235, 0.02918, 0.03795] | [0.00499, 0.00382, 0.00259] | [0.04907, 0.07411, 0.12327] |
|   4   |        43        |       0        | 234.91 | [0.00425, 0.00771, 0.01725] | [0.00217, 0.00306, 0.00497] | [0.00045, 0.00041, 0.00038] | [0.00446, 0.00813, 0.01871] |
+-------+------------------+----------------+--------+-----------------------------+-----------------------------+-----------------------------+-----------------------------+
+-------+------------------+----------------+--------+-----------------------------+-----------------------------+----------------------------+-----------------------------+
| Epoch | training time(s) | tesing time(s) |  Loss  |            recall           |             ndcg            |         precision          |          hit_ratio          |
+-------+------------------+----------------+--------+-----------------------------+-----------------------------+----------------------------+-----------------------------+
|   5   |        44        |       0        | 231.42 | [0.04359, 0.06592, 0.10872] | [0.02455, 0.03044, 0.03934] | [0.0052, 0.00397, 0.00267] | [0.05109, 0.07719, 0.12708] |
|   5   |        44        |       0        | 231.42 |  [0.00465, 0.00836, 0.0183] | [0.00233, 0.00327, 0.00526] | [0.00049, 0.00044, 0.0004] | [0.00491, 0.00881, 0.01983] |
+-------+------------------+----------------+--------+-----------------------------+-----------------------------+----------------------------+-----------------------------+
+-------+------------------+----------------+--------+-----------------------------+-----------------------------+-----------------------------+-----------------------------+
| Epoch | training time(s) | tesing time(s) |  Loss  |            recall           |             ndcg            |          precision          |          hit_ratio          |
+-------+------------------+----------------+--------+-----------------------------+-----------------------------+-----------------------------+-----------------------------+
|   6   |        43        |       0        | 227.87 | [0.04524, 0.06786, 0.11134] |  [0.02554, 0.0315, 0.04056] | [0.00538, 0.00407, 0.00273] | [0.05296, 0.07926, 0.13005] |
|   6   |        43        |       0        | 227.87 |  [0.005, 0.00858, 0.01932]  | [0.00247, 0.00339, 0.00554] | [0.00052, 0.00046, 0.00042] | [0.00523, 0.00904, 0.02092] |
+-------+------------------+----------------+--------+-----------------------------+-----------------------------+-----------------------------+-----------------------------+
+-------+------------------+----------------+--------+-----------------------------+-----------------------------+-----------------------------+----------------------------+
| Epoch | training time(s) | tesing time(s) |  Loss  |            recall           |             ndcg            |          precision          |         hit_ratio          |
+-------+------------------+----------------+--------+-----------------------------+-----------------------------+-----------------------------+----------------------------+
|   7   |        43        |       0        | 224.21 |  [0.04669, 0.06915, 0.1132] | [0.02616, 0.03208, 0.04125] | [0.00554, 0.00415, 0.00277] | [0.05446, 0.08075, 0.132]  |
|   7   |        43        |       0        | 224.21 | [0.00525, 0.00908, 0.02045] | [0.00258, 0.00356, 0.00583] | [0.00055, 0.00048, 0.00045] | [0.0055, 0.00956, 0.02209] |
+-------+------------------+----------------+--------+-----------------------------+-----------------------------+-----------------------------+----------------------------+
+-------+------------------+----------------+--------+-----------------------------+-----------------------------+-----------------------------+-----------------------------+
| Epoch | training time(s) | tesing time(s) |  Loss  |            recall           |             ndcg            |          precision          |          hit_ratio          |
+-------+------------------+----------------+--------+-----------------------------+-----------------------------+-----------------------------+-----------------------------+
|   8   |        43        |       0        | 220.84 | [0.04796, 0.07025, 0.11444] | [0.02676, 0.03263, 0.04183] |  [0.00568, 0.0042, 0.00279] | [0.05584, 0.08192, 0.13338] |
|   8   |        43        |       0        | 220.84 | [0.00542, 0.00956, 0.02136] | [0.00271, 0.00376, 0.00612] | [0.00057, 0.00051, 0.00047] |  [0.0057, 0.01009, 0.02305] |
+-------+------------------+----------------+--------+-----------------------------+-----------------------------+-----------------------------+-----------------------------+
+-------+------------------+----------------+--------+-----------------------------+-----------------------------+-----------------------------+-----------------------------+
| Epoch | training time(s) | tesing time(s) |  Loss  |            recall           |             ndcg            |          precision          |          hit_ratio          |
+-------+------------------+----------------+--------+-----------------------------+-----------------------------+-----------------------------+-----------------------------+
|   9   |        43        |       0        | 217.68 | [0.04861, 0.07126, 0.11649] |  [0.02715, 0.0331, 0.0425]  | [0.00575, 0.00425, 0.00284] | [0.05662, 0.08288, 0.13561] |
|   9   |        43        |       0        | 217.68 | [0.00567, 0.01023, 0.02217] | [0.00282, 0.00397, 0.00636] |  [0.0006, 0.00054, 0.00048] |  [0.00596, 0.0108, 0.02391] |
+-------+------------------+----------------+--------+-----------------------------+-----------------------------+-----------------------------+-----------------------------+
+-------+------------------+----------------+--------+-----------------------------+-----------------------------+----------------------------+-----------------------------+
| Epoch | training time(s) | tesing time(s) |  Loss  |            recall           |             ndcg            |         precision          |          hit_ratio          |
+-------+------------------+----------------+--------+-----------------------------+-----------------------------+----------------------------+-----------------------------+
|   10  |        43        |       0        | 214.62 |  [0.04947, 0.07228, 0.1172] |  [0.0275, 0.03349, 0.04284] | [0.00584, 0.0043, 0.00285] | [0.05742, 0.08394, 0.13635] |
|   10  |        43        |       0        | 214.62 | [0.00578, 0.01063, 0.02315] | [0.00291, 0.00415, 0.00665] | [0.00061, 0.00057, 0.0005] | [0.00607, 0.01122, 0.02496] |
+-------+------------------+----------------+--------+-----------------------------+-----------------------------+----------------------------+-----------------------------+
+-------+------------------+----------------+-------+-----------------------------+-----------------------------+-----------------------------+-----------------------------+
| Epoch | training time(s) | tesing time(s) |  Loss |            recall           |             ndcg            |          precision          |          hit_ratio          |
+-------+------------------+----------------+-------+-----------------------------+-----------------------------+-----------------------------+-----------------------------+
|   11  |        43        |       0        | 211.8 | [0.05038, 0.07329, 0.11813] | [0.02795, 0.03396, 0.04329] | [0.00593, 0.00435, 0.00287] | [0.05837, 0.08495, 0.13731] |
|   11  |        43        |       0        | 211.8 | [0.00613, 0.01101, 0.02403] | [0.00304, 0.00428, 0.00688] | [0.00064, 0.00059, 0.00052] |  [0.00643, 0.01161, 0.0259] |
+-------+------------------+----------------+-------+-----------------------------+-----------------------------+-----------------------------+-----------------------------+
+-------+------------------+----------------+--------+-----------------------------+-----------------------------+-----------------------------+-----------------------------+
| Epoch | training time(s) | tesing time(s) |  Loss  |            recall           |             ndcg            |          precision          |          hit_ratio          |
+-------+------------------+----------------+--------+-----------------------------+-----------------------------+-----------------------------+-----------------------------+
|   12  |        44        |       0        | 209.31 | [0.05108, 0.07409, 0.11867] | [0.02838, 0.03443, 0.04371] | [0.00601, 0.00439, 0.00288] |  [0.05918, 0.08585, 0.1378] |
|   12  |        44        |       0        | 209.31 |  [0.00633, 0.0115, 0.02451] | [0.00313, 0.00445, 0.00704] | [0.00067, 0.00061, 0.00053] | [0.00665, 0.01215, 0.02639] |
+-------+------------------+----------------+--------+-----------------------------+-----------------------------+-----------------------------+-----------------------------+
+-------+------------------+----------------+--------+-----------------------------+----------------------------+----------------------------+-----------------------------+
| Epoch | training time(s) | tesing time(s) |  Loss  |            recall           |            ndcg            |         precision          |          hit_ratio          |
+-------+------------------+----------------+--------+-----------------------------+----------------------------+----------------------------+-----------------------------+
|   13  |        43        |       0        | 206.98 | [0.05136, 0.07455, 0.11946] | [0.0286, 0.03471, 0.04406] | [0.00603, 0.00442, 0.0029] | [0.05941, 0.08639, 0.13874] |
|   13  |        43        |       0        | 206.98 | [0.00663, 0.01189, 0.02528] | [0.00329, 0.00463, 0.0073] | [0.0007, 0.00063, 0.00055] | [0.00697, 0.01255, 0.02725] |
+-------+------------------+----------------+--------+-----------------------------+----------------------------+----------------------------+-----------------------------+
+-------+------------------+----------------+--------+-----------------------------+-----------------------------+-----------------------------+----------------------------+
| Epoch | training time(s) | tesing time(s) |  Loss  |            recall           |             ndcg            |          precision          |         hit_ratio          |
+-------+------------------+----------------+--------+-----------------------------+-----------------------------+-----------------------------+----------------------------+
|   14  |        43        |       0        | 204.63 | [0.05168, 0.07531, 0.11975] |  [0.02874, 0.03495, 0.0442] | [0.00607, 0.00447, 0.00291] | [0.0598, 0.08728, 0.13907] |
|   14  |        43        |       0        | 204.63 | [0.00695, 0.01205, 0.02571] | [0.00341, 0.00471, 0.00745] | [0.00073, 0.00064, 0.00056] | [0.0073, 0.01272, 0.02771] |
+-------+------------------+----------------+--------+-----------------------------+-----------------------------+-----------------------------+----------------------------+
+-------+------------------+----------------+--------+-----------------------------+-----------------------------+-----------------------------+----------------------------+
| Epoch | training time(s) | tesing time(s) |  Loss  |            recall           |             ndcg            |          precision          |         hit_ratio          |
+-------+------------------+----------------+--------+-----------------------------+-----------------------------+-----------------------------+----------------------------+
|   15  |        43        |       0        | 202.61 | [0.05183, 0.07542, 0.11982] | [0.02886, 0.03506, 0.04432] | [0.00608, 0.00448, 0.00291] | [0.0599, 0.08734, 0.13911] |
|   15  |        43        |       0        | 202.61 | [0.00724, 0.01249, 0.02605] | [0.00354, 0.00488, 0.00761] | [0.00076, 0.00067, 0.00057] | [0.0076, 0.01321, 0.02809] |
+-------+------------------+----------------+--------+-----------------------------+-----------------------------+-----------------------------+----------------------------+
+-------+------------------+----------------+--------+-----------------------------+-----------------------------+-----------------------------+-----------------------------+
| Epoch | training time(s) | tesing time(s) |  Loss  |            recall           |             ndcg            |          precision          |          hit_ratio          |
+-------+------------------+----------------+--------+-----------------------------+-----------------------------+-----------------------------+-----------------------------+
|   16  |        43        |       0        | 200.72 |  [0.05208, 0.07582, 0.1199] | [0.02899, 0.03522, 0.04441] | [0.00611, 0.00449, 0.00291] | [0.06013, 0.08767, 0.13915] |
|   16  |        43        |       0        | 200.72 | [0.00749, 0.01276, 0.02671] |  [0.00365, 0.00499, 0.0078] | [0.00079, 0.00068, 0.00058] |  [0.00786, 0.01351, 0.0288] |
+-------+------------------+----------------+--------+-----------------------------+-----------------------------+-----------------------------+-----------------------------+
+-------+------------------+----------------+--------+----------------------------+-----------------------------+-----------------------------+-----------------------------+
| Epoch | training time(s) | tesing time(s) |  Loss  |           recall           |             ndcg            |          precision          |          hit_ratio          |
+-------+------------------+----------------+--------+----------------------------+-----------------------------+-----------------------------+-----------------------------+
|   17  |        43        |       0        | 199.13 | [0.0527, 0.07611, 0.12046] | [0.02922, 0.03537, 0.04462] | [0.00617, 0.00451, 0.00292] |  [0.06081, 0.08797, 0.1398] |
|   17  |        43        |       0        | 199.13 | [0.0077, 0.01302, 0.02734] | [0.00374, 0.00509, 0.00798] |  [0.00081, 0.00069, 0.0006] | [0.00808, 0.01377, 0.02947] |
+-------+------------------+----------------+--------+----------------------------+-----------------------------+-----------------------------+-----------------------------+
+-------+------------------+----------------+--------+-----------------------------+-----------------------------+-----------------------------+-----------------------------+
| Epoch | training time(s) | tesing time(s) |  Loss  |            recall           |             ndcg            |          precision          |          hit_ratio          |
+-------+------------------+----------------+--------+-----------------------------+-----------------------------+-----------------------------+-----------------------------+
|   18  |        43        |       0        | 197.45 | [0.05282, 0.07656, 0.12086] | [0.02941, 0.03566, 0.04488] | [0.00617, 0.00454, 0.00293] | [0.06081, 0.08847, 0.14011] |
|   18  |        43        |       0        | 197.45 | [0.00788, 0.01347, 0.02784] | [0.00382, 0.00524, 0.00814] | [0.00083, 0.00072, 0.00061] | [0.00825, 0.01422, 0.02997] |
+-------+------------------+----------------+--------+-----------------------------+-----------------------------+-----------------------------+-----------------------------+
+-------+------------------+----------------+--------+-----------------------------+-----------------------------+-----------------------------+-----------------------------+
| Epoch | training time(s) | tesing time(s) |  Loss  |            recall           |             ndcg            |          precision          |          hit_ratio          |
+-------+------------------+----------------+--------+-----------------------------+-----------------------------+-----------------------------+-----------------------------+
|   19  |        43        |       0        | 195.86 | [0.05325, 0.07721, 0.12077] | [0.02951, 0.03581, 0.04487] | [0.00621, 0.00457, 0.00293] | [0.06112, 0.08916, 0.14001] |
|   19  |        43        |       0        | 195.86 | [0.00806, 0.01398, 0.02822] | [0.00394, 0.00544, 0.00831] | [0.00085, 0.00074, 0.00061] | [0.00844, 0.01475, 0.03035] |
+-------+------------------+----------------+--------+-----------------------------+-----------------------------+-----------------------------+-----------------------------+
+-------+------------------+----------------+--------+-----------------------------+-----------------------------+-----------------------------+-----------------------------+
| Epoch | training time(s) | tesing time(s) |  Loss  |            recall           |             ndcg            |          precision          |          hit_ratio          |
+-------+------------------+----------------+--------+-----------------------------+-----------------------------+-----------------------------+-----------------------------+
|   20  |        43        |       0        | 194.59 | [0.05332, 0.07741, 0.12084] | [0.02962, 0.03597, 0.04501] | [0.00621, 0.00458, 0.00293] | [0.06117, 0.08939, 0.13997] |
|   20  |        43        |       0        | 194.59 |  [0.0083, 0.01418, 0.0287]  | [0.00403, 0.00551, 0.00844] | [0.00087, 0.00075, 0.00062] | [0.00869, 0.01494, 0.03087] |
+-------+------------------+----------------+--------+-----------------------------+-----------------------------+-----------------------------+-----------------------------+
+-------+------------------+----------------+--------+-----------------------------+-----------------------------+-----------------------------+-----------------------------+
| Epoch | training time(s) | tesing time(s) |  Loss  |            recall           |             ndcg            |          precision          |          hit_ratio          |
+-------+------------------+----------------+--------+-----------------------------+-----------------------------+-----------------------------+-----------------------------+
|   21  |        43        |       0        | 193.25 | [0.05362, 0.07761, 0.12089] |  [0.0298, 0.03612, 0.04514] |  [0.00625, 0.0046, 0.00293] | [0.06158, 0.08965, 0.14001] |
|   21  |        43        |       0        | 193.25 | [0.00843, 0.01445, 0.02899] | [0.00411, 0.00564, 0.00857] | [0.00088, 0.00077, 0.00063] | [0.00882, 0.01522, 0.03118] |
+-------+------------------+----------------+--------+-----------------------------+-----------------------------+-----------------------------+-----------------------------+
+-------+------------------+----------------+--------+-----------------------------+-----------------------------+-----------------------------+-----------------------------+
| Epoch | training time(s) | tesing time(s) |  Loss  |            recall           |             ndcg            |          precision          |          hit_ratio          |
+-------+------------------+----------------+--------+-----------------------------+-----------------------------+-----------------------------+-----------------------------+
|   22  |        43        |       0        | 192.03 | [0.05382, 0.07796, 0.12079] | [0.02982, 0.03617, 0.04509] | [0.00627, 0.00461, 0.00293] |  [0.06175, 0.08996, 0.1399] |
|   22  |        43        |       0        | 192.03 |  [0.00846, 0.01471, 0.0294] | [0.00416, 0.00575, 0.00871] | [0.00089, 0.00078, 0.00064] | [0.00885, 0.01549, 0.03161] |
+-------+------------------+----------------+--------+-----------------------------+-----------------------------+-----------------------------+-----------------------------+
+-------+------------------+----------------+--------+-----------------------------+-----------------------------+-----------------------------+-----------------------------+
| Epoch | training time(s) | tesing time(s) |  Loss  |            recall           |             ndcg            |          precision          |          hit_ratio          |
+-------+------------------+----------------+--------+-----------------------------+-----------------------------+-----------------------------+-----------------------------+
|   23  |        43        |       0        | 190.98 | [0.05355, 0.07792, 0.12083] |  [0.0298, 0.03623, 0.04516] | [0.00624, 0.00461, 0.00293] | [0.06139, 0.08987, 0.13993] |
|   23  |        43        |       0        | 190.98 | [0.00861, 0.01504, 0.02983] | [0.00421, 0.00584, 0.00882] |  [0.0009, 0.0008, 0.00065]  | [0.00901, 0.01584, 0.03208] |
+-------+------------------+----------------+--------+-----------------------------+-----------------------------+-----------------------------+-----------------------------+
+-------+------------------+----------------+--------+-----------------------------+-----------------------------+-----------------------------+-----------------------------+
| Epoch | training time(s) | tesing time(s) |  Loss  |            recall           |             ndcg            |          precision          |          hit_ratio          |
+-------+------------------+----------------+--------+-----------------------------+-----------------------------+-----------------------------+-----------------------------+
|   24  |        43        |       0        | 189.84 | [0.05373, 0.07781, 0.12056] | [0.02987, 0.03621, 0.04511] |  [0.00626, 0.0046, 0.00292] | [0.06165, 0.08963, 0.13951] |
|   24  |        43        |       0        | 189.84 |  [0.0087, 0.01541, 0.03029] | [0.00425, 0.00595, 0.00894] | [0.00091, 0.00082, 0.00066] |  [0.0091, 0.01623, 0.03252] |
+-------+------------------+----------------+--------+-----------------------------+-----------------------------+-----------------------------+-----------------------------+
+-------+------------------+----------------+--------+-----------------------------+-----------------------------+-----------------------------+-----------------------------+
| Epoch | training time(s) | tesing time(s) |  Loss  |            recall           |             ndcg            |          precision          |          hit_ratio          |
+-------+------------------+----------------+--------+-----------------------------+-----------------------------+-----------------------------+-----------------------------+
|   25  |        43        |       0        | 188.89 | [0.05394, 0.07778, 0.12041] | [0.03001, 0.03629, 0.04517] |  [0.00628, 0.0046, 0.00292] | [0.06187, 0.08957, 0.13939] |
|   25  |        43        |       0        | 188.89 |  [0.0089, 0.01551, 0.03047] | [0.00434, 0.00602, 0.00903] | [0.00093, 0.00082, 0.00066] |  [0.00931, 0.01634, 0.0327] |
+-------+------------------+----------------+--------+-----------------------------+-----------------------------+-----------------------------+-----------------------------+
+-------+------------------+----------------+--------+-----------------------------+-----------------------------+-----------------------------+-----------------------------+
| Epoch | training time(s) | tesing time(s) |  Loss  |            recall           |             ndcg            |          precision          |          hit_ratio          |
+-------+------------------+----------------+--------+-----------------------------+-----------------------------+-----------------------------+-----------------------------+
|   26  |        43        |       0        | 187.94 | [0.05367, 0.07787, 0.12021] | [0.02993, 0.03631, 0.04512] |  [0.00626, 0.0046, 0.00291] | [0.06173, 0.08974, 0.13906] |
|   26  |        43        |       0        | 187.94 | [0.00902, 0.01562, 0.03073] |  [0.0044, 0.00608, 0.00912] | [0.00095, 0.00083, 0.00067] | [0.00943, 0.01645, 0.03306] |
+-------+------------------+----------------+--------+-----------------------------+-----------------------------+-----------------------------+-----------------------------+
+-------+------------------+----------------+-------+-----------------------------+-----------------------------+-----------------------------+-----------------------------+
| Epoch | training time(s) | tesing time(s) |  Loss |            recall           |             ndcg            |          precision          |          hit_ratio          |
+-------+------------------+----------------+-------+-----------------------------+-----------------------------+-----------------------------+-----------------------------+
|   27  |        43        |       0        | 187.1 | [0.05385, 0.07795, 0.11993] | [0.02998, 0.03632, 0.04506] |  [0.00629, 0.0046, 0.0029]  |  [0.0619, 0.08975, 0.13875] |
|   27  |        43        |       0        | 187.1 | [0.00919, 0.01592, 0.03127] |  [0.0045, 0.00621, 0.00929] | [0.00096, 0.00084, 0.00068] | [0.00961, 0.01677, 0.03362] |
+-------+------------------+----------------+-------+-----------------------------+-----------------------------+-----------------------------+-----------------------------+
+-------+------------------+----------------+--------+-----------------------------+-----------------------------+-----------------------------+-----------------------------+
| Epoch | training time(s) | tesing time(s) |  Loss  |            recall           |             ndcg            |          precision          |          hit_ratio          |
+-------+------------------+----------------+--------+-----------------------------+-----------------------------+-----------------------------+-----------------------------+
|   28  |        43        |       0        | 186.38 | [0.05396, 0.07818, 0.11993] | [0.03011, 0.03648, 0.04517] |  [0.0063, 0.00462, 0.0029]  | [0.06202, 0.09004, 0.13871] |
|   28  |        43        |       0        | 186.38 | [0.00932, 0.01613, 0.03144] | [0.00454, 0.00627, 0.00935] | [0.00098, 0.00085, 0.00068] | [0.00972, 0.01701, 0.03381] |
+-------+------------------+----------------+--------+-----------------------------+-----------------------------+-----------------------------+-----------------------------+
+-------+------------------+----------------+--------+-----------------------------+-----------------------------+-----------------------------+-----------------------------+
| Epoch | training time(s) | tesing time(s) |  Loss  |            recall           |             ndcg            |          precision          |          hit_ratio          |
+-------+------------------+----------------+--------+-----------------------------+-----------------------------+-----------------------------+-----------------------------+
|   29  |        43        |       0        | 185.57 |  [0.0541, 0.07803, 0.11957] | [0.03018, 0.03648, 0.04514] | [0.00631, 0.00461, 0.00289] |  [0.0621, 0.08987, 0.13827] |
|   29  |        43        |       0        | 185.57 | [0.00946, 0.01637, 0.03155] |  [0.0046, 0.00635, 0.00941] | [0.00099, 0.00087, 0.00068] | [0.00989, 0.01723, 0.03388] |
+-------+------------------+----------------+--------+-----------------------------+-----------------------------+-----------------------------+-----------------------------+
+-------+------------------+----------------+--------+----------------------------+-----------------------------+-----------------------------+-----------------------------+
| Epoch | training time(s) | tesing time(s) |  Loss  |           recall           |             ndcg            |          precision          |          hit_ratio          |
+-------+------------------+----------------+--------+----------------------------+-----------------------------+-----------------------------+-----------------------------+
|   30  |        43        |       0        | 184.88 | [0.05423, 0.0781, 0.11923] | [0.03026, 0.03655, 0.04513] | [0.00632, 0.00462, 0.00289] | [0.06223, 0.08994, 0.13793] |
|   30  |        43        |       0        | 184.88 | [0.0096, 0.01627, 0.03183] | [0.00467, 0.00637, 0.00951] |  [0.001, 0.00086, 0.00069]  | [0.01002, 0.01711, 0.03422] |
+-------+------------------+----------------+--------+----------------------------+-----------------------------+-----------------------------+-----------------------------+
+-------+------------------+----------------+--------+-----------------------------+----------------------------+-----------------------------+-----------------------------+
| Epoch | training time(s) | tesing time(s) |  Loss  |            recall           |            ndcg            |          precision          |          hit_ratio          |
+-------+------------------+----------------+--------+-----------------------------+----------------------------+-----------------------------+-----------------------------+
|   31  |        43        |       0        | 184.17 | [0.05432, 0.07789, 0.11918] | [0.03037, 0.03657, 0.0452] |  [0.00634, 0.0046, 0.00289] | [0.06235, 0.08963, 0.13787] |
|   31  |        43        |       0        | 184.17 | [0.00977, 0.01642, 0.03191] | [0.00472, 0.0064, 0.00952] | [0.00102, 0.00087, 0.00069] | [0.01018, 0.01724, 0.03425] |
+-------+------------------+----------------+--------+-----------------------------+----------------------------+-----------------------------+-----------------------------+
+-------+------------------+----------------+--------+-----------------------------+-----------------------------+-----------------------------+-----------------------------+
| Epoch | training time(s) | tesing time(s) |  Loss  |            recall           |             ndcg            |          precision          |          hit_ratio          |
+-------+------------------+----------------+--------+-----------------------------+-----------------------------+-----------------------------+-----------------------------+
|   32  |        43        |       0        | 183.54 | [0.05427, 0.07798, 0.11916] | [0.03033, 0.03658, 0.04517] | [0.00633, 0.00461, 0.00289] | [0.06232, 0.08967, 0.13786] |
|   32  |        43        |       0        | 183.54 |  [0.00984, 0.0166, 0.03236] | [0.00478, 0.00649, 0.00966] |  [0.00103, 0.00088, 0.0007] | [0.01026, 0.01744, 0.03477] |
+-------+------------------+----------------+--------+-----------------------------+-----------------------------+-----------------------------+-----------------------------+
+-------+------------------+----------------+--------+-----------------------------+-----------------------------+----------------------------+-----------------------------+
| Epoch | training time(s) | tesing time(s) |  Loss  |            recall           |             ndcg            |         precision          |          hit_ratio          |
+-------+------------------+----------------+--------+-----------------------------+-----------------------------+----------------------------+-----------------------------+
|   33  |        43        |       0        | 183.03 | [0.05407, 0.07768, 0.11902] | [0.03028, 0.03651, 0.04513] | [0.00631, 0.0046, 0.00288] | [0.06205, 0.08946, 0.13766] |
|   33  |        43        |       0        | 183.03 | [0.00991, 0.01658, 0.03239] |  [0.0048, 0.0065, 0.00969]  | [0.00103, 0.00088, 0.0007] |  [0.01031, 0.01744, 0.0348] |
+-------+------------------+----------------+--------+-----------------------------+-----------------------------+----------------------------+-----------------------------+
+-------+------------------+----------------+--------+-----------------------------+-----------------------------+-----------------------------+-----------------------------+
| Epoch | training time(s) | tesing time(s) |  Loss  |            recall           |             ndcg            |          precision          |          hit_ratio          |
+-------+------------------+----------------+--------+-----------------------------+-----------------------------+-----------------------------+-----------------------------+
|   34  |        43        |       0        | 182.48 | [0.05432, 0.07741, 0.11889] | [0.03043, 0.03652, 0.04518] | [0.00634, 0.00458, 0.00288] | [0.06235, 0.08907, 0.13753] |
|   34  |        43        |       0        | 182.48 |  [0.0099, 0.01651, 0.03262] | [0.00484, 0.00653, 0.00978] | [0.00103, 0.00087, 0.00071] | [0.01031, 0.01739, 0.03508] |
+-------+------------------+----------------+--------+-----------------------------+-----------------------------+-----------------------------+-----------------------------+
+-------+------------------+----------------+--------+-----------------------------+-----------------------------+-----------------------------+-----------------------------+
| Epoch | training time(s) | tesing time(s) |  Loss  |            recall           |             ndcg            |          precision          |          hit_ratio          |
+-------+------------------+----------------+--------+-----------------------------+-----------------------------+-----------------------------+-----------------------------+
|   35  |        43        |       0        | 181.92 |  [0.05437, 0.07747, 0.1192] | [0.03047, 0.03656, 0.04527] | [0.00635, 0.00458, 0.00288] | [0.06241, 0.08917, 0.13768] |
|   35  |        43        |       0        | 181.92 | [0.00992, 0.01658, 0.03299] | [0.00485, 0.00655, 0.00985] | [0.00104, 0.00088, 0.00072] | [0.01034, 0.01744, 0.03546] |
+-------+------------------+----------------+--------+-----------------------------+-----------------------------+-----------------------------+-----------------------------+
+-------+------------------+----------------+--------+-----------------------------+-----------------------------+-----------------------------+-----------------------------+
| Epoch | training time(s) | tesing time(s) |  Loss  |            recall           |             ndcg            |          precision          |          hit_ratio          |
+-------+------------------+----------------+--------+-----------------------------+-----------------------------+-----------------------------+-----------------------------+
|   36  |        43        |       0        | 181.36 | [0.05429, 0.07746, 0.11878] | [0.03054, 0.03666, 0.04529] | [0.00634, 0.00458, 0.00288] | [0.06234, 0.08912, 0.13726] |
|   36  |        43        |       0        | 181.36 | [0.01004, 0.01678, 0.03293] |  [0.00489, 0.0066, 0.00985] | [0.00105, 0.00089, 0.00071] | [0.01049, 0.01766, 0.03542] |
+-------+------------------+----------------+--------+-----------------------------+-----------------------------+-----------------------------+-----------------------------+
+-------+------------------+----------------+--------+-----------------------------+-----------------------------+-----------------------------+-----------------------------+
| Epoch | training time(s) | tesing time(s) |  Loss  |            recall           |             ndcg            |          precision          |          hit_ratio          |
+-------+------------------+----------------+--------+-----------------------------+-----------------------------+-----------------------------+-----------------------------+
|   37  |        43        |       0        | 181.05 | [0.05443, 0.07743, 0.11878] | [0.03058, 0.03665, 0.04529] | [0.00635, 0.00458, 0.00288] | [0.06239, 0.08906, 0.13726] |
|   37  |        43        |       0        | 181.05 | [0.01011, 0.01681, 0.03304] |  [0.0049, 0.00661, 0.00988] | [0.00106, 0.00089, 0.00072] | [0.01057, 0.01772, 0.03555] |
+-------+------------------+----------------+--------+-----------------------------+-----------------------------+-----------------------------+-----------------------------+
+-------+------------------+----------------+--------+-----------------------------+-----------------------------+-----------------------------+-----------------------------+
| Epoch | training time(s) | tesing time(s) |  Loss  |            recall           |             ndcg            |          precision          |          hit_ratio          |
+-------+------------------+----------------+--------+-----------------------------+-----------------------------+-----------------------------+-----------------------------+
|   38  |        43        |       0        | 180.63 | [0.05428, 0.07729, 0.11845] |  [0.0305, 0.03657, 0.04516] | [0.00633, 0.00457, 0.00287] | [0.06214, 0.08896, 0.13689] |
|   38  |        43        |       0        | 180.63 |  [0.01018, 0.01698, 0.0332] | [0.00495, 0.00667, 0.00995] |  [0.00107, 0.0009, 0.00072] |  [0.01065, 0.01788, 0.0357] |
+-------+------------------+----------------+--------+-----------------------------+-----------------------------+-----------------------------+-----------------------------+
+-------+------------------+----------------+--------+-----------------------------+-----------------------------+-----------------------------+----------------------------+
| Epoch | training time(s) | tesing time(s) |  Loss  |            recall           |             ndcg            |          precision          |         hit_ratio          |
+-------+------------------+----------------+--------+-----------------------------+-----------------------------+-----------------------------+----------------------------+
|   39  |        43        |       0        | 180.16 |  [0.05423, 0.0771, 0.1184]  | [0.03049, 0.03654, 0.04515] | [0.00633, 0.00456, 0.00286] | [0.06219, 0.0888, 0.13678] |
|   39  |        43        |       0        | 180.16 | [0.01022, 0.01696, 0.03326] | [0.00495, 0.00666, 0.00995] |  [0.00107, 0.0009, 0.00072] | [0.0107, 0.01784, 0.03575] |
+-------+------------------+----------------+--------+-----------------------------+-----------------------------+-----------------------------+----------------------------+
+-------+------------------+----------------+--------+-----------------------------+-----------------------------+-----------------------------+-----------------------------+
| Epoch | training time(s) | tesing time(s) |  Loss  |            recall           |             ndcg            |          precision          |          hit_ratio          |
+-------+------------------+----------------+--------+-----------------------------+-----------------------------+-----------------------------+-----------------------------+
|   40  |        43        |       0        | 179.86 | [0.05407, 0.07705, 0.11793] | [0.03039, 0.03646, 0.04499] | [0.00631, 0.00456, 0.00285] | [0.06201, 0.08869, 0.13627] |
|   40  |        43        |       0        | 179.86 | [0.01025, 0.01706, 0.03342] | [0.00496, 0.00669, 0.00999] |  [0.00107, 0.0009, 0.00072] |  [0.0107, 0.01797, 0.03588] |
+-------+------------------+----------------+--------+-----------------------------+-----------------------------+-----------------------------+-----------------------------+
+-------+------------------+----------------+--------+-----------------------------+-----------------------------+-----------------------------+-----------------------------+
| Epoch | training time(s) | tesing time(s) |  Loss  |            recall           |             ndcg            |          precision          |          hit_ratio          |
+-------+------------------+----------------+--------+-----------------------------+-----------------------------+-----------------------------+-----------------------------+
|   41  |        43        |       0        | 179.42 | [0.05402, 0.07703, 0.11777] | [0.03038, 0.03645, 0.04495] |  [0.0063, 0.00456, 0.00285] | [0.06194, 0.08863, 0.13607] |
|   41  |        43        |       0        | 179.42 | [0.01035, 0.01717, 0.03357] | [0.00499, 0.00672, 0.01003] | [0.00108, 0.00091, 0.00073] | [0.01079, 0.01809, 0.03603] |
+-------+------------------+----------------+--------+-----------------------------+-----------------------------+-----------------------------+-----------------------------+
+-------+------------------+----------------+--------+-----------------------------+----------------------------+-----------------------------+-----------------------------+
| Epoch | training time(s) | tesing time(s) |  Loss  |            recall           |            ndcg            |          precision          |          hit_ratio          |
+-------+------------------+----------------+--------+-----------------------------+----------------------------+-----------------------------+-----------------------------+
|   42  |        43        |       0        | 179.08 |  [0.05427, 0.077, 0.11736]  | [0.03051, 0.0365, 0.04492] | [0.00634, 0.00455, 0.00284] |  [0.0623, 0.08856, 0.13558] |
|   42  |        43        |       0        | 179.08 | [0.01033, 0.01724, 0.03348] | [0.005, 0.00676, 0.01004]  | [0.00108, 0.00091, 0.00073] | [0.01076, 0.01818, 0.03598] |
+-------+------------------+----------------+--------+-----------------------------+----------------------------+-----------------------------+-----------------------------+
+-------+------------------+----------------+-------+-----------------------------+-----------------------------+-----------------------------+-----------------------------+
| Epoch | training time(s) | tesing time(s) |  Loss |            recall           |             ndcg            |          precision          |          hit_ratio          |
+-------+------------------+----------------+-------+-----------------------------+-----------------------------+-----------------------------+-----------------------------+
|   43  |        43        |       0        | 178.8 | [0.05416, 0.07684, 0.11762] | [0.03052, 0.03651, 0.04501] | [0.00632, 0.00454, 0.00285] | [0.06217, 0.08838, 0.13586] |
|   43  |        43        |       0        | 178.8 | [0.01038, 0.01733, 0.03359] | [0.00502, 0.00679, 0.01007] | [0.00108, 0.00092, 0.00073] | [0.01082, 0.01825, 0.03611] |
+-------+------------------+----------------+-------+-----------------------------+-----------------------------+-----------------------------+-----------------------------+
+-------+------------------+----------------+--------+----------------------------+-----------------------------+-----------------------------+----------------------------+
| Epoch | training time(s) | tesing time(s) |  Loss  |           recall           |             ndcg            |          precision          |         hit_ratio          |
+-------+------------------+----------------+--------+----------------------------+-----------------------------+-----------------------------+----------------------------+
|   44  |        43        |       0        | 178.44 | [0.05426, 0.0769, 0.11741] | [0.03055, 0.03651, 0.04496] | [0.00634, 0.00455, 0.00284] | [0.06227, 0.08844, 0.1356] |
|   44  |        43        |       0        | 178.44 | [0.0104, 0.01728, 0.03365] | [0.00503, 0.00679, 0.01009] | [0.00109, 0.00092, 0.00073] | [0.01085, 0.01822, 0.0362] |
+-------+------------------+----------------+--------+----------------------------+-----------------------------+-----------------------------+----------------------------+
+-------+------------------+----------------+--------+-----------------------------+-----------------------------+-----------------------------+-----------------------------+
| Epoch | training time(s) | tesing time(s) |  Loss  |            recall           |             ndcg            |          precision          |          hit_ratio          |
+-------+------------------+----------------+--------+-----------------------------+-----------------------------+-----------------------------+-----------------------------+
|   45  |        43        |       0        | 178.21 |  [0.054, 0.07699, 0.11731]  | [0.03046, 0.03652, 0.04491] | [0.00631, 0.00455, 0.00283] | [0.06202, 0.08858, 0.13533] |
|   45  |        43        |       0        | 178.21 | [0.01039, 0.01731, 0.03359] |  [0.00504, 0.0068, 0.0101]  | [0.00109, 0.00092, 0.00073] | [0.01086, 0.01822, 0.03611] |
+-------+------------------+----------------+--------+-----------------------------+-----------------------------+-----------------------------+-----------------------------+
+-------+------------------+----------------+--------+-----------------------------+-----------------------------+-----------------------------+-----------------------------+
| Epoch | training time(s) | tesing time(s) |  Loss  |            recall           |             ndcg            |          precision          |          hit_ratio          |
+-------+------------------+----------------+--------+-----------------------------+-----------------------------+-----------------------------+-----------------------------+
|   46  |        43        |       0        | 177.85 | [0.05369, 0.07688, 0.11707] |  [0.03038, 0.0365, 0.04487] | [0.00628, 0.00455, 0.00283] | [0.06166, 0.08844, 0.13513] |
|   46  |        43        |       0        | 177.85 | [0.01041, 0.01737, 0.03368] | [0.00507, 0.00684, 0.01014] | [0.00109, 0.00092, 0.00073] | [0.01088, 0.01829, 0.03625] |
+-------+------------------+----------------+--------+-----------------------------+-----------------------------+-----------------------------+-----------------------------+
+-------+------------------+----------------+--------+-----------------------------+-----------------------------+-----------------------------+-----------------------------+
| Epoch | training time(s) | tesing time(s) |  Loss  |            recall           |             ndcg            |          precision          |          hit_ratio          |
+-------+------------------+----------------+--------+-----------------------------+-----------------------------+-----------------------------+-----------------------------+
|   47  |        43        |       0        | 177.66 | [0.05399, 0.07686, 0.11694] |  [0.03047, 0.0365, 0.04485] | [0.00631, 0.00455, 0.00283] | [0.06203, 0.08837, 0.13492] |
|   47  |        43        |       0        | 177.66 |  [0.01038, 0.0174, 0.03381] | [0.00508, 0.00687, 0.01018] | [0.00109, 0.00092, 0.00073] | [0.01085, 0.01829, 0.03638] |
+-------+------------------+----------------+--------+-----------------------------+-----------------------------+-----------------------------+-----------------------------+
+-------+------------------+----------------+--------+----------------------------+-----------------------------+-----------------------------+-----------------------------+
| Epoch | training time(s) | tesing time(s) |  Loss  |           recall           |             ndcg            |          precision          |          hit_ratio          |
+-------+------------------+----------------+--------+----------------------------+-----------------------------+-----------------------------+-----------------------------+
|   48  |        43        |       0        | 177.33 | [0.05381, 0.0767, 0.11679] | [0.03044, 0.03648, 0.04483] | [0.00629, 0.00454, 0.00283] | [0.06176, 0.08822, 0.13487] |
|   48  |        43        |       0        | 177.33 | [0.01027, 0.01747, 0.0338] | [0.00504, 0.00688, 0.01017] | [0.00108, 0.00092, 0.00073] | [0.01074, 0.01838, 0.03637] |
+-------+------------------+----------------+--------+----------------------------+-----------------------------+-----------------------------+-----------------------------+
+-------+------------------+----------------+--------+-----------------------------+-----------------------------+-----------------------------+-----------------------------+
| Epoch | training time(s) | tesing time(s) |  Loss  |            recall           |             ndcg            |          precision          |          hit_ratio          |
+-------+------------------+----------------+--------+-----------------------------+-----------------------------+-----------------------------+-----------------------------+
|   49  |        43        |       0        | 177.15 | [0.05385, 0.07672, 0.11704] | [0.03045, 0.03649, 0.04488] | [0.00629, 0.00454, 0.00283] | [0.06179, 0.08819, 0.13502] |
|   49  |        43        |       0        | 177.15 | [0.01039, 0.01751, 0.03364] | [0.00507, 0.00688, 0.01014] | [0.00109, 0.00093, 0.00073] | [0.01088, 0.01841, 0.03622] |
+-------+------------------+----------------+--------+-----------------------------+-----------------------------+-----------------------------+-----------------------------+
+-------+------------------+----------------+-------+-----------------------------+-----------------------------+-----------------------------+----------------------------+
| Epoch | training time(s) | tesing time(s) |  Loss |            recall           |             ndcg            |          precision          |         hit_ratio          |
+-------+------------------+----------------+-------+-----------------------------+-----------------------------+-----------------------------+----------------------------+
|   50  |        43        |       0        | 176.8 | [0.05373, 0.07691, 0.11655] | [0.03038, 0.03649, 0.04475] | [0.00628, 0.00455, 0.00282] | [0.06176, 0.0884, 0.13458] |
|   50  |        43        |       0        | 176.8 | [0.01045, 0.01768, 0.03376] | [0.00508, 0.00692, 0.01016] |  [0.0011, 0.00093, 0.00073] | [0.01093, 0.0186, 0.03634] |
+-------+------------------+----------------+-------+-----------------------------+-----------------------------+-----------------------------+----------------------------+
+-------+------------------+----------------+--------+-----------------------------+-----------------------------+-----------------------------+-----------------------------+
| Epoch | training time(s) | tesing time(s) |  Loss  |            recall           |             ndcg            |          precision          |          hit_ratio          |
+-------+------------------+----------------+--------+-----------------------------+-----------------------------+-----------------------------+-----------------------------+
|   51  |        43        |       0        | 176.66 | [0.05377, 0.07711, 0.11662] |  [0.03042, 0.03657, 0.0448] | [0.00628, 0.00456, 0.00282] | [0.06175, 0.08861, 0.13458] |
|   51  |        43        |       0        | 176.66 | [0.01042, 0.01764, 0.03386] | [0.00507, 0.00691, 0.01018] | [0.00109, 0.00093, 0.00074] | [0.01088, 0.01856, 0.03643] |
+-------+------------------+----------------+--------+-----------------------------+-----------------------------+-----------------------------+-----------------------------+
+-------+------------------+----------------+--------+-----------------------------+-----------------------------+----------------------------+-----------------------------+
| Epoch | training time(s) | tesing time(s) |  Loss  |            recall           |             ndcg            |         precision          |          hit_ratio          |
+-------+------------------+----------------+--------+-----------------------------+-----------------------------+----------------------------+-----------------------------+
|   52  |        43        |       0        | 176.38 | [0.05393, 0.07692, 0.11647] | [0.03048, 0.03653, 0.04477] | [0.0063, 0.00455, 0.00282] | [0.06192, 0.08836, 0.13442] |
|   52  |        43        |       0        | 176.38 | [0.01051, 0.01773, 0.03395] |  [0.0051, 0.00694, 0.0102]  | [0.0011, 0.00094, 0.00074] | [0.01096, 0.01865, 0.03648] |
+-------+------------------+----------------+--------+-----------------------------+-----------------------------+----------------------------+-----------------------------+
+-------+------------------+----------------+--------+-----------------------------+-----------------------------+-----------------------------+-----------------------------+
| Epoch | training time(s) | tesing time(s) |  Loss  |            recall           |             ndcg            |          precision          |          hit_ratio          |
+-------+------------------+----------------+--------+-----------------------------+-----------------------------+-----------------------------+-----------------------------+
|   53  |        43        |       0        | 176.21 | [0.05384, 0.07667, 0.11603] |  [0.0304, 0.03641, 0.04461] | [0.00629, 0.00453, 0.00281] |  [0.0618, 0.08804, 0.13405] |
|   53  |        43        |       0        | 176.21 | [0.01052, 0.01757, 0.03392] | [0.00512, 0.00692, 0.01021] | [0.00111, 0.00093, 0.00074] | [0.01102, 0.01849, 0.03651] |
+-------+------------------+----------------+--------+-----------------------------+-----------------------------+-----------------------------+-----------------------------+
+-------+------------------+----------------+-------+-----------------------------+-----------------------------+-----------------------------+---------------------------+
| Epoch | training time(s) | tesing time(s) |  Loss |            recall           |             ndcg            |          precision          |         hit_ratio         |
+-------+------------------+----------------+-------+-----------------------------+-----------------------------+-----------------------------+---------------------------+
|   54  |        43        |       0        | 175.9 | [0.05345, 0.07666, 0.11623] | [0.03033, 0.03644, 0.04467] | [0.00624, 0.00453, 0.00281] | [0.06133, 0.088, 0.13422] |
|   54  |        43        |       0        | 175.9 | [0.01047, 0.01768, 0.03399] | [0.00512, 0.00696, 0.01024] |  [0.0011, 0.00094, 0.00074] | [0.01095, 0.0186, 0.0366] |
+-------+------------------+----------------+-------+-----------------------------+-----------------------------+-----------------------------+---------------------------+
+-------+------------------+----------------+--------+----------------------------+-----------------------------+-----------------------------+-----------------------------+
| Epoch | training time(s) | tesing time(s) |  Loss  |           recall           |             ndcg            |          precision          |          hit_ratio          |
+-------+------------------+----------------+--------+----------------------------+-----------------------------+-----------------------------+-----------------------------+
|   55  |        43        |       0        | 175.75 | [0.05349, 0.07678, 0.1162] | [0.03032, 0.03645, 0.04466] | [0.00625, 0.00454, 0.00281] | [0.06144, 0.08818, 0.13425] |
|   55  |        43        |       0        | 175.75 | [0.0105, 0.01769, 0.03416] | [0.00514, 0.00697, 0.01028] |  [0.0011, 0.00094, 0.00074] |  [0.01096, 0.0186, 0.03677] |
+-------+------------------+----------------+--------+----------------------------+-----------------------------+-----------------------------+-----------------------------+
