Namespace(K=1, Ks='[10, 20, 50]', alpha=2.3, batch_size=2048, batch_test_flag=True, beta=0.1, context_hops=3, cuda=True, data_path='data/', dataset='amazon', dim=64, edge_dropout=False, edge_dropout_rate=0.1, embedding0=False, epoch=1000, gamma=0.3, gnn='lightgcn', gpu_id=0, l2=0.0001, lr=0.001, mess_dropout=False, mess_dropout_rate=0.1, n_negs=32, ns='dins', out_dir='./weights/', p=-2, pool='mean', save=False, simi='ip', tau=1.0, test_batch_size=2048, test_flag='part', warmup=100, window_length=5)
reading train and test user-item set ...
building the adj mat ...
loading over ...
This is LightGCN.py working...
Sep-20-2024_04-47-56 start training ...
+-------+------------------+----------------+--------+-----------------------------+-----------------------------+----------------------------+-----------------------------+
| Epoch | training time(s) | tesing time(s) |  Loss  |            recall           |             ndcg            |         precision          |          hit_ratio          |
+-------+------------------+----------------+--------+-----------------------------+-----------------------------+----------------------------+-----------------------------+
|   0   |       179        |       2        | 446.08 |  [0.02602, 0.0391, 0.06876] | [0.01506, 0.01844, 0.02452] | [0.00296, 0.00225, 0.0016] | [0.02935, 0.04437, 0.07814] |
|   0   |       179        |       2        | 446.08 | [0.03537, 0.05245, 0.08435] |  [0.01869, 0.0231, 0.02961] | [0.00404, 0.003, 0.00195]  | [0.03998, 0.05918, 0.09537] |
+-------+------------------+----------------+--------+-----------------------------+-----------------------------+----------------------------+-----------------------------+
+-------+------------------+----------------+-------+-----------------------------+-----------------------------+-----------------------------+-----------------------------+
| Epoch | training time(s) | tesing time(s) |  Loss |            recall           |             ndcg            |          precision          |          hit_ratio          |
+-------+------------------+----------------+-------+-----------------------------+-----------------------------+-----------------------------+-----------------------------+
|   1   |       177        |       2        | 417.3 | [0.02894, 0.04361, 0.07397] | [0.01697, 0.02078, 0.02698] |  [0.00327, 0.0025, 0.00171] | [0.03241, 0.04924, 0.08355] |
|   1   |       177        |       2        | 417.3 | [0.03736, 0.05636, 0.09208] | [0.02024, 0.02516, 0.03247] | [0.00422, 0.00321, 0.00212] | [0.04171, 0.06321, 0.10369] |
+-------+------------------+----------------+-------+-----------------------------+-----------------------------+-----------------------------+-----------------------------+
+-------+------------------+----------------+-------+-----------------------------+-----------------------------+-----------------------------+-----------------------------+
| Epoch | training time(s) | tesing time(s) |  Loss |            recall           |             ndcg            |          precision          |          hit_ratio          |
+-------+------------------+----------------+-------+-----------------------------+-----------------------------+-----------------------------+-----------------------------+
|   2   |       178        |       2        | 393.3 | [0.03025, 0.04578, 0.07681] | [0.01771, 0.02172, 0.02805] | [0.00342, 0.00261, 0.00177] | [0.03382, 0.05152, 0.08635] |
|   2   |       178        |       2        | 393.3 | [0.03964, 0.05982, 0.09656] |  [0.02167, 0.0269, 0.03441] |  [0.00446, 0.0034, 0.00223] | [0.04407, 0.06683, 0.10872] |
+-------+------------------+----------------+-------+-----------------------------+-----------------------------+-----------------------------+-----------------------------+
+-------+------------------+----------------+--------+----------------------------+-----------------------------+-----------------------------+-----------------------------+
| Epoch | training time(s) | tesing time(s) |  Loss  |           recall           |             ndcg            |          precision          |          hit_ratio          |
+-------+------------------+----------------+--------+----------------------------+-----------------------------+-----------------------------+-----------------------------+
|   3   |       176        |       2        | 369.23 | [0.0316, 0.04741, 0.0785]  | [0.01829, 0.02237, 0.02872] |  [0.00356, 0.00269, 0.0018] | [0.03528, 0.05315, 0.08796] |
|   3   |       176        |       2        | 369.23 | [0.04074, 0.0611, 0.09847] | [0.02224, 0.02751, 0.03515] | [0.00459, 0.00347, 0.00227] |  [0.0454, 0.06831, 0.11076] |
+-------+------------------+----------------+--------+----------------------------+-----------------------------+-----------------------------+-----------------------------+
+-------+------------------+----------------+--------+-----------------------------+-----------------------------+-----------------------------+-----------------------------+
| Epoch | training time(s) | tesing time(s) |  Loss  |            recall           |             ndcg            |          precision          |          hit_ratio          |
+-------+------------------+----------------+--------+-----------------------------+-----------------------------+-----------------------------+-----------------------------+
|   4   |       177        |       2        | 345.68 | [0.03188, 0.04794, 0.07849] | [0.01833, 0.02248, 0.02871] |  [0.00357, 0.00271, 0.0018] | [0.03538, 0.05349, 0.08776] |
|   4   |       177        |       2        | 345.68 | [0.04123, 0.06191, 0.09886] | [0.02264, 0.02798, 0.03554] | [0.00466, 0.00351, 0.00228] | [0.04599, 0.06919, 0.11105] |
+-------+------------------+----------------+--------+-----------------------------+-----------------------------+-----------------------------+-----------------------------+
+-------+------------------+----------------+--------+-----------------------------+-----------------------------+-----------------------------+-----------------------------+
| Epoch | training time(s) | tesing time(s) |  Loss  |            recall           |             ndcg            |          precision          |          hit_ratio          |
+-------+------------------+----------------+--------+-----------------------------+-----------------------------+-----------------------------+-----------------------------+
|   5   |       177        |       2        | 322.55 | [0.03222, 0.04788, 0.07839] | [0.01838, 0.02243, 0.02865] |  [0.00359, 0.0027, 0.00179] | [0.03563, 0.05338, 0.08754] |
|   5   |       177        |       2        | 322.55 | [0.04137, 0.06169, 0.09858] |  [0.0228, 0.02806, 0.03559] | [0.00468, 0.00351, 0.00227] | [0.04616, 0.06903, 0.11076] |
+-------+------------------+----------------+--------+-----------------------------+-----------------------------+-----------------------------+-----------------------------+
+-------+------------------+----------------+--------+-----------------------------+-----------------------------+-----------------------------+-----------------------------+
| Epoch | training time(s) | tesing time(s) |  Loss  |            recall           |             ndcg            |          precision          |          hit_ratio          |
+-------+------------------+----------------+--------+-----------------------------+-----------------------------+-----------------------------+-----------------------------+
|   6   |       178        |       2        | 300.96 | [0.03208, 0.04763, 0.07749] | [0.01828, 0.02231, 0.02841] | [0.00357, 0.00268, 0.00177] | [0.03544, 0.05295, 0.08647] |
|   6   |       178        |       2        | 300.96 |  [0.041, 0.06152, 0.09826]  | [0.02272, 0.02803, 0.03554] |  [0.00463, 0.0035, 0.00226] | [0.04573, 0.06891, 0.11035] |
+-------+------------------+----------------+--------+-----------------------------+-----------------------------+-----------------------------+-----------------------------+
+-------+------------------+----------------+--------+-----------------------------+-----------------------------+-----------------------------+-----------------------------+
| Epoch | training time(s) | tesing time(s) |  Loss  |            recall           |             ndcg            |          precision          |          hit_ratio          |
+-------+------------------+----------------+--------+-----------------------------+-----------------------------+-----------------------------+-----------------------------+
|   7   |       158        |       1        | 279.89 | [0.03165, 0.04708, 0.07638] | [0.01803, 0.02203, 0.02803] | [0.00351, 0.00264, 0.00174] | [0.03488, 0.05225, 0.08513] |
|   7   |       158        |       1        | 279.89 |  [0.0409, 0.06088, 0.0976]  | [0.02261, 0.02778, 0.03529] | [0.00462, 0.00346, 0.00225] | [0.04562, 0.06816, 0.10972] |
+-------+------------------+----------------+--------+-----------------------------+-----------------------------+-----------------------------+-----------------------------+
+-------+------------------+----------------+--------+-----------------------------+-----------------------------+-----------------------------+-----------------------------+
| Epoch | training time(s) | tesing time(s) |  Loss  |            recall           |             ndcg            |          precision          |          hit_ratio          |
+-------+------------------+----------------+--------+-----------------------------+-----------------------------+-----------------------------+-----------------------------+
|   8   |       127        |       1        | 260.63 | [0.03169, 0.04661, 0.07549] | [0.01795, 0.02182, 0.02772] |  [0.0035, 0.00261, 0.00171] | [0.03485, 0.05169, 0.08401] |
|   8   |       127        |       1        | 260.63 | [0.04026, 0.06041, 0.09665] | [0.02223, 0.02746, 0.03485] | [0.00455, 0.00343, 0.00222] | [0.04495, 0.06755, 0.10853] |
+-------+------------------+----------------+--------+-----------------------------+-----------------------------+-----------------------------+-----------------------------+
+-------+------------------+----------------+--------+-----------------------------+-----------------------------+-----------------------------+-----------------------------+
| Epoch | training time(s) | tesing time(s) |  Loss  |            recall           |             ndcg            |          precision          |          hit_ratio          |
+-------+------------------+----------------+--------+-----------------------------+-----------------------------+-----------------------------+-----------------------------+
|   9   |       127        |       1        | 242.56 | [0.03136, 0.04622, 0.07432] | [0.01774, 0.02158, 0.02732] | [0.00348, 0.00259, 0.00168] | [0.03457, 0.05124, 0.08268] |
|   9   |       127        |       1        | 242.56 | [0.03992, 0.05979, 0.09531] | [0.02192, 0.02707, 0.03433] |  [0.0045, 0.00339, 0.0022]  | [0.04451, 0.06688, 0.10709] |
+-------+------------------+----------------+--------+-----------------------------+-----------------------------+-----------------------------+-----------------------------+
+-------+------------------+----------------+--------+-----------------------------+-----------------------------+-----------------------------+-----------------------------+
| Epoch | training time(s) | tesing time(s) |  Loss  |            recall           |             ndcg            |          precision          |          hit_ratio          |
+-------+------------------+----------------+--------+-----------------------------+-----------------------------+-----------------------------+-----------------------------+
|   10  |       129        |       2        | 225.84 | [0.03085, 0.04547, 0.07315] | [0.01747, 0.02125, 0.02689] | [0.00342, 0.00255, 0.00166] | [0.03399, 0.05044, 0.08136] |
|   10  |       129        |       1        | 225.84 | [0.03972, 0.05893, 0.09449] | [0.02174, 0.02672, 0.03399] | [0.00448, 0.00334, 0.00217] |  [0.04425, 0.0659, 0.1061]  |
+-------+------------------+----------------+--------+-----------------------------+-----------------------------+-----------------------------+-----------------------------+
+-------+------------------+----------------+--------+-----------------------------+-----------------------------+-----------------------------+-----------------------------+
| Epoch | training time(s) | tesing time(s) |  Loss  |            recall           |             ndcg            |          precision          |          hit_ratio          |
+-------+------------------+----------------+--------+-----------------------------+-----------------------------+-----------------------------+-----------------------------+
|   11  |       127        |       1        | 210.45 | [0.03051, 0.04486, 0.07223] | [0.01726, 0.02096, 0.02654] | [0.00338, 0.00251, 0.00163] | [0.03361, 0.04979, 0.08026] |
|   11  |       127        |       1        | 210.45 | [0.03918, 0.05819, 0.09323] | [0.02149, 0.02641, 0.03358] |  [0.00442, 0.0033, 0.00214] |   [0.0437, 0.065, 0.1047]   |
+-------+------------------+----------------+--------+-----------------------------+-----------------------------+-----------------------------+-----------------------------+
+-------+------------------+----------------+-------+-----------------------------+-----------------------------+-----------------------------+-----------------------------+
| Epoch | training time(s) | tesing time(s) |  Loss |            recall           |             ndcg            |          precision          |          hit_ratio          |
+-------+------------------+----------------+-------+-----------------------------+-----------------------------+-----------------------------+-----------------------------+
|   12  |       126        |       1        | 196.2 | [0.02988, 0.04431, 0.07136] | [0.01692, 0.02065, 0.02616] | [0.00331, 0.00248, 0.00161] | [0.03293, 0.04911, 0.07937] |
|   12  |       126        |       1        | 196.2 |  [0.03885, 0.05765, 0.0918] | [0.02129, 0.02615, 0.03314] | [0.00438, 0.00327, 0.00211] | [0.04328, 0.06445, 0.10316] |
+-------+------------------+----------------+-------+-----------------------------+-----------------------------+-----------------------------+-----------------------------+
+-------+------------------+----------------+--------+----------------------------+-----------------------------+-----------------------------+-----------------------------+
| Epoch | training time(s) | tesing time(s) |  Loss  |           recall           |             ndcg            |          precision          |          hit_ratio          |
+-------+------------------+----------------+--------+----------------------------+-----------------------------+-----------------------------+-----------------------------+
|   13  |       128        |       1        | 183.19 | [0.02939, 0.04363, 0.0703] | [0.01665, 0.02033, 0.02576] | [0.00326, 0.00244, 0.00159] | [0.03239, 0.04838, 0.07814] |
|   13  |       128        |       1        | 183.19 | [0.0385, 0.05705, 0.09068] | [0.02106, 0.02585, 0.03274] | [0.00434, 0.00324, 0.00209] | [0.04287, 0.06378, 0.10192] |
+-------+------------------+----------------+--------+----------------------------+-----------------------------+-----------------------------+-----------------------------+
+-------+------------------+----------------+--------+-----------------------------+-----------------------------+-----------------------------+-----------------------------+
| Epoch | training time(s) | tesing time(s) |  Loss  |            recall           |             ndcg            |          precision          |          hit_ratio          |
+-------+------------------+----------------+--------+-----------------------------+-----------------------------+-----------------------------+-----------------------------+
|   14  |       127        |       1        | 171.76 | [0.02885, 0.04295, 0.06903] |  [0.0164, 0.02004, 0.02535] |  [0.00319, 0.0024, 0.00156] | [0.03179, 0.04752, 0.07672] |
|   14  |       127        |       1        | 171.76 | [0.03794, 0.05631, 0.08952] | [0.02076, 0.02552, 0.03231] | [0.00428, 0.00319, 0.00206] | [0.04228, 0.06294, 0.10066] |
+-------+------------------+----------------+--------+-----------------------------+-----------------------------+-----------------------------+-----------------------------+
Early stopping is trigger at step: 10 log:0.05631
Sep-20-2024_05-27-17 end training ...
early stopping at 14, recall@20:0.0619
+-------+------------------+----------------+--------+-----------------------------+-----------------------------+----------------------------+-----------------------------+
| Epoch | training time(s) | tesing time(s) |  Loss  |            recall           |             ndcg            |         precision          |          hit_ratio          |
+-------+------------------+----------------+--------+-----------------------------+-----------------------------+----------------------------+-----------------------------+
|   4   |       177        |       2        | 345.68 | [0.03188, 0.04794, 0.07849] | [0.01833, 0.02248, 0.02871] | [0.00357, 0.00271, 0.0018] | [0.03538, 0.05349, 0.08776] |
+-------+------------------+----------------+--------+-----------------------------+-----------------------------+----------------------------+-----------------------------+
