Namespace(K=1, Ks='[10, 20, 50]', alpha=2.0, batch_size=2048, batch_test_flag=True, beta=0.1, context_hops=3, cuda=True, data_path='data/', dataset='amazon', dim=64, e=1e-07, edge_dropout=False, edge_dropout_rate=0.1, embedding0=False, epoch=1000, gamma=0.3, gnn='lightgcn', gpu_id=3, heatkernel=False, l2=0.0001, learnkernel=False, lr=0.001, mess_dropout=False, mess_dropout_rate=0.1, model_ablation=1, n_negs=32, ns='dins', out_dir='./weights/', p=-2, pool='mean', save=False, simi='ip', t_i=2, t_u=2, test_batch_size=2048, test_flag='part', warmup=100, window_length=5)
reading train and test user-item set ...
building the adj mat ...
loading over ...
This is LightGCN.py working...
Jul-18-2025_20-50-06 start training ...
+-------+------------------+----------------+--------+-----------------------------+-----------------------------+-----------------------------+-----------------------------+
| Epoch | training time(s) | tesing time(s) |  Loss  |            recall           |             ndcg            |          precision          |          hit_ratio          |
+-------+------------------+----------------+--------+-----------------------------+-----------------------------+-----------------------------+-----------------------------+
|   0   |       173        |       2        | 459.71 |  [0.0182, 0.02789, 0.05817] | [0.00959, 0.01208, 0.01828] | [0.00204, 0.00158, 0.00134] |  [0.0203, 0.03136, 0.0661]  |
|   0   |       173        |       2        | 459.71 | [0.03266, 0.04676, 0.07314] | [0.01652, 0.02018, 0.02553] |  [0.00378, 0.00271, 0.0017] | [0.03747, 0.05338, 0.08315] |
+-------+------------------+----------------+--------+-----------------------------+-----------------------------+-----------------------------+-----------------------------+
+-------+------------------+----------------+-------+-----------------------------+-----------------------------+-----------------------------+-----------------------------+
| Epoch | training time(s) | tesing time(s) |  Loss |            recall           |             ndcg            |          precision          |          hit_ratio          |
+-------+------------------+----------------+-------+-----------------------------+-----------------------------+-----------------------------+-----------------------------+
|   1   |       119        |       1        | 449.8 |  [0.02319, 0.0353, 0.06446] |  [0.01328, 0.0164, 0.02238] |  [0.00264, 0.00202, 0.0015] | [0.02615, 0.03996, 0.07333] |
|   1   |       119        |       1        | 449.8 | [0.03317, 0.04917, 0.07939] | [0.01691, 0.02107, 0.02724] | [0.00382, 0.00283, 0.00184] | [0.03779, 0.05585, 0.08998] |
+-------+------------------+----------------+-------+-----------------------------+-----------------------------+-----------------------------+-----------------------------+
+-------+------------------+----------------+--------+-----------------------------+-----------------------------+-----------------------------+----------------------------+
| Epoch | training time(s) | tesing time(s) |  Loss  |            recall           |             ndcg            |          precision          |         hit_ratio          |
+-------+------------------+----------------+--------+-----------------------------+-----------------------------+-----------------------------+----------------------------+
|   2   |       119        |       1        | 443.54 |  [0.02591, 0.0383, 0.06789] | [0.01517, 0.01838, 0.02444] | [0.00296, 0.00221, 0.00158] | [0.02924, 0.0435, 0.07707] |
|   2   |       119        |       1        | 443.54 | [0.03413, 0.05122, 0.08328] |  [0.01792, 0.02235, 0.0289] | [0.00391, 0.00294, 0.00193] | [0.03861, 0.0579, 0.09423] |
+-------+------------------+----------------+--------+-----------------------------+-----------------------------+-----------------------------+----------------------------+
+-------+------------------+----------------+--------+-----------------------------+-----------------------------+-----------------------------+-----------------------------+
| Epoch | training time(s) | tesing time(s) |  Loss  |            recall           |             ndcg            |          precision          |          hit_ratio          |
+-------+------------------+----------------+--------+-----------------------------+-----------------------------+-----------------------------+-----------------------------+
|   3   |       118        |       1        | 438.99 | [0.02759, 0.04076, 0.07031] | [0.01624, 0.01966, 0.02571] | [0.00314, 0.00235, 0.00164] | [0.03103, 0.04643, 0.07968] |
|   3   |       118        |       1        | 438.99 | [0.03494, 0.05283, 0.08607] |   [0.01858, 0.02322, 0.03]  | [0.00398, 0.00302, 0.00199] |  [0.0393, 0.05955, 0.09721] |
+-------+------------------+----------------+--------+-----------------------------+-----------------------------+-----------------------------+-----------------------------+
+-------+------------------+----------------+--------+-----------------------------+-----------------------------+-----------------------------+-----------------------------+
| Epoch | training time(s) | tesing time(s) |  Loss  |            recall           |             ndcg            |          precision          |          hit_ratio          |
+-------+------------------+----------------+--------+-----------------------------+-----------------------------+-----------------------------+-----------------------------+
|   4   |       119        |       1        | 435.19 | [0.02881, 0.04263, 0.07206] | [0.01698, 0.02055, 0.02657] | [0.00327, 0.00245, 0.00167] | [0.03237, 0.04835, 0.08156] |
|   4   |       119        |       1        | 435.19 | [0.03545, 0.05404, 0.08853] |  [0.01898, 0.0238, 0.03083] | [0.00402, 0.00309, 0.00204] | [0.03976, 0.06081, 0.09981] |
+-------+------------------+----------------+--------+-----------------------------+-----------------------------+-----------------------------+-----------------------------+
+-------+------------------+----------------+--------+-----------------------------+-----------------------------+-----------------------------+-----------------------------+
| Epoch | training time(s) | tesing time(s) |  Loss  |            recall           |             ndcg            |          precision          |          hit_ratio          |
+-------+------------------+----------------+--------+-----------------------------+-----------------------------+-----------------------------+-----------------------------+
|   5   |       118        |       1        | 431.75 | [0.02934, 0.04347, 0.07308] | [0.01738, 0.02104, 0.02709] |  [0.00333, 0.0025, 0.00169] | [0.03296, 0.04917, 0.08254] |
|   5   |       118        |       1        | 431.75 | [0.03635, 0.05512, 0.09035] |  [0.01954, 0.0244, 0.03159] | [0.00412, 0.00314, 0.00208] | [0.04074, 0.06191, 0.10183] |
+-------+------------------+----------------+--------+-----------------------------+-----------------------------+-----------------------------+-----------------------------+
+-------+------------------+----------------+--------+-----------------------------+-----------------------------+-----------------------------+-----------------------------+
| Epoch | training time(s) | tesing time(s) |  Loss  |            recall           |             ndcg            |          precision          |          hit_ratio          |
+-------+------------------+----------------+--------+-----------------------------+-----------------------------+-----------------------------+-----------------------------+
|   6   |       119        |       1        | 428.74 | [0.02984, 0.04448, 0.07398] | [0.01766, 0.02146, 0.02749] | [0.00339, 0.00256, 0.00172] |  [0.0335, 0.0503, 0.08362]  |
|   6   |       119        |       1        | 428.74 | [0.03716, 0.05659, 0.09258] |  [0.02004, 0.02506, 0.0324] | [0.00421, 0.00322, 0.00214] | [0.04157, 0.06345, 0.10437] |
+-------+------------------+----------------+--------+-----------------------------+-----------------------------+-----------------------------+-----------------------------+
+-------+------------------+----------------+--------+-----------------------------+-----------------------------+-----------------------------+-----------------------------+
| Epoch | training time(s) | tesing time(s) |  Loss  |            recall           |             ndcg            |          precision          |          hit_ratio          |
+-------+------------------+----------------+--------+-----------------------------+-----------------------------+-----------------------------+-----------------------------+
|   7   |       119        |       1        | 425.55 |  [0.0302, 0.04501, 0.07482] | [0.01783, 0.02167, 0.02776] | [0.00343, 0.00258, 0.00173] | [0.03388, 0.05081, 0.08437] |
|   7   |       119        |       1        | 425.55 | [0.03783, 0.05751, 0.09397] | [0.02046, 0.02557, 0.03301] | [0.00428, 0.00328, 0.00217] | [0.04224, 0.06449, 0.10598] |
+-------+------------------+----------------+--------+-----------------------------+-----------------------------+-----------------------------+-----------------------------+
+-------+------------------+----------------+--------+-----------------------------+-----------------------------+----------------------------+-----------------------------+
| Epoch | training time(s) | tesing time(s) |  Loss  |            recall           |             ndcg            |         precision          |          hit_ratio          |
+-------+------------------+----------------+--------+-----------------------------+-----------------------------+----------------------------+-----------------------------+
|   8   |       118        |       1        | 422.76 | [0.03097, 0.04566, 0.07585] | [0.01819, 0.02199, 0.02815] | [0.0035, 0.00261, 0.00175] | [0.03465, 0.05149, 0.08538] |
|   8   |       118        |       1        | 422.76 | [0.03842, 0.05802, 0.09571] |  [0.02082, 0.0259, 0.03361] | [0.00434, 0.0033, 0.00221] | [0.04288, 0.06501, 0.10791] |
+-------+------------------+----------------+--------+-----------------------------+-----------------------------+----------------------------+-----------------------------+
+-------+------------------+----------------+--------+-----------------------------+-----------------------------+-----------------------------+-----------------------------+
| Epoch | training time(s) | tesing time(s) |  Loss  |            recall           |             ndcg            |          precision          |          hit_ratio          |
+-------+------------------+----------------+--------+-----------------------------+-----------------------------+-----------------------------+-----------------------------+
|   9   |       119        |       1        | 419.88 |  [0.03113, 0.04609, 0.076]  |  [0.01823, 0.02209, 0.0282] | [0.00352, 0.00264, 0.00175] | [0.03482, 0.05189, 0.08552] |
|   9   |       119        |       1        | 419.88 | [0.03903, 0.05934, 0.09694] | [0.02122, 0.02648, 0.03417] | [0.00441, 0.00338, 0.00224] | [0.04355, 0.06651, 0.10929] |
+-------+------------------+----------------+--------+-----------------------------+-----------------------------+-----------------------------+-----------------------------+
+-------+------------------+----------------+--------+-----------------------------+-----------------------------+-----------------------------+-----------------------------+
| Epoch | training time(s) | tesing time(s) |  Loss  |            recall           |             ndcg            |          precision          |          hit_ratio          |
+-------+------------------+----------------+--------+-----------------------------+-----------------------------+-----------------------------+-----------------------------+
|   10  |       118        |       1        | 417.05 |  [0.0314, 0.04647, 0.07654] | [0.01837, 0.02228, 0.02842] | [0.00354, 0.00265, 0.00176] | [0.03504, 0.05224, 0.08598] |
|   10  |       118        |       1        | 417.05 | [0.03975, 0.06007, 0.09788] |  [0.0217, 0.02697, 0.0347]  |  [0.0045, 0.00342, 0.00226] | [0.04437, 0.06731, 0.11027] |
+-------+------------------+----------------+--------+-----------------------------+-----------------------------+-----------------------------+-----------------------------+
+-------+------------------+----------------+-------+-----------------------------+-----------------------------+-----------------------------+-----------------------------+
| Epoch | training time(s) | tesing time(s) |  Loss |            recall           |             ndcg            |          precision          |          hit_ratio          |
+-------+------------------+----------------+-------+-----------------------------+-----------------------------+-----------------------------+-----------------------------+
|   11  |       118        |       1        | 414.5 | [0.03172, 0.04686, 0.07726] |  [0.01848, 0.0224, 0.0286]  | [0.00358, 0.00267, 0.00178] | [0.03538, 0.05261, 0.08669] |
|   11  |       118        |       1        | 414.5 |  [0.0405, 0.06095, 0.09907] | [0.02216, 0.02746, 0.03525] | [0.00458, 0.00347, 0.00228] | [0.04522, 0.06827, 0.11153] |
+-------+------------------+----------------+-------+-----------------------------+-----------------------------+-----------------------------+-----------------------------+
+-------+------------------+----------------+--------+-----------------------------+-----------------------------+-----------------------------+-----------------------------+
| Epoch | training time(s) | tesing time(s) |  Loss  |            recall           |             ndcg            |          precision          |          hit_ratio          |
+-------+------------------+----------------+--------+-----------------------------+-----------------------------+-----------------------------+-----------------------------+
|   12  |       118        |       1        | 411.77 |  [0.0319, 0.04707, 0.07798] | [0.01853, 0.02246, 0.02877] |  [0.0036, 0.00268, 0.00179] | [0.03559, 0.05279, 0.08739] |
|   12  |       118        |       1        | 411.77 | [0.04094, 0.06162, 0.10003] | [0.02247, 0.02783, 0.03568] | [0.00464, 0.00351, 0.00231] | [0.04579, 0.06915, 0.11265] |
+-------+------------------+----------------+--------+-----------------------------+-----------------------------+-----------------------------+-----------------------------+
+-------+------------------+----------------+-------+-----------------------------+---------------------------+-----------------------------+-----------------------------+
| Epoch | training time(s) | tesing time(s) |  Loss |            recall           |            ndcg           |          precision          |          hit_ratio          |
+-------+------------------+----------------+-------+-----------------------------+---------------------------+-----------------------------+-----------------------------+
|   13  |       119        |       1        | 409.2 | [0.03229, 0.04783, 0.07843] | [0.01874, 0.02275, 0.029] |  [0.00364, 0.00272, 0.0018] |  [0.03599, 0.0536, 0.0879]  |
|   13  |       119        |       1        | 409.2 | [0.04125, 0.06236, 0.10067] | [0.0226, 0.02807, 0.0359] | [0.00467, 0.00355, 0.00232] | [0.04617, 0.06993, 0.11334] |
+-------+------------------+----------------+-------+-----------------------------+---------------------------+-----------------------------+-----------------------------+
+-------+------------------+----------------+--------+-----------------------------+-----------------------------+-----------------------------+-----------------------------+
| Epoch | training time(s) | tesing time(s) |  Loss  |            recall           |             ndcg            |          precision          |          hit_ratio          |
+-------+------------------+----------------+--------+-----------------------------+-----------------------------+-----------------------------+-----------------------------+
|   14  |       118        |       1        | 406.84 | [0.03219, 0.04786, 0.07855] | [0.01869, 0.02275, 0.02901] |  [0.00362, 0.00272, 0.0018] | [0.03582, 0.05361, 0.08795] |
|   14  |       118        |       1        | 406.84 | [0.04174, 0.06283, 0.10141] | [0.02291, 0.02838, 0.03627] | [0.00472, 0.00358, 0.00234] | [0.04668, 0.07044, 0.11414] |
+-------+------------------+----------------+--------+-----------------------------+-----------------------------+-----------------------------+-----------------------------+
+-------+------------------+----------------+--------+-----------------------------+-----------------------------+-----------------------------+-----------------------------+
| Epoch | training time(s) | tesing time(s) |  Loss  |            recall           |             ndcg            |          precision          |          hit_ratio          |
+-------+------------------+----------------+--------+-----------------------------+-----------------------------+-----------------------------+-----------------------------+
|   15  |       118        |       1        | 404.37 | [0.03222, 0.04789, 0.07884] | [0.01874, 0.02281, 0.02913] | [0.00361, 0.00272, 0.00181] |  [0.0358, 0.05357, 0.08816] |
|   15  |       118        |       1        | 404.37 | [0.04206, 0.06326, 0.10202] | [0.02312, 0.02861, 0.03653] |  [0.00477, 0.0036, 0.00235] | [0.04707, 0.07083, 0.11478] |
+-------+------------------+----------------+--------+-----------------------------+-----------------------------+-----------------------------+-----------------------------+
+-------+------------------+----------------+--------+-----------------------------+-----------------------------+-----------------------------+-----------------------------+
| Epoch | training time(s) | tesing time(s) |  Loss  |            recall           |             ndcg            |          precision          |          hit_ratio          |
+-------+------------------+----------------+--------+-----------------------------+-----------------------------+-----------------------------+-----------------------------+
|   16  |       118        |       1        | 402.17 | [0.03236, 0.04821, 0.07933] | [0.01877, 0.02288, 0.02923] | [0.00362, 0.00273, 0.00182] |  [0.0359, 0.05395, 0.08869] |
|   16  |       118        |       1        | 402.17 | [0.04229, 0.06396, 0.10231] |  [0.0233, 0.02891, 0.03675] |  [0.0048, 0.00364, 0.00236] | [0.04733, 0.07162, 0.11511] |
+-------+------------------+----------------+--------+-----------------------------+-----------------------------+-----------------------------+-----------------------------+
+-------+------------------+----------------+--------+-----------------------------+-----------------------------+-----------------------------+-----------------------------+
| Epoch | training time(s) | tesing time(s) |  Loss  |            recall           |             ndcg            |          precision          |          hit_ratio          |
+-------+------------------+----------------+--------+-----------------------------+-----------------------------+-----------------------------+-----------------------------+
|   17  |       118        |       1        | 399.87 |  [0.0326, 0.04827, 0.07975] | [0.01884, 0.02291, 0.02933] | [0.00365, 0.00274, 0.00183] | [0.03612, 0.05397, 0.08915] |
|   17  |       118        |       1        | 399.87 | [0.04243, 0.06415, 0.10271] | [0.02341, 0.02903, 0.03691] | [0.00481, 0.00366, 0.00237] |  [0.04744, 0.07191, 0.1154] |
+-------+------------------+----------------+--------+-----------------------------+-----------------------------+-----------------------------+-----------------------------+
+-------+------------------+----------------+--------+-----------------------------+-----------------------------+-----------------------------+-----------------------------+
| Epoch | training time(s) | tesing time(s) |  Loss  |            recall           |             ndcg            |          precision          |          hit_ratio          |
+-------+------------------+----------------+--------+-----------------------------+-----------------------------+-----------------------------+-----------------------------+
|   18  |       118        |       1        | 397.76 | [0.03266, 0.04857, 0.07997] | [0.01894, 0.02306, 0.02946] | [0.00366, 0.00275, 0.00183] | [0.03621, 0.05425, 0.08937] |
|   18  |       118        |       1        | 397.76 |  [0.0428, 0.06422, 0.10332] |  [0.0236, 0.02915, 0.03714] | [0.00484, 0.00366, 0.00238] |  [0.0478, 0.07199, 0.11618] |
+-------+------------------+----------------+--------+-----------------------------+-----------------------------+-----------------------------+-----------------------------+
+-------+------------------+----------------+--------+-----------------------------+-----------------------------+-----------------------------+-----------------------------+
| Epoch | training time(s) | tesing time(s) |  Loss  |            recall           |             ndcg            |          precision          |          hit_ratio          |
+-------+------------------+----------------+--------+-----------------------------+-----------------------------+-----------------------------+-----------------------------+
|   19  |       118        |       1        | 395.69 |  [0.0327, 0.04845, 0.07993] | [0.01894, 0.02301, 0.02944] | [0.00366, 0.00274, 0.00183] | [0.03623, 0.05404, 0.08929] |
|   19  |       118        |       1        | 395.69 | [0.04303, 0.06455, 0.10343] | [0.02379, 0.02937, 0.03732] | [0.00487, 0.00368, 0.00238] | [0.04806, 0.07238, 0.11633] |
+-------+------------------+----------------+--------+-----------------------------+-----------------------------+-----------------------------+-----------------------------+
+-------+------------------+----------------+-------+-----------------------------+-----------------------------+-----------------------------+----------------------------+
| Epoch | training time(s) | tesing time(s) |  Loss |            recall           |             ndcg            |          precision          |         hit_ratio          |
+-------+------------------+----------------+-------+-----------------------------+-----------------------------+-----------------------------+----------------------------+
|   20  |       118        |       1        | 393.8 |  [0.0327, 0.04826, 0.07986] | [0.01887, 0.02289, 0.02935] | [0.00365, 0.00273, 0.00183] | [0.03619, 0.0538, 0.08916] |
|   20  |       118        |       1        | 393.8 | [0.04315, 0.06488, 0.10363] |  [0.02384, 0.02948, 0.0374] |  [0.00488, 0.0037, 0.00239] | [0.0482, 0.07281, 0.11655] |
+-------+------------------+----------------+-------+-----------------------------+-----------------------------+-----------------------------+----------------------------+
