Namespace(K=1, Ks='[10, 20, 50]', alpha=0.3, batch_size=2048, batch_test_flag=True, beta=0.1, context_hops=3, cuda=True, data_path='data/', dataset='yelp2018', dim=64, edge_dropout=False, edge_dropout_rate=0.1, embedding0=False, epoch=1000, gamma=0.3, gnn='lightgcn', gpu_id=1, l2=0.0001, lr=0.001, mess_dropout=False, mess_dropout_rate=0.1, n_negs=64, ns='dins', out_dir='./weights/', p=-2, pool='mean', save=False, simi='ip', tau=1.0, test_batch_size=2048, test_flag='part', warmup=100, window_length=5)
reading train and test user-item set ...
building the adj mat ...
loading over ...
This is LightGCN.py working...
Sep-20-2024_04-48-57 start training ...
+-------+------------------+----------------+--------+----------------------------+-----------------------------+-----------------------------+----------------------------+
| Epoch | training time(s) | tesing time(s) |  Loss  |           recall           |             ndcg            |          precision          |         hit_ratio          |
+-------+------------------+----------------+--------+----------------------------+-----------------------------+-----------------------------+----------------------------+
|   0   |       164        |       0        | 417.04 | [0.0278, 0.04795, 0.09364] | [0.03211, 0.03934, 0.05625] | [0.02584, 0.02247, 0.01769] | [0.20513, 0.31338, 0.4868] |
+-------+------------------+----------------+--------+----------------------------+-----------------------------+-----------------------------+----------------------------+
+-------+------------------+----------------+--------+-----------------------------+----------------------------+-----------------------------+-----------------------------+
| Epoch | training time(s) | tesing time(s) |  Loss  |            recall           |            ndcg            |          precision          |          hit_ratio          |
+-------+------------------+----------------+--------+-----------------------------+----------------------------+-----------------------------+-----------------------------+
|   1   |       165        |       0        | 413.44 | [0.02956, 0.05097, 0.10024] | [0.03426, 0.04185, 0.0601] | [0.02761, 0.02382, 0.01888] | [0.21697, 0.33011, 0.51279] |
+-------+------------------+----------------+--------+-----------------------------+----------------------------+-----------------------------+-----------------------------+
+-------+------------------+----------------+--------+-----------------------------+-----------------------------+----------------------------+-----------------------------+
| Epoch | training time(s) | tesing time(s) |  Loss  |            recall           |             ndcg            |         precision          |          hit_ratio          |
+-------+------------------+----------------+--------+-----------------------------+-----------------------------+----------------------------+-----------------------------+
|   2   |       163        |       0        | 411.22 | [0.03092, 0.05311, 0.10481] | [0.03568, 0.04366, 0.06277] | [0.02875, 0.0249, 0.01974] | [0.22559, 0.34192, 0.53104] |
+-------+------------------+----------------+--------+-----------------------------+-----------------------------+----------------------------+-----------------------------+
+-------+------------------+----------------+--------+-----------------------------+-----------------------------+-----------------------------+-----------------------------+
| Epoch | training time(s) | tesing time(s) |  Loss  |            recall           |             ndcg            |          precision          |          hit_ratio          |
+-------+------------------+----------------+--------+-----------------------------+-----------------------------+-----------------------------+-----------------------------+
|   3   |       164        |       0        | 409.37 | [0.03196, 0.05504, 0.10794] | [0.03678, 0.04512, 0.06472] | [0.02952, 0.02559, 0.02027] | [0.23153, 0.35092, 0.54266] |
+-------+------------------+----------------+--------+-----------------------------+-----------------------------+-----------------------------+-----------------------------+
+-------+------------------+----------------+--------+----------------------------+-----------------------------+-----------------------------+-----------------------------+
| Epoch | training time(s) | tesing time(s) |  Loss  |           recall           |             ndcg            |          precision          |          hit_ratio          |
+-------+------------------+----------------+--------+----------------------------+-----------------------------+-----------------------------+-----------------------------+
|   4   |       163        |       0        | 407.71 | [0.0329, 0.05648, 0.11027] | [0.03786, 0.04636, 0.06627] | [0.03023, 0.02616, 0.02061] | [0.23639, 0.35695, 0.55125] |
+-------+------------------+----------------+--------+----------------------------+-----------------------------+-----------------------------+-----------------------------+
+-------+------------------+----------------+--------+-----------------------------+-----------------------------+-----------------------------+-----------------------------+
| Epoch | training time(s) | tesing time(s) |  Loss  |            recall           |             ndcg            |          precision          |          hit_ratio          |
+-------+------------------+----------------+--------+-----------------------------+-----------------------------+-----------------------------+-----------------------------+
|   5   |       162        |       0        | 406.23 | [0.03357, 0.05767, 0.11227] | [0.03857, 0.04728, 0.06749] | [0.03081, 0.02664, 0.02095] | [0.24068, 0.36191, 0.55605] |
+-------+------------------+----------------+--------+-----------------------------+-----------------------------+-----------------------------+-----------------------------+
+-------+------------------+----------------+--------+-----------------------------+-----------------------------+--------------------------+----------------------------+
| Epoch | training time(s) | tesing time(s) |  Loss  |            recall           |             ndcg            |        precision         |         hit_ratio          |
+-------+------------------+----------------+--------+-----------------------------+-----------------------------+--------------------------+----------------------------+
|   6   |       163        |       0        | 404.67 | [0.03424, 0.05857, 0.11372] | [0.03928, 0.04805, 0.06848] | [0.03134, 0.027, 0.0212] | [0.24466, 0.3664, 0.56148] |
+-------+------------------+----------------+--------+-----------------------------+-----------------------------+--------------------------+----------------------------+
+-------+------------------+----------------+--------+-----------------------------+----------------------------+----------------------------+---------------------------+
| Epoch | training time(s) | tesing time(s) |  Loss  |            recall           |            ndcg            |         precision          |         hit_ratio         |
+-------+------------------+----------------+--------+-----------------------------+----------------------------+----------------------------+---------------------------+
|   7   |       162        |       0        | 403.25 | [0.03487, 0.05958, 0.11536] | [0.04001, 0.0489, 0.06955] | [0.03182, 0.0274, 0.02147] | [0.2482, 0.37094, 0.5672] |
+-------+------------------+----------------+--------+-----------------------------+----------------------------+----------------------------+---------------------------+
+-------+------------------+----------------+--------+-----------------------------+----------------------------+----------------------------+-----------------------------+
| Epoch | training time(s) | tesing time(s) |  Loss  |            recall           |            ndcg            |         precision          |          hit_ratio          |
+-------+------------------+----------------+--------+-----------------------------+----------------------------+----------------------------+-----------------------------+
|   8   |       160        |       0        | 401.87 | [0.03536, 0.06025, 0.11686] | [0.04047, 0.0495, 0.07045] | [0.0321, 0.02767, 0.02171] | [0.25047, 0.37429, 0.57219] |
+-------+------------------+----------------+--------+-----------------------------+----------------------------+----------------------------+-----------------------------+
+-------+------------------+----------------+--------+----------------------------+---------------------------+----------------------------+-----------------------------+
| Epoch | training time(s) | tesing time(s) |  Loss  |           recall           |            ndcg           |         precision          |          hit_ratio          |
+-------+------------------+----------------+--------+----------------------------+---------------------------+----------------------------+-----------------------------+
|   9   |       159        |       0        | 400.65 | [0.03575, 0.0611, 0.11833] | [0.0409, 0.0501, 0.07127] | [0.0325, 0.02805, 0.02198] | [0.25322, 0.37849, 0.57695] |
+-------+------------------+----------------+--------+----------------------------+---------------------------+----------------------------+-----------------------------+
+-------+------------------+----------------+-------+-----------------------------+----------------------------+-----------------------------+-----------------------------+
| Epoch | training time(s) | tesing time(s) |  Loss |            recall           |            ndcg            |          precision          |          hit_ratio          |
+-------+------------------+----------------+-------+-----------------------------+----------------------------+-----------------------------+-----------------------------+
|   10  |       159        |       0        | 399.3 | [0.03626, 0.06166, 0.11945] | [0.0414, 0.05058, 0.07195] | [0.03293, 0.02829, 0.02216] | [0.25581, 0.38108, 0.57951] |
+-------+------------------+----------------+-------+-----------------------------+----------------------------+-----------------------------+-----------------------------+
+-------+------------------+----------------+--------+-----------------------------+-----------------------------+-----------------------------+-----------------------------+
| Epoch | training time(s) | tesing time(s) |  Loss  |            recall           |             ndcg            |          precision          |          hit_ratio          |
+-------+------------------+----------------+--------+-----------------------------+-----------------------------+-----------------------------+-----------------------------+
|   11  |       158        |       0        | 398.11 | [0.03651, 0.06222, 0.12029] | [0.04183, 0.05111, 0.07259] | [0.03315, 0.02852, 0.02229] | [0.25701, 0.38338, 0.58226] |
+-------+------------------+----------------+--------+-----------------------------+-----------------------------+-----------------------------+-----------------------------+
+-------+------------------+----------------+--------+-----------------------------+----------------------------+-----------------------------+-----------------------------+
| Epoch | training time(s) | tesing time(s) |  Loss  |            recall           |            ndcg            |          precision          |          hit_ratio          |
+-------+------------------+----------------+--------+-----------------------------+----------------------------+-----------------------------+-----------------------------+
|   12  |       160        |       0        | 396.73 | [0.03684, 0.06264, 0.12117] | [0.04217, 0.05144, 0.0731] | [0.03347, 0.02867, 0.02244] | [0.25928, 0.38455, 0.58479] |
+-------+------------------+----------------+--------+-----------------------------+----------------------------+-----------------------------+-----------------------------+
+-------+------------------+----------------+--------+-----------------------------+---------------------------+-----------------------------+-----------------------------+
| Epoch | training time(s) | tesing time(s) |  Loss  |            recall           |            ndcg           |          precision          |          hit_ratio          |
+-------+------------------+----------------+--------+-----------------------------+---------------------------+-----------------------------+-----------------------------+
|   13  |       159        |       0        | 395.65 | [0.03696, 0.06331, 0.12207] | [0.0424, 0.0519, 0.07363] | [0.03362, 0.02896, 0.02261] | [0.26014, 0.38768, 0.58684] |
+-------+------------------+----------------+--------+-----------------------------+---------------------------+-----------------------------+-----------------------------+
+-------+------------------+----------------+--------+-----------------------------+----------------------------+-----------------------------+-----------------------------+
| Epoch | training time(s) | tesing time(s) |  Loss  |            recall           |            ndcg            |          precision          |          hit_ratio          |
+-------+------------------+----------------+--------+-----------------------------+----------------------------+-----------------------------+-----------------------------+
|   14  |       157        |       0        | 394.51 | [0.03724, 0.06365, 0.12306] | [0.04271, 0.05223, 0.0742] | [0.03388, 0.02913, 0.02279] | [0.26241, 0.38938, 0.59003] |
+-------+------------------+----------------+--------+-----------------------------+----------------------------+-----------------------------+-----------------------------+
+-------+------------------+----------------+--------+-----------------------------+-----------------------------+----------------------------+----------------------------+
| Epoch | training time(s) | tesing time(s) |  Loss  |            recall           |             ndcg            |         precision          |         hit_ratio          |
+-------+------------------+----------------+--------+-----------------------------+-----------------------------+----------------------------+----------------------------+
|   15  |       138        |       0        | 393.37 | [0.03741, 0.06412, 0.12396] | [0.04294, 0.05259, 0.07473] | [0.03403, 0.0293, 0.02295] | [0.2638, 0.39131, 0.59259] |
+-------+------------------+----------------+--------+-----------------------------+-----------------------------+----------------------------+----------------------------+
+-------+------------------+----------------+--------+-----------------------------+-----------------------------+-----------------------------+----------------------------+
| Epoch | training time(s) | tesing time(s) |  Loss  |            recall           |             ndcg            |          precision          |         hit_ratio          |
+-------+------------------+----------------+--------+-----------------------------+-----------------------------+-----------------------------+----------------------------+
|   16  |       121        |       0        | 392.23 | [0.03775, 0.06454, 0.12478] | [0.04329, 0.05297, 0.07526] | [0.03427, 0.02949, 0.02309] | [0.26582, 0.39317, 0.5947] |
+-------+------------------+----------------+--------+-----------------------------+-----------------------------+-----------------------------+----------------------------+
+-------+------------------+----------------+--------+-----------------------------+-----------------------------+----------------------------+----------------------------+
| Epoch | training time(s) | tesing time(s) |  Loss  |            recall           |             ndcg            |         precision          |         hit_ratio          |
+-------+------------------+----------------+--------+-----------------------------+-----------------------------+----------------------------+----------------------------+
|   17  |       122        |       0        | 391.35 | [0.03791, 0.06501, 0.12521] | [0.04347, 0.05331, 0.07558] | [0.03439, 0.0297, 0.02315] | [0.2661, 0.39541, 0.59701] |
+-------+------------------+----------------+--------+-----------------------------+-----------------------------+----------------------------+----------------------------+
+-------+------------------+----------------+--------+-----------------------------+---------------------------+-----------------------------+-----------------------------+
| Epoch | training time(s) | tesing time(s) |  Loss  |            recall           |            ndcg           |          precision          |          hit_ratio          |
+-------+------------------+----------------+--------+-----------------------------+---------------------------+-----------------------------+-----------------------------+
|   18  |       123        |       0        | 390.28 | [0.03814, 0.06522, 0.12584] | [0.04377, 0.05355, 0.076] | [0.03462, 0.02977, 0.02327] | [0.26772, 0.39646, 0.59761] |
+-------+------------------+----------------+--------+-----------------------------+---------------------------+-----------------------------+-----------------------------+
+-------+------------------+----------------+--------+-----------------------------+----------------------------+-----------------------------+-----------------------------+
| Epoch | training time(s) | tesing time(s) |  Loss  |            recall           |            ndcg            |          precision          |          hit_ratio          |
+-------+------------------+----------------+--------+-----------------------------+----------------------------+-----------------------------+-----------------------------+
|   19  |       122        |       0        | 389.22 | [0.03831, 0.06558, 0.12632] | [0.04397, 0.0538, 0.07632] | [0.03478, 0.02987, 0.02336] | [0.26882, 0.39816, 0.59846] |
+-------+------------------+----------------+--------+-----------------------------+----------------------------+-----------------------------+-----------------------------+
+-------+------------------+----------------+--------+-----------------------------+-----------------------------+-----------------------------+----------------------------+
| Epoch | training time(s) | tesing time(s) |  Loss  |            recall           |             ndcg            |          precision          |         hit_ratio          |
+-------+------------------+----------------+--------+-----------------------------+-----------------------------+-----------------------------+----------------------------+
|   20  |       123        |       0        | 388.11 | [0.03864, 0.06591, 0.12693] | [0.04428, 0.05409, 0.07672] | [0.03501, 0.02998, 0.02345] | [0.27056, 0.39927, 0.6002] |
+-------+------------------+----------------+--------+-----------------------------+-----------------------------+-----------------------------+----------------------------+
+-------+------------------+----------------+--------+-----------------------------+---------------------------+---------------------------+----------------------------+
| Epoch | training time(s) | tesing time(s) |  Loss  |            recall           |            ndcg           |         precision         |         hit_ratio          |
+-------+------------------+----------------+--------+-----------------------------+---------------------------+---------------------------+----------------------------+
|   21  |       121        |       0        | 387.24 | [0.03863, 0.06637, 0.12752] | [0.04428, 0.05434, 0.077] | [0.035, 0.03019, 0.02356] | [0.27002, 0.4017, 0.60219] |
+-------+------------------+----------------+--------+-----------------------------+---------------------------+---------------------------+----------------------------+
+-------+------------------+----------------+--------+-----------------------------+-----------------------------+-----------------------------+-----------------------------+
| Epoch | training time(s) | tesing time(s) |  Loss  |            recall           |             ndcg            |          precision          |          hit_ratio          |
+-------+------------------+----------------+--------+-----------------------------+-----------------------------+-----------------------------+-----------------------------+
|   22  |       121        |       0        | 386.24 | [0.03893, 0.06672, 0.12825] | [0.04462, 0.05464, 0.07744] | [0.03528, 0.03031, 0.02368] | [0.27223, 0.40303, 0.60433] |
+-------+------------------+----------------+--------+-----------------------------+-----------------------------+-----------------------------+-----------------------------+
+-------+------------------+----------------+--------+-----------------------------+----------------------------+-----------------------------+-----------------------------+
| Epoch | training time(s) | tesing time(s) |  Loss  |            recall           |            ndcg            |          precision          |          hit_ratio          |
+-------+------------------+----------------+--------+-----------------------------+----------------------------+-----------------------------+-----------------------------+
|   23  |       120        |       0        | 385.31 | [0.03911, 0.06698, 0.12881] | [0.0448, 0.05487, 0.07778] | [0.03539, 0.03043, 0.02378] | [0.27293, 0.40413, 0.60487] |
+-------+------------------+----------------+--------+-----------------------------+----------------------------+-----------------------------+-----------------------------+
+-------+------------------+----------------+--------+-----------------------------+-----------------------------+-----------------------------+-----------------------------+
| Epoch | training time(s) | tesing time(s) |  Loss  |            recall           |             ndcg            |          precision          |          hit_ratio          |
+-------+------------------+----------------+--------+-----------------------------+-----------------------------+-----------------------------+-----------------------------+
|   24  |       119        |       0        | 384.21 | [0.03916, 0.06726, 0.12921] | [0.04489, 0.05506, 0.07802] | [0.03545, 0.03055, 0.02385] | [0.27321, 0.40505, 0.60601] |
+-------+------------------+----------------+--------+-----------------------------+-----------------------------+-----------------------------+-----------------------------+
+-------+------------------+----------------+--------+----------------------------+----------------------------+-----------------------------+-----------------------------+
| Epoch | training time(s) | tesing time(s) |  Loss  |           recall           |            ndcg            |          precision          |          hit_ratio          |
+-------+------------------+----------------+--------+----------------------------+----------------------------+-----------------------------+-----------------------------+
|   25  |       120        |       0        | 383.17 | [0.03943, 0.0675, 0.12983] | [0.04519, 0.05532, 0.0784] | [0.03567, 0.03066, 0.02394] | [0.27504, 0.40606, 0.60689] |
+-------+------------------+----------------+--------+----------------------------+----------------------------+-----------------------------+-----------------------------+
+-------+------------------+----------------+--------+-----------------------------+----------------------------+-----------------------------+---------------------------+
| Epoch | training time(s) | tesing time(s) |  Loss  |            recall           |            ndcg            |          precision          |         hit_ratio         |
+-------+------------------+----------------+--------+-----------------------------+----------------------------+-----------------------------+---------------------------+
|   26  |       119        |       0        | 382.37 | [0.03955, 0.06782, 0.13042] | [0.0453, 0.05553, 0.07872] | [0.03576, 0.03079, 0.02405] | [0.27529, 0.4071, 0.6085] |
+-------+------------------+----------------+--------+-----------------------------+----------------------------+-----------------------------+---------------------------+
+-------+------------------+----------------+-------+-----------------------------+----------------------------+-----------------------------+-----------------------------+
| Epoch | training time(s) | tesing time(s) |  Loss |            recall           |            ndcg            |          precision          |          hit_ratio          |
+-------+------------------+----------------+-------+-----------------------------+----------------------------+-----------------------------+-----------------------------+
|   27  |       119        |       0        | 381.4 | [0.03967, 0.06799, 0.13076] | [0.0455, 0.05573, 0.07899] | [0.03588, 0.03087, 0.02413] | [0.27611, 0.40801, 0.60967] |
+-------+------------------+----------------+-------+-----------------------------+----------------------------+-----------------------------+-----------------------------+
+-------+------------------+----------------+--------+-----------------------------+-----------------------------+-----------------------------+-----------------------------+
| Epoch | training time(s) | tesing time(s) |  Loss  |            recall           |             ndcg            |          precision          |          hit_ratio          |
+-------+------------------+----------------+--------+-----------------------------+-----------------------------+-----------------------------+-----------------------------+
|   28  |       120        |       0        | 380.46 | [0.03994, 0.06822, 0.13108] | [0.04568, 0.05588, 0.07917] | [0.03606, 0.03097, 0.02417] | [0.27725, 0.40934, 0.61027] |
+-------+------------------+----------------+--------+-----------------------------+-----------------------------+-----------------------------+-----------------------------+
+-------+------------------+----------------+--------+-----------------------------+-----------------------------+-----------------------------+-----------------------------+
| Epoch | training time(s) | tesing time(s) |  Loss  |            recall           |             ndcg            |          precision          |          hit_ratio          |
+-------+------------------+----------------+--------+-----------------------------+-----------------------------+-----------------------------+-----------------------------+
|   29  |       120        |       0        | 379.68 | [0.03989, 0.06843, 0.13161] | [0.04573, 0.05607, 0.07947] | [0.03604, 0.03106, 0.02426] | [0.27741, 0.41022, 0.61178] |
+-------+------------------+----------------+--------+-----------------------------+-----------------------------+-----------------------------+-----------------------------+
+-------+------------------+----------------+--------+---------------------------+-----------------------------+-----------------------------+-----------------------------+
| Epoch | training time(s) | tesing time(s) |  Loss  |           recall          |             ndcg            |          precision          |          hit_ratio          |
+-------+------------------+----------------+--------+---------------------------+-----------------------------+-----------------------------+-----------------------------+
|   30  |       119        |       0        | 378.65 | [0.04004, 0.0686, 0.1316] | [0.04587, 0.05622, 0.07956] | [0.03616, 0.03116, 0.02428] | [0.27842, 0.41152, 0.61115] |
+-------+------------------+----------------+--------+---------------------------+-----------------------------+-----------------------------+-----------------------------+
+-------+------------------+----------------+--------+-----------------------------+-----------------------------+-----------------------------+-----------------------------+
| Epoch | training time(s) | tesing time(s) |  Loss  |            recall           |             ndcg            |          precision          |          hit_ratio          |
+-------+------------------+----------------+--------+-----------------------------+-----------------------------+-----------------------------+-----------------------------+
|   31  |       120        |       0        | 377.86 | [0.04023, 0.06883, 0.13197] | [0.04608, 0.05644, 0.07983] | [0.03631, 0.03127, 0.02434] | [0.27959, 0.41272, 0.61245] |
+-------+------------------+----------------+--------+-----------------------------+-----------------------------+-----------------------------+-----------------------------+
+-------+------------------+----------------+--------+----------------------------+-----------------------------+-----------------------------+-----------------------------+
| Epoch | training time(s) | tesing time(s) |  Loss  |           recall           |             ndcg            |          precision          |          hit_ratio          |
+-------+------------------+----------------+--------+----------------------------+-----------------------------+-----------------------------+-----------------------------+
|   32  |       120        |       0        | 376.86 | [0.04026, 0.06891, 0.1322] | [0.04612, 0.05649, 0.07997] | [0.03635, 0.03126, 0.02438] | [0.27943, 0.41253, 0.61292] |
+-------+------------------+----------------+--------+----------------------------+-----------------------------+-----------------------------+-----------------------------+
+-------+------------------+----------------+--------+-----------------------------+-----------------------------+-----------------------------+-----------------------------+
| Epoch | training time(s) | tesing time(s) |  Loss  |            recall           |             ndcg            |          precision          |          hit_ratio          |
+-------+------------------+----------------+--------+-----------------------------+-----------------------------+-----------------------------+-----------------------------+
|   33  |       120        |       0        | 376.17 | [0.04029, 0.06918, 0.13274] | [0.04622, 0.05671, 0.08025] | [0.03639, 0.03139, 0.02446] | [0.27943, 0.41345, 0.61434] |
+-------+------------------+----------------+--------+-----------------------------+-----------------------------+-----------------------------+-----------------------------+
+-------+------------------+----------------+--------+-----------------------------+-----------------------------+-----------------------------+-----------------------------+
| Epoch | training time(s) | tesing time(s) |  Loss  |            recall           |             ndcg            |          precision          |          hit_ratio          |
+-------+------------------+----------------+--------+-----------------------------+-----------------------------+-----------------------------+-----------------------------+
|   34  |       120        |       0        | 375.29 | [0.04046, 0.06949, 0.13278] | [0.04642, 0.05693, 0.08038] | [0.03656, 0.03151, 0.02447] | [0.28063, 0.41465, 0.61409] |
+-------+------------------+----------------+--------+-----------------------------+-----------------------------+-----------------------------+-----------------------------+
+-------+------------------+----------------+--------+-----------------------------+-----------------------------+-----------------------------+----------------------------+
| Epoch | training time(s) | tesing time(s) |  Loss  |            recall           |             ndcg            |          precision          |         hit_ratio          |
+-------+------------------+----------------+--------+-----------------------------+-----------------------------+-----------------------------+----------------------------+
|   35  |       120        |       0        | 374.36 | [0.04052, 0.06973, 0.13309] | [0.04643, 0.05704, 0.08052] | [0.03657, 0.03157, 0.02451] | [0.2811, 0.41506, 0.61475] |
+-------+------------------+----------------+--------+-----------------------------+-----------------------------+-----------------------------+----------------------------+
+-------+------------------+----------------+--------+-----------------------------+----------------------------+-----------------------------+-----------------------------+
| Epoch | training time(s) | tesing time(s) |  Loss  |            recall           |            ndcg            |          precision          |          hit_ratio          |
+-------+------------------+----------------+--------+-----------------------------+----------------------------+-----------------------------+-----------------------------+
|   36  |       119        |       0        | 373.32 | [0.04062, 0.06977, 0.13312] | [0.04653, 0.05711, 0.0806] | [0.03667, 0.03161, 0.02452] | [0.28129, 0.41506, 0.61444] |
+-------+------------------+----------------+--------+-----------------------------+----------------------------+-----------------------------+-----------------------------+
+-------+------------------+----------------+--------+-----------------------------+-----------------------------+-----------------------------+-----------------------------+
| Epoch | training time(s) | tesing time(s) |  Loss  |            recall           |             ndcg            |          precision          |          hit_ratio          |
+-------+------------------+----------------+--------+-----------------------------+-----------------------------+-----------------------------+-----------------------------+
|   37  |       120        |       0        | 372.62 | [0.04075, 0.07004, 0.13355] | [0.04664, 0.05732, 0.08086] | [0.03673, 0.03174, 0.02461] | [0.28237, 0.41648, 0.61535] |
+-------+------------------+----------------+--------+-----------------------------+-----------------------------+-----------------------------+-----------------------------+
+-------+------------------+----------------+--------+----------------------------+-----------------------------+----------------------------+----------------------------+
| Epoch | training time(s) | tesing time(s) |  Loss  |           recall           |             ndcg            |         precision          |         hit_ratio          |
+-------+------------------+----------------+--------+----------------------------+-----------------------------+----------------------------+----------------------------+
|   38  |       120        |       0        | 371.91 | [0.04088, 0.0702, 0.13382] | [0.04676, 0.05746, 0.08103] | [0.0368, 0.03181, 0.02465] | [0.28246, 0.41717, 0.6152] |
+-------+------------------+----------------+--------+----------------------------+-----------------------------+----------------------------+----------------------------+
+-------+------------------+----------------+--------+-----------------------------+-----------------------------+-----------------------------+-----------------------------+
| Epoch | training time(s) | tesing time(s) |  Loss  |            recall           |             ndcg            |          precision          |          hit_ratio          |
+-------+------------------+----------------+--------+-----------------------------+-----------------------------+-----------------------------+-----------------------------+
|   39  |       120        |       0        | 370.84 | [0.04096, 0.07022, 0.13409] | [0.04687, 0.05753, 0.08118] | [0.03688, 0.03184, 0.02468] | [0.28328, 0.41768, 0.61504] |
+-------+------------------+----------------+--------+-----------------------------+-----------------------------+-----------------------------+-----------------------------+
+-------+------------------+----------------+--------+-----------------------------+-----------------------------+-----------------------------+-----------------------------+
| Epoch | training time(s) | tesing time(s) |  Loss  |            recall           |             ndcg            |          precision          |          hit_ratio          |
+-------+------------------+----------------+--------+-----------------------------+-----------------------------+-----------------------------+-----------------------------+
|   40  |       120        |       0        | 370.16 | [0.04113, 0.07033, 0.13428] | [0.04701, 0.05763, 0.08133] | [0.03703, 0.03188, 0.02471] | [0.28423, 0.41796, 0.61602] |
+-------+------------------+----------------+--------+-----------------------------+-----------------------------+-----------------------------+-----------------------------+
+-------+------------------+----------------+--------+-----------------------------+-----------------------------+---------------------------+-----------------------------+
| Epoch | training time(s) | tesing time(s) |  Loss  |            recall           |             ndcg            |         precision         |          hit_ratio          |
+-------+------------------+----------------+--------+-----------------------------+-----------------------------+---------------------------+-----------------------------+
|   41  |       119        |       0        | 369.22 | [0.04115, 0.07053, 0.13463] | [0.04709, 0.05781, 0.08153] | [0.03706, 0.032, 0.02477] | [0.28458, 0.41903, 0.61633] |
+-------+------------------+----------------+--------+-----------------------------+-----------------------------+---------------------------+-----------------------------+
+-------+------------------+----------------+-------+-----------------------------+-----------------------------+----------------------------+-----------------------------+
| Epoch | training time(s) | tesing time(s) |  Loss |            recall           |             ndcg            |         precision          |          hit_ratio          |
+-------+------------------+----------------+-------+-----------------------------+-----------------------------+----------------------------+-----------------------------+
|   42  |       120        |       0        | 368.5 | [0.04125, 0.07062, 0.13475] | [0.04718, 0.05788, 0.08163] | [0.03714, 0.03203, 0.0248] | [0.28527, 0.41951, 0.61741] |
+-------+------------------+----------------+-------+-----------------------------+-----------------------------+----------------------------+-----------------------------+
+-------+------------------+----------------+--------+-----------------------------+-----------------------------+-----------------------------+-----------------------------+
| Epoch | training time(s) | tesing time(s) |  Loss  |            recall           |             ndcg            |          precision          |          hit_ratio          |
+-------+------------------+----------------+--------+-----------------------------+-----------------------------+-----------------------------+-----------------------------+
|   43  |       119        |       0        | 367.48 | [0.04121, 0.07063, 0.13496] | [0.04721, 0.05794, 0.08175] | [0.03715, 0.03206, 0.02483] | [0.28556, 0.41973, 0.61832] |
+-------+------------------+----------------+--------+-----------------------------+-----------------------------+-----------------------------+-----------------------------+
+-------+------------------+----------------+--------+-----------------------------+----------------------------+-----------------------------+-----------------------------+
| Epoch | training time(s) | tesing time(s) |  Loss  |            recall           |            ndcg            |          precision          |          hit_ratio          |
+-------+------------------+----------------+--------+-----------------------------+----------------------------+-----------------------------+-----------------------------+
|   44  |       120        |       0        | 366.93 | [0.04121, 0.07081, 0.13532] | [0.0473, 0.05807, 0.08193] | [0.03724, 0.03212, 0.02488] | [0.28518, 0.42033, 0.61895] |
+-------+------------------+----------------+--------+-----------------------------+----------------------------+-----------------------------+-----------------------------+
+-------+------------------+----------------+--------+-----------------------------+-----------------------------+-----------------------------+-----------------------------+
| Epoch | training time(s) | tesing time(s) |  Loss  |            recall           |             ndcg            |          precision          |          hit_ratio          |
+-------+------------------+----------------+--------+-----------------------------+-----------------------------+-----------------------------+-----------------------------+
|   45  |       120        |       0        | 366.14 | [0.04131, 0.07099, 0.13527] | [0.04738, 0.05817, 0.08196] | [0.03727, 0.03215, 0.02487] | [0.28597, 0.42128, 0.61902] |
+-------+------------------+----------------+--------+-----------------------------+-----------------------------+-----------------------------+-----------------------------+
+-------+------------------+----------------+--------+-----------------------------+---------------------------+-----------------------------+-----------------------------+
| Epoch | training time(s) | tesing time(s) |  Loss  |            recall           |            ndcg           |          precision          |          hit_ratio          |
+-------+------------------+----------------+--------+-----------------------------+---------------------------+-----------------------------+-----------------------------+
|   46  |       121        |       0        | 365.23 | [0.04141, 0.07102, 0.13561] | [0.04742, 0.0582, 0.0821] | [0.03732, 0.03218, 0.02492] | [0.28594, 0.42118, 0.61984] |
+-------+------------------+----------------+--------+-----------------------------+---------------------------+-----------------------------+-----------------------------+
+-------+------------------+----------------+--------+---------------------------+-----------------------------+-----------------------------+-----------------------------+
| Epoch | training time(s) | tesing time(s) |  Loss  |           recall          |             ndcg            |          precision          |          hit_ratio          |
+-------+------------------+----------------+--------+---------------------------+-----------------------------+-----------------------------+-----------------------------+
|   47  |       120        |       0        | 364.38 | [0.04143, 0.07112, 0.136] | [0.04746, 0.05828, 0.08228] | [0.03735, 0.03224, 0.02499] | [0.28625, 0.42175, 0.62041] |
+-------+------------------+----------------+--------+---------------------------+-----------------------------+-----------------------------+-----------------------------+
+-------+------------------+----------------+--------+-----------------------------+-----------------------------+-----------------------------+----------------------------+
| Epoch | training time(s) | tesing time(s) |  Loss  |            recall           |             ndcg            |          precision          |         hit_ratio          |
+-------+------------------+----------------+--------+-----------------------------+-----------------------------+-----------------------------+----------------------------+
|   48  |       121        |       0        | 363.61 | [0.04141, 0.07127, 0.13596] | [0.04747, 0.05839, 0.08231] | [0.03733, 0.03232, 0.02499] | [0.28638, 0.4226, 0.62034] |
+-------+------------------+----------------+--------+-----------------------------+-----------------------------+-----------------------------+----------------------------+
+-------+------------------+----------------+--------+-----------------------------+-----------------------------+-----------------------------+-----------------------------+
| Epoch | training time(s) | tesing time(s) |  Loss  |            recall           |             ndcg            |          precision          |          hit_ratio          |
+-------+------------------+----------------+--------+-----------------------------+-----------------------------+-----------------------------+-----------------------------+
|   49  |       119        |       0        | 362.73 | [0.04141, 0.07142, 0.13613] | [0.04755, 0.05851, 0.08244] | [0.03738, 0.03238, 0.02501] | [0.28672, 0.42301, 0.62094] |
+-------+------------------+----------------+--------+-----------------------------+-----------------------------+-----------------------------+-----------------------------+
+-------+------------------+----------------+--------+-----------------------------+----------------------------+-----------------------------+-----------------------------+
| Epoch | training time(s) | tesing time(s) |  Loss  |            recall           |            ndcg            |          precision          |          hit_ratio          |
+-------+------------------+----------------+--------+-----------------------------+----------------------------+-----------------------------+-----------------------------+
|   50  |       120        |       0        | 362.03 | [0.04149, 0.07156, 0.13631] | [0.04763, 0.0586, 0.08253] | [0.03748, 0.03244, 0.02503] | [0.28717, 0.42365, 0.62154] |
+-------+------------------+----------------+--------+-----------------------------+----------------------------+-----------------------------+-----------------------------+
+-------+------------------+----------------+--------+-----------------------------+----------------------------+-----------------------------+-----------------------------+
| Epoch | training time(s) | tesing time(s) |  Loss  |            recall           |            ndcg            |          precision          |          hit_ratio          |
+-------+------------------+----------------+--------+-----------------------------+----------------------------+-----------------------------+-----------------------------+
|   51  |       120        |       0        | 361.17 | [0.04155, 0.07157, 0.13627] | [0.04772, 0.05867, 0.0826] | [0.03752, 0.03244, 0.02503] | [0.28767, 0.42377, 0.62129] |
+-------+------------------+----------------+--------+-----------------------------+----------------------------+-----------------------------+-----------------------------+
+-------+------------------+----------------+--------+----------------------------+-----------------------------+-----------------------------+----------------------------+
| Epoch | training time(s) | tesing time(s) |  Loss  |           recall           |             ndcg            |          precision          |         hit_ratio          |
+-------+------------------+----------------+--------+----------------------------+-----------------------------+-----------------------------+----------------------------+
|   52  |       120        |       0        | 360.27 | [0.0417, 0.07177, 0.13638] | [0.04781, 0.05876, 0.08264] | [0.03764, 0.03252, 0.02504] | [0.28815, 0.42456, 0.6217] |
+-------+------------------+----------------+--------+----------------------------+-----------------------------+-----------------------------+----------------------------+
+-------+------------------+----------------+--------+-----------------------------+-----------------------------+----------------------------+-----------------------------+
| Epoch | training time(s) | tesing time(s) |  Loss  |            recall           |             ndcg            |         precision          |          hit_ratio          |
+-------+------------------+----------------+--------+-----------------------------+-----------------------------+----------------------------+-----------------------------+
|   53  |       120        |       0        | 359.31 | [0.04172, 0.07168, 0.13647] | [0.04785, 0.05878, 0.08274] | [0.03762, 0.0325, 0.02506] | [0.28811, 0.42437, 0.62217] |
+-------+------------------+----------------+--------+-----------------------------+-----------------------------+----------------------------+-----------------------------+
+-------+------------------+----------------+--------+---------------------------+-----------------------------+----------------------------+-----------------------------+
| Epoch | training time(s) | tesing time(s) |  Loss  |           recall          |             ndcg            |         precision          |          hit_ratio          |
+-------+------------------+----------------+--------+---------------------------+-----------------------------+----------------------------+-----------------------------+
|   54  |       119        |       0        | 358.96 | [0.0417, 0.07178, 0.1366] | [0.04782, 0.05883, 0.08277] | [0.0376, 0.03255, 0.02506] | [0.28799, 0.42466, 0.62208] |
+-------+------------------+----------------+--------+---------------------------+-----------------------------+----------------------------+-----------------------------+
+-------+------------------+----------------+--------+----------------------------+-----------------------------+----------------------------+-----------------------------+
| Epoch | training time(s) | tesing time(s) |  Loss  |           recall           |             ndcg            |         precision          |          hit_ratio          |
+-------+------------------+----------------+--------+----------------------------+-----------------------------+----------------------------+-----------------------------+
|   55  |       117        |       0        | 357.79 | [0.04185, 0.07193, 0.1367] | [0.04791, 0.05891, 0.08284] | [0.03771, 0.0326, 0.02508] | [0.28843, 0.42532, 0.62217] |
+-------+------------------+----------------+--------+----------------------------+-----------------------------+----------------------------+-----------------------------+
+-------+------------------+----------------+--------+-----------------------------+----------------------------+-----------------------------+----------------------------+
| Epoch | training time(s) | tesing time(s) |  Loss  |            recall           |            ndcg            |          precision          |         hit_ratio          |
+-------+------------------+----------------+--------+-----------------------------+----------------------------+-----------------------------+----------------------------+
|   56  |       119        |       0        | 357.15 | [0.04193, 0.07207, 0.13684] | [0.04797, 0.05898, 0.0829] | [0.03781, 0.03266, 0.02512] | [0.28947, 0.42592, 0.6229] |
+-------+------------------+----------------+--------+-----------------------------+----------------------------+-----------------------------+----------------------------+
+-------+------------------+----------------+--------+-----------------------------+----------------------------+-----------------------------+----------------------------+
| Epoch | training time(s) | tesing time(s) |  Loss  |            recall           |            ndcg            |          precision          |         hit_ratio          |
+-------+------------------+----------------+--------+-----------------------------+----------------------------+-----------------------------+----------------------------+
|   57  |       124        |       0        | 356.22 | [0.04205, 0.07215, 0.13721] | [0.04813, 0.0591, 0.08313] | [0.03792, 0.03269, 0.02518] | [0.28976, 0.42601, 0.6241] |
+-------+------------------+----------------+--------+-----------------------------+----------------------------+-----------------------------+----------------------------+
+-------+------------------+----------------+--------+----------------------------+-----------------------------+-----------------------------+-----------------------------+
| Epoch | training time(s) | tesing time(s) |  Loss  |           recall           |             ndcg            |          precision          |          hit_ratio          |
+-------+------------------+----------------+--------+----------------------------+-----------------------------+-----------------------------+-----------------------------+
|   58  |       129        |       0        | 355.53 | [0.04213, 0.07229, 0.1373] | [0.04817, 0.05917, 0.08317] | [0.03797, 0.03275, 0.02519] | [0.29032, 0.42702, 0.62457] |
+-------+------------------+----------------+--------+----------------------------+-----------------------------+-----------------------------+-----------------------------+
+-------+------------------+----------------+--------+----------------------------+-----------------------------+-----------------------------+----------------------------+
| Epoch | training time(s) | tesing time(s) |  Loss  |           recall           |             ndcg            |          precision          |         hit_ratio          |
+-------+------------------+----------------+--------+----------------------------+-----------------------------+-----------------------------+----------------------------+
|   59  |       153        |       0        | 354.73 | [0.04222, 0.0723, 0.13721] | [0.04817, 0.05914, 0.08312] | [0.03797, 0.03274, 0.02516] | [0.29026, 0.4269, 0.62397] |
+-------+------------------+----------------+--------+----------------------------+-----------------------------+-----------------------------+----------------------------+
+-------+------------------+----------------+--------+-----------------------------+-----------------------------+----------------------------+-----------------------------+
| Epoch | training time(s) | tesing time(s) |  Loss  |            recall           |             ndcg            |         precision          |          hit_ratio          |
+-------+------------------+----------------+--------+-----------------------------+-----------------------------+----------------------------+-----------------------------+
|   60  |       184        |       0        | 353.87 | [0.04229, 0.07248, 0.13736] | [0.04828, 0.05928, 0.08325] | [0.03806, 0.03282, 0.0252] | [0.29077, 0.42743, 0.62457] |
+-------+------------------+----------------+--------+-----------------------------+-----------------------------+----------------------------+-----------------------------+
+-------+------------------+----------------+--------+----------------------------+-----------------------------+-----------------------------+-----------------------------+
| Epoch | training time(s) | tesing time(s) |  Loss  |           recall           |             ndcg            |          precision          |          hit_ratio          |
+-------+------------------+----------------+--------+----------------------------+-----------------------------+-----------------------------+-----------------------------+
|   61  |       200        |       0        | 353.14 | [0.04236, 0.07257, 0.1375] | [0.04834, 0.05933, 0.08331] | [0.03812, 0.03282, 0.02521] | [0.29102, 0.42775, 0.62511] |
+-------+------------------+----------------+--------+----------------------------+-----------------------------+-----------------------------+-----------------------------+
+-------+------------------+----------------+--------+---------------------------+-----------------------------+-----------------------------+-----------------------------+
| Epoch | training time(s) | tesing time(s) |  Loss  |           recall          |             ndcg            |          precision          |          hit_ratio          |
+-------+------------------+----------------+--------+---------------------------+-----------------------------+-----------------------------+-----------------------------+
|   62  |       196        |       0        | 352.34 | [0.0424, 0.0724, 0.13765] | [0.04836, 0.05926, 0.08337] | [0.03812, 0.03275, 0.02522] | [0.29058, 0.42668, 0.62498] |
+-------+------------------+----------------+--------+---------------------------+-----------------------------+-----------------------------+-----------------------------+
+-------+------------------+----------------+--------+-----------------------------+-----------------------------+-----------------------------+----------------------------+
| Epoch | training time(s) | tesing time(s) |  Loss  |            recall           |             ndcg            |          precision          |         hit_ratio          |
+-------+------------------+----------------+--------+-----------------------------+-----------------------------+-----------------------------+----------------------------+
|   63  |       196        |       0        | 351.52 | [0.04248, 0.07256, 0.13775] | [0.04844, 0.05937, 0.08343] | [0.03822, 0.03284, 0.02524] | [0.2913, 0.42759, 0.62546] |
+-------+------------------+----------------+--------+-----------------------------+-----------------------------+-----------------------------+----------------------------+
+-------+------------------+----------------+--------+-----------------------------+----------------------------+-----------------------------+-----------------------------+
| Epoch | training time(s) | tesing time(s) |  Loss  |            recall           |            ndcg            |          precision          |          hit_ratio          |
+-------+------------------+----------------+--------+-----------------------------+----------------------------+-----------------------------+-----------------------------+
|   64  |       197        |       0        | 350.79 | [0.04242, 0.07264, 0.13791] | [0.04843, 0.05939, 0.0835] | [0.03822, 0.03282, 0.02525] | [0.29108, 0.42731, 0.62552] |
+-------+------------------+----------------+--------+-----------------------------+----------------------------+-----------------------------+-----------------------------+
+-------+------------------+----------------+--------+-----------------------------+-----------------------------+-----------------------------+-----------------------------+
| Epoch | training time(s) | tesing time(s) |  Loss  |            recall           |             ndcg            |          precision          |          hit_ratio          |
+-------+------------------+----------------+--------+-----------------------------+-----------------------------+-----------------------------+-----------------------------+
|   65  |       194        |       0        | 350.02 | [0.04251, 0.07281, 0.13802] | [0.04848, 0.05949, 0.08358] | [0.03827, 0.03289, 0.02528] | [0.29121, 0.42819, 0.62571] |
+-------+------------------+----------------+--------+-----------------------------+-----------------------------+-----------------------------+-----------------------------+
+-------+------------------+----------------+--------+-----------------------------+-----------------------------+----------------------------+-----------------------------+
| Epoch | training time(s) | tesing time(s) |  Loss  |            recall           |             ndcg            |         precision          |          hit_ratio          |
+-------+------------------+----------------+--------+-----------------------------+-----------------------------+----------------------------+-----------------------------+
|   66  |       195        |       0        | 349.16 | [0.04253, 0.07284, 0.13808] | [0.04856, 0.05957, 0.08368] | [0.03828, 0.0329, 0.02529] | [0.29197, 0.42911, 0.62587] |
+-------+------------------+----------------+--------+-----------------------------+-----------------------------+----------------------------+-----------------------------+
+-------+------------------+----------------+--------+-----------------------------+-----------------------------+----------------------------+-----------------------------+
| Epoch | training time(s) | tesing time(s) |  Loss  |            recall           |             ndcg            |         precision          |          hit_ratio          |
+-------+------------------+----------------+--------+-----------------------------+-----------------------------+----------------------------+-----------------------------+
|   67  |       197        |       0        | 348.32 | [0.04256, 0.07287, 0.13815] | [0.04856, 0.05957, 0.08371] | [0.0383, 0.03289, 0.02531] | [0.29216, 0.42873, 0.62587] |
+-------+------------------+----------------+--------+-----------------------------+-----------------------------+----------------------------+-----------------------------+
+-------+------------------+----------------+--------+-----------------------------+-----------------------------+-----------------------------+---------------------------+
| Epoch | training time(s) | tesing time(s) |  Loss  |            recall           |             ndcg            |          precision          |         hit_ratio         |
+-------+------------------+----------------+--------+-----------------------------+-----------------------------+-----------------------------+---------------------------+
|   68  |       195        |       0        | 347.73 | [0.04261, 0.07291, 0.13826] | [0.04865, 0.05965, 0.08379] | [0.03834, 0.03293, 0.02533] | [0.292, 0.42882, 0.62612] |
+-------+------------------+----------------+--------+-----------------------------+-----------------------------+-----------------------------+---------------------------+
+-------+------------------+----------------+--------+-----------------------------+----------------------------+-----------------------------+-----------------------------+
| Epoch | training time(s) | tesing time(s) |  Loss  |            recall           |            ndcg            |          precision          |          hit_ratio          |
+-------+------------------+----------------+--------+-----------------------------+----------------------------+-----------------------------+-----------------------------+
|   69  |       196        |       0        | 346.68 | [0.04263, 0.07313, 0.13828] | [0.04872, 0.0598, 0.08385] | [0.03839, 0.03303, 0.02534] | [0.29228, 0.42987, 0.62656] |
+-------+------------------+----------------+--------+-----------------------------+----------------------------+-----------------------------+-----------------------------+
+-------+------------------+----------------+--------+----------------------------+-----------------------------+-----------------------------+----------------------------+
| Epoch | training time(s) | tesing time(s) |  Loss  |           recall           |             ndcg            |          precision          |         hit_ratio          |
+-------+------------------+----------------+--------+----------------------------+-----------------------------+-----------------------------+----------------------------+
|   70  |       196        |       0        | 345.78 | [0.0426, 0.07295, 0.13843] | [0.04873, 0.05976, 0.08392] | [0.03835, 0.03298, 0.02535] | [0.29178, 0.4286, 0.62694] |
+-------+------------------+----------------+--------+----------------------------+-----------------------------+-----------------------------+----------------------------+
+-------+------------------+----------------+--------+-----------------------------+----------------------------+----------------------------+----------------------------+
| Epoch | training time(s) | tesing time(s) |  Loss  |            recall           |            ndcg            |         precision          |         hit_ratio          |
+-------+------------------+----------------+--------+-----------------------------+----------------------------+----------------------------+----------------------------+
|   71  |       195        |       0        | 345.29 | [0.04265, 0.07303, 0.13853] | [0.04876, 0.0598, 0.08397] | [0.0384, 0.03298, 0.02536] | [0.29206, 0.42889, 0.6277] |
+-------+------------------+----------------+--------+-----------------------------+----------------------------+----------------------------+----------------------------+
+-------+------------------+----------------+--------+-----------------------------+---------------------------+-----------------------------+-----------------------------+
| Epoch | training time(s) | tesing time(s) |  Loss  |            recall           |            ndcg           |          precision          |          hit_ratio          |
+-------+------------------+----------------+--------+-----------------------------+---------------------------+-----------------------------+-----------------------------+
|   72  |       198        |       0        | 344.42 | [0.04268, 0.07316, 0.13863] | [0.04875, 0.05984, 0.084] | [0.03839, 0.03302, 0.02537] | [0.29244, 0.42952, 0.62723] |
+-------+------------------+----------------+--------+-----------------------------+---------------------------+-----------------------------+-----------------------------+
+-------+------------------+----------------+-------+-----------------------------+-----------------------------+-----------------------------+-----------------------------+
| Epoch | training time(s) | tesing time(s) |  Loss |            recall           |             ndcg            |          precision          |          hit_ratio          |
+-------+------------------+----------------+-------+-----------------------------+-----------------------------+-----------------------------+-----------------------------+
|   73  |       197        |       0        | 343.6 | [0.04263, 0.07311, 0.13872] | [0.04873, 0.05983, 0.08404] | [0.03838, 0.03301, 0.02539] | [0.29222, 0.42952, 0.62792] |
+-------+------------------+----------------+-------+-----------------------------+-----------------------------+-----------------------------+-----------------------------+
+-------+------------------+----------------+--------+---------------------------+-----------------------------+----------------------------+----------------------------+
| Epoch | training time(s) | tesing time(s) |  Loss  |           recall          |             ndcg            |         precision          |         hit_ratio          |
+-------+------------------+----------------+--------+---------------------------+-----------------------------+----------------------------+----------------------------+
|   74  |       192        |       0        | 342.67 | [0.04266, 0.073, 0.13878] | [0.04876, 0.05979, 0.08408] | [0.03841, 0.03296, 0.0254] | [0.29254, 0.4292, 0.62786] |
+-------+------------------+----------------+--------+---------------------------+-----------------------------+----------------------------+----------------------------+
+-------+------------------+----------------+--------+-----------------------------+-----------------------------+----------------------------+-----------------------------+
| Epoch | training time(s) | tesing time(s) |  Loss  |            recall           |             ndcg            |         precision          |          hit_ratio          |
+-------+------------------+----------------+--------+-----------------------------+-----------------------------+----------------------------+-----------------------------+
|   75  |       197        |       0        | 341.89 | [0.04267, 0.07314, 0.13879] | [0.04877, 0.05987, 0.08411] | [0.03839, 0.03301, 0.0254] | [0.29269, 0.42974, 0.62798] |
+-------+------------------+----------------+--------+-----------------------------+-----------------------------+----------------------------+-----------------------------+
+-------+------------------+----------------+--------+-----------------------------+----------------------------+-----------------------------+-----------------------------+
| Epoch | training time(s) | tesing time(s) |  Loss  |            recall           |            ndcg            |          precision          |          hit_ratio          |
+-------+------------------+----------------+--------+-----------------------------+----------------------------+-----------------------------+-----------------------------+
|   76  |       196        |       0        | 341.37 | [0.04267, 0.07317, 0.13863] | [0.0488, 0.05991, 0.08409] | [0.03835, 0.03299, 0.02537] | [0.29247, 0.42952, 0.62742] |
+-------+------------------+----------------+--------+-----------------------------+----------------------------+-----------------------------+-----------------------------+
+-------+------------------+----------------+-------+-----------------------------+----------------------------+-----------------------------+----------------------------+
| Epoch | training time(s) | tesing time(s) |  Loss |            recall           |            ndcg            |          precision          |         hit_ratio          |
+-------+------------------+----------------+-------+-----------------------------+----------------------------+-----------------------------+----------------------------+
|   77  |       196        |       0        | 340.5 | [0.04271, 0.07329, 0.13865] | [0.04883, 0.05995, 0.0841] | [0.03843, 0.03305, 0.02539] | [0.2931, 0.42968, 0.62672] |
+-------+------------------+----------------+-------+-----------------------------+----------------------------+-----------------------------+----------------------------+
+-------+------------------+----------------+--------+----------------------------+----------------------------+-----------------------------+-----------------------------+
| Epoch | training time(s) | tesing time(s) |  Loss  |           recall           |            ndcg            |          precision          |          hit_ratio          |
+-------+------------------+----------------+--------+----------------------------+----------------------------+-----------------------------+-----------------------------+
|   78  |       197        |       0        | 339.54 | [0.0427, 0.07324, 0.13869] | [0.04879, 0.05991, 0.0841] | [0.03838, 0.03302, 0.02539] | [0.29263, 0.42977, 0.62688] |
+-------+------------------+----------------+--------+----------------------------+----------------------------+-----------------------------+-----------------------------+
+-------+------------------+----------------+--------+-----------------------------+-----------------------------+----------------------------+----------------------------+
| Epoch | training time(s) | tesing time(s) |  Loss  |            recall           |             ndcg            |         precision          |         hit_ratio          |
+-------+------------------+----------------+--------+-----------------------------+-----------------------------+----------------------------+----------------------------+
|   79  |       200        |       0        | 338.82 | [0.04266, 0.07325, 0.13877] | [0.04878, 0.05994, 0.08415] | [0.03838, 0.03305, 0.0254] | [0.2926, 0.42952, 0.62719] |
+-------+------------------+----------------+--------+-----------------------------+-----------------------------+----------------------------+----------------------------+
+-------+------------------+----------------+--------+----------------------------+-----------------------------+-----------------------------+-----------------------------+
| Epoch | training time(s) | tesing time(s) |  Loss  |           recall           |             ndcg            |          precision          |          hit_ratio          |
+-------+------------------+----------------+--------+----------------------------+-----------------------------+-----------------------------+-----------------------------+
|   80  |       196        |       0        | 338.34 | [0.0427, 0.07324, 0.13874] | [0.04881, 0.05995, 0.08414] | [0.03839, 0.03306, 0.02538] | [0.29279, 0.42999, 0.62707] |
+-------+------------------+----------------+--------+----------------------------+-----------------------------+-----------------------------+-----------------------------+
+-------+------------------+----------------+--------+-----------------------------+----------------------------+-----------------------------+-----------------------------+
| Epoch | training time(s) | tesing time(s) |  Loss  |            recall           |            ndcg            |          precision          |          hit_ratio          |
+-------+------------------+----------------+--------+-----------------------------+----------------------------+-----------------------------+-----------------------------+
|   81  |       191        |       0        | 337.33 | [0.04282, 0.07314, 0.13874] | [0.0489, 0.05992, 0.08416] | [0.03847, 0.03301, 0.02538] | [0.29314, 0.42889, 0.62672] |
+-------+------------------+----------------+--------+-----------------------------+----------------------------+-----------------------------+-----------------------------+
+-------+------------------+----------------+--------+----------------------------+---------------------------+----------------------------+-----------------------------+
| Epoch | training time(s) | tesing time(s) |  Loss  |           recall           |            ndcg           |         precision          |          hit_ratio          |
+-------+------------------+----------------+--------+----------------------------+---------------------------+----------------------------+-----------------------------+
|   82  |       196        |       0        | 336.41 | [0.04285, 0.0732, 0.13886] | [0.049, 0.06002, 0.08427] | [0.03854, 0.03304, 0.0254] | [0.29421, 0.42892, 0.62732] |
+-------+------------------+----------------+--------+----------------------------+---------------------------+----------------------------+-----------------------------+
+-------+------------------+----------------+--------+-----------------------------+-----------------------------+-----------------------------+----------------------------+
| Epoch | training time(s) | tesing time(s) |  Loss  |            recall           |             ndcg            |          precision          |         hit_ratio          |
+-------+------------------+----------------+--------+-----------------------------+-----------------------------+-----------------------------+----------------------------+
|   83  |       195        |       0        | 335.65 | [0.04289, 0.07321, 0.13895] | [0.04903, 0.06004, 0.08432] | [0.03854, 0.03305, 0.02542] | [0.29396, 0.42898, 0.6277] |
+-------+------------------+----------------+--------+-----------------------------+-----------------------------+-----------------------------+----------------------------+
+-------+------------------+----------------+--------+-----------------------------+-----------------------------+-----------------------------+----------------------------+
| Epoch | training time(s) | tesing time(s) |  Loss  |            recall           |             ndcg            |          precision          |         hit_ratio          |
+-------+------------------+----------------+--------+-----------------------------+-----------------------------+-----------------------------+----------------------------+
|   84  |       196        |       0        | 334.77 | [0.04296, 0.07301, 0.13886] | [0.04906, 0.05994, 0.08426] | [0.03862, 0.03299, 0.02539] | [0.2944, 0.42895, 0.62748] |
+-------+------------------+----------------+--------+-----------------------------+-----------------------------+-----------------------------+----------------------------+
+-------+------------------+----------------+--------+-----------------------------+-----------------------------+-----------------------------+-----------------------------+
| Epoch | training time(s) | tesing time(s) |  Loss  |            recall           |             ndcg            |          precision          |          hit_ratio          |
+-------+------------------+----------------+--------+-----------------------------+-----------------------------+-----------------------------+-----------------------------+
|   85  |       192        |       0        | 334.29 | [0.04301, 0.07316, 0.13881] | [0.04913, 0.06003, 0.08427] | [0.03862, 0.03302, 0.02538] | [0.29452, 0.42914, 0.62707] |
+-------+------------------+----------------+--------+-----------------------------+-----------------------------+-----------------------------+-----------------------------+
+-------+------------------+----------------+--------+----------------------------+-----------------------------+-----------------------------+-----------------------------+
| Epoch | training time(s) | tesing time(s) |  Loss  |           recall           |             ndcg            |          precision          |          hit_ratio          |
+-------+------------------+----------------+--------+----------------------------+-----------------------------+-----------------------------+-----------------------------+
|   86  |       192        |       0        | 333.13 | [0.04293, 0.07324, 0.1388] | [0.04907, 0.06003, 0.08424] | [0.03858, 0.03303, 0.02538] | [0.29433, 0.42939, 0.62716] |
+-------+------------------+----------------+--------+----------------------------+-----------------------------+-----------------------------+-----------------------------+
+-------+------------------+----------------+--------+-----------------------------+-----------------------------+----------------------------+-----------------------------+
| Epoch | training time(s) | tesing time(s) |  Loss  |            recall           |             ndcg            |         precision          |          hit_ratio          |
+-------+------------------+----------------+--------+-----------------------------+-----------------------------+----------------------------+-----------------------------+
|   87  |       192        |       0        | 332.65 | [0.04301, 0.07328, 0.13891] | [0.04913, 0.06008, 0.08432] | [0.03863, 0.03304, 0.0254] | [0.29487, 0.42958, 0.62735] |
+-------+------------------+----------------+--------+-----------------------------+-----------------------------+----------------------------+-----------------------------+
Early stopping is trigger at step: 10 log:0.07328
Sep-20-2024_08-33-06 end training ...
early stopping at 87, recall@20:0.0733
+-------+------------------+----------------+-------+-----------------------------+----------------------------+-----------------------------+----------------------------+
| Epoch | training time(s) | tesing time(s) |  Loss |            recall           |            ndcg            |          precision          |         hit_ratio          |
+-------+------------------+----------------+-------+-----------------------------+----------------------------+-----------------------------+----------------------------+
|   77  |       196        |       0        | 340.5 | [0.04271, 0.07329, 0.13865] | [0.04883, 0.05995, 0.0841] | [0.03843, 0.03305, 0.02539] | [0.2931, 0.42968, 0.62672] |
+-------+------------------+----------------+-------+-----------------------------+----------------------------+-----------------------------+----------------------------+
