Namespace(K=1, Ks='[10, 20, 50]', alpha=0.3, batch_size=2048, batch_test_flag=True, beta=0.1, context_hops=3, cuda=True, data_path='data/', dataset='yelp2018', dim=64, e=1e-07, edge_dropout=False, edge_dropout_rate=0.1, embedding0=False, epoch=1000, gamma=0.3, gnn='lightgcn', gpu_id=0, heatkernel=False, l2=0.0001, learnkernel=False, lr=0.001, mess_dropout=False, mess_dropout_rate=0.1, model_ablation=1, n_negs=64, ns='dins', out_dir='./weights/', p=-2, pool='mean', save=False, simi='ip', t_i=2, t_u=2, test_batch_size=2048, test_flag='part', warmup=100, window_length=5)
reading train and test user-item set ...
building the adj mat ...
loading over ...
This is LightGCN.py working...
Jul-18-2025_20-51-42 start training ...
+-------+------------------+----------------+--------+-----------------------------+-----------------------------+-----------------------------+-----------------------------+
| Epoch | training time(s) | tesing time(s) |  Loss  |            recall           |             ndcg            |          precision          |          hit_ratio          |
+-------+------------------+----------------+--------+-----------------------------+-----------------------------+-----------------------------+-----------------------------+
|   0   |       115        |       0        | 415.62 | [0.02945, 0.05123, 0.10048] | [0.03413, 0.04194, 0.06018] | [0.02755, 0.02398, 0.01897] | [0.21722, 0.33232, 0.51446] |
+-------+------------------+----------------+--------+-----------------------------+-----------------------------+-----------------------------+-----------------------------+
+-------+------------------+----------------+--------+----------------------------+-----------------------------+----------------------------+----------------------------+
| Epoch | training time(s) | tesing time(s) |  Loss  |           recall           |             ndcg            |         precision          |         hit_ratio          |
+-------+------------------+----------------+--------+----------------------------+-----------------------------+----------------------------+----------------------------+
|   1   |       113        |       0        | 411.02 | [0.03187, 0.0548, 0.10723] | [0.03661, 0.04488, 0.06429] | [0.0294, 0.02548, 0.02012] | [0.2309, 0.35023, 0.53944] |
+-------+------------------+----------------+--------+----------------------------+-----------------------------+----------------------------+----------------------------+
+-------+------------------+----------------+-------+-----------------------------+-----------------------------+-----------------------------+---------------------------+
| Epoch | training time(s) | tesing time(s) |  Loss |            recall           |             ndcg            |          precision          |         hit_ratio         |
+-------+------------------+----------------+-------+-----------------------------+-----------------------------+-----------------------------+---------------------------+
|   2   |       112        |       0        | 408.1 | [0.03351, 0.05707, 0.11152] | [0.03844, 0.04694, 0.06706] | [0.03076, 0.02653, 0.02086] | [0.2405, 0.36008, 0.5552] |
+-------+------------------+----------------+-------+-----------------------------+-----------------------------+-----------------------------+---------------------------+
+-------+------------------+----------------+--------+-----------------------------+-----------------------------+-----------------------------+-----------------------------+
| Epoch | training time(s) | tesing time(s) |  Loss  |            recall           |             ndcg            |          precision          |          hit_ratio          |
+-------+------------------+----------------+--------+-----------------------------+-----------------------------+-----------------------------+-----------------------------+
|   3   |       113        |       0        | 405.51 | [0.03456, 0.05899, 0.11471] | [0.03968, 0.04848, 0.06907] | [0.03162, 0.02723, 0.02138] | [0.24681, 0.36902, 0.56398] |
+-------+------------------+----------------+--------+-----------------------------+-----------------------------+-----------------------------+-----------------------------+
+-------+------------------+----------------+--------+----------------------------+----------------------------+-----------------------------+-----------------------------+
| Epoch | training time(s) | tesing time(s) |  Loss  |           recall           |            ndcg            |          precision          |          hit_ratio          |
+-------+------------------+----------------+--------+----------------------------+----------------------------+-----------------------------+-----------------------------+
|   4   |       113        |       0        | 403.26 | [0.0353, 0.06037, 0.11691] | [0.0405, 0.04954, 0.07048] | [0.03222, 0.02775, 0.02175] | [0.25076, 0.37533, 0.57206] |
+-------+------------------+----------------+--------+----------------------------+----------------------------+-----------------------------+-----------------------------+
+-------+------------------+----------------+--------+-----------------------------+-----------------------------+----------------------------+-----------------------------+
| Epoch | training time(s) | tesing time(s) |  Loss  |            recall           |             ndcg            |         precision          |          hit_ratio          |
+-------+------------------+----------------+--------+-----------------------------+-----------------------------+----------------------------+-----------------------------+
|   5   |       113        |       0        | 401.29 | [0.03613, 0.06151, 0.11923] | [0.04137, 0.05053, 0.07185] | [0.0329, 0.02829, 0.02213] | [0.25527, 0.38073, 0.57948] |
+-------+------------------+----------------+--------+-----------------------------+-----------------------------+----------------------------+-----------------------------+
+-------+------------------+----------------+--------+-----------------------------+-----------------------------+-----------------------------+-----------------------------+
| Epoch | training time(s) | tesing time(s) |  Loss  |            recall           |             ndcg            |          precision          |          hit_ratio          |
+-------+------------------+----------------+--------+-----------------------------+-----------------------------+-----------------------------+-----------------------------+
|   6   |       113        |       0        | 399.34 | [0.03666, 0.06249, 0.12086] | [0.04194, 0.05124, 0.07281] | [0.03335, 0.02864, 0.02242] | [0.25865, 0.38484, 0.58438] |
+-------+------------------+----------------+--------+-----------------------------+-----------------------------+-----------------------------+-----------------------------+
+-------+------------------+----------------+--------+-----------------------------+-----------------------------+-----------------------------+-----------------------------+
| Epoch | training time(s) | tesing time(s) |  Loss  |            recall           |             ndcg            |          precision          |          hit_ratio          |
+-------+------------------+----------------+--------+-----------------------------+-----------------------------+-----------------------------+-----------------------------+
|   7   |       113        |       0        | 397.67 | [0.03718, 0.06325, 0.12257] | [0.04254, 0.05191, 0.07387] | [0.03381, 0.02897, 0.02273] | [0.26209, 0.38837, 0.58965] |
+-------+------------------+----------------+--------+-----------------------------+-----------------------------+-----------------------------+-----------------------------+
+-------+------------------+----------------+-------+-----------------------------+-----------------------------+-----------------------------+-----------------------------+
| Epoch | training time(s) | tesing time(s) |  Loss |            recall           |             ndcg            |          precision          |          hit_ratio          |
+-------+------------------+----------------+-------+-----------------------------+-----------------------------+-----------------------------+-----------------------------+
|   8   |       113        |       0        | 396.1 | [0.03763, 0.06402, 0.12388] | [0.04301, 0.05247, 0.07462] | [0.03422, 0.02928, 0.02294] | [0.26506, 0.39096, 0.59319] |
+-------+------------------+----------------+-------+-----------------------------+-----------------------------+-----------------------------+-----------------------------+
+-------+------------------+----------------+--------+-----------------------------+-----------------------------+-----------------------------+-----------------------------+
| Epoch | training time(s) | tesing time(s) |  Loss  |            recall           |             ndcg            |          precision          |          hit_ratio          |
+-------+------------------+----------------+--------+-----------------------------+-----------------------------+-----------------------------+-----------------------------+
|   9   |       112        |       0        | 394.72 | [0.03776, 0.06476, 0.12519] | [0.04334, 0.05308, 0.07545] | [0.03431, 0.02955, 0.02317] | [0.26582, 0.39488, 0.59697] |
+-------+------------------+----------------+--------+-----------------------------+-----------------------------+-----------------------------+-----------------------------+
+-------+------------------+----------------+--------+-----------------------------+-----------------------------+-----------------------------+---------------------------+
| Epoch | training time(s) | tesing time(s) |  Loss  |            recall           |             ndcg            |          precision          |         hit_ratio         |
+-------+------------------+----------------+--------+-----------------------------+-----------------------------+-----------------------------+---------------------------+
|   10  |       112        |       0        | 393.27 | [0.03813, 0.06527, 0.12612] | [0.04374, 0.05357, 0.07609] | [0.03457, 0.02981, 0.02334] | [0.26778, 0.3969, 0.5984] |
+-------+------------------+----------------+--------+-----------------------------+-----------------------------+-----------------------------+---------------------------+
+-------+------------------+----------------+--------+-----------------------------+-----------------------------+-----------------------------+----------------------------+
| Epoch | training time(s) | tesing time(s) |  Loss  |            recall           |             ndcg            |          precision          |         hit_ratio          |
+-------+------------------+----------------+--------+-----------------------------+-----------------------------+-----------------------------+----------------------------+
|   11  |       112        |       0        | 391.99 | [0.03851, 0.06604, 0.12698] | [0.04411, 0.05406, 0.07663] | [0.03492, 0.03009, 0.02351] | [0.2703, 0.39977, 0.60013] |
+-------+------------------+----------------+--------+-----------------------------+-----------------------------+-----------------------------+----------------------------+
+-------+------------------+----------------+--------+-----------------------------+-----------------------------+----------------------------+---------------------------+
| Epoch | training time(s) | tesing time(s) |  Loss  |            recall           |             ndcg            |         precision          |         hit_ratio         |
+-------+------------------+----------------+--------+-----------------------------+-----------------------------+----------------------------+---------------------------+
|   12  |       112        |       0        | 390.54 | [0.03874, 0.06626, 0.12776] | [0.04437, 0.05434, 0.07711] | [0.0351, 0.03023, 0.02364] | [0.27138, 0.40126, 0.602] |
+-------+------------------+----------------+--------+-----------------------------+-----------------------------+----------------------------+---------------------------+
+-------+------------------+----------------+--------+----------------------------+----------------------------+-----------------------------+-----------------------------+
| Epoch | training time(s) | tesing time(s) |  Loss  |           recall           |            ndcg            |          precision          |          hit_ratio          |
+-------+------------------+----------------+--------+----------------------------+----------------------------+-----------------------------+-----------------------------+
|   13  |       113        |       0        | 389.49 | [0.03887, 0.0669, 0.12838] | [0.0446, 0.05474, 0.07752] | [0.03531, 0.03048, 0.02377] | [0.27201, 0.40375, 0.60392] |
+-------+------------------+----------------+--------+----------------------------+----------------------------+-----------------------------+-----------------------------+
+-------+------------------+----------------+--------+----------------------------+----------------------------+-----------------------------+-----------------------------+
| Epoch | training time(s) | tesing time(s) |  Loss  |           recall           |            ndcg            |          precision          |          hit_ratio          |
+-------+------------------+----------------+--------+----------------------------+----------------------------+-----------------------------+-----------------------------+
|   14  |       112        |       0        | 388.26 | [0.03911, 0.06749, 0.1291] | [0.04477, 0.05506, 0.0779] | [0.03548, 0.03067, 0.02389] | [0.27311, 0.40621, 0.60531] |
+-------+------------------+----------------+--------+----------------------------+----------------------------+-----------------------------+-----------------------------+
+-------+------------------+----------------+--------+-----------------------------+-----------------------------+---------------------------+----------------------------+
| Epoch | training time(s) | tesing time(s) |  Loss  |            recall           |             ndcg            |         precision         |         hit_ratio          |
+-------+------------------+----------------+--------+-----------------------------+-----------------------------+---------------------------+----------------------------+
|   15  |       111        |       0        | 387.16 | [0.03926, 0.06789, 0.12992] | [0.04502, 0.05543, 0.07842] | [0.03556, 0.03082, 0.024] | [0.27413, 0.4077, 0.60752] |
+-------+------------------+----------------+--------+-----------------------------+-----------------------------+---------------------------+----------------------------+
+-------+------------------+----------------+--------+-----------------------------+-----------------------------+--------------------------+-----------------------------+
| Epoch | training time(s) | tesing time(s) |  Loss  |            recall           |             ndcg            |        precision         |          hit_ratio          |
+-------+------------------+----------------+--------+-----------------------------+-----------------------------+--------------------------+-----------------------------+
|   16  |       111        |       0        | 386.06 | [0.03957, 0.06827, 0.13061] | [0.04539, 0.05583, 0.07894] | [0.0358, 0.031, 0.02415] | [0.27558, 0.40899, 0.60935] |
+-------+------------------+----------------+--------+-----------------------------+-----------------------------+--------------------------+-----------------------------+
