Namespace(K=1, Ks='[10, 20, 50]', alpha=1.0, batch_size=2048, batch_test_flag=True, beta=0.1, context_hops=3, cuda=True, data_path='data/', dataset='ali', dim=64, edge_dropout=False, edge_dropout_rate=0.1, embedding0=True, epoch=1000, gamma=0.3, gnn='lightgcn', gpu_id=0, l2=0.0001, lr=0.001, mess_dropout=False, mess_dropout_rate=0.1, n_negs=32, ns='mixgcf', out_dir='./weights/', p=-2, pool='mean', save=False, simi='ip', tau=1.0, test_batch_size=2048, test_flag='part', warmup=100, window_length=5)
reading train and test user-item set ...
building the adj mat ...
loading over ...
This is LightGCN.py working...
Sep-20-2024_06-54-17 start training ...
+-------+------------------+----------------+--------+-----------------------------+-----------------------------+-----------------------------+-----------------------------+
| Epoch | training time(s) | tesing time(s) |  Loss  |            recall           |             ndcg            |          precision          |          hit_ratio          |
+-------+------------------+----------------+--------+-----------------------------+-----------------------------+-----------------------------+-----------------------------+
|   0   |        49        |       0        | 247.11 | [0.02448, 0.03822, 0.06814] | [0.01414, 0.01779, 0.02408] | [0.00311, 0.00244, 0.00176] | [0.03038, 0.04678, 0.08263] |
|   0   |        49        |       0        | 247.11 | [0.00176, 0.00345, 0.00877] | [0.00091, 0.00134, 0.00242] |  [0.00019, 0.00019, 0.0002] | [0.00185, 0.00364, 0.00992] |
+-------+------------------+----------------+--------+-----------------------------+-----------------------------+-----------------------------+-----------------------------+
+-------+------------------+----------------+--------+----------------------------+-----------------------------+-----------------------------+-----------------------------+
| Epoch | training time(s) | tesing time(s) |  Loss  |           recall           |             ndcg            |          precision          |          hit_ratio          |
+-------+------------------+----------------+--------+----------------------------+-----------------------------+-----------------------------+-----------------------------+
|   1   |        49        |       0        | 242.82 | [0.03343, 0.05078, 0.0865] |  [0.0188, 0.02339, 0.03085] | [0.00411, 0.00314, 0.00218] | [0.04033, 0.06067, 0.10297] |
|   1   |        49        |       0        | 242.82 | [0.00307, 0.0054, 0.01225] | [0.00154, 0.00214, 0.00353] | [0.00033, 0.00029, 0.00028] | [0.00324, 0.00573, 0.01357] |
+-------+------------------+----------------+--------+----------------------------+-----------------------------+-----------------------------+-----------------------------+
+-------+------------------+----------------+--------+-----------------------------+-----------------------------+-----------------------------+-----------------------------+
| Epoch | training time(s) | tesing time(s) |  Loss  |            recall           |             ndcg            |          precision          |          hit_ratio          |
+-------+------------------+----------------+--------+-----------------------------+-----------------------------+-----------------------------+-----------------------------+
|   2   |        49        |       0        | 238.74 | [0.03811, 0.05767, 0.09641] | [0.02138, 0.02656, 0.03464] |  [0.00463, 0.00353, 0.0024] | [0.04546, 0.06821, 0.11385] |
|   2   |        49        |       0        | 238.74 | [0.00354, 0.00658, 0.01448] | [0.00177, 0.00255, 0.00414] | [0.00038, 0.00035, 0.00032] | [0.00372, 0.00697, 0.01584] |
+-------+------------------+----------------+--------+-----------------------------+-----------------------------+-----------------------------+-----------------------------+
+-------+------------------+----------------+--------+-----------------------------+-----------------------------+-----------------------------+-----------------------------+
| Epoch | training time(s) | tesing time(s) |  Loss  |            recall           |             ndcg            |          precision          |          hit_ratio          |
+-------+------------------+----------------+--------+-----------------------------+-----------------------------+-----------------------------+-----------------------------+
|   3   |        48        |       0        | 234.24 | [0.04099, 0.06204, 0.10132] | [0.02312, 0.02866, 0.03683] | [0.00494, 0.00377, 0.00251] | [0.04858, 0.07309, 0.11913] |
|   3   |        48        |       0        | 234.24 | [0.00408, 0.00711, 0.01576] | [0.00199, 0.00276, 0.00449] | [0.00043, 0.00038, 0.00035] | [0.00427, 0.00749, 0.01714] |
+-------+------------------+----------------+--------+-----------------------------+-----------------------------+-----------------------------+-----------------------------+
+-------+------------------+----------------+--------+-----------------------------+-----------------------------+-----------------------------+-----------------------------+
| Epoch | training time(s) | tesing time(s) |  Loss  |            recall           |             ndcg            |          precision          |          hit_ratio          |
+-------+------------------+----------------+--------+-----------------------------+-----------------------------+-----------------------------+-----------------------------+
|   4   |        49        |       0        | 229.09 | [0.04296, 0.06497, 0.10393] | [0.02434, 0.03013, 0.03825] | [0.00516, 0.00393, 0.00256] | [0.05067, 0.07631, 0.12193] |
|   4   |        49        |       0        | 229.09 |  [0.0044, 0.00768, 0.01681] |  [0.00217, 0.003, 0.00483]  | [0.00046, 0.00041, 0.00037] | [0.00458, 0.00811, 0.01819] |
+-------+------------------+----------------+--------+-----------------------------+-----------------------------+-----------------------------+-----------------------------+
+-------+------------------+----------------+--------+----------------------------+-----------------------------+-----------------------------+-----------------------------+
| Epoch | training time(s) | tesing time(s) |  Loss  |           recall           |             ndcg            |          precision          |          hit_ratio          |
+-------+------------------+----------------+--------+----------------------------+-----------------------------+-----------------------------+-----------------------------+
|   5   |        49        |       0        | 223.31 | [0.0443, 0.06715, 0.10633] | [0.02506, 0.03109, 0.03926] | [0.00529, 0.00404, 0.00262] | [0.05198, 0.07859, 0.12448] |
|   5   |        49        |       0        | 223.31 | [0.0046, 0.00813, 0.01769] | [0.00226, 0.00316, 0.00507] | [0.00048, 0.00044, 0.00039] |  [0.00479, 0.0086, 0.01906] |
+-------+------------------+----------------+--------+----------------------------+-----------------------------+-----------------------------+-----------------------------+
+-------+------------------+----------------+--------+-----------------------------+-----------------------------+-----------------------------+-----------------------------+
| Epoch | training time(s) | tesing time(s) |  Loss  |            recall           |             ndcg            |          precision          |          hit_ratio          |
+-------+------------------+----------------+--------+-----------------------------+-----------------------------+-----------------------------+-----------------------------+
|   6   |        67        |       1        | 217.08 | [0.04586, 0.06868, 0.10891] | [0.02594, 0.03197, 0.04035] | [0.00546, 0.00413, 0.00268] |  [0.05373, 0.08028, 0.1275] |
|   6   |        67        |       1        | 217.08 | [0.00504, 0.00866, 0.01849] | [0.00246, 0.00338, 0.00535] |  [0.00053, 0.00046, 0.0004] | [0.00526, 0.00916, 0.01996] |
+-------+------------------+----------------+--------+-----------------------------+-----------------------------+-----------------------------+-----------------------------+
+-------+------------------+----------------+-------+-----------------------------+-----------------------------+-----------------------------+-----------------------------+
| Epoch | training time(s) | tesing time(s) |  Loss |            recall           |             ndcg            |          precision          |          hit_ratio          |
+-------+------------------+----------------+-------+-----------------------------+-----------------------------+-----------------------------+-----------------------------+
|   7   |        69        |       1        | 210.4 | [0.04738, 0.06983, 0.11056] | [0.02661, 0.03254, 0.04103] | [0.00562, 0.00418, 0.00271] | [0.05528, 0.08137, 0.12931] |
|   7   |        69        |       1        | 210.4 | [0.00526, 0.00902, 0.01918] | [0.00257, 0.00354, 0.00557] | [0.00055, 0.00048, 0.00042] |  [0.0055, 0.00953, 0.0207]  |
+-------+------------------+----------------+-------+-----------------------------+-----------------------------+-----------------------------+-----------------------------+
+-------+------------------+----------------+--------+-----------------------------+-----------------------------+----------------------------+-----------------------------+
| Epoch | training time(s) | tesing time(s) |  Loss  |            recall           |             ndcg            |         precision          |          hit_ratio          |
+-------+------------------+----------------+--------+-----------------------------+-----------------------------+----------------------------+-----------------------------+
|   8   |        70        |       1        | 203.69 | [0.04823, 0.07062, 0.11168] | [0.02712, 0.03304, 0.04161] | [0.0057, 0.00423, 0.00273] |  [0.05605, 0.0823, 0.13038] |
|   8   |        70        |       1        | 203.69 | [0.00561, 0.00941, 0.01993] | [0.00271, 0.00368, 0.00579] | [0.00059, 0.0005, 0.00044] | [0.00585, 0.00992, 0.02152] |
+-------+------------------+----------------+--------+-----------------------------+-----------------------------+----------------------------+-----------------------------+
+-------+------------------+----------------+--------+-----------------------------+-----------------------------+-----------------------------+-----------------------------+
| Epoch | training time(s) | tesing time(s) |  Loss  |            recall           |             ndcg            |          precision          |          hit_ratio          |
+-------+------------------+----------------+--------+-----------------------------+-----------------------------+-----------------------------+-----------------------------+
|   9   |        69        |       1        | 196.82 | [0.04888, 0.07169, 0.11282] | [0.02752, 0.03356, 0.04214] | [0.00576, 0.00429, 0.00276] | [0.05666, 0.08343, 0.13153] |
|   9   |        69        |       1        | 196.82 | [0.00567, 0.00968, 0.02053] | [0.00274, 0.00377, 0.00595] | [0.00059, 0.00052, 0.00045] |  [0.0059, 0.01024, 0.02211] |
+-------+------------------+----------------+--------+-----------------------------+-----------------------------+-----------------------------+-----------------------------+
+-------+------------------+----------------+--------+-----------------------------+-----------------------------+-----------------------------+----------------------------+
| Epoch | training time(s) | tesing time(s) |  Loss  |            recall           |             ndcg            |          precision          |         hit_ratio          |
+-------+------------------+----------------+--------+-----------------------------+-----------------------------+-----------------------------+----------------------------+
|   10  |        70        |       1        | 189.82 | [0.04995, 0.07222, 0.11432] | [0.02797, 0.03385, 0.04264] | [0.00587, 0.00431, 0.00279] | [0.05775, 0.08388, 0.1332] |
|   10  |        70        |       1        | 189.82 | [0.00592, 0.01008, 0.02119] | [0.00286, 0.00393, 0.00615] | [0.00062, 0.00054, 0.00046] | [0.00619, 0.01064, 0.0228] |
+-------+------------------+----------------+--------+-----------------------------+-----------------------------+-----------------------------+----------------------------+
+-------+------------------+----------------+--------+----------------------------+-----------------------------+-----------------------------+-----------------------------+
| Epoch | training time(s) | tesing time(s) |  Loss  |           recall           |             ndcg            |          precision          |          hit_ratio          |
+-------+------------------+----------------+--------+----------------------------+-----------------------------+-----------------------------+-----------------------------+
|   11  |        71        |       1        | 182.86 | [0.0509, 0.07259, 0.11459] | [0.02846, 0.03419, 0.04297] | [0.00598, 0.00433, 0.00279] | [0.05884, 0.08436, 0.13325] |
|   11  |        71        |       1        | 182.86 | [0.00615, 0.01036, 0.0219] | [0.00296, 0.00404, 0.00636] | [0.00065, 0.00055, 0.00048] | [0.00644, 0.01095, 0.02357] |
+-------+------------------+----------------+--------+----------------------------+-----------------------------+-----------------------------+-----------------------------+
+-------+------------------+----------------+--------+-----------------------------+-----------------------------+-----------------------------+-----------------------------+
| Epoch | training time(s) | tesing time(s) |  Loss  |            recall           |             ndcg            |          precision          |          hit_ratio          |
+-------+------------------+----------------+--------+-----------------------------+-----------------------------+-----------------------------+-----------------------------+
|   12  |        70        |       1        | 176.06 | [0.05142, 0.07313, 0.11524] | [0.02877, 0.03452, 0.04332] | [0.00603, 0.00436, 0.00281] | [0.05929, 0.08491, 0.13401] |
|   12  |        70        |       1        | 176.06 | [0.00638, 0.01081, 0.02236] | [0.00306, 0.00419, 0.00651] | [0.00067, 0.00058, 0.00049] | [0.00669, 0.01144, 0.02409] |
+-------+------------------+----------------+--------+-----------------------------+-----------------------------+-----------------------------+-----------------------------+
+-------+------------------+----------------+--------+-----------------------------+-----------------------------+-----------------------------+-----------------------------+
| Epoch | training time(s) | tesing time(s) |  Loss  |            recall           |             ndcg            |          precision          |          hit_ratio          |
+-------+------------------+----------------+--------+-----------------------------+-----------------------------+-----------------------------+-----------------------------+
|   13  |        72        |       1        | 169.32 |  [0.05159, 0.074, 0.11555]  | [0.02898, 0.03491, 0.04358] | [0.00605, 0.00441, 0.00281] | [0.05951, 0.08578, 0.13423] |
|   13  |        72        |       1        | 169.32 | [0.00658, 0.01111, 0.02285] | [0.00314, 0.00429, 0.00666] |  [0.00069, 0.00059, 0.0005] |  [0.0069, 0.01173, 0.02459] |
+-------+------------------+----------------+--------+-----------------------------+-----------------------------+-----------------------------+-----------------------------+
+-------+------------------+----------------+--------+-----------------------------+-----------------------------+-----------------------------+-----------------------------+
| Epoch | training time(s) | tesing time(s) |  Loss  |            recall           |             ndcg            |          precision          |          hit_ratio          |
+-------+------------------+----------------+--------+-----------------------------+-----------------------------+-----------------------------+-----------------------------+
|   14  |        70        |       1        | 162.59 | [0.05182, 0.07462, 0.11542] | [0.02922, 0.03524, 0.04377] | [0.00609, 0.00444, 0.00281] |  [0.05986, 0.0865, 0.13411] |
|   14  |        70        |       1        | 162.59 | [0.00671, 0.01166, 0.02341] |  [0.00324, 0.0045, 0.00685] | [0.00071, 0.00062, 0.00051] | [0.00705, 0.01234, 0.02518] |
+-------+------------------+----------------+--------+-----------------------------+-----------------------------+-----------------------------+-----------------------------+
+-------+------------------+----------------+--------+-----------------------------+-----------------------------+-----------------------------+-----------------------------+
| Epoch | training time(s) | tesing time(s) |  Loss  |            recall           |             ndcg            |          precision          |          hit_ratio          |
+-------+------------------+----------------+--------+-----------------------------+-----------------------------+-----------------------------+-----------------------------+
|   15  |        71        |       1        | 156.05 | [0.05233, 0.07466, 0.11558] | [0.02943, 0.03532, 0.04388] | [0.00614, 0.00444, 0.00281] |  [0.06035, 0.08643, 0.1342] |
|   15  |        71        |       1        | 156.05 | [0.00676, 0.01187, 0.02386] | [0.00328, 0.00458, 0.00699] | [0.00071, 0.00063, 0.00052] | [0.00709, 0.01258, 0.02562] |
+-------+------------------+----------------+--------+-----------------------------+-----------------------------+-----------------------------+-----------------------------+
+-------+------------------+----------------+--------+-----------------------------+-----------------------------+-----------------------------+-----------------------------+
| Epoch | training time(s) | tesing time(s) |  Loss  |            recall           |             ndcg            |          precision          |          hit_ratio          |
+-------+------------------+----------------+--------+-----------------------------+-----------------------------+-----------------------------+-----------------------------+
|   16  |        72        |       1        | 149.71 | [0.05269, 0.07512, 0.11601] | [0.02967, 0.03557, 0.04411] | [0.00618, 0.00446, 0.00282] | [0.06078, 0.08685, 0.13474] |
|   16  |        72        |       1        | 149.71 |  [0.00693, 0.0123, 0.02457] | [0.00337, 0.00474, 0.00719] | [0.00073, 0.00066, 0.00053] | [0.00726, 0.01303, 0.02641] |
+-------+------------------+----------------+--------+-----------------------------+-----------------------------+-----------------------------+-----------------------------+
+-------+------------------+----------------+-------+-----------------------------+-----------------------------+-----------------------------+-----------------------------+
| Epoch | training time(s) | tesing time(s) |  Loss |            recall           |             ndcg            |          precision          |          hit_ratio          |
+-------+------------------+----------------+-------+-----------------------------+-----------------------------+-----------------------------+-----------------------------+
|   17  |        71        |       1        | 143.7 | [0.05258, 0.07582, 0.11642] | [0.02967, 0.03576, 0.04423] |  [0.00617, 0.0045, 0.00282] | [0.06061, 0.08765, 0.13504] |
|   17  |        71        |       1        | 143.7 | [0.00693, 0.01248, 0.02475] |  [0.00341, 0.00484, 0.0073] | [0.00073, 0.00067, 0.00054] | [0.00726, 0.01324, 0.02664] |
+-------+------------------+----------------+-------+-----------------------------+-----------------------------+-----------------------------+-----------------------------+
+-------+------------------+----------------+--------+-----------------------------+-----------------------------+-----------------------------+-----------------------------+
| Epoch | training time(s) | tesing time(s) |  Loss  |            recall           |             ndcg            |          precision          |          hit_ratio          |
+-------+------------------+----------------+--------+-----------------------------+-----------------------------+-----------------------------+-----------------------------+
|   18  |        70        |       1        | 137.69 | [0.05268, 0.07576, 0.11606] |  [0.0297, 0.03575, 0.04417] |  [0.00617, 0.0045, 0.00282] | [0.06067, 0.08757, 0.13455] |
|   18  |        70        |       1        | 137.69 | [0.00732, 0.01277, 0.02517] | [0.00359, 0.00498, 0.00747] | [0.00077, 0.00068, 0.00055] | [0.00768, 0.01354, 0.02713] |
+-------+------------------+----------------+--------+-----------------------------+-----------------------------+-----------------------------+-----------------------------+
+-------+------------------+----------------+--------+-----------------------------+-----------------------------+-----------------------------+-----------------------------+
| Epoch | training time(s) | tesing time(s) |  Loss  |            recall           |             ndcg            |          precision          |          hit_ratio          |
+-------+------------------+----------------+--------+-----------------------------+-----------------------------+-----------------------------+-----------------------------+
|   19  |        72        |       1        | 131.77 | [0.05244, 0.07564, 0.11585] |  [0.0297, 0.03579, 0.0442]  | [0.00615, 0.00449, 0.00281] | [0.06038, 0.08736, 0.13404] |
|   19  |        72        |       1        | 131.77 | [0.00733, 0.01305, 0.02552] | [0.00361, 0.00507, 0.00756] |  [0.00077, 0.0007, 0.00056] | [0.00765, 0.01388, 0.02741] |
+-------+------------------+----------------+--------+-----------------------------+-----------------------------+-----------------------------+-----------------------------+
+-------+------------------+----------------+--------+-----------------------------+-----------------------------+-----------------------------+-----------------------------+
| Epoch | training time(s) | tesing time(s) |  Loss  |            recall           |             ndcg            |          precision          |          hit_ratio          |
+-------+------------------+----------------+--------+-----------------------------+-----------------------------+-----------------------------+-----------------------------+
|   20  |        71        |       1        | 126.36 | [0.05233, 0.07568, 0.11561] | [0.02971, 0.03584, 0.04419] |  [0.00613, 0.00448, 0.0028] | [0.06023, 0.08735, 0.13362] |
|   20  |        71        |       1        | 126.36 |  [0.00752, 0.0132, 0.02562] |  [0.0037, 0.00515, 0.00764] | [0.00079, 0.00071, 0.00056] | [0.00788, 0.01401, 0.02754] |
+-------+------------------+----------------+--------+-----------------------------+-----------------------------+-----------------------------+-----------------------------+
+-------+------------------+----------------+--------+-----------------------------+-----------------------------+-----------------------------+-----------------------------+
| Epoch | training time(s) | tesing time(s) |  Loss  |            recall           |             ndcg            |          precision          |          hit_ratio          |
+-------+------------------+----------------+--------+-----------------------------+-----------------------------+-----------------------------+-----------------------------+
|   21  |        71        |       1        | 120.97 |  [0.05226, 0.07546, 0.1155] | [0.02971, 0.03581, 0.04418] |  [0.00613, 0.00447, 0.0028] |  [0.0602, 0.08701, 0.13345] |
|   21  |        71        |       1        | 120.97 | [0.00767, 0.01333, 0.02618] | [0.00376, 0.00521, 0.00778] | [0.00081, 0.00071, 0.00057] | [0.00805, 0.01416, 0.02814] |
+-------+------------------+----------------+--------+-----------------------------+-----------------------------+-----------------------------+-----------------------------+
+-------+------------------+----------------+--------+-----------------------------+-----------------------------+-----------------------------+-----------------------------+
| Epoch | training time(s) | tesing time(s) |  Loss  |            recall           |             ndcg            |          precision          |          hit_ratio          |
+-------+------------------+----------------+--------+-----------------------------+-----------------------------+-----------------------------+-----------------------------+
|   22  |        71        |       1        | 115.86 |  [0.05235, 0.0758, 0.11541] | [0.02967, 0.03583, 0.04409] | [0.00614, 0.00449, 0.00279] | [0.06026, 0.08739, 0.13322] |
|   22  |        71        |       1        | 115.86 | [0.00765, 0.01353, 0.02648] | [0.00379, 0.00529, 0.00789] |  [0.0008, 0.00072, 0.00058] |  [0.00802, 0.01435, 0.0285] |
+-------+------------------+----------------+--------+-----------------------------+-----------------------------+-----------------------------+-----------------------------+
+-------+------------------+----------------+--------+-----------------------------+-----------------------------+-----------------------------+-----------------------------+
| Epoch | training time(s) | tesing time(s) |  Loss  |            recall           |             ndcg            |          precision          |          hit_ratio          |
+-------+------------------+----------------+--------+-----------------------------+-----------------------------+-----------------------------+-----------------------------+
|   23  |        71        |       1        | 110.97 | [0.05212, 0.07549, 0.11501] | [0.02956, 0.03571, 0.04396] | [0.00609, 0.00447, 0.00278] | [0.05986, 0.08709, 0.13281] |
|   23  |        71        |       1        | 110.97 | [0.00784, 0.01366, 0.02676] | [0.00387, 0.00536, 0.00799] | [0.00083, 0.00073, 0.00058] | [0.00825, 0.01448, 0.02877] |
+-------+------------------+----------------+--------+-----------------------------+-----------------------------+-----------------------------+-----------------------------+
+-------+------------------+----------------+--------+-----------------------------+-----------------------------+-----------------------------+-----------------------------+
| Epoch | training time(s) | tesing time(s) |  Loss  |            recall           |             ndcg            |          precision          |          hit_ratio          |
+-------+------------------+----------------+--------+-----------------------------+-----------------------------+-----------------------------+-----------------------------+
|   24  |        72        |       1        | 106.26 |  [0.05211, 0.07519, 0.1149] | [0.02957, 0.03564, 0.04392] | [0.00608, 0.00445, 0.00278] |  [0.05981, 0.0867, 0.13265] |
|   24  |        72        |       1        | 106.26 | [0.00793, 0.01379, 0.02709] | [0.00391, 0.00541, 0.00808] | [0.00084, 0.00074, 0.00059] | [0.00833, 0.01461, 0.02914] |
+-------+------------------+----------------+--------+-----------------------------+-----------------------------+-----------------------------+-----------------------------+
+-------+------------------+----------------+--------+-----------------------------+-----------------------------+-----------------------------+-----------------------------+
| Epoch | training time(s) | tesing time(s) |  Loss  |            recall           |             ndcg            |          precision          |          hit_ratio          |
+-------+------------------+----------------+--------+-----------------------------+-----------------------------+-----------------------------+-----------------------------+
|   25  |        70        |       1        | 101.69 | [0.05211, 0.07501, 0.11426] | [0.02954, 0.03555, 0.04374] | [0.00608, 0.00444, 0.00276] | [0.05986, 0.08643, 0.13189] |
|   25  |        70        |       1        | 101.69 | [0.00816, 0.01397, 0.02742] | [0.00401, 0.00549, 0.00819] |  [0.00086, 0.00074, 0.0006] | [0.00859, 0.01481, 0.02955] |
+-------+------------------+----------------+--------+-----------------------------+-----------------------------+-----------------------------+-----------------------------+
+-------+------------------+----------------+-------+-----------------------------+-----------------------------+-----------------------------+-----------------------------+
| Epoch | training time(s) | tesing time(s) |  Loss |            recall           |             ndcg            |          precision          |          hit_ratio          |
+-------+------------------+----------------+-------+-----------------------------+-----------------------------+-----------------------------+-----------------------------+
|   26  |        71        |       1        | 97.32 | [0.05203, 0.07496, 0.11379] | [0.02956, 0.03559, 0.04369] | [0.00607, 0.00443, 0.00274] | [0.05965, 0.08622, 0.13127] |
|   26  |        71        |       1        | 97.32 | [0.00847, 0.01414, 0.02767] | [0.00411, 0.00555, 0.00826] |  [0.00089, 0.00075, 0.0006] |  [0.0089, 0.01497, 0.02983] |
+-------+------------------+----------------+-------+-----------------------------+-----------------------------+-----------------------------+-----------------------------+
+-------+------------------+----------------+-------+-----------------------------+-----------------------------+-----------------------------+-----------------------------+
| Epoch | training time(s) | tesing time(s) |  Loss |            recall           |             ndcg            |          precision          |          hit_ratio          |
+-------+------------------+----------------+-------+-----------------------------+-----------------------------+-----------------------------+-----------------------------+
|   27  |        72        |       1        | 93.26 | [0.05187, 0.07471, 0.11312] | [0.02956, 0.03557, 0.04358] | [0.00606, 0.00442, 0.00273] |  [0.05957, 0.08596, 0.1304] |
|   27  |        72        |       1        | 93.26 |  [0.0084, 0.01412, 0.02761] | [0.00411, 0.00558, 0.00829] |  [0.00089, 0.00075, 0.0006] | [0.00882, 0.01492, 0.02976] |
+-------+------------------+----------------+-------+-----------------------------+-----------------------------+-----------------------------+-----------------------------+
+-------+------------------+----------------+------+-----------------------------+-----------------------------+-----------------------------+-----------------------------+
| Epoch | training time(s) | tesing time(s) | Loss |            recall           |             ndcg            |          precision          |          hit_ratio          |
+-------+------------------+----------------+------+-----------------------------+-----------------------------+-----------------------------+-----------------------------+
|   28  |        72        |       1        | 89.4 |  [0.05159, 0.07464, 0.1128] | [0.02953, 0.03559, 0.04354] | [0.00602, 0.00441, 0.00272] |   [0.05924, 0.08594, 0.13]  |
|   28  |        72        |       1        | 89.4 | [0.00837, 0.01432, 0.02786] | [0.00412, 0.00564, 0.00836] | [0.00088, 0.00076, 0.00061] | [0.00879, 0.01512, 0.03012] |
+-------+------------------+----------------+------+-----------------------------+-----------------------------+-----------------------------+-----------------------------+
+-------+------------------+----------------+-------+-----------------------------+-----------------------------+----------------------------+-----------------------------+
| Epoch | training time(s) | tesing time(s) |  Loss |            recall           |             ndcg            |         precision          |          hit_ratio          |
+-------+------------------+----------------+-------+-----------------------------+-----------------------------+----------------------------+-----------------------------+
|   29  |        71        |       1        | 85.68 | [0.05158, 0.07441, 0.11196] | [0.02948, 0.03549, 0.04332] | [0.00601, 0.0044, 0.0027]  | [0.05911, 0.08564, 0.12907] |
|   29  |        71        |       1        | 85.68 | [0.00849, 0.01423, 0.02792] | [0.00419, 0.00565, 0.00841] | [0.0009, 0.00075, 0.00061] | [0.00893, 0.01501, 0.03026] |
+-------+------------------+----------------+-------+-----------------------------+-----------------------------+----------------------------+-----------------------------+
+-------+------------------+----------------+-------+-----------------------------+-----------------------------+----------------------------+-----------------------------+
| Epoch | training time(s) | tesing time(s) |  Loss |            recall           |             ndcg            |         precision          |          hit_ratio          |
+-------+------------------+----------------+-------+-----------------------------+-----------------------------+----------------------------+-----------------------------+
|   30  |        71        |       1        | 82.04 |  [0.05149, 0.0742, 0.11171] | [0.02946, 0.03544, 0.04326] | [0.006, 0.00439, 0.00269]  | [0.05904, 0.08539, 0.12869] |
|   30  |        71        |       1        | 82.04 | [0.00857, 0.01441, 0.02802] |  [0.0042, 0.00569, 0.00844] | [0.0009, 0.00076, 0.00062] |  [0.009, 0.01519, 0.03034]  |
+-------+------------------+----------------+-------+-----------------------------+-----------------------------+----------------------------+-----------------------------+
+-------+------------------+----------------+-------+----------------------------+-----------------------------+-----------------------------+-----------------------------+
| Epoch | training time(s) | tesing time(s) |  Loss |           recall           |             ndcg            |          precision          |          hit_ratio          |
+-------+------------------+----------------+-------+----------------------------+-----------------------------+-----------------------------+-----------------------------+
|   31  |        70        |       1        | 78.68 | [0.0513, 0.07385, 0.11128] | [0.02935, 0.03529, 0.04308] | [0.00598, 0.00437, 0.00268] | [0.05877, 0.08494, 0.12821] |
|   31  |        70        |       1        | 78.68 | [0.00864, 0.01435, 0.0279] | [0.00423, 0.00568, 0.00842] | [0.00091, 0.00076, 0.00061] | [0.00907, 0.01516, 0.03022] |
+-------+------------------+----------------+-------+----------------------------+-----------------------------+-----------------------------+-----------------------------+
+-------+------------------+----------------+-------+-----------------------------+-----------------------------+-----------------------------+-----------------------------+
| Epoch | training time(s) | tesing time(s) |  Loss |            recall           |             ndcg            |          precision          |          hit_ratio          |
+-------+------------------+----------------+-------+-----------------------------+-----------------------------+-----------------------------+-----------------------------+
|   32  |        71        |       1        | 75.51 | [0.05122, 0.07357, 0.11072] |  [0.02927, 0.03515, 0.0429] | [0.00596, 0.00434, 0.00267] | [0.05862, 0.08448, 0.12756] |
|   32  |        71        |       1        | 75.51 | [0.00876, 0.01451, 0.02813] | [0.00427, 0.00573, 0.00848] | [0.00092, 0.00077, 0.00062] | [0.00919, 0.01531, 0.03048] |
+-------+------------------+----------------+-------+-----------------------------+-----------------------------+-----------------------------+-----------------------------+
+-------+------------------+----------------+-------+-----------------------------+-----------------------------+-----------------------------+-----------------------------+
| Epoch | training time(s) | tesing time(s) |  Loss |            recall           |             ndcg            |          precision          |          hit_ratio          |
+-------+------------------+----------------+-------+-----------------------------+-----------------------------+-----------------------------+-----------------------------+
|   33  |        71        |       1        | 72.49 | [0.05096, 0.07348, 0.11039] | [0.02921, 0.03513, 0.04282] | [0.00594, 0.00434, 0.00266] | [0.05844, 0.08437, 0.12705] |
|   33  |        71        |       1        | 72.49 | [0.00881, 0.01458, 0.02813] | [0.00429, 0.00575, 0.00849] | [0.00093, 0.00077, 0.00062] | [0.00924, 0.01538, 0.03047] |
+-------+------------------+----------------+-------+-----------------------------+-----------------------------+-----------------------------+-----------------------------+
+-------+------------------+----------------+-------+-----------------------------+-----------------------------+-----------------------------+-----------------------------+
| Epoch | training time(s) | tesing time(s) |  Loss |            recall           |             ndcg            |          precision          |          hit_ratio          |
+-------+------------------+----------------+-------+-----------------------------+-----------------------------+-----------------------------+-----------------------------+
|   34  |        71        |       1        | 69.77 | [0.05082, 0.07317, 0.10977] |  [0.0292, 0.03507, 0.04269] | [0.00593, 0.00432, 0.00264] |  [0.05828, 0.084, 0.12623]  |
|   34  |        71        |       1        | 69.77 | [0.00879, 0.01459, 0.02844] | [0.00428, 0.00576, 0.00855] | [0.00093, 0.00078, 0.00062] | [0.00922, 0.01543, 0.03075] |
+-------+------------------+----------------+-------+-----------------------------+-----------------------------+-----------------------------+-----------------------------+
+-------+------------------+----------------+-------+-----------------------------+-----------------------------+-----------------------------+-----------------------------+
| Epoch | training time(s) | tesing time(s) |  Loss |            recall           |             ndcg            |          precision          |          hit_ratio          |
+-------+------------------+----------------+-------+-----------------------------+-----------------------------+-----------------------------+-----------------------------+
|   35  |        71        |       1        | 66.92 | [0.05058, 0.07278, 0.10929] | [0.02905, 0.03489, 0.04249] | [0.00589, 0.00429, 0.00263] |  [0.05799, 0.0835, 0.12559] |
|   35  |        71        |       1        | 66.92 | [0.00884, 0.01471, 0.02841] |  [0.00431, 0.0058, 0.00857] | [0.00093, 0.00078, 0.00062] | [0.00925, 0.01555, 0.03074] |
+-------+------------------+----------------+-------+-----------------------------+-----------------------------+-----------------------------+-----------------------------+
+-------+------------------+----------------+-------+-----------------------------+-----------------------------+-----------------------------+-----------------------------+
| Epoch | training time(s) | tesing time(s) |  Loss |            recall           |             ndcg            |          precision          |          hit_ratio          |
+-------+------------------+----------------+-------+-----------------------------+-----------------------------+-----------------------------+-----------------------------+
|   36  |        72        |       1        | 64.24 |  [0.05044, 0.0726, 0.10888] | [0.02897, 0.03481, 0.04236] | [0.00588, 0.00428, 0.00262] | [0.05782, 0.08328, 0.12513] |
|   36  |        72        |       1        | 64.24 | [0.00883, 0.01462, 0.02864] |  [0.0043, 0.00578, 0.0086]  | [0.00093, 0.00078, 0.00063] | [0.00927, 0.01547, 0.03106] |
+-------+------------------+----------------+-------+-----------------------------+-----------------------------+-----------------------------+-----------------------------+
+-------+------------------+----------------+-------+-----------------------------+----------------------------+-----------------------------+-----------------------------+
| Epoch | training time(s) | tesing time(s) |  Loss |            recall           |            ndcg            |          precision          |          hit_ratio          |
+-------+------------------+----------------+-------+-----------------------------+----------------------------+-----------------------------+-----------------------------+
|   37  |        72        |       1        | 61.96 | [0.05044, 0.07236, 0.10852] | [0.02893, 0.0347, 0.04222] | [0.00588, 0.00427, 0.00261] | [0.05777, 0.08306, 0.12468] |
|   37  |        72        |       1        | 61.96 | [0.00881, 0.01451, 0.02855] | [0.0043, 0.00576, 0.0086]  | [0.00093, 0.00077, 0.00063] | [0.00924, 0.01537, 0.03093] |
+-------+------------------+----------------+-------+-----------------------------+----------------------------+-----------------------------+-----------------------------+
+-------+------------------+----------------+-------+-----------------------------+-----------------------------+-----------------------------+-----------------------------+
| Epoch | training time(s) | tesing time(s) |  Loss |            recall           |             ndcg            |          precision          |          hit_ratio          |
+-------+------------------+----------------+-------+-----------------------------+-----------------------------+-----------------------------+-----------------------------+
|   38  |        71        |       1        | 59.64 |  [0.05033, 0.07185, 0.1078] |  [0.02884, 0.03451, 0.042]  |  [0.00586, 0.00424, 0.0026] | [0.05762, 0.08248, 0.12389] |
|   38  |        71        |       1        | 59.64 | [0.00883, 0.01457, 0.02839] | [0.00431, 0.00577, 0.00857] | [0.00093, 0.00077, 0.00063] |  [0.00927, 0.0154, 0.0308]  |
+-------+------------------+----------------+-------+-----------------------------+-----------------------------+-----------------------------+-----------------------------+
+-------+------------------+----------------+-------+-----------------------------+-----------------------------+-----------------------------+-----------------------------+
| Epoch | training time(s) | tesing time(s) |  Loss |            recall           |             ndcg            |          precision          |          hit_ratio          |
+-------+------------------+----------------+-------+-----------------------------+-----------------------------+-----------------------------+-----------------------------+
|   39  |        72        |       1        | 57.31 |  [0.04991, 0.0717, 0.10732] | [0.02862, 0.03435, 0.04176] | [0.00581, 0.00423, 0.00258] | [0.05707, 0.08228, 0.12331] |
|   39  |        72        |       1        | 57.31 | [0.00885, 0.01466, 0.02828] | [0.00434, 0.00583, 0.00858] | [0.00093, 0.00078, 0.00062] | [0.00928, 0.01553, 0.03066] |
+-------+------------------+----------------+-------+-----------------------------+-----------------------------+-----------------------------+-----------------------------+
+-------+------------------+----------------+-------+-----------------------------+-----------------------------+-----------------------------+-----------------------------+
| Epoch | training time(s) | tesing time(s) |  Loss |            recall           |             ndcg            |          precision          |          hit_ratio          |
+-------+------------------+----------------+-------+-----------------------------+-----------------------------+-----------------------------+-----------------------------+
|   40  |        71        |       1        | 55.34 | [0.04962, 0.07106, 0.10686] | [0.02847, 0.03412, 0.04157] | [0.00578, 0.00419, 0.00257] | [0.05678, 0.08159, 0.12276] |
|   40  |        71        |       1        | 55.34 | [0.00884, 0.01474, 0.02842] |  [0.00432, 0.00583, 0.0086] | [0.00093, 0.00078, 0.00063] |  [0.00928, 0.0156, 0.03085] |
+-------+------------------+----------------+-------+-----------------------------+-----------------------------+-----------------------------+-----------------------------+
+-------+------------------+----------------+-------+-----------------------------+-----------------------------+-----------------------------+-----------------------------+
| Epoch | training time(s) | tesing time(s) |  Loss |            recall           |             ndcg            |          precision          |          hit_ratio          |
+-------+------------------+----------------+-------+-----------------------------+-----------------------------+-----------------------------+-----------------------------+
|   41  |        71        |       1        | 53.32 | [0.04968, 0.07092, 0.10628] |  [0.02841, 0.034, 0.04137]  | [0.00577, 0.00418, 0.00256] | [0.05674, 0.08134, 0.12214] |
|   41  |        71        |       1        | 53.32 | [0.00879, 0.01474, 0.02854] | [0.00433, 0.00585, 0.00865] | [0.00093, 0.00078, 0.00063] |  [0.00922, 0.0156, 0.03099] |
+-------+------------------+----------------+-------+-----------------------------+-----------------------------+-----------------------------+-----------------------------+
+-------+------------------+----------------+-------+-----------------------------+-----------------------------+-----------------------------+-----------------------------+
| Epoch | training time(s) | tesing time(s) |  Loss |            recall           |             ndcg            |          precision          |          hit_ratio          |
+-------+------------------+----------------+-------+-----------------------------+-----------------------------+-----------------------------+-----------------------------+
|   42  |        72        |       1        | 51.42 | [0.04974, 0.07058, 0.10538] | [0.02844, 0.03391, 0.04118] | [0.00578, 0.00416, 0.00254] | [0.05682, 0.08097, 0.12116] |
|   42  |        72        |       1        | 51.42 | [0.00889, 0.01486, 0.02851] |  [0.00438, 0.0059, 0.00866] | [0.00094, 0.00079, 0.00063] | [0.00932, 0.01572, 0.03094] |
+-------+------------------+----------------+-------+-----------------------------+-----------------------------+-----------------------------+-----------------------------+
+-------+------------------+----------------+-------+-----------------------------+-----------------------------+-----------------------------+-----------------------------+
| Epoch | training time(s) | tesing time(s) |  Loss |            recall           |             ndcg            |          precision          |          hit_ratio          |
+-------+------------------+----------------+-------+-----------------------------+-----------------------------+-----------------------------+-----------------------------+
|   43  |        71        |       1        | 49.58 | [0.04925, 0.07006, 0.10509] | [0.02825, 0.03373, 0.04104] | [0.00573, 0.00413, 0.00253] |  [0.05631, 0.08044, 0.1207] |
|   43  |        71        |       1        | 49.58 | [0.00894, 0.01478, 0.02867] | [0.00438, 0.00587, 0.00868] | [0.00094, 0.00079, 0.00063] | [0.00938, 0.01563, 0.03116] |
+-------+------------------+----------------+-------+-----------------------------+-----------------------------+-----------------------------+-----------------------------+
+-------+------------------+----------------+-------+-----------------------------+-----------------------------+-----------------------------+-----------------------------+
| Epoch | training time(s) | tesing time(s) |  Loss |            recall           |             ndcg            |          precision          |          hit_ratio          |
+-------+------------------+----------------+-------+-----------------------------+-----------------------------+-----------------------------+-----------------------------+
|   44  |        71        |       1        | 47.87 | [0.04923, 0.06972, 0.10458] | [0.02814, 0.03353, 0.04081] | [0.00573, 0.00411, 0.00252] | [0.05624, 0.08003, 0.12019] |
|   44  |        71        |       1        | 47.87 | [0.00897, 0.01491, 0.02849] | [0.00439, 0.00591, 0.00865] | [0.00094, 0.00079, 0.00063] | [0.00938, 0.01578, 0.03099] |
+-------+------------------+----------------+-------+-----------------------------+-----------------------------+-----------------------------+-----------------------------+
+-------+------------------+----------------+-------+----------------------------+-----------------------------+-----------------------------+-----------------------------+
| Epoch | training time(s) | tesing time(s) |  Loss |           recall           |             ndcg            |          precision          |          hit_ratio          |
+-------+------------------+----------------+-------+----------------------------+-----------------------------+-----------------------------+-----------------------------+
|   45  |        71        |       1        | 46.41 | [0.04874, 0.0695, 0.10412] | [0.02798, 0.03346, 0.04068] |  [0.00567, 0.0041, 0.00251] |  [0.05566, 0.07974, 0.1197] |
|   45  |        71        |       1        | 46.41 | [0.009, 0.01487, 0.02858]  |  [0.0044, 0.0059, 0.00867]  | [0.00095, 0.00079, 0.00063] | [0.00946, 0.01574, 0.03111] |
+-------+------------------+----------------+-------+----------------------------+-----------------------------+-----------------------------+-----------------------------+
+-------+------------------+----------------+-------+-----------------------------+-----------------------------+-----------------------------+-----------------------------+
| Epoch | training time(s) | tesing time(s) |  Loss |            recall           |             ndcg            |          precision          |          hit_ratio          |
+-------+------------------+----------------+-------+-----------------------------+-----------------------------+-----------------------------+-----------------------------+
|   46  |        72        |       1        | 44.89 | [0.04876, 0.06919, 0.10372] | [0.02792, 0.03331, 0.04051] |  [0.00567, 0.00408, 0.0025] | [0.05569, 0.07941, 0.11924] |
|   46  |        72        |       1        | 44.89 | [0.00899, 0.01492, 0.02852] |  [0.00439, 0.0059, 0.00866] | [0.00095, 0.00079, 0.00063] | [0.00943, 0.01577, 0.03099] |
+-------+------------------+----------------+-------+-----------------------------+-----------------------------+-----------------------------+-----------------------------+
+-------+------------------+----------------+-------+-----------------------------+-----------------------------+-----------------------------+-----------------------------+
| Epoch | training time(s) | tesing time(s) |  Loss |            recall           |             ndcg            |          precision          |          hit_ratio          |
+-------+------------------+----------------+-------+-----------------------------+-----------------------------+-----------------------------+-----------------------------+
|   47  |        71        |       1        | 43.39 | [0.04852, 0.06894, 0.10357] | [0.02776, 0.03315, 0.04035] | [0.00564, 0.00407, 0.00249] | [0.05542, 0.07913, 0.11893] |
|   47  |        71        |       1        | 43.39 | [0.00901, 0.01496, 0.02841] |  [0.0044, 0.00592, 0.00864] | [0.00095, 0.00079, 0.00063] | [0.00946, 0.01581, 0.03094] |
+-------+------------------+----------------+-------+-----------------------------+-----------------------------+-----------------------------+-----------------------------+
+-------+------------------+----------------+-------+-----------------------------+-----------------------------+-----------------------------+-----------------------------+
| Epoch | training time(s) | tesing time(s) |  Loss |            recall           |             ndcg            |          precision          |          hit_ratio          |
+-------+------------------+----------------+-------+-----------------------------+-----------------------------+-----------------------------+-----------------------------+
|   48  |        71        |       1        | 42.02 | [0.04826, 0.06857, 0.10274] | [0.02765, 0.03299, 0.04012] | [0.00562, 0.00404, 0.00248] |  [0.05524, 0.0787, 0.11809] |
|   48  |        71        |       1        | 42.02 |  [0.00901, 0.015, 0.02856]  | [0.00441, 0.00594, 0.00868] |  [0.00095, 0.0008, 0.00063] | [0.00947, 0.01586, 0.03112] |
+-------+------------------+----------------+-------+-----------------------------+-----------------------------+-----------------------------+-----------------------------+
+-------+------------------+----------------+-------+-----------------------------+-----------------------------+-----------------------------+-----------------------------+
| Epoch | training time(s) | tesing time(s) |  Loss |            recall           |             ndcg            |          precision          |          hit_ratio          |
+-------+------------------+----------------+-------+-----------------------------+-----------------------------+-----------------------------+-----------------------------+
|   49  |        72        |       1        | 40.67 |  [0.04807, 0.06851, 0.1024] |   [0.02755, 0.03294, 0.04]  |  [0.0056, 0.00404, 0.00247] |  [0.05502, 0.0787, 0.11774] |
|   49  |        72        |       1        | 40.67 | [0.00901, 0.01488, 0.02854] | [0.00441, 0.00591, 0.00868] | [0.00095, 0.00079, 0.00063] | [0.00949, 0.01572, 0.03114] |
+-------+------------------+----------------+-------+-----------------------------+-----------------------------+-----------------------------+-----------------------------+
+-------+------------------+----------------+-------+-----------------------------+----------------------------+-----------------------------+-----------------------------+
| Epoch | training time(s) | tesing time(s) |  Loss |            recall           |            ndcg            |          precision          |          hit_ratio          |
+-------+------------------+----------------+-------+-----------------------------+----------------------------+-----------------------------+-----------------------------+
|   50  |        72        |       1        | 39.44 | [0.04788, 0.06805, 0.10199] | [0.02741, 0.03272, 0.0398] | [0.00557, 0.00401, 0.00246] | [0.05475, 0.07814, 0.11724] |
|   50  |        72        |       1        | 39.44 | [0.00901, 0.01503, 0.02851] | [0.0044, 0.00593, 0.00866] |  [0.00095, 0.0008, 0.00063] |  [0.00949, 0.0159, 0.03109] |
+-------+------------------+----------------+-------+-----------------------------+----------------------------+-----------------------------+-----------------------------+
+-------+------------------+----------------+-------+-----------------------------+-----------------------------+-----------------------------+-----------------------------+
| Epoch | training time(s) | tesing time(s) |  Loss |            recall           |             ndcg            |          precision          |          hit_ratio          |
+-------+------------------+----------------+-------+-----------------------------+-----------------------------+-----------------------------+-----------------------------+
|   51  |        71        |       1        | 38.33 |  [0.04767, 0.06765, 0.1015] | [0.02732, 0.03259, 0.03965] | [0.00555, 0.00399, 0.00245] | [0.05448, 0.07767, 0.11675] |
|   51  |        71        |       1        | 38.33 | [0.00911, 0.01499, 0.02856] | [0.00445, 0.00594, 0.00868] |  [0.00096, 0.0008, 0.00063] | [0.00959, 0.01586, 0.03118] |
+-------+------------------+----------------+-------+-----------------------------+-----------------------------+-----------------------------+-----------------------------+
+-------+------------------+----------------+-------+-----------------------------+-----------------------------+-----------------------------+-----------------------------+
| Epoch | training time(s) | tesing time(s) |  Loss |            recall           |             ndcg            |          precision          |          hit_ratio          |
+-------+------------------+----------------+-------+-----------------------------+-----------------------------+-----------------------------+-----------------------------+
|   52  |        71        |       1        | 37.22 | [0.04718, 0.06744, 0.10088] | [0.02711, 0.03245, 0.03942] | [0.00549, 0.00398, 0.00243] | [0.05394, 0.07746, 0.11609] |
|   52  |        71        |       1        | 37.22 | [0.00903, 0.01507, 0.02849] | [0.00442, 0.00595, 0.00867] |  [0.00095, 0.0008, 0.00063] |  [0.0095, 0.01593, 0.03111] |
+-------+------------------+----------------+-------+-----------------------------+-----------------------------+-----------------------------+-----------------------------+
+-------+------------------+----------------+-------+-----------------------------+----------------------------+-----------------------------+-----------------------------+
| Epoch | training time(s) | tesing time(s) |  Loss |            recall           |            ndcg            |          precision          |          hit_ratio          |
+-------+------------------+----------------+-------+-----------------------------+----------------------------+-----------------------------+-----------------------------+
|   53  |        71        |       1        | 36.03 | [0.04721, 0.06718, 0.09998] | [0.027, 0.03226, 0.03911]  | [0.00549, 0.00396, 0.00241] | [0.05401, 0.07705, 0.11502] |
|   53  |        71        |       1        | 36.03 | [0.00898, 0.01497, 0.02857] | [0.0044, 0.00592, 0.00867] |  [0.00095, 0.0008, 0.00063] | [0.00944, 0.01586, 0.03121] |
+-------+------------------+----------------+-------+-----------------------------+----------------------------+-----------------------------+-----------------------------+
+-------+------------------+----------------+-------+-----------------------------+-----------------------------+-----------------------------+-----------------------------+
| Epoch | training time(s) | tesing time(s) |  Loss |            recall           |             ndcg            |          precision          |          hit_ratio          |
+-------+------------------+----------------+-------+-----------------------------+-----------------------------+-----------------------------+-----------------------------+
|   54  |        71        |       1        | 34.91 | [0.04695, 0.06689, 0.09964] | [0.02688, 0.03213, 0.03898] |  [0.00546, 0.00394, 0.0024] | [0.05366, 0.07668, 0.11464] |
|   54  |        71        |       1        | 34.91 |  [0.00894, 0.0149, 0.02851] | [0.00439, 0.00591, 0.00866] | [0.00095, 0.00079, 0.00063] | [0.00941, 0.01581, 0.03115] |
+-------+------------------+----------------+-------+-----------------------------+-----------------------------+-----------------------------+-----------------------------+
+-------+------------------+----------------+-------+----------------------------+-----------------------------+-----------------------------+-----------------------------+
| Epoch | training time(s) | tesing time(s) |  Loss |           recall           |             ndcg            |          precision          |          hit_ratio          |
+-------+------------------+----------------+-------+----------------------------+-----------------------------+-----------------------------+-----------------------------+
|   55  |        72        |       1        | 34.11 | [0.04678, 0.06679, 0.0992] | [0.02678, 0.03204, 0.03882] |  [0.00545, 0.00394, 0.0024] |  [0.05351, 0.07664, 0.1141] |
|   55  |        72        |       1        | 34.11 | [0.00901, 0.01477, 0.0284] | [0.00442, 0.00589, 0.00865] | [0.00095, 0.00079, 0.00063] | [0.00947, 0.01568, 0.03099] |
+-------+------------------+----------------+-------+----------------------------+-----------------------------+-----------------------------+-----------------------------+
+-------+------------------+----------------+-------+-----------------------------+----------------------------+-----------------------------+-----------------------------+
| Epoch | training time(s) | tesing time(s) |  Loss |            recall           |            ndcg            |          precision          |          hit_ratio          |
+-------+------------------+----------------+-------+-----------------------------+----------------------------+-----------------------------+-----------------------------+
|   56  |        71        |       1        | 33.08 | [0.04674, 0.06652, 0.09903] | [0.02681, 0.03201, 0.0388] | [0.00545, 0.00392, 0.00239] | [0.05353, 0.07639, 0.11385] |
|   56  |        71        |       1        | 33.08 |  [0.009, 0.01474, 0.02827]  | [0.00444, 0.0059, 0.00864] | [0.00095, 0.00079, 0.00063] | [0.00947, 0.01568, 0.03081] |
+-------+------------------+----------------+-------+-----------------------------+----------------------------+-----------------------------+-----------------------------+
+-------+------------------+----------------+-------+-----------------------------+-----------------------------+-----------------------------+-----------------------------+
| Epoch | training time(s) | tesing time(s) |  Loss |            recall           |             ndcg            |          precision          |          hit_ratio          |
+-------+------------------+----------------+-------+-----------------------------+-----------------------------+-----------------------------+-----------------------------+
|   57  |        71        |       1        | 32.17 | [0.04657, 0.06608, 0.09833] | [0.02666, 0.03179, 0.03854] | [0.00542, 0.00389, 0.00238] | [0.05325, 0.07584, 0.11315] |
|   57  |        71        |       1        | 32.17 | [0.00892, 0.01467, 0.02819] | [0.00442, 0.00589, 0.00862] | [0.00094, 0.00078, 0.00062] |  [0.0094, 0.01559, 0.03074] |
+-------+------------------+----------------+-------+-----------------------------+-----------------------------+-----------------------------+-----------------------------+
+-------+------------------+----------------+-------+-----------------------------+-----------------------------+-----------------------------+-----------------------------+
| Epoch | training time(s) | tesing time(s) |  Loss |            recall           |             ndcg            |          precision          |          hit_ratio          |
+-------+------------------+----------------+-------+-----------------------------+-----------------------------+-----------------------------+-----------------------------+
|   58  |        70        |       1        | 31.48 | [0.04637, 0.06586, 0.09781] | [0.02657, 0.03169, 0.03838] |  [0.0054, 0.00388, 0.00236] | [0.05304, 0.07562, 0.11257] |
|   58  |        70        |       1        | 31.48 | [0.00886, 0.01479, 0.02811] |  [0.0044, 0.00592, 0.00861] | [0.00094, 0.00079, 0.00062] | [0.00934, 0.01574, 0.03068] |
+-------+------------------+----------------+-------+-----------------------------+-----------------------------+-----------------------------+-----------------------------+
+-------+------------------+----------------+-------+-----------------------------+-----------------------------+-----------------------------+-----------------------------+
| Epoch | training time(s) | tesing time(s) |  Loss |            recall           |             ndcg            |          precision          |          hit_ratio          |
+-------+------------------+----------------+-------+-----------------------------+-----------------------------+-----------------------------+-----------------------------+
|   59  |        73        |       1        | 30.64 | [0.04633, 0.06544, 0.09751] | [0.02651, 0.03154, 0.03825] |  [0.0054, 0.00387, 0.00236] | [0.05303, 0.07522, 0.11229] |
|   59  |        73        |       1        | 30.64 |  [0.00884, 0.01485, 0.0282] | [0.00441, 0.00594, 0.00863] | [0.00094, 0.00079, 0.00062] |  [0.00931, 0.0158, 0.03075] |
+-------+------------------+----------------+-------+-----------------------------+-----------------------------+-----------------------------+-----------------------------+
+-------+------------------+----------------+-------+-----------------------------+-----------------------------+-----------------------------+-----------------------------+
| Epoch | training time(s) | tesing time(s) |  Loss |            recall           |             ndcg            |          precision          |          hit_ratio          |
+-------+------------------+----------------+-------+-----------------------------+-----------------------------+-----------------------------+-----------------------------+
|   60  |        65        |       1        | 29.77 | [0.04615, 0.06518, 0.09718] | [0.02641, 0.03142, 0.03812] | [0.00537, 0.00385, 0.00235] | [0.05278, 0.07487, 0.11194] |
|   60  |        65        |       0        | 29.77 | [0.00882, 0.01475, 0.02822] |  [0.0044, 0.00591, 0.00864] | [0.00093, 0.00079, 0.00063] | [0.00929, 0.01569, 0.03078] |
+-------+------------------+----------------+-------+-----------------------------+-----------------------------+-----------------------------+-----------------------------+
+-------+------------------+----------------+-------+-----------------------------+-----------------------------+-----------------------------+----------------------------+
| Epoch | training time(s) | tesing time(s) |  Loss |            recall           |             ndcg            |          precision          |         hit_ratio          |
+-------+------------------+----------------+-------+-----------------------------+-----------------------------+-----------------------------+----------------------------+
|   61  |        70        |       1        | 29.13 | [0.04588, 0.06493, 0.09662] | [0.02632, 0.03134, 0.03797] | [0.00533, 0.00383, 0.00234] | [0.05242, 0.07465, 0.1113] |
|   61  |        70        |       1        | 29.13 |  [0.0088, 0.01485, 0.02814] | [0.00437, 0.00591, 0.00859] | [0.00093, 0.00079, 0.00062] | [0.00929, 0.0158, 0.03068] |
+-------+------------------+----------------+-------+-----------------------------+-----------------------------+-----------------------------+----------------------------+
+-------+------------------+----------------+-------+-----------------------------+-----------------------------+-----------------------------+-----------------------------+
| Epoch | training time(s) | tesing time(s) |  Loss |            recall           |             ndcg            |          precision          |          hit_ratio          |
+-------+------------------+----------------+-------+-----------------------------+-----------------------------+-----------------------------+-----------------------------+
|   62  |        71        |       1        | 28.51 | [0.04592, 0.06495, 0.09648] | [0.02629, 0.03129, 0.03789] | [0.00534, 0.00383, 0.00233] |  [0.05249, 0.0746, 0.11112] |
|   62  |        71        |       1        | 28.51 | [0.00875, 0.01478, 0.02812] |  [0.00436, 0.0059, 0.0086]  | [0.00093, 0.00079, 0.00062] | [0.00922, 0.01572, 0.03069] |
+-------+------------------+----------------+-------+-----------------------------+-----------------------------+-----------------------------+-----------------------------+
Early stopping is trigger at step: 10 log:0.01478
Sep-20-2024_08-09-37 end training ...
early stopping at 62, recall@20:0.0151
+-------+------------------+----------------+-------+-----------------------------+-----------------------------+-----------------------------+-----------------------------+
| Epoch | training time(s) | tesing time(s) |  Loss |            recall           |             ndcg            |          precision          |          hit_ratio          |
+-------+------------------+----------------+-------+-----------------------------+-----------------------------+-----------------------------+-----------------------------+
|   52  |        71        |       1        | 37.22 | [0.04718, 0.06744, 0.10088] | [0.02711, 0.03245, 0.03942] | [0.00549, 0.00398, 0.00243] | [0.05394, 0.07746, 0.11609] |
+-------+------------------+----------------+-------+-----------------------------+-----------------------------+-----------------------------+-----------------------------+
