Namespace(K=1, Ks='[10, 20, 50]', alpha=1.0, batch_size=2048, batch_test_flag=True, beta=0.1, context_hops=3, cuda=True, data_path='data/', dataset='amazon', dim=64, edge_dropout=False, edge_dropout_rate=0.1, embedding0=True, epoch=1000, gamma=0.3, gnn='lightgcn', gpu_id=2, l2=0.0001, lr=0.001, mess_dropout=False, mess_dropout_rate=0.1, n_negs=16, ns='mixgcf', out_dir='./weights/', p=-2, pool='mean', save=False, simi='ip', tau=1.0, test_batch_size=2048, test_flag='part', warmup=100, window_length=5)
reading train and test user-item set ...
building the adj mat ...
loading over ...
This is LightGCN.py working...
Sep-20-2024_06-55-06 start training ...
+-------+------------------+----------------+--------+-----------------------------+----------------------------+-----------------------------+-----------------------------+
| Epoch | training time(s) | tesing time(s) |  Loss  |            recall           |            ndcg            |          precision          |          hit_ratio          |
+-------+------------------+----------------+--------+-----------------------------+----------------------------+-----------------------------+-----------------------------+
|   0   |       153        |       2        | 451.77 | [0.01698, 0.02614, 0.05529] | [0.00886, 0.0112, 0.01721] | [0.00189, 0.00147, 0.00127] |  [0.0188, 0.02921, 0.06274] |
|   0   |       153        |       2        | 451.77 | [0.02863, 0.04112, 0.06446] | [0.0146, 0.01785, 0.02258] |  [0.00334, 0.00239, 0.0015] | [0.03313, 0.04717, 0.07345] |
+-------+------------------+----------------+--------+-----------------------------+----------------------------+-----------------------------+-----------------------------+
+-------+------------------+----------------+-------+-----------------------------+-----------------------------+-----------------------------+-----------------------------+
| Epoch | training time(s) | tesing time(s) |  Loss |            recall           |             ndcg            |          precision          |          hit_ratio          |
+-------+------------------+----------------+-------+-----------------------------+-----------------------------+-----------------------------+-----------------------------+
|   1   |       153        |       2        | 432.3 | [0.02092, 0.03212, 0.06112] | [0.01136, 0.01423, 0.02018] | [0.00236, 0.00182, 0.00141] |  [0.02349, 0.0361, 0.06939] |
|   1   |       153        |       2        | 432.3 | [0.02968, 0.04347, 0.06967] | [0.01507, 0.01865, 0.02397] | [0.00346, 0.00252, 0.00163] | [0.03428, 0.04975, 0.07941] |
+-------+------------------+----------------+-------+-----------------------------+-----------------------------+-----------------------------+-----------------------------+
+-------+------------------+----------------+--------+-----------------------------+-----------------------------+-----------------------------+-----------------------------+
| Epoch | training time(s) | tesing time(s) |  Loss  |            recall           |             ndcg            |          precision          |          hit_ratio          |
+-------+------------------+----------------+--------+-----------------------------+-----------------------------+-----------------------------+-----------------------------+
|   2   |       154        |       2        | 420.18 |  [0.0233, 0.03497, 0.06435] | [0.01286, 0.01586, 0.02189] | [0.00264, 0.00199, 0.00149] | [0.02618, 0.03942, 0.07304] |
|   2   |       154        |       2        | 420.18 | [0.03041, 0.04552, 0.07363] | [0.01559, 0.01952, 0.02525] | [0.00353, 0.00264, 0.00172] | [0.03497, 0.05202, 0.08393] |
+-------+------------------+----------------+--------+-----------------------------+-----------------------------+-----------------------------+-----------------------------+
+-------+------------------+----------------+--------+-----------------------------+-----------------------------+-----------------------------+-----------------------------+
| Epoch | training time(s) | tesing time(s) |  Loss  |            recall           |             ndcg            |          precision          |          hit_ratio          |
+-------+------------------+----------------+--------+-----------------------------+-----------------------------+-----------------------------+-----------------------------+
|   3   |       154        |       2        | 409.69 | [0.02458, 0.03709, 0.06621] | [0.01375, 0.01697, 0.02294] | [0.00278, 0.00212, 0.00154] | [0.02757, 0.04187, 0.07513] |
|   3   |       154        |       2        | 409.69 |  [0.03161, 0.0476, 0.07703] | [0.01621, 0.02035, 0.02637] |  [0.00365, 0.00275, 0.0018] | [0.03608, 0.05409, 0.08768] |
+-------+------------------+----------------+--------+-----------------------------+-----------------------------+-----------------------------+-----------------------------+
+-------+------------------+----------------+--------+-----------------------------+-----------------------------+-----------------------------+-----------------------------+
| Epoch | training time(s) | tesing time(s) |  Loss  |            recall           |             ndcg            |          precision          |          hit_ratio          |
+-------+------------------+----------------+--------+-----------------------------+-----------------------------+-----------------------------+-----------------------------+
|   4   |       153        |       2        | 399.77 | [0.02597, 0.03881, 0.06788] | [0.01456, 0.01788, 0.02384] | [0.00293, 0.00221, 0.00157] | [0.02907, 0.04381, 0.07695] |
|   4   |       153        |       2        | 399.77 | [0.03257, 0.04912, 0.07986] | [0.01688, 0.02118, 0.02746] | [0.00375, 0.00283, 0.00186] |  [0.03708, 0.05575, 0.0907] |
+-------+------------------+----------------+--------+-----------------------------+-----------------------------+-----------------------------+-----------------------------+
+-------+------------------+----------------+--------+-----------------------------+-----------------------------+-----------------------------+-----------------------------+
| Epoch | training time(s) | tesing time(s) |  Loss  |            recall           |             ndcg            |          precision          |          hit_ratio          |
+-------+------------------+----------------+--------+-----------------------------+-----------------------------+-----------------------------+-----------------------------+
|   5   |       153        |       2        | 390.12 |  [0.02703, 0.04057, 0.0692] | [0.01526, 0.01877, 0.02462] |  [0.00304, 0.00232, 0.0016] | [0.03021, 0.04576, 0.07829] |
|   5   |       153        |       2        | 390.12 | [0.03381, 0.05072, 0.08262] | [0.01765, 0.02203, 0.02856] | [0.00388, 0.00292, 0.00192] | [0.03837, 0.05746, 0.09371] |
+-------+------------------+----------------+--------+-----------------------------+-----------------------------+-----------------------------+-----------------------------+
+-------+------------------+----------------+--------+----------------------------+-----------------------------+-----------------------------+----------------------------+
| Epoch | training time(s) | tesing time(s) |  Loss  |           recall           |             ndcg            |          precision          |         hit_ratio          |
+-------+------------------+----------------+--------+----------------------------+-----------------------------+-----------------------------+----------------------------+
|   6   |       154        |       2        | 380.08 | [0.02769, 0.04191, 0.0702] | [0.01568, 0.01938, 0.02516] | [0.00312, 0.00239, 0.00162] | [0.03088, 0.0472, 0.07919] |
|   6   |       154        |       2        | 380.08 | [0.03504, 0.0526, 0.0852]  |  [0.0184, 0.02294, 0.02959] | [0.00401, 0.00302, 0.00198] | [0.03964, 0.0594, 0.0965]  |
+-------+------------------+----------------+--------+----------------------------+-----------------------------+-----------------------------+----------------------------+
+-------+------------------+----------------+--------+-----------------------------+-----------------------------+-----------------------------+-----------------------------+
| Epoch | training time(s) | tesing time(s) |  Loss  |            recall           |             ndcg            |          precision          |          hit_ratio          |
+-------+------------------+----------------+--------+-----------------------------+-----------------------------+-----------------------------+-----------------------------+
|   7   |       154        |       2        | 370.23 | [0.02863, 0.04266, 0.07139] | [0.01623, 0.01988, 0.02576] | [0.00322, 0.00243, 0.00165] |  [0.0319, 0.04806, 0.08052] |
|   7   |       154        |       2        | 370.23 |  [0.03578, 0.0537, 0.08728] | [0.01897, 0.02362, 0.03047] | [0.00408, 0.00308, 0.00202] | [0.04038, 0.06052, 0.09863] |
+-------+------------------+----------------+--------+-----------------------------+-----------------------------+-----------------------------+-----------------------------+
+-------+------------------+----------------+--------+-----------------------------+-----------------------------+-----------------------------+-----------------------------+
| Epoch | training time(s) | tesing time(s) |  Loss  |            recall           |             ndcg            |          precision          |          hit_ratio          |
+-------+------------------+----------------+--------+-----------------------------+-----------------------------+-----------------------------+-----------------------------+
|   8   |       153        |       2        | 359.86 | [0.02894, 0.04311, 0.07174] | [0.01644, 0.02013, 0.02598] | [0.00325, 0.00246, 0.00165] | [0.03223, 0.04846, 0.08078] |
|   8   |       153        |       2        | 359.86 | [0.03671, 0.05484, 0.08888] | [0.01955, 0.02426, 0.03122] | [0.00418, 0.00314, 0.00206] | [0.04134, 0.06178, 0.10048] |
+-------+------------------+----------------+--------+-----------------------------+-----------------------------+-----------------------------+-----------------------------+
+-------+------------------+----------------+--------+-----------------------------+-----------------------------+-----------------------------+-----------------------------+
| Epoch | training time(s) | tesing time(s) |  Loss  |            recall           |             ndcg            |          precision          |          hit_ratio          |
+-------+------------------+----------------+--------+-----------------------------+-----------------------------+-----------------------------+-----------------------------+
|   9   |       153        |       2        | 349.11 |  [0.02936, 0.0441, 0.07258] | [0.01667, 0.02049, 0.02629] | [0.00329, 0.00251, 0.00167] | [0.03268, 0.04947, 0.08159] |
|   9   |       153        |       2        | 349.11 | [0.03735, 0.05605, 0.09057] | [0.01999, 0.02484, 0.03188] | [0.00426, 0.00321, 0.00209] |  [0.04203, 0.0631, 0.10218] |
+-------+------------------+----------------+--------+-----------------------------+-----------------------------+-----------------------------+-----------------------------+
+-------+------------------+----------------+--------+-----------------------------+-----------------------------+-----------------------------+-----------------------------+
| Epoch | training time(s) | tesing time(s) |  Loss  |            recall           |             ndcg            |          precision          |          hit_ratio          |
+-------+------------------+----------------+--------+-----------------------------+-----------------------------+-----------------------------+-----------------------------+
|   10  |       154        |       2        | 338.17 |  [0.0297, 0.04415, 0.07314] | [0.01691, 0.02066, 0.02657] | [0.00333, 0.00251, 0.00168] | [0.03306, 0.04953, 0.08219] |
|   10  |       154        |       2        | 338.17 | [0.03797, 0.05673, 0.09212] | [0.02042, 0.02529, 0.03251] | [0.00432, 0.00325, 0.00213] | [0.04266, 0.06382, 0.10395] |
+-------+------------------+----------------+--------+-----------------------------+-----------------------------+-----------------------------+-----------------------------+
+-------+------------------+----------------+--------+-----------------------------+-----------------------------+-----------------------------+-----------------------------+
| Epoch | training time(s) | tesing time(s) |  Loss  |            recall           |             ndcg            |          precision          |          hit_ratio          |
+-------+------------------+----------------+--------+-----------------------------+-----------------------------+-----------------------------+-----------------------------+
|   11  |       154        |       2        | 327.12 | [0.02991, 0.04455, 0.07386] | [0.01704, 0.02084, 0.02681] | [0.00335, 0.00252, 0.00169] | [0.03324, 0.04984, 0.08285] |
|   11  |       154        |       2        | 327.12 | [0.03841, 0.05738, 0.09316] | [0.02076, 0.02568, 0.03299] | [0.00437, 0.00328, 0.00215] | [0.04308, 0.06448, 0.10498] |
+-------+------------------+----------------+--------+-----------------------------+-----------------------------+-----------------------------+-----------------------------+
+-------+------------------+----------------+--------+-----------------------------+-----------------------------+-----------------------------+-----------------------------+
| Epoch | training time(s) | tesing time(s) |  Loss  |            recall           |             ndcg            |          precision          |          hit_ratio          |
+-------+------------------+----------------+--------+-----------------------------+-----------------------------+-----------------------------+-----------------------------+
|   12  |       154        |       2        | 315.77 | [0.03036, 0.04491, 0.07429] | [0.01729, 0.02105, 0.02703] |  [0.0034, 0.00254, 0.0017]  | [0.03371, 0.05024, 0.08319] |
|   12  |       154        |       2        | 315.77 |  [0.03877, 0.0581, 0.09439] | [0.02102, 0.02604, 0.03345] | [0.00441, 0.00332, 0.00218] | [0.04343, 0.06527, 0.10633] |
+-------+------------------+----------------+--------+-----------------------------+-----------------------------+-----------------------------+-----------------------------+
+-------+------------------+----------------+--------+-----------------------------+-----------------------------+----------------------------+-----------------------------+
| Epoch | training time(s) | tesing time(s) |  Loss  |            recall           |             ndcg            |         precision          |          hit_ratio          |
+-------+------------------+----------------+--------+-----------------------------+-----------------------------+----------------------------+-----------------------------+
|   13  |       154        |       2        | 304.59 | [0.03044, 0.04515, 0.07456] | [0.01734, 0.02116, 0.02714] | [0.0034, 0.00256, 0.0017]  | [0.03369, 0.05059, 0.08343] |
|   13  |       154        |       2        | 304.59 | [0.03938, 0.05862, 0.09528] |  [0.02141, 0.0264, 0.03388] | [0.00447, 0.00335, 0.0022] | [0.04411, 0.06581, 0.10734] |
+-------+------------------+----------------+--------+-----------------------------+-----------------------------+----------------------------+-----------------------------+
+-------+------------------+----------------+--------+-----------------------------+-----------------------------+-----------------------------+-----------------------------+
| Epoch | training time(s) | tesing time(s) |  Loss  |            recall           |             ndcg            |          precision          |          hit_ratio          |
+-------+------------------+----------------+--------+-----------------------------+-----------------------------+-----------------------------+-----------------------------+
|   14  |       153        |       2        | 293.01 | [0.03056, 0.04562, 0.07483] | [0.01744, 0.02134, 0.02729] | [0.00341, 0.00258, 0.00171] |  [0.03382, 0.05102, 0.0837] |
|   14  |       153        |       2        | 293.01 |  [0.03973, 0.0589, 0.09593] | [0.02171, 0.02668, 0.03423] | [0.00451, 0.00337, 0.00222] | [0.04447, 0.06613, 0.10806] |
+-------+------------------+----------------+--------+-----------------------------+-----------------------------+-----------------------------+-----------------------------+
+-------+------------------+----------------+--------+-----------------------------+-----------------------------+-----------------------------+-----------------------------+
| Epoch | training time(s) | tesing time(s) |  Loss  |            recall           |             ndcg            |          precision          |          hit_ratio          |
+-------+------------------+----------------+--------+-----------------------------+-----------------------------+-----------------------------+-----------------------------+
|   15  |       153        |       2        | 281.71 | [0.03068, 0.04592, 0.07496] | [0.01752, 0.02146, 0.02738] | [0.00342, 0.00259, 0.00171] | [0.03394, 0.05133, 0.08378] |
|   15  |       153        |       2        | 281.71 | [0.04006, 0.05928, 0.09634] | [0.02191, 0.02688, 0.03444] | [0.00455, 0.00338, 0.00223] |  [0.04478, 0.0665, 0.10849] |
+-------+------------------+----------------+--------+-----------------------------+-----------------------------+-----------------------------+-----------------------------+
+-------+------------------+----------------+--------+-----------------------------+-----------------------------+-----------------------------+-----------------------------+
| Epoch | training time(s) | tesing time(s) |  Loss  |            recall           |             ndcg            |          precision          |          hit_ratio          |
+-------+------------------+----------------+--------+-----------------------------+-----------------------------+-----------------------------+-----------------------------+
|   16  |       154        |       2        | 270.52 | [0.03068, 0.04606, 0.07511] | [0.01754, 0.02151, 0.02744] |  [0.00342, 0.0026, 0.00171] |  [0.0339, 0.05146, 0.08393] |
|   16  |       154        |       2        | 270.52 | [0.04009, 0.05949, 0.09656] | [0.02206, 0.02709, 0.03466] | [0.00455, 0.00339, 0.00223] | [0.04477, 0.06665, 0.10875] |
+-------+------------------+----------------+--------+-----------------------------+-----------------------------+-----------------------------+-----------------------------+
+-------+------------------+----------------+--------+-----------------------------+-----------------------------+-----------------------------+-----------------------------+
| Epoch | training time(s) | tesing time(s) |  Loss  |            recall           |             ndcg            |          precision          |          hit_ratio          |
+-------+------------------+----------------+--------+-----------------------------+-----------------------------+-----------------------------+-----------------------------+
|   17  |       154        |       2        | 259.49 | [0.03065, 0.04591, 0.07521] | [0.01749, 0.02145, 0.02742] | [0.00341, 0.00259, 0.00172] | [0.03382, 0.05126, 0.08403] |
|   17  |       154        |       2        | 259.49 | [0.04011, 0.05955, 0.09672] | [0.02217, 0.02722, 0.03482] |  [0.00455, 0.0034, 0.00224] |  [0.04482, 0.0667, 0.10892] |
+-------+------------------+----------------+--------+-----------------------------+-----------------------------+-----------------------------+-----------------------------+
+-------+------------------+----------------+--------+-----------------------------+-----------------------------+-----------------------------+-----------------------------+
| Epoch | training time(s) | tesing time(s) |  Loss  |            recall           |             ndcg            |          precision          |          hit_ratio          |
+-------+------------------+----------------+--------+-----------------------------+-----------------------------+-----------------------------+-----------------------------+
|   18  |       154        |       2        | 248.81 |  [0.03073, 0.046, 0.07516]  | [0.01752, 0.02149, 0.02744] | [0.00341, 0.00259, 0.00171] | [0.03386, 0.05131, 0.08384] |
|   18  |       154        |       2        | 248.81 | [0.04031, 0.05971, 0.09723] |  [0.02228, 0.0273, 0.03496] | [0.00458, 0.00341, 0.00225] | [0.04503, 0.06688, 0.10938] |
+-------+------------------+----------------+--------+-----------------------------+-----------------------------+-----------------------------+-----------------------------+
+-------+------------------+----------------+--------+-----------------------------+-----------------------------+-----------------------------+----------------------------+
| Epoch | training time(s) | tesing time(s) |  Loss  |            recall           |             ndcg            |          precision          |         hit_ratio          |
+-------+------------------+----------------+--------+-----------------------------+-----------------------------+-----------------------------+----------------------------+
|   19  |       153        |       2        | 238.37 | [0.03082, 0.04592, 0.07525] | [0.01755, 0.02147, 0.02746] | [0.00342, 0.00259, 0.00171] | [0.0339, 0.0512, 0.08398]  |
|   19  |       153        |       2        | 238.37 | [0.04054, 0.06005, 0.09734] | [0.02236, 0.02741, 0.03502] |  [0.0046, 0.00342, 0.00225] | [0.0453, 0.06723, 0.10947] |
+-------+------------------+----------------+--------+-----------------------------+-----------------------------+-----------------------------+----------------------------+
+-------+------------------+----------------+--------+-----------------------------+-----------------------------+-----------------------------+-----------------------------+
| Epoch | training time(s) | tesing time(s) |  Loss  |            recall           |             ndcg            |          precision          |          hit_ratio          |
+-------+------------------+----------------+--------+-----------------------------+-----------------------------+-----------------------------+-----------------------------+
|   20  |       154        |       2        | 228.37 |  [0.03074, 0.04606, 0.0752] | [0.01754, 0.02151, 0.02746] |  [0.0034, 0.00259, 0.00171] | [0.03375, 0.05129, 0.08389] |
|   20  |       154        |       2        | 228.37 | [0.04072, 0.06011, 0.09727] | [0.02247, 0.02749, 0.03508] | [0.00462, 0.00342, 0.00225] | [0.04544, 0.06727, 0.10939] |
+-------+------------------+----------------+--------+-----------------------------+-----------------------------+-----------------------------+-----------------------------+
+-------+------------------+----------------+--------+-----------------------------+-----------------------------+-----------------------------+-----------------------------+
| Epoch | training time(s) | tesing time(s) |  Loss  |            recall           |             ndcg            |          precision          |          hit_ratio          |
+-------+------------------+----------------+--------+-----------------------------+-----------------------------+-----------------------------+-----------------------------+
|   21  |       154        |       2        | 218.37 | [0.03081, 0.04604, 0.07509] | [0.01757, 0.02151, 0.02745] |  [0.0034, 0.00259, 0.00171] | [0.03382, 0.05121, 0.08379] |
|   21  |       154        |       2        | 218.37 |  [0.04067, 0.0601, 0.09727] | [0.02249, 0.02752, 0.03511] | [0.00462, 0.00342, 0.00224] | [0.04544, 0.06722, 0.10938] |
+-------+------------------+----------------+--------+-----------------------------+-----------------------------+-----------------------------+-----------------------------+
+-------+------------------+----------------+--------+-----------------------------+-----------------------------+-----------------------------+-----------------------------+
| Epoch | training time(s) | tesing time(s) |  Loss  |            recall           |             ndcg            |          precision          |          hit_ratio          |
+-------+------------------+----------------+--------+-----------------------------+-----------------------------+-----------------------------+-----------------------------+
|   22  |       155        |       2        | 209.12 | [0.03055, 0.04589, 0.07498] |  [0.01749, 0.02146, 0.0274] | [0.00338, 0.00257, 0.00171] | [0.03357, 0.05093, 0.08359] |
|   22  |       155        |       2        | 209.12 | [0.04043, 0.06008, 0.09725] | [0.02244, 0.02753, 0.03512] | [0.00459, 0.00342, 0.00224] | [0.04521, 0.06722, 0.10935] |
+-------+------------------+----------------+--------+-----------------------------+-----------------------------+-----------------------------+-----------------------------+
+-------+------------------+----------------+--------+-----------------------------+-----------------------------+-----------------------------+-----------------------------+
| Epoch | training time(s) | tesing time(s) |  Loss  |            recall           |             ndcg            |          precision          |          hit_ratio          |
+-------+------------------+----------------+--------+-----------------------------+-----------------------------+-----------------------------+-----------------------------+
|   23  |       154        |       2        | 200.36 | [0.03053, 0.04597, 0.07475] | [0.01747, 0.02147, 0.02734] |  [0.00338, 0.00258, 0.0017] | [0.03359, 0.05098, 0.08336] |
|   23  |       154        |       2        | 200.36 | [0.04048, 0.05997, 0.09718] | [0.02248, 0.02753, 0.03514] | [0.00459, 0.00341, 0.00224] | [0.04529, 0.06703, 0.10931] |
+-------+------------------+----------------+--------+-----------------------------+-----------------------------+-----------------------------+-----------------------------+
+-------+------------------+----------------+--------+-----------------------------+-----------------------------+-----------------------------+-----------------------------+
| Epoch | training time(s) | tesing time(s) |  Loss  |            recall           |             ndcg            |          precision          |          hit_ratio          |
+-------+------------------+----------------+--------+-----------------------------+-----------------------------+-----------------------------+-----------------------------+
|   24  |       153        |       2        | 191.29 | [0.03071, 0.04588, 0.07458] | [0.01755, 0.02147, 0.02732] |  [0.0034, 0.00257, 0.00169] | [0.03378, 0.05086, 0.08309] |
|   24  |       153        |       2        | 191.29 | [0.04048, 0.06018, 0.09723] | [0.02249, 0.02759, 0.03515] | [0.00459, 0.00342, 0.00224] | [0.04525, 0.06722, 0.10931] |
+-------+------------------+----------------+--------+-----------------------------+-----------------------------+-----------------------------+-----------------------------+
+-------+------------------+----------------+--------+-----------------------------+-----------------------------+-----------------------------+-----------------------------+
| Epoch | training time(s) | tesing time(s) |  Loss  |            recall           |             ndcg            |          precision          |          hit_ratio          |
+-------+------------------+----------------+--------+-----------------------------+-----------------------------+-----------------------------+-----------------------------+
|   25  |       154        |       2        | 182.91 | [0.03065, 0.04567, 0.07413] | [0.01748, 0.02136, 0.02717] | [0.00339, 0.00255, 0.00168] | [0.03369, 0.05055, 0.08254] |
|   25  |       154        |       2        | 182.91 | [0.04053, 0.05995, 0.09688] | [0.02251, 0.02753, 0.03508] | [0.00459, 0.00341, 0.00223] | [0.04529, 0.06694, 0.10891] |
+-------+------------------+----------------+--------+-----------------------------+-----------------------------+-----------------------------+-----------------------------+
+-------+------------------+----------------+--------+-----------------------------+-----------------------------+-----------------------------+----------------------------+
| Epoch | training time(s) | tesing time(s) |  Loss  |            recall           |             ndcg            |          precision          |         hit_ratio          |
+-------+------------------+----------------+--------+-----------------------------+-----------------------------+-----------------------------+----------------------------+
|   26  |       153        |       2        | 174.91 | [0.03057, 0.04555, 0.07373] | [0.01745, 0.02132, 0.02707] | [0.00337, 0.00255, 0.00167] | [0.03354, 0.0504, 0.08212] |
|   26  |       153        |       2        | 174.91 | [0.04059, 0.05961, 0.09689] | [0.02248, 0.02741, 0.03503] |  [0.0046, 0.00339, 0.00223] | [0.04533, 0.06651, 0.1089] |
+-------+------------------+----------------+--------+-----------------------------+-----------------------------+-----------------------------+----------------------------+
+-------+------------------+----------------+--------+-----------------------------+-----------------------------+-----------------------------+-----------------------------+
| Epoch | training time(s) | tesing time(s) |  Loss  |            recall           |             ndcg            |          precision          |          hit_ratio          |
+-------+------------------+----------------+--------+-----------------------------+-----------------------------+-----------------------------+-----------------------------+
|   27  |       154        |       2        | 167.62 | [0.03056, 0.04553, 0.07342] | [0.01743, 0.02128, 0.02697] | [0.00337, 0.00254, 0.00167] | [0.03354, 0.05033, 0.08177] |
|   27  |       154        |       2        | 167.62 | [0.04038, 0.05939, 0.09665] | [0.02239, 0.02732, 0.03494] | [0.00457, 0.00338, 0.00223] | [0.04505, 0.06623, 0.10864] |
+-------+------------------+----------------+--------+-----------------------------+-----------------------------+-----------------------------+-----------------------------+
+-------+------------------+----------------+--------+-----------------------------+-----------------------------+-----------------------------+----------------------------+
| Epoch | training time(s) | tesing time(s) |  Loss  |            recall           |             ndcg            |          precision          |         hit_ratio          |
+-------+------------------+----------------+--------+-----------------------------+-----------------------------+-----------------------------+----------------------------+
|   28  |       154        |       2        | 160.24 | [0.03022, 0.04507, 0.07312] |  [0.0173, 0.02114, 0.02687] | [0.00334, 0.00252, 0.00166] | [0.03317, 0.0499, 0.08148] |
|   28  |       154        |       2        | 160.24 |  [0.04042, 0.0593, 0.09649] | [0.02239, 0.02728, 0.03488] | [0.00457, 0.00337, 0.00222] | [0.0451, 0.06616, 0.10846] |
+-------+------------------+----------------+--------+-----------------------------+-----------------------------+-----------------------------+----------------------------+
+-------+------------------+----------------+--------+-----------------------------+-----------------------------+-----------------------------+-----------------------------+
| Epoch | training time(s) | tesing time(s) |  Loss  |            recall           |             ndcg            |          precision          |          hit_ratio          |
+-------+------------------+----------------+--------+-----------------------------+-----------------------------+-----------------------------+-----------------------------+
|   29  |       153        |       2        | 153.46 | [0.03007, 0.04499, 0.07285] | [0.01722, 0.02108, 0.02677] | [0.00332, 0.00251, 0.00165] | [0.03299, 0.04979, 0.08112] |
|   29  |       153        |       2        | 153.46 | [0.04038, 0.05912, 0.09604] | [0.02235, 0.02721, 0.03476] | [0.00457, 0.00336, 0.00221] | [0.04507, 0.06599, 0.10801] |
+-------+------------------+----------------+--------+-----------------------------+-----------------------------+-----------------------------+-----------------------------+
+-------+------------------+----------------+--------+-----------------------------+-----------------------------+-----------------------------+-----------------------------+
| Epoch | training time(s) | tesing time(s) |  Loss  |            recall           |             ndcg            |          precision          |          hit_ratio          |
+-------+------------------+----------------+--------+-----------------------------+-----------------------------+-----------------------------+-----------------------------+
|   30  |       153        |       2        | 147.32 | [0.02983, 0.04485, 0.07235] | [0.01714, 0.02102, 0.02662] |  [0.00329, 0.0025, 0.00164] |  [0.03274, 0.0496, 0.08054] |
|   30  |       153        |       2        | 147.32 |  [0.04032, 0.059, 0.09562]  | [0.02229, 0.02712, 0.03462] | [0.00456, 0.00335, 0.00221] | [0.04494, 0.06582, 0.10753] |
+-------+------------------+----------------+--------+-----------------------------+-----------------------------+-----------------------------+-----------------------------+
+-------+------------------+----------------+--------+-----------------------------+-----------------------------+-----------------------------+-----------------------------+
| Epoch | training time(s) | tesing time(s) |  Loss  |            recall           |             ndcg            |          precision          |          hit_ratio          |
+-------+------------------+----------------+--------+-----------------------------+-----------------------------+-----------------------------+-----------------------------+
|   31  |       154        |       2        | 140.87 |   [0.02968, 0.0444, 0.072]  | [0.01703, 0.02084, 0.02647] | [0.00327, 0.00248, 0.00163] | [0.03254, 0.04905, 0.08015] |
|   31  |       154        |       2        | 140.87 | [0.04028, 0.05887, 0.09534] | [0.02229, 0.02709, 0.03455] |  [0.00455, 0.00334, 0.0022] | [0.04492, 0.06566, 0.10723] |
+-------+------------------+----------------+--------+-----------------------------+-----------------------------+-----------------------------+-----------------------------+
+-------+------------------+----------------+--------+-----------------------------+-----------------------------+-----------------------------+-----------------------------+
| Epoch | training time(s) | tesing time(s) |  Loss  |            recall           |             ndcg            |          precision          |          hit_ratio          |
+-------+------------------+----------------+--------+-----------------------------+-----------------------------+-----------------------------+-----------------------------+
|   32  |       154        |       2        | 135.37 | [0.02967, 0.04439, 0.07162] | [0.01701, 0.02081, 0.02636] | [0.00327, 0.00248, 0.00162] | [0.03255, 0.04906, 0.07978] |
|   32  |       154        |       2        | 135.37 | [0.03993, 0.05867, 0.09497] |  [0.02215, 0.027, 0.03443]  | [0.00451, 0.00333, 0.00219] |  [0.0445, 0.06543, 0.10682] |
+-------+------------------+----------------+--------+-----------------------------+-----------------------------+-----------------------------+-----------------------------+
+-------+------------------+----------------+-------+-----------------------------+-----------------------------+-----------------------------+-----------------------------+
| Epoch | training time(s) | tesing time(s) |  Loss |            recall           |             ndcg            |          precision          |          hit_ratio          |
+-------+------------------+----------------+-------+-----------------------------+-----------------------------+-----------------------------+-----------------------------+
|   33  |       154        |       2        | 130.0 |  [0.0296, 0.04409, 0.07129] |  [0.01696, 0.0207, 0.02624] | [0.00326, 0.00246, 0.00161] |  [0.03244, 0.0487, 0.07936] |
|   33  |       154        |       2        | 130.0 | [0.03982, 0.05858, 0.09469] | [0.02208, 0.02694, 0.03433] |  [0.0045, 0.00333, 0.00218] | [0.04442, 0.06535, 0.10653] |
+-------+------------------+----------------+-------+-----------------------------+-----------------------------+-----------------------------+-----------------------------+
+-------+------------------+----------------+-------+-----------------------------+-----------------------------+-----------------------------+-----------------------------+
| Epoch | training time(s) | tesing time(s) |  Loss |            recall           |             ndcg            |          precision          |          hit_ratio          |
+-------+------------------+----------------+-------+-----------------------------+-----------------------------+-----------------------------+-----------------------------+
|   34  |       154        |       2        | 124.8 | [0.02941, 0.04407, 0.07087] | [0.01688, 0.02065, 0.02611] |  [0.00324, 0.00246, 0.0016] | [0.03223, 0.04868, 0.07881] |
|   34  |       154        |       2        | 124.8 |  [0.03965, 0.0584, 0.09429] | [0.02199, 0.02685, 0.03419] | [0.00448, 0.00332, 0.00218] | [0.04425, 0.06517, 0.10608] |
+-------+------------------+----------------+-------+-----------------------------+-----------------------------+-----------------------------+-----------------------------+
Early stopping is trigger at step: 10 log:0.0584
Sep-20-2024_08-27-49 end training ...
early stopping at 34, recall@20:0.0602
+-------+------------------+----------------+--------+-----------------------------+-----------------------------+----------------------------+-----------------------------+
| Epoch | training time(s) | tesing time(s) |  Loss  |            recall           |             ndcg            |         precision          |          hit_ratio          |
+-------+------------------+----------------+--------+-----------------------------+-----------------------------+----------------------------+-----------------------------+
|   24  |       153        |       2        | 191.29 | [0.03071, 0.04588, 0.07458] | [0.01755, 0.02147, 0.02732] | [0.0034, 0.00257, 0.00169] | [0.03378, 0.05086, 0.08309] |
+-------+------------------+----------------+--------+-----------------------------+-----------------------------+----------------------------+-----------------------------+
