Namespace(K=1, Ks='[10, 20, 50]', alpha=1.0, batch_size=2048, batch_test_flag=True, beta=0.1, context_hops=3, cuda=True, data_path='data/', dataset='yelp2018', dim=64, edge_dropout=False, edge_dropout_rate=0.1, embedding0=True, epoch=1000, gamma=0.3, gnn='lightgcn', gpu_id=2, l2=0.0001, lr=0.001, mess_dropout=False, mess_dropout_rate=0.1, n_negs=64, ns='mixgcf', out_dir='./weights/', p=-2, pool='mean', save=False, simi='ip', tau=1.0, test_batch_size=2048, test_flag='part', warmup=100, window_length=5)
reading train and test user-item set ...
building the adj mat ...
loading over ...
This is LightGCN.py working...
Sep-20-2024_06-54-34 start training ...
+-------+------------------+----------------+--------+-----------------------------+-----------------------------+-----------------------------+-----------------------------+
| Epoch | training time(s) | tesing time(s) |  Loss  |            recall           |             ndcg            |          precision          |          hit_ratio          |
+-------+------------------+----------------+--------+-----------------------------+-----------------------------+-----------------------------+-----------------------------+
|   0   |       168        |       0        | 417.58 | [0.02824, 0.04939, 0.09696] | [0.03267, 0.04029, 0.05789] | [0.02647, 0.02318, 0.01835] | [0.20977, 0.32137, 0.50259] |
+-------+------------------+----------------+--------+-----------------------------+-----------------------------+-----------------------------+-----------------------------+
+-------+------------------+----------------+--------+-----------------------------+----------------------------+-----------------------------+-----------------------------+
| Epoch | training time(s) | tesing time(s) |  Loss  |            recall           |            ndcg            |          precision          |          hit_ratio          |
+-------+------------------+----------------+--------+-----------------------------+----------------------------+-----------------------------+-----------------------------+
|   1   |       184        |       0        | 413.63 | [0.03009, 0.05298, 0.10401] | [0.03495, 0.0433, 0.06219] | [0.02807, 0.02475, 0.01961] | [0.22174, 0.34009, 0.53041] |
+-------+------------------+----------------+--------+-----------------------------+----------------------------+-----------------------------+-----------------------------+
+-------+------------------+----------------+--------+-----------------------------+-----------------------------+-----------------------------+-----------------------------+
| Epoch | training time(s) | tesing time(s) |  Loss  |            recall           |             ndcg            |          precision          |          hit_ratio          |
+-------+------------------+----------------+--------+-----------------------------+-----------------------------+-----------------------------+-----------------------------+
|   2   |       188        |       0        | 410.51 | [0.03193, 0.05533, 0.10828] | [0.03686, 0.04529, 0.06489] | [0.02974, 0.02582, 0.02044] | [0.23251, 0.35345, 0.54475] |
+-------+------------------+----------------+--------+-----------------------------+-----------------------------+-----------------------------+-----------------------------+
+-------+------------------+----------------+--------+-----------------------------+-----------------------------+--------------------------+-----------------------------+
| Epoch | training time(s) | tesing time(s) |  Loss  |            recall           |             ndcg            |        precision         |          hit_ratio          |
+-------+------------------+----------------+--------+-----------------------------+-----------------------------+--------------------------+-----------------------------+
|   3   |       191        |       0        | 407.86 | [0.03314, 0.05698, 0.11159] | [0.03807, 0.04672, 0.06695] | [0.03054, 0.0265, 0.021] | [0.23917, 0.36147, 0.55561] |
+-------+------------------+----------------+--------+-----------------------------+-----------------------------+--------------------------+-----------------------------+
+-------+------------------+----------------+--------+-----------------------------+-----------------------------+-----------------------------+----------------------------+
| Epoch | training time(s) | tesing time(s) |  Loss  |            recall           |             ndcg            |          precision          |         hit_ratio          |
+-------+------------------+----------------+--------+-----------------------------+-----------------------------+-----------------------------+----------------------------+
|   4   |       191        |       0        | 405.42 | [0.03413, 0.05803, 0.11434] | [0.03917, 0.04776, 0.06863] | [0.03135, 0.02696, 0.02143] | [0.2452, 0.36681, 0.56533] |
+-------+------------------+----------------+--------+-----------------------------+-----------------------------+-----------------------------+----------------------------+
+-------+------------------+----------------+--------+-----------------------------+---------------------------+----------------------------+-----------------------------+
| Epoch | training time(s) | tesing time(s) |  Loss  |            recall           |            ndcg           |         precision          |          hit_ratio          |
+-------+------------------+----------------+--------+-----------------------------+---------------------------+----------------------------+-----------------------------+
|   5   |       192        |       0        | 403.19 | [0.03481, 0.05971, 0.11656] | [0.04001, 0.049, 0.07009] | [0.03191, 0.02755, 0.0218] | [0.24902, 0.37356, 0.57127] |
+-------+------------------+----------------+--------+-----------------------------+---------------------------+----------------------------+-----------------------------+
+-------+------------------+----------------+--------+-----------------------------+----------------------------+-----------------------------+-----------------------------+
| Epoch | training time(s) | tesing time(s) |  Loss  |            recall           |            ndcg            |          precision          |          hit_ratio          |
+-------+------------------+----------------+--------+-----------------------------+----------------------------+-----------------------------+-----------------------------+
|   6   |       189        |       0        | 400.84 | [0.03545, 0.06035, 0.11806] | [0.04065, 0.0496, 0.07096] | [0.03249, 0.02791, 0.02204] | [0.25303, 0.37691, 0.57705] |
+-------+------------------+----------------+--------+-----------------------------+----------------------------+-----------------------------+-----------------------------+
+-------+------------------+----------------+--------+----------------------------+-----------------------------+----------------------------+-----------------------------+
| Epoch | training time(s) | tesing time(s) |  Loss  |           recall           |             ndcg            |         precision          |          hit_ratio          |
+-------+------------------+----------------+--------+----------------------------+-----------------------------+----------------------------+-----------------------------+
|   7   |       191        |       0        | 398.78 | [0.0358, 0.06118, 0.11957] | [0.04108, 0.05021, 0.07185] | [0.03276, 0.02822, 0.0223] | [0.25452, 0.37982, 0.58254] |
+-------+------------------+----------------+--------+----------------------------+-----------------------------+----------------------------+-----------------------------+
+-------+------------------+----------------+--------+-----------------------------+----------------------------+-----------------------------+----------------------------+
| Epoch | training time(s) | tesing time(s) |  Loss  |            recall           |            ndcg            |          precision          |         hit_ratio          |
+-------+------------------+----------------+--------+-----------------------------+----------------------------+-----------------------------+----------------------------+
|   8   |       192        |       0        | 396.78 | [0.03623, 0.06192, 0.12056] | [0.04149, 0.05078, 0.0725] | [0.03312, 0.02852, 0.02247] | [0.25736, 0.3842, 0.58431] |
+-------+------------------+----------------+--------+-----------------------------+----------------------------+-----------------------------+----------------------------+
+-------+------------------+----------------+-------+-----------------------------+-----------------------------+----------------------------+-----------------------------+
| Epoch | training time(s) | tesing time(s) |  Loss |            recall           |             ndcg            |         precision          |          hit_ratio          |
+-------+------------------+----------------+-------+-----------------------------+-----------------------------+----------------------------+-----------------------------+
|   9   |       194        |       0        | 394.8 | [0.03657, 0.06256, 0.12177] | [0.04189, 0.05129, 0.07326] | [0.03332, 0.0287, 0.02265] | [0.25922, 0.38556, 0.58861] |
+-------+------------------+----------------+-------+-----------------------------+-----------------------------+----------------------------+-----------------------------+
+-------+------------------+----------------+--------+-----------------------------+-----------------------------+-----------------------------+-----------------------------+
| Epoch | training time(s) | tesing time(s) |  Loss  |            recall           |             ndcg            |          precision          |          hit_ratio          |
+-------+------------------+----------------+--------+-----------------------------+-----------------------------+-----------------------------+-----------------------------+
|   10  |       191        |       0        | 392.78 | [0.03696, 0.06323, 0.12286] | [0.04245, 0.05191, 0.07403] | [0.03371, 0.02898, 0.02283] | [0.26118, 0.38837, 0.59107] |
+-------+------------------+----------------+--------+-----------------------------+-----------------------------+-----------------------------+-----------------------------+
+-------+------------------+----------------+--------+---------------------------+-----------------------------+-----------------------------+-----------------------------+
| Epoch | training time(s) | tesing time(s) |  Loss  |           recall          |             ndcg            |          precision          |          hit_ratio          |
+-------+------------------+----------------+--------+---------------------------+-----------------------------+-----------------------------+-----------------------------+
|   11  |       190        |       0        | 390.87 | [0.03715, 0.06384, 0.124] | [0.04267, 0.05235, 0.07462] | [0.03387, 0.02927, 0.02302] | [0.26238, 0.39147, 0.59391] |
+-------+------------------+----------------+--------+---------------------------+-----------------------------+-----------------------------+-----------------------------+
+-------+------------------+----------------+--------+-----------------------------+-----------------------------+-----------------------------+-----------------------------+
| Epoch | training time(s) | tesing time(s) |  Loss  |            recall           |             ndcg            |          precision          |          hit_ratio          |
+-------+------------------+----------------+--------+-----------------------------+-----------------------------+-----------------------------+-----------------------------+
|   12  |       191        |       0        | 388.81 | [0.03744, 0.06442, 0.12472] | [0.04295, 0.05277, 0.07511] | [0.03408, 0.02949, 0.02316] | [0.26396, 0.39349, 0.59552] |
+-------+------------------+----------------+--------+-----------------------------+-----------------------------+-----------------------------+-----------------------------+
+-------+------------------+----------------+--------+----------------------------+---------------------------+-----------------------------+-----------------------------+
| Epoch | training time(s) | tesing time(s) |  Loss  |           recall           |            ndcg           |          precision          |          hit_ratio          |
+-------+------------------+----------------+--------+----------------------------+---------------------------+-----------------------------+-----------------------------+
|   13  |       190        |       0        | 387.05 | [0.0378, 0.06477, 0.12552] | [0.0434, 0.05317, 0.0757] | [0.03438, 0.02963, 0.02329] | [0.26607, 0.39447, 0.59701] |
+-------+------------------+----------------+--------+----------------------------+---------------------------+-----------------------------+-----------------------------+
+-------+------------------+----------------+--------+-----------------------------+-----------------------------+-----------------------------+-----------------------------+
| Epoch | training time(s) | tesing time(s) |  Loss  |            recall           |             ndcg            |          precision          |          hit_ratio          |
+-------+------------------+----------------+--------+-----------------------------+-----------------------------+-----------------------------+-----------------------------+
|   14  |       192        |       0        | 385.18 | [0.03822, 0.06541, 0.12636] | [0.04374, 0.05361, 0.07621] | [0.03465, 0.02987, 0.02343] | [0.26832, 0.39804, 0.59909] |
+-------+------------------+----------------+--------+-----------------------------+-----------------------------+-----------------------------+-----------------------------+
+-------+------------------+----------------+--------+-----------------------------+----------------------------+-----------------------------+-----------------------------+
| Epoch | training time(s) | tesing time(s) |  Loss  |            recall           |            ndcg            |          precision          |          hit_ratio          |
+-------+------------------+----------------+--------+-----------------------------+----------------------------+-----------------------------+-----------------------------+
|   15  |       190        |       0        | 383.41 | [0.03853, 0.06569, 0.12709] | [0.0441, 0.05387, 0.07668] | [0.03497, 0.02995, 0.02355] | [0.27113, 0.39788, 0.60114] |
+-------+------------------+----------------+--------+-----------------------------+----------------------------+-----------------------------+-----------------------------+
+-------+------------------+----------------+--------+-----------------------------+-----------------------------+----------------------------+-----------------------------+
| Epoch | training time(s) | tesing time(s) |  Loss  |            recall           |             ndcg            |         precision          |          hit_ratio          |
+-------+------------------+----------------+--------+-----------------------------+-----------------------------+----------------------------+-----------------------------+
|   16  |       190        |       0        | 381.46 | [0.03871, 0.06606, 0.12796] | [0.04441, 0.05426, 0.07725] | [0.03511, 0.0301, 0.02369] | [0.27274, 0.39943, 0.60241] |
+-------+------------------+----------------+--------+-----------------------------+-----------------------------+----------------------------+-----------------------------+
+-------+------------------+----------------+--------+-----------------------------+----------------------------+--------------------------+----------------------------+
| Epoch | training time(s) | tesing time(s) |  Loss  |            recall           |            ndcg            |        precision         |         hit_ratio          |
+-------+------------------+----------------+--------+-----------------------------+----------------------------+--------------------------+----------------------------+
|   17  |       189        |       0        | 379.93 | [0.03894, 0.06658, 0.12872] | [0.04464, 0.0546, 0.07766] | [0.0353, 0.0303, 0.0238] | [0.2734, 0.40154, 0.60503] |
+-------+------------------+----------------+--------+-----------------------------+----------------------------+--------------------------+----------------------------+
+-------+------------------+----------------+--------+-----------------------------+-----------------------------+----------------------------+---------------------------+
| Epoch | training time(s) | tesing time(s) |  Loss  |            recall           |             ndcg            |         precision          |         hit_ratio         |
+-------+------------------+----------------+--------+-----------------------------+-----------------------------+----------------------------+---------------------------+
|   18  |       190        |       0        | 378.06 | [0.03919, 0.06712, 0.12933] | [0.04496, 0.05501, 0.07806] | [0.03554, 0.03053, 0.0239] | [0.27438, 0.404, 0.60642] |
+-------+------------------+----------------+--------+-----------------------------+-----------------------------+----------------------------+---------------------------+
+-------+------------------+----------------+--------+-----------------------------+-----------------------------+----------------------------+-----------------------------+
| Epoch | training time(s) | tesing time(s) |  Loss  |            recall           |             ndcg            |         precision          |          hit_ratio          |
+-------+------------------+----------------+--------+-----------------------------+-----------------------------+----------------------------+-----------------------------+
|   19  |       190        |       0        | 376.44 | [0.03931, 0.06729, 0.12936] | [0.04516, 0.05524, 0.07826] | [0.03563, 0.03062, 0.0239] | [0.27545, 0.40473, 0.60626] |
+-------+------------------+----------------+--------+-----------------------------+-----------------------------+----------------------------+-----------------------------+
+-------+------------------+----------------+-------+-----------------------------+-----------------------------+---------------------------+----------------------------+
| Epoch | training time(s) | tesing time(s) |  Loss |            recall           |             ndcg            |         precision         |         hit_ratio          |
+-------+------------------+----------------+-------+-----------------------------+-----------------------------+---------------------------+----------------------------+
|   20  |       191        |       0        | 374.6 | [0.03958, 0.06785, 0.13004] | [0.04538, 0.05554, 0.07861] | [0.03585, 0.03079, 0.024] | [0.2775, 0.40754, 0.60787] |
+-------+------------------+----------------+-------+-----------------------------+-----------------------------+---------------------------+----------------------------+
+-------+------------------+----------------+-------+----------------------------+-----------------------------+-----------------------------+----------------------------+
| Epoch | training time(s) | tesing time(s) |  Loss |           recall           |             ndcg            |          precision          |         hit_ratio          |
+-------+------------------+----------------+-------+----------------------------+-----------------------------+-----------------------------+----------------------------+
|   21  |       190        |       0        | 373.0 | [0.0399, 0.06811, 0.13084] | [0.04565, 0.05577, 0.07903] | [0.03609, 0.03091, 0.02412] | [0.2794, 0.40874, 0.61096] |
+-------+------------------+----------------+-------+----------------------------+-----------------------------+-----------------------------+----------------------------+
+-------+------------------+----------------+--------+----------------------------+-----------------------------+-----------------------------+----------------------------+
| Epoch | training time(s) | tesing time(s) |  Loss  |           recall           |             ndcg            |          precision          |         hit_ratio          |
+-------+------------------+----------------+--------+----------------------------+-----------------------------+-----------------------------+----------------------------+
|   22  |       192        |       0        | 371.29 | [0.04014, 0.06851, 0.1313] | [0.04591, 0.05606, 0.07933] | [0.03639, 0.03108, 0.02419] | [0.28069, 0.4106, 0.61128] |
+-------+------------------+----------------+--------+----------------------------+-----------------------------+-----------------------------+----------------------------+
+-------+------------------+----------------+--------+-----------------------------+-----------------------------+-----------------------------+-----------------------------+
| Epoch | training time(s) | tesing time(s) |  Loss  |            recall           |             ndcg            |          precision          |          hit_ratio          |
+-------+------------------+----------------+--------+-----------------------------+-----------------------------+-----------------------------+-----------------------------+
|   23  |       189        |       0        | 369.69 | [0.04016, 0.06877, 0.13186] | [0.04597, 0.05629, 0.07964] | [0.03636, 0.03122, 0.02428] | [0.28047, 0.41098, 0.61191] |
+-------+------------------+----------------+--------+-----------------------------+-----------------------------+-----------------------------+-----------------------------+
+-------+------------------+----------------+--------+-----------------------------+-----------------------------+-----------------------------+-----------------------------+
| Epoch | training time(s) | tesing time(s) |  Loss  |            recall           |             ndcg            |          precision          |          hit_ratio          |
+-------+------------------+----------------+--------+-----------------------------+-----------------------------+-----------------------------+-----------------------------+
|   24  |       186        |       0        | 367.82 | [0.04027, 0.06909, 0.13215] | [0.04614, 0.05652, 0.07988] | [0.03647, 0.03129, 0.02432] | [0.28139, 0.41209, 0.61286] |
+-------+------------------+----------------+--------+-----------------------------+-----------------------------+-----------------------------+-----------------------------+
+-------+------------------+----------------+--------+-----------------------------+-----------------------------+-----------------------------+-----------------------------+
| Epoch | training time(s) | tesing time(s) |  Loss  |            recall           |             ndcg            |          precision          |          hit_ratio          |
+-------+------------------+----------------+--------+-----------------------------+-----------------------------+-----------------------------+-----------------------------+
|   25  |       189        |       0        | 366.07 | [0.04055, 0.06937, 0.13241] | [0.04646, 0.05683, 0.08017] | [0.03663, 0.03141, 0.02437] | [0.28278, 0.41307, 0.61368] |
+-------+------------------+----------------+--------+-----------------------------+-----------------------------+-----------------------------+-----------------------------+
+-------+------------------+----------------+--------+-----------------------------+-----------------------------+-----------------------------+-----------------------------+
| Epoch | training time(s) | tesing time(s) |  Loss  |            recall           |             ndcg            |          precision          |          hit_ratio          |
+-------+------------------+----------------+--------+-----------------------------+-----------------------------+-----------------------------+-----------------------------+
|   26  |       185        |       0        | 364.54 | [0.04058, 0.06951, 0.13286] | [0.04653, 0.05695, 0.08041] | [0.03668, 0.03147, 0.02445] | [0.28357, 0.41341, 0.61485] |
+-------+------------------+----------------+--------+-----------------------------+-----------------------------+-----------------------------+-----------------------------+
+-------+------------------+----------------+--------+-----------------------------+----------------------------+-----------------------------+-----------------------------+
| Epoch | training time(s) | tesing time(s) |  Loss  |            recall           |            ndcg            |          precision          |          hit_ratio          |
+-------+------------------+----------------+--------+-----------------------------+----------------------------+-----------------------------+-----------------------------+
|   27  |       187        |       0        | 362.77 | [0.04094, 0.06966, 0.13314] | [0.04677, 0.0571, 0.08057] | [0.03696, 0.03157, 0.02448] | [0.28527, 0.41499, 0.61513] |
+-------+------------------+----------------+--------+-----------------------------+----------------------------+-----------------------------+-----------------------------+
+-------+------------------+----------------+--------+-----------------------------+-----------------------------+-----------------------------+-----------------------------+
| Epoch | training time(s) | tesing time(s) |  Loss  |            recall           |             ndcg            |          precision          |          hit_ratio          |
+-------+------------------+----------------+--------+-----------------------------+-----------------------------+-----------------------------+-----------------------------+
|   28  |       186        |       0        | 361.19 | [0.04097, 0.06981, 0.13367] | [0.04677, 0.05714, 0.08077] | [0.03698, 0.03158, 0.02454] | [0.28508, 0.41502, 0.61658] |
+-------+------------------+----------------+--------+-----------------------------+-----------------------------+-----------------------------+-----------------------------+
+-------+------------------+----------------+--------+-----------------------------+-----------------------------+-----------------------------+-----------------------------+
| Epoch | training time(s) | tesing time(s) |  Loss  |            recall           |             ndcg            |          precision          |          hit_ratio          |
+-------+------------------+----------------+--------+-----------------------------+-----------------------------+-----------------------------+-----------------------------+
|   29  |       152        |       0        | 359.72 | [0.04116, 0.06994, 0.13395] | [0.04701, 0.05731, 0.08102] | [0.03715, 0.03163, 0.02461] | [0.28612, 0.41547, 0.61731] |
+-------+------------------+----------------+--------+-----------------------------+-----------------------------+-----------------------------+-----------------------------+
+-------+------------------+----------------+--------+-----------------------------+----------------------------+---------------------------+-----------------------------+
| Epoch | training time(s) | tesing time(s) |  Loss  |            recall           |            ndcg            |         precision         |          hit_ratio          |
+-------+------------------+----------------+--------+-----------------------------+----------------------------+---------------------------+-----------------------------+
|   30  |       127        |       0        | 357.92 | [0.04124, 0.06995, 0.13405] | [0.0471, 0.05741, 0.08111] | [0.03725, 0.0317, 0.0246] | [0.28723, 0.41619, 0.61722] |
+-------+------------------+----------------+--------+-----------------------------+----------------------------+---------------------------+-----------------------------+
+-------+------------------+----------------+--------+-----------------------------+-----------------------------+-----------------------------+-----------------------------+
| Epoch | training time(s) | tesing time(s) |  Loss  |            recall           |             ndcg            |          precision          |          hit_ratio          |
+-------+------------------+----------------+--------+-----------------------------+-----------------------------+-----------------------------+-----------------------------+
|   31  |       128        |       0        | 356.38 | [0.04141, 0.07001, 0.13431] | [0.04721, 0.05747, 0.08129] | [0.03728, 0.03168, 0.02467] | [0.28796, 0.41575, 0.61769] |
+-------+------------------+----------------+--------+-----------------------------+-----------------------------+-----------------------------+-----------------------------+
+-------+------------------+----------------+--------+----------------------------+-----------------------------+-----------------------------+----------------------------+
| Epoch | training time(s) | tesing time(s) |  Loss  |           recall           |             ndcg            |          precision          |         hit_ratio          |
+-------+------------------+----------------+--------+----------------------------+-----------------------------+-----------------------------+----------------------------+
|   32  |       125        |       0        | 354.64 | [0.04153, 0.0701, 0.13427] | [0.04723, 0.05752, 0.08126] | [0.03735, 0.03175, 0.02463] | [0.28859, 0.4172, 0.61826] |
+-------+------------------+----------------+--------+----------------------------+-----------------------------+-----------------------------+----------------------------+
+-------+------------------+----------------+--------+----------------------------+-----------------------------+----------------------------+-----------------------------+
| Epoch | training time(s) | tesing time(s) |  Loss  |           recall           |             ndcg            |         precision          |          hit_ratio          |
+-------+------------------+----------------+--------+----------------------------+-----------------------------+----------------------------+-----------------------------+
|   33  |       126        |       0        | 353.12 | [0.04165, 0.0704, 0.13453] | [0.04746, 0.05782, 0.08154] | [0.0374, 0.03184, 0.02467] | [0.28856, 0.41765, 0.61785] |
+-------+------------------+----------------+--------+----------------------------+-----------------------------+----------------------------+-----------------------------+
+-------+------------------+----------------+--------+----------------------------+----------------------------+-----------------------------+-----------------------------+
| Epoch | training time(s) | tesing time(s) |  Loss  |           recall           |            ndcg            |          precision          |          hit_ratio          |
+-------+------------------+----------------+--------+----------------------------+----------------------------+-----------------------------+-----------------------------+
|   34  |       126        |       0        | 351.45 | [0.04177, 0.0704, 0.13455] | [0.0476, 0.05789, 0.08162] | [0.03751, 0.03188, 0.02469] | [0.28972, 0.41802, 0.61756] |
+-------+------------------+----------------+--------+----------------------------+----------------------------+-----------------------------+-----------------------------+
+-------+------------------+----------------+--------+-----------------------------+----------------------------+-----------------------------+-----------------------------+
| Epoch | training time(s) | tesing time(s) |  Loss  |            recall           |            ndcg            |          precision          |          hit_ratio          |
+-------+------------------+----------------+--------+-----------------------------+----------------------------+-----------------------------+-----------------------------+
|   35  |       126        |       0        | 349.81 | [0.04184, 0.07054, 0.13475] | [0.04759, 0.05795, 0.0817] | [0.03752, 0.03192, 0.02471] | [0.28969, 0.41881, 0.61835] |
+-------+------------------+----------------+--------+-----------------------------+----------------------------+-----------------------------+-----------------------------+
+-------+------------------+----------------+--------+-----------------------------+-----------------------------+----------------------------+-----------------------------+
| Epoch | training time(s) | tesing time(s) |  Loss  |            recall           |             ndcg            |         precision          |          hit_ratio          |
+-------+------------------+----------------+--------+-----------------------------+-----------------------------+----------------------------+-----------------------------+
|   36  |       127        |       0        | 348.14 | [0.04187, 0.07052, 0.13523] | [0.04773, 0.05804, 0.08197] | [0.0376, 0.03192, 0.02476] | [0.28966, 0.41866, 0.61993] |
+-------+------------------+----------------+--------+-----------------------------+-----------------------------+----------------------------+-----------------------------+
+-------+------------------+----------------+--------+-----------------------------+-----------------------------+----------------------------+-----------------------------+
| Epoch | training time(s) | tesing time(s) |  Loss  |            recall           |             ndcg            |         precision          |          hit_ratio          |
+-------+------------------+----------------+--------+-----------------------------+-----------------------------+----------------------------+-----------------------------+
|   37  |       127        |       0        | 346.61 | [0.04187, 0.07078, 0.13529] | [0.04772, 0.05811, 0.08198] | [0.03767, 0.03202, 0.0248] | [0.28976, 0.42014, 0.61933] |
+-------+------------------+----------------+--------+-----------------------------+-----------------------------+----------------------------+-----------------------------+
+-------+------------------+----------------+--------+---------------------------+----------------------------+-----------------------------+-----------------------------+
| Epoch | training time(s) | tesing time(s) |  Loss  |           recall          |            ndcg            |          precision          |          hit_ratio          |
+-------+------------------+----------------+--------+---------------------------+----------------------------+-----------------------------+-----------------------------+
|   38  |       126        |       0        | 345.19 | [0.04189, 0.0709, 0.1355] | [0.04786, 0.05829, 0.0822] | [0.03763, 0.03203, 0.02484] | [0.28963, 0.42058, 0.61962] |
+-------+------------------+----------------+--------+---------------------------+----------------------------+-----------------------------+-----------------------------+
+-------+------------------+----------------+-------+----------------------------+-----------------------------+-----------------------------+-----------------------------+
| Epoch | training time(s) | tesing time(s) |  Loss |           recall           |             ndcg            |          precision          |          hit_ratio          |
+-------+------------------+----------------+-------+----------------------------+-----------------------------+-----------------------------+-----------------------------+
|   39  |       127        |       0        | 343.5 | [0.0421, 0.07092, 0.13555] | [0.04801, 0.05832, 0.08224] | [0.03786, 0.03206, 0.02484] | [0.29118, 0.42005, 0.62006] |
+-------+------------------+----------------+-------+----------------------------+-----------------------------+-----------------------------+-----------------------------+
+-------+------------------+----------------+--------+-----------------------------+----------------------------+-----------------------------+-----------------------------+
| Epoch | training time(s) | tesing time(s) |  Loss  |            recall           |            ndcg            |          precision          |          hit_ratio          |
+-------+------------------+----------------+--------+-----------------------------+----------------------------+-----------------------------+-----------------------------+
|   40  |       125        |       0        | 341.98 | [0.04204, 0.07091, 0.13531] | [0.04807, 0.0584, 0.08221] | [0.03778, 0.03204, 0.02476] | [0.29092, 0.42055, 0.61946] |
+-------+------------------+----------------+--------+-----------------------------+----------------------------+-----------------------------+-----------------------------+
+-------+------------------+----------------+--------+-----------------------------+-----------------------------+-----------------------------+-----------------------------+
| Epoch | training time(s) | tesing time(s) |  Loss  |            recall           |             ndcg            |          precision          |          hit_ratio          |
+-------+------------------+----------------+--------+-----------------------------+-----------------------------+-----------------------------+-----------------------------+
|   41  |       125        |       0        | 340.28 | [0.04197, 0.07088, 0.13544] | [0.04795, 0.05835, 0.08219] | [0.03775, 0.03211, 0.02479] | [0.29029, 0.42055, 0.61977] |
+-------+------------------+----------------+--------+-----------------------------+-----------------------------+-----------------------------+-----------------------------+
+-------+------------------+----------------+--------+-----------------------------+-----------------------------+-----------------------------+----------------------------+
| Epoch | training time(s) | tesing time(s) |  Loss  |            recall           |             ndcg            |          precision          |         hit_ratio          |
+-------+------------------+----------------+--------+-----------------------------+-----------------------------+-----------------------------+----------------------------+
|   42  |       126        |       0        | 338.88 | [0.04217, 0.07099, 0.13546] | [0.04812, 0.05844, 0.08225] | [0.03789, 0.03212, 0.02477] | [0.29168, 0.4214, 0.61958] |
+-------+------------------+----------------+--------+-----------------------------+-----------------------------+-----------------------------+----------------------------+
+-------+------------------+----------------+--------+-----------------------------+-----------------------------+-----------------------------+-----------------------------+
| Epoch | training time(s) | tesing time(s) |  Loss  |            recall           |             ndcg            |          precision          |          hit_ratio          |
+-------+------------------+----------------+--------+-----------------------------+-----------------------------+-----------------------------+-----------------------------+
|   43  |       126        |       0        | 337.16 | [0.04209, 0.07098, 0.13552] | [0.04805, 0.05844, 0.08229] | [0.03777, 0.03208, 0.02477] | [0.29074, 0.42137, 0.61971] |
+-------+------------------+----------------+--------+-----------------------------+-----------------------------+-----------------------------+-----------------------------+
+-------+------------------+----------------+--------+-----------------------------+-----------------------------+----------------------------+-----------------------------+
| Epoch | training time(s) | tesing time(s) |  Loss  |            recall           |             ndcg            |         precision          |          hit_ratio          |
+-------+------------------+----------------+--------+-----------------------------+-----------------------------+----------------------------+-----------------------------+
|   44  |       127        |       0        | 335.92 | [0.04219, 0.07123, 0.13555] | [0.04818, 0.05861, 0.08236] | [0.03789, 0.0322, 0.02478] | [0.29168, 0.42162, 0.61965] |
+-------+------------------+----------------+--------+-----------------------------+-----------------------------+----------------------------+-----------------------------+
+-------+------------------+----------------+--------+-----------------------------+----------------------------+-----------------------------+-----------------------------+
| Epoch | training time(s) | tesing time(s) |  Loss  |            recall           |            ndcg            |          precision          |          hit_ratio          |
+-------+------------------+----------------+--------+-----------------------------+----------------------------+-----------------------------+-----------------------------+
|   45  |       127        |       0        | 334.41 | [0.04223, 0.07114, 0.13557] | [0.04824, 0.0586, 0.08238] | [0.03792, 0.03219, 0.02478] | [0.29143, 0.42229, 0.62034] |
+-------+------------------+----------------+--------+-----------------------------+----------------------------+-----------------------------+-----------------------------+
+-------+------------------+----------------+--------+-----------------------------+-----------------------------+-----------------------------+-----------------------------+
| Epoch | training time(s) | tesing time(s) |  Loss  |            recall           |             ndcg            |          precision          |          hit_ratio          |
+-------+------------------+----------------+--------+-----------------------------+-----------------------------+-----------------------------+-----------------------------+
|   46  |       127        |       0        | 332.84 | [0.04203, 0.07132, 0.13568] | [0.04815, 0.05866, 0.08242] | [0.03785, 0.03222, 0.02478] | [0.29105, 0.42276, 0.61996] |
+-------+------------------+----------------+--------+-----------------------------+-----------------------------+-----------------------------+-----------------------------+
+-------+------------------+----------------+-------+-----------------------------+----------------------------+----------------------------+-----------------------------+
| Epoch | training time(s) | tesing time(s) |  Loss |            recall           |            ndcg            |         precision          |          hit_ratio          |
+-------+------------------+----------------+-------+-----------------------------+----------------------------+----------------------------+-----------------------------+
|   47  |       126        |       0        | 331.2 | [0.04207, 0.07124, 0.13588] | [0.04814, 0.05864, 0.0825] | [0.03781, 0.03221, 0.0248] | [0.29067, 0.42241, 0.62088] |
+-------+------------------+----------------+-------+-----------------------------+----------------------------+----------------------------+-----------------------------+
+-------+------------------+----------------+--------+-----------------------------+-----------------------------+-----------------------------+-----------------------------+
| Epoch | training time(s) | tesing time(s) |  Loss  |            recall           |             ndcg            |          precision          |          hit_ratio          |
+-------+------------------+----------------+--------+-----------------------------+-----------------------------+-----------------------------+-----------------------------+
|   48  |       126        |       0        | 329.81 | [0.04214, 0.07129, 0.13587] | [0.04822, 0.05867, 0.08252] | [0.03785, 0.03216, 0.02476] | [0.29096, 0.42251, 0.61968] |
+-------+------------------+----------------+--------+-----------------------------+-----------------------------+-----------------------------+-----------------------------+
+-------+------------------+----------------+--------+-----------------------------+----------------------------+-----------------------------+-----------------------------+
| Epoch | training time(s) | tesing time(s) |  Loss  |            recall           |            ndcg            |          precision          |          hit_ratio          |
+-------+------------------+----------------+--------+-----------------------------+----------------------------+-----------------------------+-----------------------------+
|   49  |       126        |       0        | 328.22 | [0.04204, 0.07139, 0.13597] | [0.04816, 0.0587, 0.08253] | [0.03785, 0.03223, 0.02479] | [0.29064, 0.42279, 0.61977] |
+-------+------------------+----------------+--------+-----------------------------+----------------------------+-----------------------------+-----------------------------+
+-------+------------------+----------------+-------+-----------------------------+-----------------------------+-----------------------------+-----------------------------+
| Epoch | training time(s) | tesing time(s) |  Loss |            recall           |             ndcg            |          precision          |          hit_ratio          |
+-------+------------------+----------------+-------+-----------------------------+-----------------------------+-----------------------------+-----------------------------+
|   50  |       127        |       0        | 326.9 | [0.04212, 0.07124, 0.13586] | [0.04822, 0.05867, 0.08254] | [0.03783, 0.03217, 0.02477] | [0.29017, 0.42248, 0.61984] |
+-------+------------------+----------------+-------+-----------------------------+-----------------------------+-----------------------------+-----------------------------+
+-------+------------------+----------------+--------+----------------------------+-----------------------------+----------------------------+-----------------------------+
| Epoch | training time(s) | tesing time(s) |  Loss  |           recall           |             ndcg            |         precision          |          hit_ratio          |
+-------+------------------+----------------+--------+----------------------------+-----------------------------+----------------------------+-----------------------------+
|   51  |       127        |       0        | 325.33 | [0.04203, 0.07135, 0.1356] | [0.04819, 0.05875, 0.08247] | [0.03777, 0.0322, 0.02474] | [0.29032, 0.42279, 0.61965] |
+-------+------------------+----------------+--------+----------------------------+-----------------------------+----------------------------+-----------------------------+
+-------+------------------+----------------+--------+----------------------------+-----------------------------+-----------------------------+-----------------------------+
| Epoch | training time(s) | tesing time(s) |  Loss  |           recall           |             ndcg            |          precision          |          hit_ratio          |
+-------+------------------+----------------+--------+----------------------------+-----------------------------+-----------------------------+-----------------------------+
|   52  |       128        |       0        | 323.83 | [0.04201, 0.0712, 0.13557] | [0.04816, 0.05866, 0.08244] | [0.03773, 0.03214, 0.02473] | [0.29045, 0.42207, 0.61924] |
+-------+------------------+----------------+--------+----------------------------+-----------------------------+-----------------------------+-----------------------------+
+-------+------------------+----------------+--------+-----------------------------+----------------------------+-----------------------------+-----------------------------+
| Epoch | training time(s) | tesing time(s) |  Loss  |            recall           |            ndcg            |          precision          |          hit_ratio          |
+-------+------------------+----------------+--------+-----------------------------+----------------------------+-----------------------------+-----------------------------+
|   53  |       125        |       0        | 322.29 | [0.04205, 0.07096, 0.13573] | [0.04825, 0.0586, 0.08251] | [0.03784, 0.03208, 0.02475] | [0.29121, 0.42191, 0.62044] |
+-------+------------------+----------------+--------+-----------------------------+----------------------------+-----------------------------+-----------------------------+
+-------+------------------+----------------+--------+-----------------------------+-----------------------------+-----------------------------+-----------------------------+
| Epoch | training time(s) | tesing time(s) |  Loss  |            recall           |             ndcg            |          precision          |          hit_ratio          |
+-------+------------------+----------------+--------+-----------------------------+-----------------------------+-----------------------------+-----------------------------+
|   54  |       126        |       0        | 321.28 | [0.04215, 0.07096, 0.13567] | [0.04828, 0.05857, 0.08247] | [0.03787, 0.03204, 0.02475] | [0.29089, 0.42077, 0.61974] |
+-------+------------------+----------------+--------+-----------------------------+-----------------------------+-----------------------------+-----------------------------+
+-------+------------------+----------------+--------+----------------------------+----------------------------+-----------------------------+----------------------------+
| Epoch | training time(s) | tesing time(s) |  Loss  |           recall           |            ndcg            |          precision          |         hit_ratio          |
+-------+------------------+----------------+--------+----------------------------+----------------------------+-----------------------------+----------------------------+
|   55  |       126        |       0        | 319.66 | [0.0421, 0.07083, 0.13574] | [0.04814, 0.05842, 0.0824] | [0.03774, 0.03195, 0.02472] | [0.29014, 0.42065, 0.6199] |
+-------+------------------+----------------+--------+----------------------------+----------------------------+-----------------------------+----------------------------+
+-------+------------------+----------------+--------+-----------------------------+-----------------------------+----------------------------+-----------------------------+
| Epoch | training time(s) | tesing time(s) |  Loss  |            recall           |             ndcg            |         precision          |          hit_ratio          |
+-------+------------------+----------------+--------+-----------------------------+-----------------------------+----------------------------+-----------------------------+
|   56  |       126        |       0        | 318.32 | [0.04215, 0.07093, 0.13566] | [0.04828, 0.05855, 0.08245] | [0.03782, 0.03199, 0.0247] | [0.29086, 0.42121, 0.61842] |
+-------+------------------+----------------+--------+-----------------------------+-----------------------------+----------------------------+-----------------------------+
+-------+------------------+----------------+--------+----------------------------+-----------------------------+----------------------------+-----------------------------+
| Epoch | training time(s) | tesing time(s) |  Loss  |           recall           |             ndcg            |         precision          |          hit_ratio          |
+-------+------------------+----------------+--------+----------------------------+-----------------------------+----------------------------+-----------------------------+
|   57  |       126        |       0        | 316.79 | [0.04205, 0.0708, 0.13562] | [0.04826, 0.05855, 0.08247] | [0.03771, 0.03199, 0.0247] | [0.28991, 0.42023, 0.61873] |
+-------+------------------+----------------+--------+----------------------------+-----------------------------+----------------------------+-----------------------------+
+-------+------------------+----------------+--------+-----------------------------+-----------------------------+----------------------------+-----------------------------+
| Epoch | training time(s) | tesing time(s) |  Loss  |            recall           |             ndcg            |         precision          |          hit_ratio          |
+-------+------------------+----------------+--------+-----------------------------+-----------------------------+----------------------------+-----------------------------+
|   58  |       126        |       0        | 315.68 | [0.04203, 0.07073, 0.13558] | [0.04833, 0.05858, 0.08254] | [0.03771, 0.03192, 0.0247] | [0.29014, 0.42033, 0.61861] |
+-------+------------------+----------------+--------+-----------------------------+-----------------------------+----------------------------+-----------------------------+
+-------+------------------+----------------+--------+----------------------------+-----------------------------+----------------------------+-----------------------------+
| Epoch | training time(s) | tesing time(s) |  Loss  |           recall           |             ndcg            |         precision          |          hit_ratio          |
+-------+------------------+----------------+--------+----------------------------+-----------------------------+----------------------------+-----------------------------+
|   59  |       126        |       0        | 314.17 | [0.0419, 0.07076, 0.13534] | [0.04816, 0.05849, 0.08235] | [0.0376, 0.03192, 0.02466] | [0.28957, 0.42008, 0.61864] |
+-------+------------------+----------------+--------+----------------------------+-----------------------------+----------------------------+-----------------------------+
Early stopping is trigger at step: 10 log:0.07076
Sep-20-2024_09-32-46 end training ...
early stopping at 59, recall@20:0.0714
+-------+------------------+----------------+--------+-----------------------------+----------------------------+-----------------------------+-----------------------------+
| Epoch | training time(s) | tesing time(s) |  Loss  |            recall           |            ndcg            |          precision          |          hit_ratio          |
+-------+------------------+----------------+--------+-----------------------------+----------------------------+-----------------------------+-----------------------------+
|   49  |       126        |       0        | 328.22 | [0.04204, 0.07139, 0.13597] | [0.04816, 0.0587, 0.08253] | [0.03785, 0.03223, 0.02479] | [0.29064, 0.42279, 0.61977] |
+-------+------------------+----------------+--------+-----------------------------+----------------------------+-----------------------------+-----------------------------+
