Namespace(K=1, Ks='[10, 20, 50]', alpha=21.0, batch_size=2048, batch_test_flag=True, beta=0.1, context_hops=3, cuda=True, data_path='data/', dataset='ali', dim=64, edge_dropout=False, edge_dropout_rate=0.1, embedding0=False, epoch=1000, gamma=0.3, gnn='lightgcn', gpu_id=1, l2=0.001, lr=0.001, mess_dropout=False, mess_dropout_rate=0.1, model_ablation=1, n_negs=32, ns='hcns', out_dir='./weights/', p=-2, pool='mean', save=False, simi='ip', tau=1.0, test_batch_size=2048, test_flag='part', warmup=100, window_length=10)
reading train and test user-item set ...
building the adj mat ...
loading over ...
This is LightGCN_HCNS.py working...
Jun-23-2025_21-01-51 start training ...
+-------+------------------+----------------+--------+-----------------------------+-----------------------------+-----------------------------+-----------------------------+
| Epoch | training time(s) | tesing time(s) |  Loss  |            recall           |             ndcg            |          precision          |          hit_ratio          |
+-------+------------------+----------------+--------+-----------------------------+-----------------------------+-----------------------------+-----------------------------+
|   0   |        36        |       0        | 248.12 | [0.01291, 0.02271, 0.04359] | [0.00707, 0.00968, 0.01407] |  [0.00172, 0.0015, 0.00115] | [0.01674, 0.02853, 0.05372] |
|   0   |        36        |       0        | 248.12 | [0.00127, 0.00245, 0.00588] | [0.00064, 0.00094, 0.00164] | [0.00014, 0.00014, 0.00014] | [0.00136, 0.00266, 0.00681] |
+-------+------------------+----------------+--------+-----------------------------+-----------------------------+-----------------------------+-----------------------------+
+-------+------------------+----------------+--------+-----------------------------+-----------------------------+-----------------------------+-----------------------------+
| Epoch | training time(s) | tesing time(s) |  Loss  |            recall           |             ndcg            |          precision          |          hit_ratio          |
+-------+------------------+----------------+--------+-----------------------------+-----------------------------+-----------------------------+-----------------------------+
|   1   |        56        |       1        | 247.98 | [0.01892, 0.03376, 0.06703] |  [0.01009, 0.014, 0.02096]  | [0.00239, 0.00214, 0.00171] |  [0.02345, 0.0413, 0.08084] |
|   1   |        56        |       0        | 247.98 | [0.00262, 0.00435, 0.00961] | [0.00132, 0.00176, 0.00283] | [0.00028, 0.00024, 0.00022] | [0.00281, 0.00465, 0.01057] |
+-------+------------------+----------------+--------+-----------------------------+-----------------------------+-----------------------------+-----------------------------+
+-------+------------------+----------------+-------+-----------------------------+-----------------------------+-----------------------------+----------------------------+
| Epoch | training time(s) | tesing time(s) |  Loss |            recall           |             ndcg            |          precision          |         hit_ratio          |
+-------+------------------+----------------+-------+-----------------------------+-----------------------------+-----------------------------+----------------------------+
|   2   |        62        |       1        | 247.9 |  [0.0286, 0.04699, 0.08326] | [0.01549, 0.02035, 0.02788] |  [0.00351, 0.0029, 0.00209] | [0.0344, 0.0562, 0.09871]  |
|   2   |        62        |       1        | 247.9 | [0.00404, 0.00673, 0.01455] | [0.00218, 0.00287, 0.00444] | [0.00043, 0.00036, 0.00032] | [0.00429, 0.00718, 0.0158] |
+-------+------------------+----------------+-------+-----------------------------+-----------------------------+-----------------------------+----------------------------+
+-------+------------------+----------------+--------+-----------------------------+-----------------------------+-----------------------------+-----------------------------+
| Epoch | training time(s) | tesing time(s) |  Loss  |            recall           |             ndcg            |          precision          |          hit_ratio          |
+-------+------------------+----------------+--------+-----------------------------+-----------------------------+-----------------------------+-----------------------------+
|   3   |        62        |       1        | 247.79 | [0.03566, 0.05614, 0.09588] | [0.01913, 0.02453, 0.03281] |  [0.00427, 0.0034, 0.00237] |  [0.04199, 0.0661, 0.11265] |
|   3   |        62        |       1        | 247.79 | [0.00536, 0.00895, 0.01863] |  [0.0028, 0.00372, 0.00567] | [0.00056, 0.00048, 0.00041] | [0.00563, 0.00955, 0.02026] |
+-------+------------------+----------------+--------+-----------------------------+-----------------------------+-----------------------------+-----------------------------+
+-------+------------------+----------------+--------+-----------------------------+-----------------------------+-----------------------------+-----------------------------+
| Epoch | training time(s) | tesing time(s) |  Loss  |            recall           |             ndcg            |          precision          |          hit_ratio          |
+-------+------------------+----------------+--------+-----------------------------+-----------------------------+-----------------------------+-----------------------------+
|   4   |        63        |       1        | 247.58 | [0.04168, 0.06337, 0.10527] |  [0.02276, 0.02846, 0.0372] |  [0.00493, 0.0038, 0.00259] | [0.04858, 0.07384, 0.12284] |
|   4   |        63        |       1        | 247.58 | [0.00638, 0.01065, 0.02174] | [0.00324, 0.00434, 0.00657] | [0.00067, 0.00057, 0.00048] | [0.00672, 0.01129, 0.02355] |
+-------+------------------+----------------+--------+-----------------------------+-----------------------------+-----------------------------+-----------------------------+
+-------+------------------+----------------+--------+-----------------------------+-----------------------------+-----------------------------+-----------------------------+
| Epoch | training time(s) | tesing time(s) |  Loss  |            recall           |             ndcg            |          precision          |          hit_ratio          |
+-------+------------------+----------------+--------+-----------------------------+-----------------------------+-----------------------------+-----------------------------+
|   5   |        62        |       1        | 247.24 | [0.04589, 0.06894, 0.11126] | [0.02498, 0.03102, 0.03985] |  [0.00541, 0.0041, 0.00272] |  [0.05322, 0.0799, 0.1295]  |
|   5   |        62        |       1        | 247.24 | [0.00717, 0.01231, 0.02478] | [0.00367, 0.00498, 0.00747] | [0.00076, 0.00066, 0.00054] | [0.00755, 0.01306, 0.02675] |
+-------+------------------+----------------+--------+-----------------------------+-----------------------------+-----------------------------+-----------------------------+
+-------+------------------+----------------+--------+-----------------------------+-----------------------------+-----------------------------+-----------------------------+
| Epoch | training time(s) | tesing time(s) |  Loss  |            recall           |             ndcg            |          precision          |          hit_ratio          |
+-------+------------------+----------------+--------+-----------------------------+-----------------------------+-----------------------------+-----------------------------+
|   6   |        62        |       1        | 246.85 | [0.04875, 0.07249, 0.11649] |  [0.02679, 0.03305, 0.0422] | [0.00573, 0.00431, 0.00284] | [0.05634, 0.08397, 0.13525] |
|   6   |        62        |       1        | 246.85 | [0.00795, 0.01372, 0.02681] | [0.00402, 0.00549, 0.00811] | [0.00084, 0.00073, 0.00058] | [0.00838, 0.01454, 0.02887] |
+-------+------------------+----------------+--------+-----------------------------+-----------------------------+-----------------------------+-----------------------------+
+-------+------------------+----------------+--------+-----------------------------+-----------------------------+-----------------------------+-----------------------------+
| Epoch | training time(s) | tesing time(s) |  Loss  |            recall           |             ndcg            |          precision          |          hit_ratio          |
+-------+------------------+----------------+--------+-----------------------------+-----------------------------+-----------------------------+-----------------------------+
|   7   |        62        |       1        | 246.47 | [0.05079, 0.07501, 0.11978] |  [0.02801, 0.03438, 0.0437] | [0.00596, 0.00445, 0.00291] | [0.05867, 0.08667, 0.13859] |
|   7   |        62        |       1        | 246.47 | [0.00885, 0.01501, 0.02858] | [0.00446, 0.00602, 0.00874] |  [0.00094, 0.0008, 0.00062] |  [0.00932, 0.01587, 0.0308] |
+-------+------------------+----------------+--------+-----------------------------+-----------------------------+-----------------------------+-----------------------------+
+-------+------------------+----------------+--------+-----------------------------+-----------------------------+-----------------------------+-----------------------------+
| Epoch | training time(s) | tesing time(s) |  Loss  |            recall           |             ndcg            |          precision          |          hit_ratio          |
+-------+------------------+----------------+--------+-----------------------------+-----------------------------+-----------------------------+-----------------------------+
|   8   |        62        |       1        | 246.14 | [0.05227, 0.07679, 0.12083] | [0.02903, 0.03549, 0.04465] | [0.00613, 0.00455, 0.00293] | [0.06031, 0.08859, 0.13976] |
|   8   |        62        |       1        | 246.14 | [0.00971, 0.01566, 0.03045] | [0.00479, 0.00631, 0.00928] | [0.00102, 0.00084, 0.00066] | [0.01017, 0.01664, 0.03286] |
+-------+------------------+----------------+--------+-----------------------------+-----------------------------+-----------------------------+-----------------------------+
+-------+------------------+----------------+--------+-----------------------------+----------------------------+-----------------------------+-----------------------------+
| Epoch | training time(s) | tesing time(s) |  Loss  |            recall           |            ndcg            |          precision          |          hit_ratio          |
+-------+------------------+----------------+--------+-----------------------------+----------------------------+-----------------------------+-----------------------------+
|   9   |        63        |       1        | 245.86 | [0.05308, 0.07757, 0.12163] | [0.02945, 0.03593, 0.0451] |  [0.00621, 0.0046, 0.00295] | [0.06112, 0.08965, 0.14042] |
|   9   |        63        |       1        | 245.86 |  [0.0101, 0.01641, 0.03162] | [0.00498, 0.0066, 0.00965] | [0.00106, 0.00088, 0.00069] | [0.01054, 0.01744, 0.03406] |
+-------+------------------+----------------+--------+-----------------------------+----------------------------+-----------------------------+-----------------------------+
+-------+------------------+----------------+--------+-----------------------------+-----------------------------+-----------------------------+-----------------------------+
| Epoch | training time(s) | tesing time(s) |  Loss  |            recall           |             ndcg            |          precision          |          hit_ratio          |
+-------+------------------+----------------+--------+-----------------------------+-----------------------------+-----------------------------+-----------------------------+
|   10  |        62        |       1        | 245.63 | [0.05419, 0.07878, 0.12267] | [0.03012, 0.03663, 0.04576] | [0.00631, 0.00466, 0.00297] | [0.06219, 0.09084, 0.14144] |
|   10  |        62        |       0        | 245.63 |  [0.0103, 0.01722, 0.0324]  | [0.00517, 0.00693, 0.00999] | [0.00109, 0.00092, 0.00071] | [0.01083, 0.01828, 0.03498] |
+-------+------------------+----------------+--------+-----------------------------+-----------------------------+-----------------------------+-----------------------------+
+-------+------------------+----------------+--------+-----------------------------+-----------------------------+-----------------------------+-----------------------------+
| Epoch | training time(s) | tesing time(s) |  Loss  |            recall           |             ndcg            |          precision          |          hit_ratio          |
+-------+------------------+----------------+--------+-----------------------------+-----------------------------+-----------------------------+-----------------------------+
|   11  |        63        |       1        | 245.45 | [0.05539, 0.07968, 0.12254] | [0.03071, 0.03713, 0.04607] | [0.00645, 0.00472, 0.00297] | [0.06352, 0.09164, 0.14125] |
|   11  |        63        |       1        | 245.45 | [0.01046, 0.01777, 0.03293] | [0.00526, 0.00712, 0.01017] | [0.00111, 0.00095, 0.00072] | [0.01101, 0.01887, 0.03557] |
+-------+------------------+----------------+--------+-----------------------------+-----------------------------+-----------------------------+-----------------------------+
+-------+------------------+----------------+--------+----------------------------+-----------------------------+-----------------------------+-----------------------------+
| Epoch | training time(s) | tesing time(s) |  Loss  |           recall           |             ndcg            |          precision          |          hit_ratio          |
+-------+------------------+----------------+--------+----------------------------+-----------------------------+-----------------------------+-----------------------------+
|   12  |        62        |       1        | 245.32 | [0.05526, 0.0798, 0.12238] | [0.03078, 0.03728, 0.04616] | [0.00643, 0.00473, 0.00297] | [0.06339, 0.09196, 0.14106] |
|   12  |        62        |       1        | 245.32 | [0.01063, 0.01809, 0.0332] | [0.00532, 0.00722, 0.01027] | [0.00112, 0.00096, 0.00073] |  [0.01116, 0.0192, 0.03595] |
+-------+------------------+----------------+--------+----------------------------+-----------------------------+-----------------------------+-----------------------------+
+-------+------------------+----------------+--------+-----------------------------+-----------------------------+-----------------------------+-----------------------------+
| Epoch | training time(s) | tesing time(s) |  Loss  |            recall           |             ndcg            |          precision          |          hit_ratio          |
+-------+------------------+----------------+--------+-----------------------------+-----------------------------+-----------------------------+-----------------------------+
|   13  |        62        |       1        | 245.21 | [0.05556, 0.07974, 0.12204] |  [0.03101, 0.0374, 0.04623] | [0.00648, 0.00472, 0.00296] |  [0.06377, 0.09169, 0.1406] |
|   13  |        62        |       1        | 245.21 |   [0.011, 0.01847, 0.0338]  | [0.00547, 0.00736, 0.01045] | [0.00116, 0.00098, 0.00074] | [0.01159, 0.01956, 0.03665] |
+-------+------------------+----------------+--------+-----------------------------+-----------------------------+-----------------------------+-----------------------------+
+-------+------------------+----------------+--------+-----------------------------+-----------------------------+-----------------------------+-----------------------------+
| Epoch | training time(s) | tesing time(s) |  Loss  |            recall           |             ndcg            |          precision          |          hit_ratio          |
+-------+------------------+----------------+--------+-----------------------------+-----------------------------+-----------------------------+-----------------------------+
|   14  |        63        |       1        | 245.12 | [0.05568, 0.08013, 0.12201] |  [0.03114, 0.0376, 0.04635] |  [0.0065, 0.00475, 0.00296] | [0.06388, 0.09219, 0.14053] |
|   14  |        63        |       1        | 245.12 | [0.01113, 0.01855, 0.03417] | [0.00557, 0.00746, 0.01061] | [0.00117, 0.00099, 0.00075] |  [0.0117, 0.01967, 0.03703] |
+-------+------------------+----------------+--------+-----------------------------+-----------------------------+-----------------------------+-----------------------------+
+-------+------------------+----------------+--------+-----------------------------+-----------------------------+-----------------------------+----------------------------+
| Epoch | training time(s) | tesing time(s) |  Loss  |            recall           |             ndcg            |          precision          |         hit_ratio          |
+-------+------------------+----------------+--------+-----------------------------+-----------------------------+-----------------------------+----------------------------+
|   15  |        62        |       1        | 245.05 |   [0.05612, 0.08, 0.12161]  | [0.03136, 0.03767, 0.04635] | [0.00654, 0.00474, 0.00294] | [0.06435, 0.092, 0.13988]  |
|   15  |        62        |       1        | 245.05 | [0.01128, 0.01859, 0.03451] | [0.00564, 0.00751, 0.01073] | [0.00119, 0.00099, 0.00076] | [0.01185, 0.0197, 0.03749] |
+-------+------------------+----------------+--------+-----------------------------+-----------------------------+-----------------------------+----------------------------+
+-------+------------------+----------------+-------+-----------------------------+-----------------------------+-----------------------------+-----------------------------+
| Epoch | training time(s) | tesing time(s) |  Loss |            recall           |             ndcg            |          precision          |          hit_ratio          |
+-------+------------------+----------------+-------+-----------------------------+-----------------------------+-----------------------------+-----------------------------+
|   16  |        62        |       1        | 245.0 | [0.05567, 0.07996, 0.12158] | [0.03113, 0.03754, 0.04623] | [0.00649, 0.00473, 0.00295] | [0.06381, 0.09191, 0.13987] |
|   16  |        62        |       1        | 245.0 | [0.01136, 0.01871, 0.03444] | [0.00568, 0.00756, 0.01074] |   [0.0012, 0.001, 0.00076]  | [0.01192, 0.01985, 0.03743] |
+-------+------------------+----------------+-------+-----------------------------+-----------------------------+-----------------------------+-----------------------------+
+-------+------------------+----------------+--------+-----------------------------+-----------------------------+----------------------------+-----------------------------+
| Epoch | training time(s) | tesing time(s) |  Loss  |            recall           |             ndcg            |         precision          |          hit_ratio          |
+-------+------------------+----------------+--------+-----------------------------+-----------------------------+----------------------------+-----------------------------+
|   17  |        62        |       1        | 244.95 |  [0.05561, 0.0795, 0.1206]  | [0.03127, 0.03757, 0.04616] | [0.00649, 0.0047, 0.00292] | [0.06383, 0.09135, 0.13882] |
|   17  |        62        |       1        | 244.95 | [0.01134, 0.01865, 0.03468] |  [0.0057, 0.00757, 0.01082] | [0.00119, 0.001, 0.00076]  |  [0.0119, 0.01983, 0.03776] |
+-------+------------------+----------------+--------+-----------------------------+-----------------------------+----------------------------+-----------------------------+
+-------+------------------+----------------+--------+-----------------------------+-----------------------------+----------------------------+-----------------------------+
| Epoch | training time(s) | tesing time(s) |  Loss  |            recall           |             ndcg            |         precision          |          hit_ratio          |
+-------+------------------+----------------+--------+-----------------------------+-----------------------------+----------------------------+-----------------------------+
|   18  |        62        |       1        | 244.92 | [0.05586, 0.07944, 0.12016] | [0.03138, 0.03761, 0.04612] | [0.00651, 0.0047, 0.00291] | [0.06401, 0.09134, 0.13838] |
|   18  |        62        |       1        | 244.92 | [0.01139, 0.01864, 0.03468] | [0.00571, 0.00756, 0.01081] |  [0.0012, 0.001, 0.00076]  |  [0.01197, 0.01977, 0.0378] |
+-------+------------------+----------------+--------+-----------------------------+-----------------------------+----------------------------+-----------------------------+
+-------+------------------+----------------+--------+-----------------------------+-----------------------------+----------------------------+-----------------------------+
| Epoch | training time(s) | tesing time(s) |  Loss  |            recall           |             ndcg            |         precision          |          hit_ratio          |
+-------+------------------+----------------+--------+-----------------------------+-----------------------------+----------------------------+-----------------------------+
|   19  |        62        |       1        | 244.88 |  [0.05557, 0.0792, 0.11971] | [0.03127, 0.03751, 0.04599] | [0.00649, 0.00469, 0.0029] | [0.06379, 0.09096, 0.13782] |
|   19  |        62        |       1        | 244.88 | [0.01138, 0.01864, 0.03487] |  [0.00574, 0.0076, 0.01088] |  [0.0012, 0.001, 0.00077]  |  [0.01195, 0.0198, 0.03804] |
+-------+------------------+----------------+--------+-----------------------------+-----------------------------+----------------------------+-----------------------------+
+-------+------------------+----------------+--------+-----------------------------+-----------------------------+-----------------------------+-----------------------------+
| Epoch | training time(s) | tesing time(s) |  Loss  |            recall           |             ndcg            |          precision          |          hit_ratio          |
+-------+------------------+----------------+--------+-----------------------------+-----------------------------+-----------------------------+-----------------------------+
|   20  |        63        |       1        | 244.86 | [0.05557, 0.07903, 0.11915] |  [0.03131, 0.03751, 0.0459] | [0.00648, 0.00468, 0.00289] |  [0.0637, 0.09077, 0.1371]  |
|   20  |        63        |       1        | 244.86 |  [0.01134, 0.01864, 0.0348] | [0.00575, 0.00762, 0.01088] |  [0.00119, 0.001, 0.00077]  | [0.01191, 0.01979, 0.03798] |
+-------+------------------+----------------+--------+-----------------------------+-----------------------------+-----------------------------+-----------------------------+
+-------+------------------+----------------+--------+-----------------------------+-----------------------------+-----------------------------+-----------------------------+
| Epoch | training time(s) | tesing time(s) |  Loss  |            recall           |             ndcg            |          precision          |          hit_ratio          |
+-------+------------------+----------------+--------+-----------------------------+-----------------------------+-----------------------------+-----------------------------+
|   21  |        62        |       1        | 244.84 | [0.05513, 0.07852, 0.11839] |  [0.0311, 0.03728, 0.04562] | [0.00644, 0.00465, 0.00287] | [0.06329, 0.09019, 0.13613] |
|   21  |        62        |       1        | 244.84 | [0.01132, 0.01841, 0.03459] | [0.00572, 0.00753, 0.01081] | [0.00119, 0.00099, 0.00076] |  [0.01191, 0.01956, 0.0378] |
+-------+------------------+----------------+--------+-----------------------------+-----------------------------+-----------------------------+-----------------------------+
+-------+------------------+----------------+--------+-----------------------------+-----------------------------+-----------------------------+-----------------------------+
| Epoch | training time(s) | tesing time(s) |  Loss  |            recall           |             ndcg            |          precision          |          hit_ratio          |
+-------+------------------+----------------+--------+-----------------------------+-----------------------------+-----------------------------+-----------------------------+
|   22  |        62        |       1        | 244.82 | [0.05503, 0.07823, 0.11771] |  [0.03107, 0.0372, 0.04546] | [0.00642, 0.00463, 0.00285] | [0.06314, 0.08978, 0.13544] |
|   22  |        62        |       1        | 244.82 |  [0.01122, 0.01852, 0.0347] | [0.00564, 0.00751, 0.01078] | [0.00118, 0.00099, 0.00077] |  [0.01175, 0.0197, 0.03792] |
+-------+------------------+----------------+--------+-----------------------------+-----------------------------+-----------------------------+-----------------------------+
+-------+------------------+----------------+-------+-----------------------------+-----------------------------+-----------------------------+----------------------------+
| Epoch | training time(s) | tesing time(s) |  Loss |            recall           |             ndcg            |          precision          |         hit_ratio          |
+-------+------------------+----------------+-------+-----------------------------+-----------------------------+-----------------------------+----------------------------+
|   23  |        62        |       1        | 244.8 |  [0.0552, 0.07839, 0.11767] | [0.03119, 0.03731, 0.04552] | [0.00644, 0.00464, 0.00286] | [0.06328, 0.09001, 0.1355] |
|   23  |        62        |       1        | 244.8 | [0.01123, 0.01863, 0.03466] | [0.00564, 0.00753, 0.01077] |  [0.00118, 0.001, 0.00077]  | [0.01176, 0.0198, 0.0379]  |
+-------+------------------+----------------+-------+-----------------------------+-----------------------------+-----------------------------+----------------------------+
+-------+------------------+----------------+--------+-----------------------------+----------------------------+-----------------------------+-----------------------------+
| Epoch | training time(s) | tesing time(s) |  Loss  |            recall           |            ndcg            |          precision          |          hit_ratio          |
+-------+------------------+----------------+--------+-----------------------------+----------------------------+-----------------------------+-----------------------------+
|   24  |        62        |       1        | 244.79 | [0.05482, 0.07858, 0.11688] | [0.031, 0.03726, 0.04526]  |  [0.0064, 0.00465, 0.00283] | [0.06285, 0.09029, 0.13456] |
|   24  |        62        |       1        | 244.79 | [0.01113, 0.01846, 0.03453] | [0.00562, 0.0075, 0.01075] | [0.00117, 0.00099, 0.00076] | [0.01169, 0.01964, 0.03778] |
+-------+------------------+----------------+--------+-----------------------------+----------------------------+-----------------------------+-----------------------------+
+-------+------------------+----------------+--------+-----------------------------+-----------------------------+-----------------------------+-----------------------------+
| Epoch | training time(s) | tesing time(s) |  Loss  |            recall           |             ndcg            |          precision          |          hit_ratio          |
+-------+------------------+----------------+--------+-----------------------------+-----------------------------+-----------------------------+-----------------------------+
|   25  |        62        |       1        | 244.78 | [0.05449, 0.07775, 0.11657] |  [0.03086, 0.037, 0.04512]  |  [0.00636, 0.0046, 0.00283] | [0.06245, 0.08938, 0.13429] |
|   25  |        62        |       1        | 244.78 | [0.01105, 0.01838, 0.03457] | [0.00561, 0.00749, 0.01076] | [0.00116, 0.00099, 0.00076] |  [0.0116, 0.01958, 0.03781] |
+-------+------------------+----------------+--------+-----------------------------+-----------------------------+-----------------------------+-----------------------------+
+-------+------------------+----------------+--------+-----------------------------+-----------------------------+-----------------------------+-----------------------------+
| Epoch | training time(s) | tesing time(s) |  Loss  |            recall           |             ndcg            |          precision          |          hit_ratio          |
+-------+------------------+----------------+--------+-----------------------------+-----------------------------+-----------------------------+-----------------------------+
|   26  |        61        |       1        | 244.77 | [0.05438, 0.07767, 0.11612] | [0.03087, 0.03701, 0.04505] |  [0.00635, 0.0046, 0.00282] | [0.06239, 0.08928, 0.13378] |
|   26  |        61        |       1        | 244.77 |   [0.011, 0.01826, 0.0347]  | [0.00558, 0.00744, 0.01077] | [0.00116, 0.00098, 0.00077] | [0.01154, 0.01945, 0.03799] |
+-------+------------------+----------------+--------+-----------------------------+-----------------------------+-----------------------------+-----------------------------+
Early stopping is trigger at step: 10 log:0.01826
Jun-23-2025_21-30-34 end training ...
early stopping at 26, recall@20:0.0187
+-------+------------------+----------------+-------+-----------------------------+-----------------------------+-----------------------------+-----------------------------+
| Epoch | training time(s) | tesing time(s) |  Loss |            recall           |             ndcg            |          precision          |          hit_ratio          |
+-------+------------------+----------------+-------+-----------------------------+-----------------------------+-----------------------------+-----------------------------+
|   16  |        62        |       1        | 245.0 | [0.05567, 0.07996, 0.12158] | [0.03113, 0.03754, 0.04623] | [0.00649, 0.00473, 0.00295] | [0.06381, 0.09191, 0.13987] |
+-------+------------------+----------------+-------+-----------------------------+-----------------------------+-----------------------------+-----------------------------+
