Namespace(K=1, Ks='[10, 20, 50]', alpha=21.0, batch_size=2048, batch_test_flag=True, beta=0.1, context_hops=3, cuda=True, data_path='data/', dataset='amazon', dim=64, edge_dropout=False, edge_dropout_rate=0.1, embedding0=False, epoch=1000, gamma=0.3, gnn='lightgcn', gpu_id=1, l2=0.001, lr=0.001, mess_dropout=False, mess_dropout_rate=0.1, model_ablation=1, n_negs=64, ns='hcns', out_dir='./weights/', p=-2, pool='mean', save=False, simi='ip', tau=1.0, test_batch_size=2048, test_flag='part', warmup=100, window_length=5)
reading train and test user-item set ...
building the adj mat ...
loading over ...
This is LightGCN_HCNS.py working...
Jun-23-2025_11-45-05 start training ...
+-------+------------------+----------------+--------+-----------------------------+-----------------------------+-----------------------------+-----------------------------+
| Epoch | training time(s) | tesing time(s) |  Loss  |            recall           |             ndcg            |          precision          |          hit_ratio          |
+-------+------------------+----------------+--------+-----------------------------+-----------------------------+-----------------------------+-----------------------------+
|   0   |       160        |       2        | 462.33 | [0.01581, 0.02572, 0.05284] | [0.00802, 0.01058, 0.01611] | [0.00181, 0.00148, 0.00123] | [0.01796, 0.02927, 0.06041] |
|   0   |       160        |       1        | 462.33 | [0.02898, 0.04333, 0.07078] | [0.01528, 0.01901, 0.02461] | [0.00344, 0.00256, 0.00167] | [0.03385, 0.05009, 0.08101] |
+-------+------------------+----------------+--------+-----------------------------+-----------------------------+-----------------------------+-----------------------------+
+-------+------------------+----------------+--------+-----------------------------+-----------------------------+-----------------------------+-----------------------------+
| Epoch | training time(s) | tesing time(s) |  Loss  |            recall           |             ndcg            |          precision          |          hit_ratio          |
+-------+------------------+----------------+--------+-----------------------------+-----------------------------+-----------------------------+-----------------------------+
|   1   |       165        |       1        | 462.31 |  [0.0202, 0.03171, 0.06076] | [0.01107, 0.01405, 0.01997] | [0.00231, 0.00182, 0.00141] | [0.02283, 0.03582, 0.06893] |
|   1   |       165        |       1        | 462.31 | [0.03335, 0.04971, 0.08037] | [0.01755, 0.02179, 0.02805] | [0.00391, 0.00291, 0.00188] | [0.03848, 0.05692, 0.09145] |
+-------+------------------+----------------+--------+-----------------------------+-----------------------------+-----------------------------+-----------------------------+
+-------+------------------+----------------+--------+-----------------------------+-----------------------------+-----------------------------+-----------------------------+
| Epoch | training time(s) | tesing time(s) |  Loss  |            recall           |             ndcg            |          precision          |          hit_ratio          |
+-------+------------------+----------------+--------+-----------------------------+-----------------------------+-----------------------------+-----------------------------+
|   2   |       159        |       2        | 462.24 | [0.02476, 0.03713, 0.06722] |  [0.01419, 0.0174, 0.02355] | [0.00283, 0.00214, 0.00157] |  [0.02788, 0.04191, 0.0761] |
|   2   |       159        |       1        | 462.24 | [0.03757, 0.05495, 0.08856] | [0.01997, 0.02446, 0.03133] | [0.00436, 0.00319, 0.00207] | [0.04285, 0.06244, 0.10045] |
+-------+------------------+----------------+--------+-----------------------------+-----------------------------+-----------------------------+-----------------------------+
+-------+------------------+----------------+--------+-----------------------------+----------------------------+-----------------------------+-----------------------------+
| Epoch | training time(s) | tesing time(s) |  Loss  |            recall           |            ndcg            |          precision          |          hit_ratio          |
+-------+------------------+----------------+--------+-----------------------------+----------------------------+-----------------------------+-----------------------------+
|   3   |       162        |       1        | 462.07 | [0.02754, 0.04127, 0.07166] | [0.01594, 0.0195, 0.02571] | [0.00313, 0.00237, 0.00166] | [0.03088, 0.04648, 0.08081] |
|   3   |       162        |       1        | 462.07 | [0.04064, 0.05945, 0.09546] | [0.0219, 0.02677, 0.03414] | [0.00469, 0.00344, 0.00223] | [0.04606, 0.06738, 0.10799] |
+-------+------------------+----------------+--------+-----------------------------+----------------------------+-----------------------------+-----------------------------+
+-------+------------------+----------------+--------+-----------------------------+-----------------------------+-----------------------------+-----------------------------+
| Epoch | training time(s) | tesing time(s) |  Loss  |            recall           |             ndcg            |          precision          |          hit_ratio          |
+-------+------------------+----------------+--------+-----------------------------+-----------------------------+-----------------------------+-----------------------------+
|   4   |       162        |       1        | 461.81 |  [0.02957, 0.04445, 0.0755] | [0.01707, 0.02093, 0.02727] | [0.00333, 0.00254, 0.00175] |  [0.03291, 0.0499, 0.08496] |
|   4   |       162        |       1        | 461.81 | [0.04225, 0.06311, 0.10023] | [0.02303, 0.02844, 0.03604] | [0.00487, 0.00364, 0.00234] | [0.04782, 0.07132, 0.11317] |
+-------+------------------+----------------+--------+-----------------------------+-----------------------------+-----------------------------+-----------------------------+
+-------+------------------+----------------+--------+-----------------------------+-----------------------------+-----------------------------+-----------------------------+
| Epoch | training time(s) | tesing time(s) |  Loss  |            recall           |             ndcg            |          precision          |          hit_ratio          |
+-------+------------------+----------------+--------+-----------------------------+-----------------------------+-----------------------------+-----------------------------+
|   5   |       159        |       1        | 461.51 |  [0.03099, 0.04677, 0.0787] | [0.01791, 0.02201, 0.02853] | [0.00348, 0.00267, 0.00182] | [0.03444, 0.05237, 0.08859] |
|   5   |       159        |       1        | 461.51 | [0.04425, 0.06511, 0.10303] | [0.02416, 0.02957, 0.03731] |  [0.00508, 0.00376, 0.0024] | [0.04987, 0.07349, 0.11616] |
+-------+------------------+----------------+--------+-----------------------------+-----------------------------+-----------------------------+-----------------------------+
+-------+------------------+----------------+--------+-----------------------------+-----------------------------+-----------------------------+-----------------------------+
| Epoch | training time(s) | tesing time(s) |  Loss  |            recall           |             ndcg            |          precision          |          hit_ratio          |
+-------+------------------+----------------+--------+-----------------------------+-----------------------------+-----------------------------+-----------------------------+
|   6   |       164        |       2        | 461.18 | [0.03192, 0.04816, 0.08019] |  [0.0184, 0.02262, 0.02918] | [0.00358, 0.00274, 0.00185] | [0.03542, 0.05385, 0.09016] |
|   6   |       164        |       2        | 461.18 |  [0.04525, 0.0663, 0.10545] | [0.02491, 0.03036, 0.03835] | [0.00517, 0.00381, 0.00245] | [0.05084, 0.07459, 0.11869] |
+-------+------------------+----------------+--------+-----------------------------+-----------------------------+-----------------------------+-----------------------------+
+-------+------------------+----------------+--------+-----------------------------+-----------------------------+-----------------------------+-----------------------------+
| Epoch | training time(s) | tesing time(s) |  Loss  |            recall           |             ndcg            |          precision          |          hit_ratio          |
+-------+------------------+----------------+--------+-----------------------------+-----------------------------+-----------------------------+-----------------------------+
|   7   |       161        |       2        | 460.85 | [0.03291, 0.04939, 0.08151] | [0.01898, 0.02325, 0.02982] |  [0.00369, 0.0028, 0.00187] | [0.03657, 0.05522, 0.09139] |
|   7   |       161        |       1        | 460.85 | [0.04605, 0.06715, 0.10726] |  [0.02544, 0.03091, 0.0391] | [0.00524, 0.00386, 0.00249] |  [0.05153, 0.07544, 0.1205] |
+-------+------------------+----------------+--------+-----------------------------+-----------------------------+-----------------------------+-----------------------------+
+-------+------------------+----------------+--------+-----------------------------+-----------------------------+-----------------------------+-----------------------------+
| Epoch | training time(s) | tesing time(s) |  Loss  |            recall           |             ndcg            |          precision          |          hit_ratio          |
+-------+------------------+----------------+--------+-----------------------------+-----------------------------+-----------------------------+-----------------------------+
|   8   |       160        |       2        | 460.53 | [0.03367, 0.05041, 0.08226] | [0.01934, 0.02368, 0.03018] | [0.00377, 0.00285, 0.00189] | [0.03734, 0.05623, 0.09204] |
|   8   |       160        |       1        | 460.53 |  [0.0461, 0.06771, 0.1082]  | [0.02567, 0.03127, 0.03954] | [0.00524, 0.00388, 0.00251] | [0.05158, 0.07589, 0.12141] |
+-------+------------------+----------------+--------+-----------------------------+-----------------------------+-----------------------------+-----------------------------+
+-------+------------------+----------------+--------+-----------------------------+-----------------------------+-----------------------------+-----------------------------+
| Epoch | training time(s) | tesing time(s) |  Loss  |            recall           |             ndcg            |          precision          |          hit_ratio          |
+-------+------------------+----------------+--------+-----------------------------+-----------------------------+-----------------------------+-----------------------------+
|   9   |       156        |       1        | 460.23 | [0.03401, 0.05096, 0.08253] | [0.01945, 0.02385, 0.03029] | [0.00378, 0.00288, 0.00189] | [0.03754, 0.05677, 0.09227] |
|   9   |       156        |       2        | 460.23 | [0.04644, 0.06835, 0.10861] | [0.02587, 0.03156, 0.03978] | [0.00527, 0.00391, 0.00251] | [0.05178, 0.07652, 0.12178] |
+-------+------------------+----------------+--------+-----------------------------+-----------------------------+-----------------------------+-----------------------------+
+-------+------------------+----------------+--------+-----------------------------+-----------------------------+----------------------------+-----------------------------+
| Epoch | training time(s) | tesing time(s) |  Loss  |            recall           |             ndcg            |         precision          |          hit_ratio          |
+-------+------------------+----------------+--------+-----------------------------+-----------------------------+----------------------------+-----------------------------+
|   10  |       157        |       1        | 459.95 | [0.03439, 0.05137, 0.08297] |  [0.01954, 0.02395, 0.0304] | [0.00382, 0.0029, 0.0019]  | [0.03788, 0.05718, 0.09267] |
|   10  |       157        |       2        | 459.95 | [0.04667, 0.06824, 0.10891] | [0.02606, 0.03166, 0.03998] | [0.00529, 0.0039, 0.00251] |  [0.05209, 0.07632, 0.1219] |
+-------+------------------+----------------+--------+-----------------------------+-----------------------------+----------------------------+-----------------------------+
+-------+------------------+----------------+--------+-----------------------------+-----------------------------+----------------------------+-----------------------------+
| Epoch | training time(s) | tesing time(s) |  Loss  |            recall           |             ndcg            |         precision          |          hit_ratio          |
+-------+------------------+----------------+--------+-----------------------------+-----------------------------+----------------------------+-----------------------------+
|   11  |       160        |       1        | 459.69 | [0.03485, 0.05151, 0.08323] |  [0.0198, 0.02412, 0.0306]  | [0.00387, 0.0029, 0.0019]  | [0.03845, 0.05731, 0.09291] |
|   11  |       160        |       1        | 459.69 | [0.04686, 0.06842, 0.10877] | [0.02608, 0.03166, 0.03992] | [0.00531, 0.0039, 0.00251] | [0.05226, 0.07643, 0.12176] |
+-------+------------------+----------------+--------+-----------------------------+-----------------------------+----------------------------+-----------------------------+
+-------+------------------+----------------+--------+-----------------------------+-----------------------------+-----------------------------+-----------------------------+
| Epoch | training time(s) | tesing time(s) |  Loss  |            recall           |             ndcg            |          precision          |          hit_ratio          |
+-------+------------------+----------------+--------+-----------------------------+-----------------------------+-----------------------------+-----------------------------+
|   12  |       159        |       1        | 459.47 |  [0.03484, 0.0518, 0.08311] | [0.01969, 0.02408, 0.03047] |  [0.00387, 0.00291, 0.0019] | [0.03836, 0.05756, 0.09278] |
|   12  |       159        |       1        | 459.47 | [0.04678, 0.06867, 0.10865] |  [0.02603, 0.0317, 0.03988] | [0.00529, 0.00391, 0.00251] |  [0.05208, 0.0767, 0.12164] |
+-------+------------------+----------------+--------+-----------------------------+-----------------------------+-----------------------------+-----------------------------+
+-------+------------------+----------------+--------+-----------------------------+-----------------------------+-----------------------------+-----------------------------+
| Epoch | training time(s) | tesing time(s) |  Loss  |            recall           |             ndcg            |          precision          |          hit_ratio          |
+-------+------------------+----------------+--------+-----------------------------+-----------------------------+-----------------------------+-----------------------------+
|   13  |       160        |       1        | 459.26 |  [0.03496, 0.0514, 0.08241] | [0.01964, 0.02391, 0.03025] | [0.00387, 0.00289, 0.00188] | [0.03842, 0.05704, 0.09201] |
|   13  |       160        |       1        | 459.26 | [0.04674, 0.06845, 0.10807] |  [0.0259, 0.03153, 0.03964] |  [0.00528, 0.0039, 0.00249] | [0.05205, 0.07642, 0.12095] |
+-------+------------------+----------------+--------+-----------------------------+-----------------------------+-----------------------------+-----------------------------+
+-------+------------------+----------------+--------+-----------------------------+-----------------------------+-----------------------------+-----------------------------+
| Epoch | training time(s) | tesing time(s) |  Loss  |            recall           |             ndcg            |          precision          |          hit_ratio          |
+-------+------------------+----------------+--------+-----------------------------+-----------------------------+-----------------------------+-----------------------------+
|   14  |       158        |       1        | 459.07 | [0.03483, 0.05148, 0.08208] | [0.01956, 0.02386, 0.03012] | [0.00385, 0.00289, 0.00187] | [0.03829, 0.05713, 0.09171] |
|   14  |       158        |       1        | 459.07 | [0.04661, 0.06851, 0.10725] | [0.02578, 0.03145, 0.03938] |  [0.00526, 0.0039, 0.00247] | [0.05186, 0.07648, 0.11995] |
+-------+------------------+----------------+--------+-----------------------------+-----------------------------+-----------------------------+-----------------------------+
+-------+------------------+----------------+--------+----------------------------+-----------------------------+-----------------------------+-----------------------------+
| Epoch | training time(s) | tesing time(s) |  Loss  |           recall           |             ndcg            |          precision          |          hit_ratio          |
+-------+------------------+----------------+--------+----------------------------+-----------------------------+-----------------------------+-----------------------------+
|   15  |       161        |       2        | 458.91 | [0.03447, 0.0513, 0.08149] | [0.01944, 0.02381, 0.02999] | [0.00381, 0.00288, 0.00186] | [0.03788, 0.05691, 0.09094] |
|   15  |       161        |       1        | 458.91 | [0.0464, 0.06842, 0.10701] |  [0.02571, 0.0314, 0.0393]  | [0.00524, 0.00388, 0.00246] | [0.05167, 0.07626, 0.11966] |
+-------+------------------+----------------+--------+----------------------------+-----------------------------+-----------------------------+-----------------------------+
+-------+------------------+----------------+--------+-----------------------------+-----------------------------+-----------------------------+-----------------------------+
| Epoch | training time(s) | tesing time(s) |  Loss  |            recall           |             ndcg            |          precision          |          hit_ratio          |
+-------+------------------+----------------+--------+-----------------------------+-----------------------------+-----------------------------+-----------------------------+
|   16  |       160        |       1        | 458.76 |  [0.0345, 0.0511, 0.08105]  | [0.01946, 0.02376, 0.02989] | [0.00381, 0.00286, 0.00185] | [0.03788, 0.05667, 0.09039] |
|   16  |       160        |       1        | 458.76 | [0.04627, 0.06777, 0.10616] | [0.02563, 0.03119, 0.03905] | [0.00522, 0.00384, 0.00244] | [0.05151, 0.07552, 0.11863] |
+-------+------------------+----------------+--------+-----------------------------+-----------------------------+-----------------------------+-----------------------------+
+-------+------------------+----------------+--------+-----------------------------+-----------------------------+-----------------------------+-----------------------------+
| Epoch | training time(s) | tesing time(s) |  Loss  |            recall           |             ndcg            |          precision          |          hit_ratio          |
+-------+------------------+----------------+--------+-----------------------------+-----------------------------+-----------------------------+-----------------------------+
|   17  |       161        |       1        | 458.64 | [0.03396, 0.05067, 0.08036] |  [0.01917, 0.0235, 0.02958] | [0.00376, 0.00284, 0.00183] | [0.03736, 0.05615, 0.08957] |
|   17  |       161        |       1        | 458.64 | [0.04594, 0.06738, 0.10526] | [0.02548, 0.03102, 0.03879] | [0.00518, 0.00382, 0.00242] | [0.05107, 0.07508, 0.11762] |
+-------+------------------+----------------+--------+-----------------------------+-----------------------------+-----------------------------+-----------------------------+
+-------+------------------+----------------+--------+-----------------------------+----------------------------+-----------------------------+-----------------------------+
| Epoch | training time(s) | tesing time(s) |  Loss  |            recall           |            ndcg            |          precision          |          hit_ratio          |
+-------+------------------+----------------+--------+-----------------------------+----------------------------+-----------------------------+-----------------------------+
|   18  |       160        |       2        | 458.53 | [0.03405, 0.05033, 0.07974] | [0.01908, 0.0233, 0.02932] | [0.00376, 0.00282, 0.00181] |  [0.03742, 0.0557, 0.08886] |
|   18  |       160        |       1        | 458.53 |  [0.0456, 0.06708, 0.10474] | [0.02535, 0.0309, 0.03862] |  [0.00514, 0.0038, 0.00241] | [0.05075, 0.07467, 0.11708] |
+-------+------------------+----------------+--------+-----------------------------+----------------------------+-----------------------------+-----------------------------+
+-------+------------------+----------------+--------+----------------------------+-----------------------------+----------------------------+-----------------------------+
| Epoch | training time(s) | tesing time(s) |  Loss  |           recall           |             ndcg            |         precision          |          hit_ratio          |
+-------+------------------+----------------+--------+----------------------------+-----------------------------+----------------------------+-----------------------------+
|   19  |       159        |       2        | 458.44 | [0.0338, 0.0502, 0.07932]  | [0.01893, 0.02317, 0.02913] | [0.00373, 0.00281, 0.0018] |  [0.0371, 0.05556, 0.08835] |
|   19  |       159        |       1        | 458.44 | [0.0454, 0.06664, 0.10415] | [0.02525, 0.03073, 0.03841] | [0.00512, 0.00377, 0.0024] | [0.05051, 0.07418, 0.11641] |
+-------+------------------+----------------+--------+----------------------------+-----------------------------+----------------------------+-----------------------------+
+-------+------------------+----------------+--------+----------------------------+-----------------------------+-----------------------------+-----------------------------+
| Epoch | training time(s) | tesing time(s) |  Loss  |           recall           |             ndcg            |          precision          |          hit_ratio          |
+-------+------------------+----------------+--------+----------------------------+-----------------------------+-----------------------------+-----------------------------+
|   20  |       156        |       1        | 458.35 | [0.03364, 0.04987, 0.0791] |  [0.01882, 0.02302, 0.029]  |  [0.00372, 0.00279, 0.0018] | [0.03695, 0.05523, 0.08812] |
|   20  |       156        |       1        | 458.35 | [0.04477, 0.0661, 0.10322] | [0.02496, 0.03048, 0.03808] | [0.00505, 0.00374, 0.00237] | [0.04982, 0.07362, 0.11532] |
+-------+------------------+----------------+--------+----------------------------+-----------------------------+-----------------------------+-----------------------------+
+-------+------------------+----------------+--------+----------------------------+-----------------------------+-----------------------------+-----------------------------+
| Epoch | training time(s) | tesing time(s) |  Loss  |           recall           |             ndcg            |          precision          |          hit_ratio          |
+-------+------------------+----------------+--------+----------------------------+-----------------------------+-----------------------------+-----------------------------+
|   21  |       160        |       2        | 458.28 | [0.03332, 0.04958, 0.0783] | [0.01867, 0.02287, 0.02875] | [0.00368, 0.00277, 0.00178] |  [0.03658, 0.05485, 0.0872] |
|   21  |       160        |       1        | 458.28 | [0.04457, 0.0657, 0.10262] |  [0.0248, 0.03027, 0.03782] | [0.00502, 0.00372, 0.00236] | [0.04958, 0.07318, 0.11455] |
+-------+------------------+----------------+--------+----------------------------+-----------------------------+-----------------------------+-----------------------------+
+-------+------------------+----------------+--------+-----------------------------+-----------------------------+-----------------------------+-----------------------------+
| Epoch | training time(s) | tesing time(s) |  Loss  |            recall           |             ndcg            |          precision          |          hit_ratio          |
+-------+------------------+----------------+--------+-----------------------------+-----------------------------+-----------------------------+-----------------------------+
|   22  |       164        |       2        | 458.21 | [0.03309, 0.04911, 0.07772] | [0.01854, 0.02268, 0.02854] | [0.00364, 0.00274, 0.00176] | [0.03624, 0.05428, 0.08645] |
|   22  |       164        |       1        | 458.21 | [0.04423, 0.06504, 0.10182] | [0.02461, 0.02999, 0.03752] | [0.00498, 0.00369, 0.00234] | [0.04918, 0.07247, 0.11366] |
+-------+------------------+----------------+--------+-----------------------------+-----------------------------+-----------------------------+-----------------------------+
Early stopping is trigger at step: 10 log:0.06504
Jun-23-2025_12-48-10 end training ...
early stopping at 22, recall@20:0.0687
+-------+------------------+----------------+--------+----------------------------+-----------------------------+----------------------------+-----------------------------+
| Epoch | training time(s) | tesing time(s) |  Loss  |           recall           |             ndcg            |         precision          |          hit_ratio          |
+-------+------------------+----------------+--------+----------------------------+-----------------------------+----------------------------+-----------------------------+
|   12  |       159        |       1        | 459.47 | [0.03484, 0.0518, 0.08311] | [0.01969, 0.02408, 0.03047] | [0.00387, 0.00291, 0.0019] | [0.03836, 0.05756, 0.09278] |
+-------+------------------+----------------+--------+----------------------------+-----------------------------+----------------------------+-----------------------------+
