Namespace(K=1, Ks='[10, 20, 50]', alpha=20.0, batch_size=2048, batch_test_flag=True, beta=0.1, context_hops=3, cuda=True, data_path='data/', dataset='yelp2018', dim=64, edge_dropout=False, edge_dropout_rate=0.1, embedding0=False, epoch=1000, gamma=0.3, gnn='lightgcn', gpu_id=0, l2=0.001, lr=0.001, mess_dropout=False, mess_dropout_rate=0.1, model_ablation=1, n_negs=64, ns='hcns', out_dir='./weights/', p=-2, pool='mean', save=False, simi='ip', tau=1.0, test_batch_size=2048, test_flag='part', warmup=100, window_length=5)
reading train and test user-item set ...
building the adj mat ...
loading over ...
This is LightGCN_HCNS.py working...
Jun-23-2025_11-24-07 start training ...
+-------+------------------+----------------+--------+-----------------------------+----------------------------+-----------------------------+-----------------------------+
| Epoch | training time(s) | tesing time(s) |  Loss  |            recall           |            ndcg            |          precision          |          hit_ratio          |
+-------+------------------+----------------+--------+-----------------------------+----------------------------+-----------------------------+-----------------------------+
|   0   |        93        |       0        | 418.63 | [0.02632, 0.04544, 0.08937] | [0.03061, 0.0374, 0.05363] | [0.02471, 0.02138, 0.01687] | [0.19692, 0.30122, 0.47177] |
+-------+------------------+----------------+--------+-----------------------------+----------------------------+-----------------------------+-----------------------------+
+-------+------------------+----------------+--------+-----------------------------+----------------------------+-----------------------------+-----------------------------+
| Epoch | training time(s) | tesing time(s) |  Loss  |            recall           |            ndcg            |          precision          |          hit_ratio          |
+-------+------------------+----------------+--------+-----------------------------+----------------------------+-----------------------------+-----------------------------+
|   1   |        95        |       0        | 418.54 | [0.02917, 0.04997, 0.09875] | [0.03362, 0.04103, 0.0591] | [0.02709, 0.02341, 0.01861] | [0.21438, 0.32588, 0.50698] |
+-------+------------------+----------------+--------+-----------------------------+----------------------------+-----------------------------+-----------------------------+
+-------+------------------+----------------+--------+----------------------------+-----------------------------+-----------------------------+----------------------------+
| Epoch | training time(s) | tesing time(s) |  Loss  |           recall           |             ndcg            |          precision          |         hit_ratio          |
+-------+------------------+----------------+--------+----------------------------+-----------------------------+-----------------------------+----------------------------+
|   2   |        96        |       0        | 418.44 | [0.03117, 0.05375, 0.1054] | [0.03592, 0.04402, 0.06315] | [0.02889, 0.02501, 0.01974] | [0.2279, 0.34439, 0.53265] |
+-------+------------------+----------------+--------+----------------------------+-----------------------------+-----------------------------+----------------------------+
+-------+------------------+----------------+--------+----------------------------+-----------------------------+-----------------------------+-----------------------------+
| Epoch | training time(s) | tesing time(s) |  Loss  |           recall           |             ndcg            |          precision          |          hit_ratio          |
+-------+------------------+----------------+--------+----------------------------+-----------------------------+-----------------------------+-----------------------------+
|   3   |        94        |       0        | 418.35 | [0.0328, 0.05666, 0.11054] | [0.03778, 0.04639, 0.06632] | [0.03017, 0.02622, 0.02059] | [0.23636, 0.35711, 0.55078] |
+-------+------------------+----------------+--------+----------------------------+-----------------------------+-----------------------------+-----------------------------+
+-------+------------------+----------------+--------+-----------------------------+--------------------------+-----------------------------+-----------------------------+
| Epoch | training time(s) | tesing time(s) |  Loss  |            recall           |           ndcg           |          precision          |          hit_ratio          |
+-------+------------------+----------------+--------+-----------------------------+--------------------------+-----------------------------+-----------------------------+
|   4   |        93        |       0        | 418.28 | [0.03407, 0.05852, 0.11385] | [0.0391, 0.0479, 0.0684] | [0.03115, 0.02689, 0.02114] | [0.24403, 0.36561, 0.55965] |
+-------+------------------+----------------+--------+-----------------------------+--------------------------+-----------------------------+-----------------------------+
+-------+------------------+----------------+--------+-----------------------------+----------------------------+---------------------------+-----------------------------+
| Epoch | training time(s) | tesing time(s) |  Loss  |            recall           |            ndcg            |         precision         |          hit_ratio          |
+-------+------------------+----------------+--------+-----------------------------+----------------------------+---------------------------+-----------------------------+
|   5   |        92        |       0        | 418.21 | [0.03495, 0.06035, 0.11673] | [0.0402, 0.04939, 0.07029] | [0.0319, 0.0276, 0.02165] | [0.24972, 0.37498, 0.56919] |
+-------+------------------+----------------+--------+-----------------------------+----------------------------+---------------------------+-----------------------------+
+-------+------------------+----------------+--------+-----------------------------+-----------------------------+-----------------------------+-----------------------------+
| Epoch | training time(s) | tesing time(s) |  Loss  |            recall           |             ndcg            |          precision          |          hit_ratio          |
+-------+------------------+----------------+--------+-----------------------------+-----------------------------+-----------------------------+-----------------------------+
|   6   |        92        |       0        | 418.16 | [0.03591, 0.06145, 0.11923] | [0.04123, 0.05042, 0.07184] | [0.03264, 0.02808, 0.02207] | [0.25464, 0.38013, 0.57626] |
+-------+------------------+----------------+--------+-----------------------------+-----------------------------+-----------------------------+-----------------------------+
+-------+------------------+----------------+-------+-----------------------------+-----------------------------+-----------------------------+-----------------------------+
| Epoch | training time(s) | tesing time(s) |  Loss |            recall           |             ndcg            |          precision          |          hit_ratio          |
+-------+------------------+----------------+-------+-----------------------------+-----------------------------+-----------------------------+-----------------------------+
|   7   |        93        |       0        | 418.1 | [0.03639, 0.06286, 0.12103] | [0.04201, 0.05161, 0.07312] | [0.03311, 0.02872, 0.02239] | [0.25808, 0.38629, 0.58081] |
+-------+------------------+----------------+-------+-----------------------------+-----------------------------+-----------------------------+-----------------------------+
+-------+------------------+----------------+--------+----------------------------+-----------------------------+---------------------------+-----------------------------+
| Epoch | training time(s) | tesing time(s) |  Loss  |           recall           |             ndcg            |         precision         |          hit_ratio          |
+-------+------------------+----------------+--------+----------------------------+-----------------------------+---------------------------+-----------------------------+
|   8   |        98        |       0        | 418.05 | [0.03701, 0.0638, 0.12281] | [0.04255, 0.05231, 0.07416] | [0.03356, 0.0291, 0.0227] | [0.26213, 0.39118, 0.58592] |
+-------+------------------+----------------+--------+----------------------------+-----------------------------+---------------------------+-----------------------------+
+-------+------------------+----------------+--------+-----------------------------+----------------------------+-----------------------------+----------------------------+
| Epoch | training time(s) | tesing time(s) |  Loss  |            recall           |            ndcg            |          precision          |         hit_ratio          |
+-------+------------------+----------------+--------+-----------------------------+----------------------------+-----------------------------+----------------------------+
|   9   |       118        |       0        | 418.01 | [0.03733, 0.06451, 0.12468] | [0.0431, 0.05303, 0.07528] | [0.03389, 0.02947, 0.02302] | [0.26446, 0.3945, 0.59148] |
+-------+------------------+----------------+--------+-----------------------------+----------------------------+-----------------------------+----------------------------+
+-------+------------------+----------------+--------+-----------------------------+-----------------------------+-----------------------------+-----------------------------+
| Epoch | training time(s) | tesing time(s) |  Loss  |            recall           |             ndcg            |          precision          |          hit_ratio          |
+-------+------------------+----------------+--------+-----------------------------+-----------------------------+-----------------------------+-----------------------------+
|   10  |       118        |       0        | 417.97 | [0.03798, 0.06535, 0.12583] | [0.04362, 0.05362, 0.07601] | [0.03438, 0.02983, 0.02324] | [0.26797, 0.39854, 0.59492] |
+-------+------------------+----------------+--------+-----------------------------+-----------------------------+-----------------------------+-----------------------------+
+-------+------------------+----------------+--------+----------------------------+-----------------------------+----------------------------+-----------------------------+
| Epoch | training time(s) | tesing time(s) |  Loss  |           recall           |             ndcg            |         precision          |          hit_ratio          |
+-------+------------------+----------------+--------+----------------------------+-----------------------------+----------------------------+-----------------------------+
|   11  |       119        |       0        | 417.93 | [0.03842, 0.06593, 0.1269] | [0.04407, 0.05415, 0.07675] | [0.03462, 0.03002, 0.0234] | [0.26929, 0.40132, 0.59814] |
+-------+------------------+----------------+--------+----------------------------+-----------------------------+----------------------------+-----------------------------+
+-------+------------------+----------------+--------+----------------------------+-----------------------------+-----------------------------+-----------------------------+
| Epoch | training time(s) | tesing time(s) |  Loss  |           recall           |             ndcg            |          precision          |          hit_ratio          |
+-------+------------------+----------------+--------+----------------------------+-----------------------------+-----------------------------+-----------------------------+
|   12  |       124        |       0        | 417.89 | [0.03879, 0.0667, 0.12796] | [0.04446, 0.05468, 0.07738] | [0.03492, 0.03031, 0.02358] | [0.27154, 0.40356, 0.60114] |
+-------+------------------+----------------+--------+----------------------------+-----------------------------+-----------------------------+-----------------------------+
+-------+------------------+----------------+--------+-----------------------------+----------------------------+-----------------------------+-----------------------------+
| Epoch | training time(s) | tesing time(s) |  Loss  |            recall           |            ndcg            |          precision          |          hit_ratio          |
+-------+------------------+----------------+--------+-----------------------------+----------------------------+-----------------------------+-----------------------------+
|   13  |       136        |       0        | 417.86 | [0.03905, 0.06744, 0.12893] | [0.04489, 0.05532, 0.0781] | [0.03516, 0.03064, 0.02377] | [0.27353, 0.40713, 0.60351] |
+-------+------------------+----------------+--------+-----------------------------+----------------------------+-----------------------------+-----------------------------+
+-------+------------------+----------------+--------+----------------------------+-----------------------------+-----------------------------+-----------------------------+
| Epoch | training time(s) | tesing time(s) |  Loss  |           recall           |             ndcg            |          precision          |          hit_ratio          |
+-------+------------------+----------------+--------+----------------------------+-----------------------------+-----------------------------+-----------------------------+
|   14  |       137        |       0        | 417.83 | [0.0396, 0.06777, 0.12998] | [0.04531, 0.05561, 0.07869] | [0.03557, 0.03074, 0.02394] | [0.27602, 0.40827, 0.60673] |
+-------+------------------+----------------+--------+----------------------------+-----------------------------+-----------------------------+-----------------------------+
+-------+------------------+----------------+-------+-----------------------------+-----------------------------+-----------------------------+---------------------------+
| Epoch | training time(s) | tesing time(s) |  Loss |            recall           |             ndcg            |          precision          |         hit_ratio         |
+-------+------------------+----------------+-------+-----------------------------+-----------------------------+-----------------------------+---------------------------+
|   15  |       137        |       0        | 417.8 | [0.03985, 0.06823, 0.13057] | [0.04557, 0.05599, 0.07909] | [0.03575, 0.03097, 0.02403] | [0.2776, 0.4101, 0.60815] |
+-------+------------------+----------------+-------+-----------------------------+-----------------------------+-----------------------------+---------------------------+
+-------+------------------+----------------+--------+----------------------------+-----------------------------+----------------------------+-----------------------------+
| Epoch | training time(s) | tesing time(s) |  Loss  |           recall           |             ndcg            |         precision          |          hit_ratio          |
+-------+------------------+----------------+--------+----------------------------+-----------------------------+----------------------------+-----------------------------+
|   16  |       138        |       0        | 417.78 | [0.04008, 0.06863, 0.1313] | [0.04575, 0.05623, 0.07947] | [0.03592, 0.0311, 0.02415] | [0.27858, 0.41092, 0.60983] |
+-------+------------------+----------------+--------+----------------------------+-----------------------------+----------------------------+-----------------------------+
+-------+------------------+----------------+--------+----------------------------+---------------------------+----------------------------+-----------------------------+
| Epoch | training time(s) | tesing time(s) |  Loss  |           recall           |            ndcg           |         precision          |          hit_ratio          |
+-------+------------------+----------------+--------+----------------------------+---------------------------+----------------------------+-----------------------------+
|   17  |       136        |       0        | 417.74 | [0.0405, 0.06953, 0.13256] | [0.04639, 0.057, 0.08036] | [0.03636, 0.03149, 0.0244] | [0.28114, 0.41553, 0.61283] |
+-------+------------------+----------------+--------+----------------------------+---------------------------+----------------------------+-----------------------------+
+-------+------------------+----------------+--------+-----------------------------+-----------------------------+-----------------------------+----------------------------+
| Epoch | training time(s) | tesing time(s) |  Loss  |            recall           |             ndcg            |          precision          |         hit_ratio          |
+-------+------------------+----------------+--------+-----------------------------+-----------------------------+-----------------------------+----------------------------+
|   18  |       136        |       0        | 417.72 | [0.04074, 0.06953, 0.13286] | [0.04669, 0.05713, 0.08063] | [0.03663, 0.03149, 0.02445] | [0.28284, 0.41559, 0.6133] |
+-------+------------------+----------------+--------+-----------------------------+-----------------------------+-----------------------------+----------------------------+
+-------+------------------+----------------+-------+----------------------------+-----------------------------+-----------------------------+-----------------------------+
| Epoch | training time(s) | tesing time(s) |  Loss |           recall           |             ndcg            |          precision          |          hit_ratio          |
+-------+------------------+----------------+-------+----------------------------+-----------------------------+-----------------------------+-----------------------------+
|   19  |       136        |       0        | 417.7 | [0.0409, 0.07002, 0.13348] | [0.04677, 0.05742, 0.08096] | [0.03666, 0.03171, 0.02457] | [0.28344, 0.41746, 0.61472] |
+-------+------------------+----------------+-------+----------------------------+-----------------------------+-----------------------------+-----------------------------+
+-------+------------------+----------------+--------+-----------------------------+-----------------------------+-----------------------------+-----------------------------+
| Epoch | training time(s) | tesing time(s) |  Loss  |            recall           |             ndcg            |          precision          |          hit_ratio          |
+-------+------------------+----------------+--------+-----------------------------+-----------------------------+-----------------------------+-----------------------------+
|   20  |       137        |       0        | 417.67 | [0.04111, 0.07041, 0.13399] | [0.04709, 0.05777, 0.08135] | [0.03689, 0.03187, 0.02467] | [0.28483, 0.41859, 0.61665] |
+-------+------------------+----------------+--------+-----------------------------+-----------------------------+-----------------------------+-----------------------------+
+-------+------------------+----------------+--------+-----------------------------+-----------------------------+-----------------------------+---------------------------+
| Epoch | training time(s) | tesing time(s) |  Loss  |            recall           |             ndcg            |          precision          |         hit_ratio         |
+-------+------------------+----------------+--------+-----------------------------+-----------------------------+-----------------------------+---------------------------+
|   21  |       136        |       0        | 417.65 | [0.04127, 0.07074, 0.13454] | [0.04727, 0.05796, 0.08162] | [0.03712, 0.03196, 0.02476] | [0.286, 0.42125, 0.61775] |
+-------+------------------+----------------+--------+-----------------------------+-----------------------------+-----------------------------+---------------------------+
+-------+------------------+----------------+--------+-----------------------------+-----------------------------+-----------------------------+-----------------------------+
| Epoch | training time(s) | tesing time(s) |  Loss  |            recall           |             ndcg            |          precision          |          hit_ratio          |
+-------+------------------+----------------+--------+-----------------------------+-----------------------------+-----------------------------+-----------------------------+
|   22  |       135        |       0        | 417.63 | [0.04142, 0.07077, 0.13463] | [0.04739, 0.05808, 0.08177] | [0.03712, 0.03201, 0.02478] | [0.28622, 0.42102, 0.61712] |
+-------+------------------+----------------+--------+-----------------------------+-----------------------------+-----------------------------+-----------------------------+
+-------+------------------+----------------+--------+----------------------------+-----------------------------+----------------------------+-----------------------------+
| Epoch | training time(s) | tesing time(s) |  Loss  |           recall           |             ndcg            |         precision          |          hit_ratio          |
+-------+------------------+----------------+--------+----------------------------+-----------------------------+----------------------------+-----------------------------+
|   23  |       137        |       0        | 417.61 | [0.04166, 0.0711, 0.13539] | [0.04764, 0.05836, 0.08221] | [0.03731, 0.03214, 0.0249] | [0.28732, 0.42197, 0.61851] |
+-------+------------------+----------------+--------+----------------------------+-----------------------------+----------------------------+-----------------------------+
+-------+------------------+----------------+--------+-----------------------------+----------------------------+----------------------------+-----------------------------+
| Epoch | training time(s) | tesing time(s) |  Loss  |            recall           |            ndcg            |         precision          |          hit_ratio          |
+-------+------------------+----------------+--------+-----------------------------+----------------------------+----------------------------+-----------------------------+
|   24  |       137        |       0        | 417.59 | [0.04196, 0.07134, 0.13599] | [0.04787, 0.0585, 0.08251] | [0.03759, 0.0322, 0.02502] | [0.28935, 0.42346, 0.62094] |
+-------+------------------+----------------+--------+-----------------------------+----------------------------+----------------------------+-----------------------------+
+-------+------------------+----------------+--------+-----------------------------+-----------------------------+-----------------------------+-----------------------------+
| Epoch | training time(s) | tesing time(s) |  Loss  |            recall           |             ndcg            |          precision          |          hit_ratio          |
+-------+------------------+----------------+--------+-----------------------------+-----------------------------+-----------------------------+-----------------------------+
|   25  |       137        |       0        | 417.57 | [0.04209, 0.07143, 0.13623] | [0.04808, 0.05868, 0.08272] | [0.03776, 0.03229, 0.02505] | [0.29045, 0.42314, 0.62028] |
+-------+------------------+----------------+--------+-----------------------------+-----------------------------+-----------------------------+-----------------------------+
+-------+------------------+----------------+--------+-----------------------------+-----------------------------+-----------------------------+-----------------------------+
| Epoch | training time(s) | tesing time(s) |  Loss  |            recall           |             ndcg            |          precision          |          hit_ratio          |
+-------+------------------+----------------+--------+-----------------------------+-----------------------------+-----------------------------+-----------------------------+
|   26  |       136        |       0        | 417.55 | [0.04201, 0.07162, 0.13654] | [0.04803, 0.05876, 0.08287] | [0.03766, 0.03233, 0.02512] | [0.29023, 0.42371, 0.62157] |
+-------+------------------+----------------+--------+-----------------------------+-----------------------------+-----------------------------+-----------------------------+
+-------+------------------+----------------+--------+----------------------------+---------------------------+-----------------------------+-----------------------------+
| Epoch | training time(s) | tesing time(s) |  Loss  |           recall           |            ndcg           |          precision          |          hit_ratio          |
+-------+------------------+----------------+--------+----------------------------+---------------------------+-----------------------------+-----------------------------+
|   27  |       136        |       0        | 417.53 | [0.04238, 0.07165, 0.1367] | [0.04828, 0.05882, 0.083] | [0.03795, 0.03234, 0.02515] | [0.29263, 0.42374, 0.62202] |
+-------+------------------+----------------+--------+----------------------------+---------------------------+-----------------------------+-----------------------------+
+-------+------------------+----------------+--------+----------------------------+-----------------------------+-----------------------------+----------------------------+
| Epoch | training time(s) | tesing time(s) |  Loss  |           recall           |             ndcg            |          precision          |         hit_ratio          |
+-------+------------------+----------------+--------+----------------------------+-----------------------------+-----------------------------+----------------------------+
|   28  |       136        |       0        | 417.52 | [0.04264, 0.0719, 0.13704] | [0.04847, 0.05899, 0.08321] | [0.03817, 0.03245, 0.02523] | [0.29351, 0.42415, 0.6229] |
+-------+------------------+----------------+--------+----------------------------+-----------------------------+-----------------------------+----------------------------+
+-------+------------------+----------------+-------+-----------------------------+-----------------------------+-----------------------------+-----------------------------+
| Epoch | training time(s) | tesing time(s) |  Loss |            recall           |             ndcg            |          precision          |          hit_ratio          |
+-------+------------------+----------------+-------+-----------------------------+-----------------------------+-----------------------------+-----------------------------+
|   29  |       136        |       0        | 417.5 | [0.04259, 0.07205, 0.13701] | [0.04852, 0.05912, 0.08328] | [0.03816, 0.03251, 0.02523] | [0.29377, 0.42434, 0.62243] |
+-------+------------------+----------------+-------+-----------------------------+-----------------------------+-----------------------------+-----------------------------+
+-------+------------------+----------------+--------+-----------------------------+-----------------------------+-----------------------------+-----------------------------+
| Epoch | training time(s) | tesing time(s) |  Loss  |            recall           |             ndcg            |          precision          |          hit_ratio          |
+-------+------------------+----------------+--------+-----------------------------+-----------------------------+-----------------------------+-----------------------------+
|   30  |       137        |       0        | 417.48 | [0.04273, 0.07229, 0.13739] | [0.04872, 0.05933, 0.08352] | [0.03827, 0.03259, 0.02526] | [0.29452, 0.42548, 0.62331] |
+-------+------------------+----------------+--------+-----------------------------+-----------------------------+-----------------------------+-----------------------------+
+-------+------------------+----------------+--------+-----------------------------+----------------------------+-----------------------------+-----------------------------+
| Epoch | training time(s) | tesing time(s) |  Loss  |            recall           |            ndcg            |          precision          |          hit_ratio          |
+-------+------------------+----------------+--------+-----------------------------+----------------------------+-----------------------------+-----------------------------+
|   31  |       137        |       0        | 417.47 | [0.04268, 0.07266, 0.13772] | [0.04873, 0.05954, 0.0837] | [0.03829, 0.03275, 0.02533] | [0.29364, 0.42696, 0.62448] |
+-------+------------------+----------------+--------+-----------------------------+----------------------------+-----------------------------+-----------------------------+
+-------+------------------+----------------+--------+-----------------------------+-----------------------------+-----------------------------+-----------------------------+
| Epoch | training time(s) | tesing time(s) |  Loss  |            recall           |             ndcg            |          precision          |          hit_ratio          |
+-------+------------------+----------------+--------+-----------------------------+-----------------------------+-----------------------------+-----------------------------+
|   32  |       138        |       0        | 417.45 | [0.04288, 0.07278, 0.13799] | [0.04897, 0.05971, 0.08392] | [0.03851, 0.03282, 0.02537] | [0.29538, 0.42851, 0.62476] |
+-------+------------------+----------------+--------+-----------------------------+-----------------------------+-----------------------------+-----------------------------+
+-------+------------------+----------------+--------+-----------------------------+-----------------------------+-----------------------------+-----------------------------+
| Epoch | training time(s) | tesing time(s) |  Loss  |            recall           |             ndcg            |          precision          |          hit_ratio          |
+-------+------------------+----------------+--------+-----------------------------+-----------------------------+-----------------------------+-----------------------------+
|   33  |       137        |       0        | 417.44 | [0.04296, 0.07306, 0.13838] | [0.04904, 0.05983, 0.08407] | [0.03861, 0.03291, 0.02544] | [0.29566, 0.42917, 0.62565] |
+-------+------------------+----------------+--------+-----------------------------+-----------------------------+-----------------------------+-----------------------------+
+-------+------------------+----------------+--------+-----------------------------+-----------------------------+-----------------------------+-----------------------------+
| Epoch | training time(s) | tesing time(s) |  Loss  |            recall           |             ndcg            |          precision          |          hit_ratio          |
+-------+------------------+----------------+--------+-----------------------------+-----------------------------+-----------------------------+-----------------------------+
|   34  |       137        |       0        | 417.43 | [0.04291, 0.07325, 0.13879] | [0.04903, 0.05997, 0.08428] | [0.03855, 0.03301, 0.02551] | [0.29538, 0.43062, 0.62672] |
+-------+------------------+----------------+--------+-----------------------------+-----------------------------+-----------------------------+-----------------------------+
+-------+------------------+----------------+--------+-----------------------------+-----------------------------+----------------------------+-----------------------------+
| Epoch | training time(s) | tesing time(s) |  Loss  |            recall           |             ndcg            |         precision          |          hit_ratio          |
+-------+------------------+----------------+--------+-----------------------------+-----------------------------+----------------------------+-----------------------------+
|   35  |       136        |       0        | 417.41 | [0.04296, 0.07331, 0.13881] | [0.04904, 0.05999, 0.08429] | [0.03858, 0.03302, 0.0255] | [0.29607, 0.43066, 0.62647] |
+-------+------------------+----------------+--------+-----------------------------+-----------------------------+----------------------------+-----------------------------+
+-------+------------------+----------------+-------+-----------------------------+----------------------------+-----------------------------+----------------------------+
| Epoch | training time(s) | tesing time(s) |  Loss |            recall           |            ndcg            |          precision          |         hit_ratio          |
+-------+------------------+----------------+-------+-----------------------------+----------------------------+-----------------------------+----------------------------+
|   36  |       136        |       0        | 417.4 | [0.04323, 0.07336, 0.13905] | [0.04932, 0.06013, 0.0845] | [0.03879, 0.03304, 0.02553] | [0.29699, 0.43031, 0.6265] |
+-------+------------------+----------------+-------+-----------------------------+----------------------------+-----------------------------+----------------------------+
+-------+------------------+----------------+--------+-----------------------------+----------------------------+-----------------------------+-----------------------------+
| Epoch | training time(s) | tesing time(s) |  Loss  |            recall           |            ndcg            |          precision          |          hit_ratio          |
+-------+------------------+----------------+--------+-----------------------------+----------------------------+-----------------------------+-----------------------------+
|   37  |       137        |       0        | 417.38 | [0.04317, 0.07333, 0.13921] | [0.04927, 0.0601, 0.08456] | [0.03872, 0.03301, 0.02557] | [0.29636, 0.43062, 0.62764] |
+-------+------------------+----------------+--------+-----------------------------+----------------------------+-----------------------------+-----------------------------+
+-------+------------------+----------------+--------+-----------------------------+-----------------------------+-----------------------------+-----------------------------+
| Epoch | training time(s) | tesing time(s) |  Loss  |            recall           |             ndcg            |          precision          |          hit_ratio          |
+-------+------------------+----------------+--------+-----------------------------+-----------------------------+-----------------------------+-----------------------------+
|   38  |       136        |       0        | 417.37 | [0.04323, 0.07336, 0.13917] | [0.04945, 0.06028, 0.08469] | [0.03879, 0.03307, 0.02556] | [0.29733, 0.43081, 0.62719] |
+-------+------------------+----------------+--------+-----------------------------+-----------------------------+-----------------------------+-----------------------------+
+-------+------------------+----------------+--------+-----------------------------+----------------------------+-----------------------------+-----------------------------+
| Epoch | training time(s) | tesing time(s) |  Loss  |            recall           |            ndcg            |          precision          |          hit_ratio          |
+-------+------------------+----------------+--------+-----------------------------+----------------------------+-----------------------------+-----------------------------+
|   39  |       136        |       0        | 417.35 | [0.04345, 0.07375, 0.13932] | [0.04964, 0.0605, 0.08482] | [0.03896, 0.03322, 0.02559] | [0.29828, 0.43211, 0.62805] |
+-------+------------------+----------------+--------+-----------------------------+----------------------------+-----------------------------+-----------------------------+
+-------+------------------+----------------+--------+-----------------------------+---------------------------+----------------------------+-----------------------------+
| Epoch | training time(s) | tesing time(s) |  Loss  |            recall           |            ndcg           |         precision          |          hit_ratio          |
+-------+------------------+----------------+--------+-----------------------------+---------------------------+----------------------------+-----------------------------+
|   40  |       137        |       0        | 417.35 | [0.04347, 0.07371, 0.13941] | [0.0496, 0.0605, 0.08485] | [0.03891, 0.0332, 0.02558] | [0.29737, 0.43192, 0.62811] |
+-------+------------------+----------------+--------+-----------------------------+---------------------------+----------------------------+-----------------------------+
+-------+------------------+----------------+--------+-----------------------------+-----------------------------+-----------------------------+-----------------------------+
| Epoch | training time(s) | tesing time(s) |  Loss  |            recall           |             ndcg            |          precision          |          hit_ratio          |
+-------+------------------+----------------+--------+-----------------------------+-----------------------------+-----------------------------+-----------------------------+
|   41  |       138        |       0        | 417.33 | [0.04354, 0.07393, 0.13976] | [0.04964, 0.06061, 0.08499] | [0.03895, 0.03332, 0.02565] | [0.29831, 0.43318, 0.62865] |
+-------+------------------+----------------+--------+-----------------------------+-----------------------------+-----------------------------+-----------------------------+
+-------+------------------+----------------+--------+-----------------------------+-----------------------------+-----------------------------+----------------------------+
| Epoch | training time(s) | tesing time(s) |  Loss  |            recall           |             ndcg            |          precision          |         hit_ratio          |
+-------+------------------+----------------+--------+-----------------------------+-----------------------------+-----------------------------+----------------------------+
|   42  |       136        |       0        | 417.32 | [0.04354, 0.07394, 0.13976] | [0.04972, 0.06066, 0.08504] | [0.03899, 0.03328, 0.02564] | [0.29762, 0.4334, 0.62912] |
+-------+------------------+----------------+--------+-----------------------------+-----------------------------+-----------------------------+----------------------------+
+-------+------------------+----------------+--------+-----------------------------+-----------------------------+-----------------------------+----------------------------+
| Epoch | training time(s) | tesing time(s) |  Loss  |            recall           |             ndcg            |          precision          |         hit_ratio          |
+-------+------------------+----------------+--------+-----------------------------+-----------------------------+-----------------------------+----------------------------+
|   43  |       136        |       0        | 417.31 | [0.04371, 0.07408, 0.14022] | [0.04985, 0.06078, 0.08529] | [0.03911, 0.03334, 0.02571] | [0.29901, 0.43302, 0.6301] |
+-------+------------------+----------------+--------+-----------------------------+-----------------------------+-----------------------------+----------------------------+
+-------+------------------+----------------+-------+-----------------------------+----------------------------+-----------------------------+---------------------------+
| Epoch | training time(s) | tesing time(s) |  Loss |            recall           |            ndcg            |          precision          |         hit_ratio         |
+-------+------------------+----------------+-------+-----------------------------+----------------------------+-----------------------------+---------------------------+
|   44  |       136        |       0        | 417.3 | [0.04365, 0.07405, 0.14029] | [0.04983, 0.06074, 0.0853] | [0.03914, 0.03331, 0.02574] | [0.2992, 0.4328, 0.62912] |
+-------+------------------+----------------+-------+-----------------------------+----------------------------+-----------------------------+---------------------------+
+-------+------------------+----------------+--------+-----------------------------+-----------------------------+-----------------------------+---------------------------+
| Epoch | training time(s) | tesing time(s) |  Loss  |            recall           |             ndcg            |          precision          |         hit_ratio         |
+-------+------------------+----------------+--------+-----------------------------+-----------------------------+-----------------------------+---------------------------+
|   45  |       137        |       0        | 417.29 | [0.04371, 0.07422, 0.14051] | [0.04987, 0.06089, 0.08544] | [0.03912, 0.03341, 0.02575] | [0.2991, 0.4341, 0.63001] |
+-------+------------------+----------------+--------+-----------------------------+-----------------------------+-----------------------------+---------------------------+
+-------+------------------+----------------+--------+----------------------------+---------------------------+----------------------------+-----------------------------+
| Epoch | training time(s) | tesing time(s) |  Loss  |           recall           |            ndcg           |         precision          |          hit_ratio          |
+-------+------------------+----------------+--------+----------------------------+---------------------------+----------------------------+-----------------------------+
|   46  |       137        |       0        | 417.28 | [0.0437, 0.07428, 0.14069] | [0.04995, 0.061, 0.08559] | [0.03913, 0.03346, 0.0258] | [0.29901, 0.43369, 0.63086] |
+-------+------------------+----------------+--------+----------------------------+---------------------------+----------------------------+-----------------------------+
+-------+------------------+----------------+--------+-----------------------------+----------------------------+----------------------------+-----------------------------+
| Epoch | training time(s) | tesing time(s) |  Loss  |            recall           |            ndcg            |         precision          |          hit_ratio          |
+-------+------------------+----------------+--------+-----------------------------+----------------------------+----------------------------+-----------------------------+
|   47  |       137        |       0        | 417.27 | [0.04366, 0.07407, 0.14063] | [0.04982, 0.0608, 0.08545] | [0.03912, 0.03341, 0.0258] | [0.29895, 0.43252, 0.63146] |
+-------+------------------+----------------+--------+-----------------------------+----------------------------+----------------------------+-----------------------------+
+-------+------------------+----------------+--------+-----------------------------+-----------------------------+-----------------------------+-----------------------------+
| Epoch | training time(s) | tesing time(s) |  Loss  |            recall           |             ndcg            |          precision          |          hit_ratio          |
+-------+------------------+----------------+--------+-----------------------------+-----------------------------+-----------------------------+-----------------------------+
|   48  |       136        |       0        | 417.26 | [0.04378, 0.07435, 0.14082] | [0.05001, 0.06105, 0.08566] | [0.03922, 0.03352, 0.02584] | [0.29964, 0.43463, 0.63133] |
+-------+------------------+----------------+--------+-----------------------------+-----------------------------+-----------------------------+-----------------------------+
+-------+------------------+----------------+--------+-----------------------------+-----------------------------+-----------------------------+-----------------------------+
| Epoch | training time(s) | tesing time(s) |  Loss  |            recall           |             ndcg            |          precision          |          hit_ratio          |
+-------+------------------+----------------+--------+-----------------------------+-----------------------------+-----------------------------+-----------------------------+
|   49  |       135        |       0        | 417.25 | [0.04381, 0.07422, 0.14097] | [0.05013, 0.06108, 0.08579] | [0.03928, 0.03349, 0.02586] | [0.29996, 0.43397, 0.63237] |
+-------+------------------+----------------+--------+-----------------------------+-----------------------------+-----------------------------+-----------------------------+
+-------+------------------+----------------+--------+-----------------------------+-----------------------------+-----------------------------+-----------------------------+
| Epoch | training time(s) | tesing time(s) |  Loss  |            recall           |             ndcg            |          precision          |          hit_ratio          |
+-------+------------------+----------------+--------+-----------------------------+-----------------------------+-----------------------------+-----------------------------+
|   50  |       136        |       0        | 417.24 | [0.04375, 0.07433, 0.14078] | [0.05003, 0.06111, 0.08571] | [0.03912, 0.03351, 0.02582] | [0.29888, 0.43457, 0.63143] |
+-------+------------------+----------------+--------+-----------------------------+-----------------------------+-----------------------------+-----------------------------+
+-------+------------------+----------------+--------+-----------------------------+----------------------------+-----------------------------+-----------------------------+
| Epoch | training time(s) | tesing time(s) |  Loss  |            recall           |            ndcg            |          precision          |          hit_ratio          |
+-------+------------------+----------------+--------+-----------------------------+----------------------------+-----------------------------+-----------------------------+
|   51  |       136        |       0        | 417.23 | [0.04377, 0.07433, 0.14095] | [0.05001, 0.0611, 0.08577] | [0.03914, 0.03353, 0.02585] | [0.29964, 0.43457, 0.63146] |
+-------+------------------+----------------+--------+-----------------------------+----------------------------+-----------------------------+-----------------------------+
+-------+------------------+----------------+--------+-----------------------------+----------------------------+----------------------------+-----------------------------+
| Epoch | training time(s) | tesing time(s) |  Loss  |            recall           |            ndcg            |         precision          |          hit_ratio          |
+-------+------------------+----------------+--------+-----------------------------+----------------------------+----------------------------+-----------------------------+
|   52  |       136        |       0        | 417.22 | [0.04373, 0.07422, 0.14098] | [0.05006, 0.06109, 0.0858] | [0.0392, 0.03352, 0.02585] | [0.29926, 0.43457, 0.63171] |
+-------+------------------+----------------+--------+-----------------------------+----------------------------+----------------------------+-----------------------------+
+-------+------------------+----------------+--------+-----------------------------+-----------------------------+-----------------------------+---------------------------+
| Epoch | training time(s) | tesing time(s) |  Loss  |            recall           |             ndcg            |          precision          |         hit_ratio         |
+-------+------------------+----------------+--------+-----------------------------+-----------------------------+-----------------------------+---------------------------+
|   53  |       136        |       0        | 417.21 | [0.04384, 0.07455, 0.14113] | [0.05004, 0.06121, 0.08586] | [0.03915, 0.03361, 0.02587] | [0.2997, 0.4358, 0.63225] |
+-------+------------------+----------------+--------+-----------------------------+-----------------------------+-----------------------------+---------------------------+
+-------+------------------+----------------+--------+-----------------------------+-----------------------------+-----------------------------+-----------------------------+
| Epoch | training time(s) | tesing time(s) |  Loss  |            recall           |             ndcg            |          precision          |          hit_ratio          |
+-------+------------------+----------------+--------+-----------------------------+-----------------------------+-----------------------------+-----------------------------+
|   54  |       137        |       0        | 417.21 | [0.04404, 0.07479, 0.14147] | [0.05019, 0.06133, 0.08602] | [0.03934, 0.03367, 0.02591] | [0.30078, 0.43751, 0.63266] |
+-------+------------------+----------------+--------+-----------------------------+-----------------------------+-----------------------------+-----------------------------+
+-------+------------------+----------------+-------+-----------------------------+----------------------------+-----------------------------+-----------------------------+
| Epoch | training time(s) | tesing time(s) |  Loss |            recall           |            ndcg            |          precision          |          hit_ratio          |
+-------+------------------+----------------+-------+-----------------------------+----------------------------+-----------------------------+-----------------------------+
|   55  |       137        |       0        | 417.2 | [0.04397, 0.07457, 0.14126] | [0.05013, 0.06121, 0.0859] | [0.03933, 0.03362, 0.02588] | [0.30005, 0.43684, 0.63228] |
+-------+------------------+----------------+-------+-----------------------------+----------------------------+-----------------------------+-----------------------------+
+-------+------------------+----------------+--------+---------------------------+-----------------------------+-----------------------------+----------------------------+
| Epoch | training time(s) | tesing time(s) |  Loss  |           recall          |             ndcg            |          precision          |         hit_ratio          |
+-------+------------------+----------------+--------+---------------------------+-----------------------------+-----------------------------+----------------------------+
|   56  |       136        |       0        | 417.19 | [0.044, 0.07463, 0.14137] | [0.05025, 0.06135, 0.08605] | [0.03934, 0.03367, 0.02591] | [0.30021, 0.4364, 0.63275] |
+-------+------------------+----------------+--------+---------------------------+-----------------------------+-----------------------------+----------------------------+
+-------+------------------+----------------+--------+----------------------------+-----------------------------+----------------------------+-----------------------------+
| Epoch | training time(s) | tesing time(s) |  Loss  |           recall           |             ndcg            |         precision          |          hit_ratio          |
+-------+------------------+----------------+--------+----------------------------+-----------------------------+----------------------------+-----------------------------+
|   57  |       137        |       0        | 417.18 | [0.04389, 0.07472, 0.1411] | [0.05022, 0.06143, 0.08601] | [0.03923, 0.0337, 0.02589] | [0.29929, 0.43726, 0.63244] |
+-------+------------------+----------------+--------+----------------------------+-----------------------------+----------------------------+-----------------------------+
+-------+------------------+----------------+--------+----------------------------+----------------------------+----------------------------+----------------------------+
| Epoch | training time(s) | tesing time(s) |  Loss  |           recall           |            ndcg            |         precision          |         hit_ratio          |
+-------+------------------+----------------+--------+----------------------------+----------------------------+----------------------------+----------------------------+
|   58  |       137        |       0        | 417.18 | [0.04404, 0.0748, 0.14139] | [0.05037, 0.0615, 0.08617] | [0.03936, 0.0337, 0.02593] | [0.3004, 0.43776, 0.63275] |
+-------+------------------+----------------+--------+----------------------------+----------------------------+----------------------------+----------------------------+
+-------+------------------+----------------+--------+-----------------------------+-----------------------------+-----------------------------+-----------------------------+
| Epoch | training time(s) | tesing time(s) |  Loss  |            recall           |             ndcg            |          precision          |          hit_ratio          |
+-------+------------------+----------------+--------+-----------------------------+-----------------------------+-----------------------------+-----------------------------+
|   59  |       136        |       0        | 417.17 | [0.04402, 0.07477, 0.14124] | [0.05042, 0.06154, 0.08617] | [0.03936, 0.03371, 0.02592] | [0.30071, 0.43776, 0.63187] |
+-------+------------------+----------------+--------+-----------------------------+-----------------------------+-----------------------------+-----------------------------+
+-------+------------------+----------------+--------+-----------------------------+-----------------------------+-----------------------------+----------------------------+
| Epoch | training time(s) | tesing time(s) |  Loss  |            recall           |             ndcg            |          precision          |         hit_ratio          |
+-------+------------------+----------------+--------+-----------------------------+-----------------------------+-----------------------------+----------------------------+
|   60  |       137        |       0        | 417.16 | [0.04406, 0.07479, 0.14131] | [0.05041, 0.06153, 0.08616] | [0.03938, 0.03371, 0.02592] | [0.30049, 0.43716, 0.6319] |
+-------+------------------+----------------+--------+-----------------------------+-----------------------------+-----------------------------+----------------------------+
+-------+------------------+----------------+--------+----------------------------+-----------------------------+-----------------------------+-----------------------------+
| Epoch | training time(s) | tesing time(s) |  Loss  |           recall           |             ndcg            |          precision          |          hit_ratio          |
+-------+------------------+----------------+--------+----------------------------+-----------------------------+-----------------------------+-----------------------------+
|   61  |       136        |       0        | 417.15 | [0.0441, 0.07484, 0.14139] | [0.05042, 0.06154, 0.08617] | [0.03943, 0.03372, 0.02592] | [0.30093, 0.43675, 0.63263] |
+-------+------------------+----------------+--------+----------------------------+-----------------------------+-----------------------------+-----------------------------+
+-------+------------------+----------------+--------+-----------------------------+-----------------------------+-----------------------------+-----------------------------+
| Epoch | training time(s) | tesing time(s) |  Loss  |            recall           |             ndcg            |          precision          |          hit_ratio          |
+-------+------------------+----------------+--------+-----------------------------+-----------------------------+-----------------------------+-----------------------------+
|   62  |       136        |       0        | 417.15 | [0.04408, 0.07465, 0.14152] | [0.05042, 0.06148, 0.08622] | [0.03941, 0.03367, 0.02592] | [0.30081, 0.43634, 0.63263] |
+-------+------------------+----------------+--------+-----------------------------+-----------------------------+-----------------------------+-----------------------------+
+-------+------------------+----------------+--------+----------------------------+-----------------------------+-----------------------------+-----------------------------+
| Epoch | training time(s) | tesing time(s) |  Loss  |           recall           |             ndcg            |          precision          |          hit_ratio          |
+-------+------------------+----------------+--------+----------------------------+-----------------------------+-----------------------------+-----------------------------+
|   63  |       136        |       0        | 417.14 | [0.04399, 0.07458, 0.1417] | [0.05036, 0.06147, 0.08631] | [0.03936, 0.03369, 0.02597] | [0.30018, 0.43672, 0.63316] |
+-------+------------------+----------------+--------+----------------------------+-----------------------------+-----------------------------+-----------------------------+
+-------+------------------+----------------+--------+-----------------------------+-----------------------------+----------------------------+-----------------------------+
| Epoch | training time(s) | tesing time(s) |  Loss  |            recall           |             ndcg            |         precision          |          hit_ratio          |
+-------+------------------+----------------+--------+-----------------------------+-----------------------------+----------------------------+-----------------------------+
|   64  |       117        |       0        | 417.14 | [0.04412, 0.07466, 0.14151] | [0.05038, 0.06146, 0.08621] | [0.03942, 0.0337, 0.02594] | [0.30062, 0.43669, 0.63294] |
+-------+------------------+----------------+--------+-----------------------------+-----------------------------+----------------------------+-----------------------------+
+-------+------------------+----------------+--------+-----------------------------+-----------------------------+-----------------------------+-----------------------------+
| Epoch | training time(s) | tesing time(s) |  Loss  |            recall           |             ndcg            |          precision          |          hit_ratio          |
+-------+------------------+----------------+--------+-----------------------------+-----------------------------+-----------------------------+-----------------------------+
|   65  |       116        |       0        | 417.13 | [0.04409, 0.07486, 0.14172] | [0.05046, 0.06163, 0.08638] | [0.03941, 0.03376, 0.02597] | [0.30021, 0.43719, 0.63335] |
+-------+------------------+----------------+--------+-----------------------------+-----------------------------+-----------------------------+-----------------------------+
+-------+------------------+----------------+--------+----------------------------+----------------------------+-----------------------------+-----------------------------+
| Epoch | training time(s) | tesing time(s) |  Loss  |           recall           |            ndcg            |          precision          |          hit_ratio          |
+-------+------------------+----------------+--------+----------------------------+----------------------------+-----------------------------+-----------------------------+
|   66  |       113        |       0        | 417.13 | [0.04426, 0.0749, 0.14174] | [0.05049, 0.06156, 0.0863] | [0.03959, 0.03375, 0.02597] | [0.30213, 0.43744, 0.63389] |
+-------+------------------+----------------+--------+----------------------------+----------------------------+-----------------------------+-----------------------------+
+-------+------------------+----------------+--------+-----------------------------+----------------------------+----------------------------+----------------------------+
| Epoch | training time(s) | tesing time(s) |  Loss  |            recall           |            ndcg            |         precision          |         hit_ratio          |
+-------+------------------+----------------+--------+-----------------------------+----------------------------+----------------------------+----------------------------+
|   67  |       102        |       0        | 417.12 | [0.04413, 0.07477, 0.14141] | [0.05044, 0.06153, 0.0862] | [0.03945, 0.0337, 0.02592] | [0.30125, 0.4376, 0.63259] |
+-------+------------------+----------------+--------+-----------------------------+----------------------------+----------------------------+----------------------------+
+-------+------------------+----------------+--------+-----------------------------+----------------------------+-----------------------------+----------------------------+
| Epoch | training time(s) | tesing time(s) |  Loss  |            recall           |            ndcg            |          precision          |         hit_ratio          |
+-------+------------------+----------------+--------+-----------------------------+----------------------------+-----------------------------+----------------------------+
|   68  |       104        |       0        | 417.12 | [0.04406, 0.07476, 0.14145] | [0.0504, 0.06152, 0.08622] | [0.03939, 0.03368, 0.02591] | [0.30122, 0.43722, 0.6325] |
+-------+------------------+----------------+--------+-----------------------------+----------------------------+-----------------------------+----------------------------+
+-------+------------------+----------------+--------+----------------------------+---------------------------+-----------------------------+----------------------------+
| Epoch | training time(s) | tesing time(s) |  Loss  |           recall           |            ndcg           |          precision          |         hit_ratio          |
+-------+------------------+----------------+--------+----------------------------+---------------------------+-----------------------------+----------------------------+
|   69  |       103        |       0        | 417.11 | [0.04404, 0.0746, 0.14175] | [0.0504, 0.0615, 0.08638] | [0.03934, 0.03362, 0.02596] | [0.3015, 0.43757, 0.63354] |
+-------+------------------+----------------+--------+----------------------------+---------------------------+-----------------------------+----------------------------+
+-------+------------------+----------------+--------+----------------------------+-----------------------------+-----------------------------+-----------------------------+
| Epoch | training time(s) | tesing time(s) |  Loss  |           recall           |             ndcg            |          precision          |          hit_ratio          |
+-------+------------------+----------------+--------+----------------------------+-----------------------------+-----------------------------+-----------------------------+
|   70  |       102        |       0        | 417.11 | [0.04413, 0.07483, 0.1419] | [0.05049, 0.06161, 0.08643] | [0.03945, 0.03371, 0.02597] | [0.30169, 0.43801, 0.63316] |
+-------+------------------+----------------+--------+----------------------------+-----------------------------+-----------------------------+-----------------------------+
+-------+------------------+----------------+-------+----------------------------+-----------------------------+----------------------------+-----------------------------+
| Epoch | training time(s) | tesing time(s) |  Loss |           recall           |             ndcg            |         precision          |          hit_ratio          |
+-------+------------------+----------------+-------+----------------------------+-----------------------------+----------------------------+-----------------------------+
|   71  |       102        |       0        | 417.1 | [0.0441, 0.07484, 0.14147] | [0.05051, 0.06167, 0.08635] | [0.03939, 0.0337, 0.02592] | [0.30195, 0.43773, 0.63234] |
+-------+------------------+----------------+-------+----------------------------+-----------------------------+----------------------------+-----------------------------+
+-------+------------------+----------------+--------+-----------------------------+-----------------------------+-----------------------------+-----------------------------+
| Epoch | training time(s) | tesing time(s) |  Loss  |            recall           |             ndcg            |          precision          |          hit_ratio          |
+-------+------------------+----------------+--------+-----------------------------+-----------------------------+-----------------------------+-----------------------------+
|   72  |       103        |       0        | 417.09 | [0.04418, 0.07482, 0.14164] | [0.05047, 0.06157, 0.08631] | [0.03945, 0.03369, 0.02593] | [0.30144, 0.43846, 0.63247] |
+-------+------------------+----------------+--------+-----------------------------+-----------------------------+-----------------------------+-----------------------------+
+-------+------------------+----------------+--------+-----------------------------+----------------------------+-----------------------------+-----------------------------+
| Epoch | training time(s) | tesing time(s) |  Loss  |            recall           |            ndcg            |          precision          |          hit_ratio          |
+-------+------------------+----------------+--------+-----------------------------+----------------------------+-----------------------------+-----------------------------+
|   73  |       103        |       0        | 417.09 | [0.04426, 0.07492, 0.14154] | [0.05061, 0.06174, 0.0864] | [0.03951, 0.03377, 0.02593] | [0.30201, 0.43842, 0.63215] |
+-------+------------------+----------------+--------+-----------------------------+----------------------------+-----------------------------+-----------------------------+
+-------+------------------+----------------+--------+-----------------------------+-----------------------------+----------------------------+-----------------------------+
| Epoch | training time(s) | tesing time(s) |  Loss  |            recall           |             ndcg            |         precision          |          hit_ratio          |
+-------+------------------+----------------+--------+-----------------------------+-----------------------------+----------------------------+-----------------------------+
|   74  |       102        |       0        | 417.08 | [0.04412, 0.07484, 0.14153] | [0.05059, 0.06176, 0.08641] | [0.03941, 0.03375, 0.0259] | [0.30046, 0.43804, 0.63225] |
+-------+------------------+----------------+--------+-----------------------------+-----------------------------+----------------------------+-----------------------------+
+-------+------------------+----------------+--------+----------------------------+-----------------------------+-----------------------------+-----------------------------+
| Epoch | training time(s) | tesing time(s) |  Loss  |           recall           |             ndcg            |          precision          |          hit_ratio          |
+-------+------------------+----------------+--------+----------------------------+-----------------------------+-----------------------------+-----------------------------+
|   75  |       101        |       0        | 417.08 | [0.04418, 0.0749, 0.14149] | [0.05055, 0.06171, 0.08632] | [0.03947, 0.03375, 0.02587] | [0.30116, 0.43804, 0.63209] |
+-------+------------------+----------------+--------+----------------------------+-----------------------------+-----------------------------+-----------------------------+
+-------+------------------+----------------+--------+-----------------------------+----------------------------+-----------------------------+--------------------------+
| Epoch | training time(s) | tesing time(s) |  Loss  |            recall           |            ndcg            |          precision          |        hit_ratio         |
+-------+------------------+----------------+--------+-----------------------------+----------------------------+-----------------------------+--------------------------+
|   76  |       102        |       0        | 417.07 | [0.04421, 0.07478, 0.14145] | [0.05064, 0.0617, 0.08639] | [0.03947, 0.03366, 0.02589] | [0.301, 0.4383, 0.63253] |
+-------+------------------+----------------+--------+-----------------------------+----------------------------+-----------------------------+--------------------------+
+-------+------------------+----------------+--------+----------------------------+-----------------------------+----------------------------+---------------------------+
| Epoch | training time(s) | tesing time(s) |  Loss  |           recall           |             ndcg            |         precision          |         hit_ratio         |
+-------+------------------+----------------+--------+----------------------------+-----------------------------+----------------------------+---------------------------+
|   77  |       104        |       0        | 417.07 | [0.04416, 0.0749, 0.14153] | [0.05062, 0.06178, 0.08642] | [0.03946, 0.03374, 0.0259] | [0.3009, 0.4389, 0.63282] |
+-------+------------------+----------------+--------+----------------------------+-----------------------------+----------------------------+---------------------------+
+-------+------------------+----------------+--------+-----------------------------+-----------------------------+-----------------------------+-----------------------------+
| Epoch | training time(s) | tesing time(s) |  Loss  |            recall           |             ndcg            |          precision          |          hit_ratio          |
+-------+------------------+----------------+--------+-----------------------------+-----------------------------+-----------------------------+-----------------------------+
|   78  |       101        |       0        | 417.07 | [0.04424, 0.07472, 0.14124] | [0.05061, 0.06162, 0.08626] | [0.03953, 0.03367, 0.02586] | [0.30027, 0.43782, 0.63234] |
+-------+------------------+----------------+--------+-----------------------------+-----------------------------+-----------------------------+-----------------------------+
+-------+------------------+----------------+--------+----------------------------+-----------------------------+----------------------------+----------------------------+
| Epoch | training time(s) | tesing time(s) |  Loss  |           recall           |             ndcg            |         precision          |         hit_ratio          |
+-------+------------------+----------------+--------+----------------------------+-----------------------------+----------------------------+----------------------------+
|   79  |       103        |       0        | 417.06 | [0.0443, 0.07487, 0.14143] | [0.05069, 0.06173, 0.08637] | [0.0396, 0.03371, 0.02589] | [0.30135, 0.4377, 0.63326] |
+-------+------------------+----------------+--------+----------------------------+-----------------------------+----------------------------+----------------------------+
+-------+------------------+----------------+--------+----------------------------+-----------------------------+----------------------------+----------------------------+
| Epoch | training time(s) | tesing time(s) |  Loss  |           recall           |             ndcg            |         precision          |         hit_ratio          |
+-------+------------------+----------------+--------+----------------------------+-----------------------------+----------------------------+----------------------------+
|   80  |       102        |       0        | 417.06 | [0.04415, 0.0747, 0.14129] | [0.05069, 0.06173, 0.08636] | [0.03956, 0.0337, 0.02586] | [0.30084, 0.43849, 0.6325] |
+-------+------------------+----------------+--------+----------------------------+-----------------------------+----------------------------+----------------------------+
+-------+------------------+----------------+--------+-----------------------------+-----------------------------+-----------------------------+----------------------------+
| Epoch | training time(s) | tesing time(s) |  Loss  |            recall           |             ndcg            |          precision          |         hit_ratio          |
+-------+------------------+----------------+--------+-----------------------------+-----------------------------+-----------------------------+----------------------------+
|   81  |       102        |       0        | 417.05 | [0.04429, 0.07483, 0.14163] | [0.05071, 0.06175, 0.08646] | [0.03962, 0.03375, 0.02594] | [0.30144, 0.43849, 0.6325] |
+-------+------------------+----------------+--------+-----------------------------+-----------------------------+-----------------------------+----------------------------+
+-------+------------------+----------------+--------+-----------------------------+----------------------------+----------------------------+-----------------------------+
| Epoch | training time(s) | tesing time(s) |  Loss  |            recall           |            ndcg            |         precision          |          hit_ratio          |
+-------+------------------+----------------+--------+-----------------------------+----------------------------+----------------------------+-----------------------------+
|   82  |       101        |       0        | 417.06 | [0.04428, 0.07492, 0.14141] | [0.05072, 0.06179, 0.0864] | [0.03962, 0.03375, 0.0259] | [0.30128, 0.43874, 0.63212] |
+-------+------------------+----------------+--------+-----------------------------+----------------------------+----------------------------+-----------------------------+
+-------+------------------+----------------+--------+-----------------------------+----------------------------+-----------------------------+-----------------------------+
| Epoch | training time(s) | tesing time(s) |  Loss  |            recall           |            ndcg            |          precision          |          hit_ratio          |
+-------+------------------+----------------+--------+-----------------------------+----------------------------+-----------------------------+-----------------------------+
|   83  |       102        |       0        | 417.05 | [0.04416, 0.07496, 0.14159] | [0.05072, 0.06187, 0.0865] | [0.03957, 0.03381, 0.02591] | [0.30087, 0.43928, 0.63199] |
+-------+------------------+----------------+--------+-----------------------------+----------------------------+-----------------------------+-----------------------------+
+-------+------------------+----------------+--------+-----------------------------+-----------------------------+---------------------------+-----------------------------+
| Epoch | training time(s) | tesing time(s) |  Loss  |            recall           |             ndcg            |         precision         |          hit_ratio          |
+-------+------------------+----------------+--------+-----------------------------+-----------------------------+---------------------------+-----------------------------+
|   84  |       103        |       0        | 417.04 | [0.04435, 0.07488, 0.14159] | [0.05073, 0.06178, 0.08645] | [0.0396, 0.03372, 0.0259] | [0.30191, 0.43792, 0.63253] |
+-------+------------------+----------------+--------+-----------------------------+-----------------------------+---------------------------+-----------------------------+
+-------+------------------+----------------+--------+-----------------------------+-----------------------------+----------------------------+----------------------------+
| Epoch | training time(s) | tesing time(s) |  Loss  |            recall           |             ndcg            |         precision          |         hit_ratio          |
+-------+------------------+----------------+--------+-----------------------------+-----------------------------+----------------------------+----------------------------+
|   85  |       101        |       0        | 417.04 | [0.04426, 0.07508, 0.14164] | [0.05068, 0.06185, 0.08646] | [0.0396, 0.03384, 0.02593] | [0.3016, 0.43918, 0.63323] |
+-------+------------------+----------------+--------+-----------------------------+-----------------------------+----------------------------+----------------------------+
+-------+------------------+----------------+--------+-----------------------------+-----------------------------+-----------------------------+-----------------------------+
| Epoch | training time(s) | tesing time(s) |  Loss  |            recall           |             ndcg            |          precision          |          hit_ratio          |
+-------+------------------+----------------+--------+-----------------------------+-----------------------------+-----------------------------+-----------------------------+
|   86  |       102        |       0        | 417.04 | [0.04436, 0.07471, 0.14119] | [0.05068, 0.06172, 0.08632] | [0.03954, 0.03373, 0.02587] | [0.30204, 0.43744, 0.63146] |
+-------+------------------+----------------+--------+-----------------------------+-----------------------------+-----------------------------+-----------------------------+
+-------+------------------+----------------+--------+-----------------------------+-----------------------------+-----------------------------+----------------------------+
| Epoch | training time(s) | tesing time(s) |  Loss  |            recall           |             ndcg            |          precision          |         hit_ratio          |
+-------+------------------+----------------+--------+-----------------------------+-----------------------------+-----------------------------+----------------------------+
|   87  |       101        |       0        | 417.03 | [0.04427, 0.07483, 0.14149] | [0.05073, 0.06179, 0.08645] | [0.03954, 0.03372, 0.02588] | [0.30138, 0.4382, 0.63282] |
+-------+------------------+----------------+--------+-----------------------------+-----------------------------+-----------------------------+----------------------------+
+-------+------------------+----------------+--------+-----------------------------+-----------------------------+-----------------------------+----------------------------+
| Epoch | training time(s) | tesing time(s) |  Loss  |            recall           |             ndcg            |          precision          |         hit_ratio          |
+-------+------------------+----------------+--------+-----------------------------+-----------------------------+-----------------------------+----------------------------+
|   88  |       103        |       0        | 417.03 | [0.04429, 0.07517, 0.14173] | [0.05068, 0.06192, 0.08652] | [0.03957, 0.03386, 0.02593] | [0.30128, 0.4389, 0.63335] |
+-------+------------------+----------------+--------+-----------------------------+-----------------------------+-----------------------------+----------------------------+
+-------+------------------+----------------+--------+-----------------------------+-----------------------------+-----------------------------+-----------------------------+
| Epoch | training time(s) | tesing time(s) |  Loss  |            recall           |             ndcg            |          precision          |          hit_ratio          |
+-------+------------------+----------------+--------+-----------------------------+-----------------------------+-----------------------------+-----------------------------+
|   89  |       102        |       0        | 417.03 | [0.04422, 0.07496, 0.14152] | [0.05074, 0.06189, 0.08652] | [0.03955, 0.03377, 0.02593] | [0.30097, 0.43887, 0.63282] |
+-------+------------------+----------------+--------+-----------------------------+-----------------------------+-----------------------------+-----------------------------+
+-------+------------------+----------------+--------+-----------------------------+---------------------------+----------------------------+----------------------------+
| Epoch | training time(s) | tesing time(s) |  Loss  |            recall           |            ndcg           |         precision          |         hit_ratio          |
+-------+------------------+----------------+--------+-----------------------------+---------------------------+----------------------------+----------------------------+
|   90  |       102        |       0        | 417.03 | [0.04436, 0.07499, 0.14146] | [0.05073, 0.0618, 0.0864] | [0.03966, 0.03376, 0.0259] | [0.3016, 0.43833, 0.63269] |
+-------+------------------+----------------+--------+-----------------------------+---------------------------+----------------------------+----------------------------+
+-------+------------------+----------------+--------+-----------------------------+-----------------------------+----------------------------+----------------------------+
| Epoch | training time(s) | tesing time(s) |  Loss  |            recall           |             ndcg            |         precision          |         hit_ratio          |
+-------+------------------+----------------+--------+-----------------------------+-----------------------------+----------------------------+----------------------------+
|   91  |       103        |       0        | 417.02 | [0.04433, 0.07478, 0.14128] | [0.05075, 0.06177, 0.08638] | [0.0396, 0.03371, 0.02587] | [0.3009, 0.43773, 0.63253] |
+-------+------------------+----------------+--------+-----------------------------+-----------------------------+----------------------------+----------------------------+
+-------+------------------+----------------+--------+---------------------------+-----------------------------+-----------------------------+-----------------------------+
| Epoch | training time(s) | tesing time(s) |  Loss  |           recall          |             ndcg            |          precision          |          hit_ratio          |
+-------+------------------+----------------+--------+---------------------------+-----------------------------+-----------------------------+-----------------------------+
|   92  |       101        |       0        | 417.02 | [0.04424, 0.0747, 0.1413] | [0.05065, 0.06171, 0.08636] | [0.03952, 0.03369, 0.02587] | [0.30065, 0.43735, 0.63168] |
+-------+------------------+----------------+--------+---------------------------+-----------------------------+-----------------------------+-----------------------------+
+-------+------------------+----------------+--------+-----------------------------+----------------------------+----------------------------+-----------------------------+
| Epoch | training time(s) | tesing time(s) |  Loss  |            recall           |            ndcg            |         precision          |          hit_ratio          |
+-------+------------------+----------------+--------+-----------------------------+----------------------------+----------------------------+-----------------------------+
|   93  |       101        |       0        | 417.02 | [0.04431, 0.07477, 0.14122] | [0.05078, 0.06179, 0.0864] | [0.0396, 0.03369, 0.02588] | [0.30138, 0.43798, 0.63152] |
+-------+------------------+----------------+--------+-----------------------------+----------------------------+----------------------------+-----------------------------+
+-------+------------------+----------------+--------+-----------------------------+-----------------------------+----------------------------+-----------------------------+
| Epoch | training time(s) | tesing time(s) |  Loss  |            recall           |             ndcg            |         precision          |          hit_ratio          |
+-------+------------------+----------------+--------+-----------------------------+-----------------------------+----------------------------+-----------------------------+
|   94  |       103        |       0        | 417.02 | [0.04432, 0.07465, 0.14117] | [0.05076, 0.06174, 0.08637] | [0.0396, 0.03369, 0.02587] | [0.30172, 0.43735, 0.63155] |
+-------+------------------+----------------+--------+-----------------------------+-----------------------------+----------------------------+-----------------------------+
+-------+------------------+----------------+--------+----------------------------+-----------------------------+-----------------------------+-----------------------------+
| Epoch | training time(s) | tesing time(s) |  Loss  |           recall           |             ndcg            |          precision          |          hit_ratio          |
+-------+------------------+----------------+--------+----------------------------+-----------------------------+-----------------------------+-----------------------------+
|   95  |       102        |       0        | 417.01 | [0.04431, 0.07486, 0.1412] | [0.05084, 0.06189, 0.08645] | [0.03966, 0.03376, 0.02589] | [0.30213, 0.43899, 0.63193] |
+-------+------------------+----------------+--------+----------------------------+-----------------------------+-----------------------------+-----------------------------+
+-------+------------------+----------------+--------+-----------------------------+----------------------------+-----------------------------+-----------------------------+
| Epoch | training time(s) | tesing time(s) |  Loss  |            recall           |            ndcg            |          precision          |          hit_ratio          |
+-------+------------------+----------------+--------+-----------------------------+----------------------------+-----------------------------+-----------------------------+
|   96  |       102        |       0        | 417.01 | [0.04434, 0.07463, 0.14108] | [0.0508, 0.06175, 0.08635] | [0.03964, 0.03368, 0.02585] | [0.30153, 0.43786, 0.63117] |
+-------+------------------+----------------+--------+-----------------------------+----------------------------+-----------------------------+-----------------------------+
+-------+------------------+----------------+-------+--------------------------+----------------------------+-----------------------------+----------------------------+
| Epoch | training time(s) | tesing time(s) |  Loss |          recall          |            ndcg            |          precision          |         hit_ratio          |
+-------+------------------+----------------+-------+--------------------------+----------------------------+-----------------------------+----------------------------+
|   97  |       102        |       0        | 417.0 | [0.04424, 0.0747, 0.141] | [0.05067, 0.06175, 0.0863] | [0.03953, 0.03371, 0.02584] | [0.30172, 0.43846, 0.6319] |
+-------+------------------+----------------+-------+--------------------------+----------------------------+-----------------------------+----------------------------+
+-------+------------------+----------------+-------+-----------------------------+-----------------------------+-----------------------------+-----------------------------+
| Epoch | training time(s) | tesing time(s) |  Loss |            recall           |             ndcg            |          precision          |          hit_ratio          |
+-------+------------------+----------------+-------+-----------------------------+-----------------------------+-----------------------------+-----------------------------+
|   98  |       103        |       0        | 417.0 | [0.04451, 0.07478, 0.14117] | [0.05099, 0.06188, 0.08646] | [0.03981, 0.03374, 0.02588] | [0.30251, 0.43902, 0.63098] |
+-------+------------------+----------------+-------+-----------------------------+-----------------------------+-----------------------------+-----------------------------+
Early stopping is trigger at step: 10 log:0.07478
Jun-23-2025_14-44-20 end training ...
early stopping at 98, recall@20:0.0752
+-------+------------------+----------------+--------+-----------------------------+-----------------------------+-----------------------------+----------------------------+
| Epoch | training time(s) | tesing time(s) |  Loss  |            recall           |             ndcg            |          precision          |         hit_ratio          |
+-------+------------------+----------------+--------+-----------------------------+-----------------------------+-----------------------------+----------------------------+
|   88  |       103        |       0        | 417.03 | [0.04429, 0.07517, 0.14173] | [0.05068, 0.06192, 0.08652] | [0.03957, 0.03386, 0.02593] | [0.30128, 0.4389, 0.63335] |
+-------+------------------+----------------+--------+-----------------------------+-----------------------------+-----------------------------+----------------------------+
