Namespace(K=1, Ks='[10, 20, 50]', alpha=1.0, batch_size=2048, batch_test_flag=True, beta=0.1, context_hops=3, cuda=True, data_path='data/', dataset='amazon', dim=64, edge_dropout=False, edge_dropout_rate=0.1, embedding0=True, epoch=1000, gamma=0.3, gnn='lightgcn', gpu_id=1, l2=0.0001, lr=0.001, mess_dropout=False, mess_dropout_rate=0.1, n_negs=1, ns='rns', out_dir='./weights/', p=-2, pool='mean', save=False, simi='ip', tau=1.0, test_batch_size=2048, test_flag='part', warmup=100, window_length=5)
reading train and test user-item set ...
building the adj mat ...
loading over ...
This is LightGCN.py working...
Sep-21-2024_19-51-56 start training ...
+-------+------------------+----------------+-------+-----------------------------+----------------------------+-----------------------------+-----------------------------+
| Epoch | training time(s) | tesing time(s) |  Loss |            recall           |            ndcg            |          precision          |          hit_ratio          |
+-------+------------------+----------------+-------+-----------------------------+----------------------------+-----------------------------+-----------------------------+
|   0   |        93        |       1        | 322.0 | [0.00904, 0.01692, 0.04007] | [0.00415, 0.0061, 0.01097] | [0.00097, 0.00094, 0.00091] | [0.00968, 0.01874, 0.04509] |
|   0   |        93        |       1        | 322.0 | [0.02206, 0.03421, 0.05306] | [0.01279, 0.016, 0.01976]  | [0.00256, 0.00197, 0.00122] | [0.02549, 0.03929, 0.06037] |
+-------+------------------+----------------+-------+-----------------------------+----------------------------+-----------------------------+-----------------------------+
+-------+------------------+----------------+--------+----------------------------+-----------------------------+-----------------------------+-----------------------------+
| Epoch | training time(s) | tesing time(s) |  Loss  |           recall           |             ndcg            |          precision          |          hit_ratio          |
+-------+------------------+----------------+--------+----------------------------+-----------------------------+-----------------------------+-----------------------------+
|   1   |        93        |       1        | 274.16 | [0.0091, 0.02461, 0.04035] | [0.00418, 0.00796, 0.01114] |  [0.00098, 0.0014, 0.00092] | [0.00976, 0.02796, 0.04545] |
|   1   |        93        |       1        | 274.16 | [0.022, 0.03367, 0.05286]  |  [0.01281, 0.01588, 0.0197] | [0.00255, 0.00194, 0.00122] |  [0.02538, 0.03867, 0.0602] |
+-------+------------------+----------------+--------+----------------------------+-----------------------------+-----------------------------+-----------------------------+
+-------+------------------+----------------+--------+-----------------------------+-----------------------------+-----------------------------+-----------------------------+
| Epoch | training time(s) | tesing time(s) |  Loss  |            recall           |             ndcg            |          precision          |          hit_ratio          |
+-------+------------------+----------------+--------+-----------------------------+-----------------------------+-----------------------------+-----------------------------+
|   2   |        93        |       1        | 267.82 |  [0.00921, 0.0246, 0.04051] | [0.00451, 0.00831, 0.01153] |   [0.001, 0.0014, 0.00092]  | [0.00991, 0.02797, 0.04558] |
|   2   |        93        |       1        | 267.82 | [0.02207, 0.03371, 0.05299] |  [0.01237, 0.01546, 0.0193] | [0.00256, 0.00195, 0.00122] |  [0.0255, 0.03872, 0.06032] |
+-------+------------------+----------------+--------+-----------------------------+-----------------------------+-----------------------------+-----------------------------+
+-------+------------------+----------------+-------+-----------------------------+-----------------------------+-----------------------------+-----------------------------+
| Epoch | training time(s) | tesing time(s) |  Loss |            recall           |             ndcg            |          precision          |          hit_ratio          |
+-------+------------------+----------------+-------+-----------------------------+-----------------------------+-----------------------------+-----------------------------+
|   3   |        93        |       1        | 261.6 | [0.00985, 0.02475, 0.04216] | [0.00473, 0.00844, 0.01198] | [0.00107, 0.00141, 0.00096] | [0.01065, 0.02813, 0.04777] |
|   3   |        93        |       1        | 261.6 | [0.02205, 0.03396, 0.05355] | [0.01237, 0.01552, 0.01941] | [0.00256, 0.00196, 0.00123] | [0.02549, 0.03899, 0.06094] |
+-------+------------------+----------------+-------+-----------------------------+-----------------------------+-----------------------------+-----------------------------+
+-------+------------------+----------------+--------+-----------------------------+-----------------------------+-----------------------------+----------------------------+
| Epoch | training time(s) | tesing time(s) |  Loss  |            recall           |             ndcg            |          precision          |         hit_ratio          |
+-------+------------------+----------------+--------+-----------------------------+-----------------------------+-----------------------------+----------------------------+
|   4   |        93        |       1        | 253.54 | [0.01056, 0.02576, 0.04556] | [0.00502, 0.00883, 0.01287] | [0.00116, 0.00148, 0.00105] | [0.01153, 0.02941, 0.0519] |
|   4   |        93        |       1        | 253.54 | [0.02283, 0.03425, 0.05402] | [0.01257, 0.01561, 0.01956] | [0.00265, 0.00197, 0.00124] | [0.02644, 0.0393, 0.06147] |
+-------+------------------+----------------+--------+-----------------------------+-----------------------------+-----------------------------+----------------------------+
+-------+------------------+----------------+--------+-----------------------------+-----------------------------+-----------------------------+-----------------------------+
| Epoch | training time(s) | tesing time(s) |  Loss  |            recall           |             ndcg            |          precision          |          hit_ratio          |
+-------+------------------+----------------+--------+-----------------------------+-----------------------------+-----------------------------+-----------------------------+
|   5   |        93        |       1        | 242.71 |  [0.01205, 0.0274, 0.04771] | [0.00565, 0.00954, 0.01369] | [0.00135, 0.00158, 0.00111] | [0.01343, 0.03146, 0.05464] |
|   5   |        93        |       1        | 242.71 | [0.02296, 0.03461, 0.05528] | [0.01257, 0.01567, 0.01982] | [0.00267, 0.00199, 0.00127] | [0.02662, 0.03969, 0.06287] |
+-------+------------------+----------------+--------+-----------------------------+-----------------------------+-----------------------------+-----------------------------+
+-------+------------------+----------------+--------+----------------------------+-----------------------------+-----------------------------+-----------------------------+
| Epoch | training time(s) | tesing time(s) |  Loss  |           recall           |             ndcg            |          precision          |          hit_ratio          |
+-------+------------------+----------------+--------+----------------------------+-----------------------------+-----------------------------+-----------------------------+
|   6   |       131        |       2        | 230.65 |  [0.0131, 0.02911, 0.051]  | [0.00606, 0.01015, 0.01462] | [0.00148, 0.00169, 0.00119] | [0.01471, 0.03355, 0.05845] |
|   6   |       131        |       2        | 230.65 | [0.02296, 0.03497, 0.0557] | [0.01279, 0.01598, 0.02014] | [0.00266, 0.00202, 0.00129] |  [0.02654, 0.0401, 0.06348] |
+-------+------------------+----------------+--------+----------------------------+-----------------------------+-----------------------------+-----------------------------+
+-------+------------------+----------------+--------+-----------------------------+-----------------------------+-----------------------------+-----------------------------+
| Epoch | training time(s) | tesing time(s) |  Loss  |            recall           |             ndcg            |          precision          |          hit_ratio          |
+-------+------------------+----------------+--------+-----------------------------+-----------------------------+-----------------------------+-----------------------------+
|   7   |       147        |       2        | 217.46 | [0.01443, 0.03042, 0.05242] | [0.00665, 0.01076, 0.01527] | [0.00164, 0.00177, 0.00122] | [0.01636, 0.03502, 0.06015] |
|   7   |       147        |       2        | 217.46 | [0.02375, 0.03538, 0.05782] | [0.01308, 0.01615, 0.02065] | [0.00276, 0.00205, 0.00134] | [0.02749, 0.04066, 0.06612] |
+-------+------------------+----------------+--------+-----------------------------+-----------------------------+-----------------------------+-----------------------------+
+-------+------------------+----------------+--------+----------------------------+-----------------------------+----------------------------+-----------------------------+
| Epoch | training time(s) | tesing time(s) |  Loss  |           recall           |             ndcg            |         precision          |          hit_ratio          |
+-------+------------------+----------------+--------+----------------------------+-----------------------------+----------------------------+-----------------------------+
|   8   |       146        |       2        | 205.79 |  [0.015, 0.0305, 0.05392]  |  [0.00708, 0.01109, 0.0159] | [0.0017, 0.00177, 0.00126] |  [0.0169, 0.03505, 0.06185] |
|   8   |       146        |       2        | 205.79 | [0.02423, 0.0361, 0.05855] | [0.01309, 0.01623, 0.02076] | [0.00281, 0.0021, 0.00137] | [0.02796, 0.04169, 0.06724] |
+-------+------------------+----------------+--------+----------------------------+-----------------------------+----------------------------+-----------------------------+
+-------+------------------+----------------+--------+-----------------------------+-----------------------------+-----------------------------+-----------------------------+
| Epoch | training time(s) | tesing time(s) |  Loss  |            recall           |             ndcg            |          precision          |          hit_ratio          |
+-------+------------------+----------------+--------+-----------------------------+-----------------------------+-----------------------------+-----------------------------+
|   9   |       145        |       2        | 194.45 |  [0.0165, 0.02971, 0.05518] | [0.00772, 0.01114, 0.01638] | [0.00187, 0.00172, 0.00128] | [0.01862, 0.03409, 0.06313] |
|   9   |       145        |       2        | 194.45 | [0.02409, 0.03706, 0.05972] |  [0.01301, 0.01643, 0.021]  |  [0.00281, 0.00216, 0.0014] | [0.02789, 0.04284, 0.06879] |
+-------+------------------+----------------+--------+-----------------------------+-----------------------------+-----------------------------+-----------------------------+
+-------+------------------+----------------+--------+-----------------------------+-----------------------------+-----------------------------+-----------------------------+
| Epoch | training time(s) | tesing time(s) |  Loss  |            recall           |             ndcg            |          precision          |          hit_ratio          |
+-------+------------------+----------------+--------+-----------------------------+-----------------------------+-----------------------------+-----------------------------+
|   10  |       145        |       2        | 184.61 | [0.01801, 0.02964, 0.05658] |  [0.00837, 0.0114, 0.01693] | [0.00204, 0.00172, 0.00131] |  [0.0203, 0.03401, 0.06448] |
|   10  |       145        |       2        | 184.61 | [0.02418, 0.03794, 0.06041] | [0.01308, 0.01668, 0.02122] | [0.00282, 0.00222, 0.00142] | [0.02806, 0.04387, 0.06953] |
+-------+------------------+----------------+--------+-----------------------------+-----------------------------+-----------------------------+-----------------------------+
+-------+------------------+----------------+-------+-----------------------------+----------------------------+-----------------------------+-----------------------------+
| Epoch | training time(s) | tesing time(s) |  Loss |            recall           |            ndcg            |          precision          |          hit_ratio          |
+-------+------------------+----------------+-------+-----------------------------+----------------------------+-----------------------------+-----------------------------+
|   11  |       145        |       2        | 174.5 | [0.01872, 0.02927, 0.05699] | [0.0088, 0.01154, 0.01722] | [0.00212, 0.00169, 0.00132] |  [0.02113, 0.0335, 0.06473] |
|   11  |       145        |       2        | 174.5 | [0.02447, 0.03872, 0.06153] | [0.01315, 0.01689, 0.0215] | [0.00285, 0.00226, 0.00145] | [0.02835, 0.04469, 0.07078] |
+-------+------------------+----------------+-------+-----------------------------+----------------------------+-----------------------------+-----------------------------+
+-------+------------------+----------------+--------+-----------------------------+-----------------------------+-----------------------------+-----------------------------+
| Epoch | training time(s) | tesing time(s) |  Loss  |            recall           |             ndcg            |          precision          |          hit_ratio          |
+-------+------------------+----------------+--------+-----------------------------+-----------------------------+-----------------------------+-----------------------------+
|   12  |       145        |       2        | 165.46 | [0.01952, 0.02988, 0.05778] | [0.00929, 0.01198, 0.01768] | [0.00221, 0.00173, 0.00133] | [0.02203, 0.03416, 0.06554] |
|   12  |       145        |       2        | 165.46 | [0.02454, 0.03911, 0.06189] | [0.01311, 0.01692, 0.02153] | [0.00287, 0.00228, 0.00146] | [0.02846, 0.04513, 0.07121] |
+-------+------------------+----------------+--------+-----------------------------+-----------------------------+-----------------------------+-----------------------------+
+-------+------------------+----------------+-------+-----------------------------+-----------------------------+-----------------------------+-----------------------------+
| Epoch | training time(s) | tesing time(s) |  Loss |            recall           |             ndcg            |          precision          |          hit_ratio          |
+-------+------------------+----------------+-------+-----------------------------+-----------------------------+-----------------------------+-----------------------------+
|   13  |       145        |       2        | 157.5 | [0.01992, 0.03046, 0.05765] | [0.00959, 0.01232, 0.01788] | [0.00226, 0.00176, 0.00133] |  [0.02247, 0.03479, 0.0654] |
|   13  |       145        |       2        | 157.5 |  [0.0249, 0.03926, 0.06264] | [0.01328, 0.01703, 0.02178] |  [0.00291, 0.0023, 0.00148] | [0.02889, 0.04531, 0.07208] |
+-------+------------------+----------------+-------+-----------------------------+-----------------------------+-----------------------------+-----------------------------+
+-------+------------------+----------------+--------+-----------------------------+-----------------------------+-----------------------------+-----------------------------+
| Epoch | training time(s) | tesing time(s) |  Loss  |            recall           |             ndcg            |          precision          |          hit_ratio          |
+-------+------------------+----------------+--------+-----------------------------+-----------------------------+-----------------------------+-----------------------------+
|   14  |       146        |       2        | 149.77 | [0.02041, 0.03145, 0.05851] | [0.00995, 0.01282, 0.01833] | [0.00231, 0.00181, 0.00135] | [0.02302, 0.03586, 0.06638] |
|   14  |       146        |       2        | 149.77 | [0.02484, 0.03921, 0.06336] |  [0.01314, 0.0169, 0.02181] |  [0.0029, 0.00229, 0.00149] |  [0.0288, 0.04521, 0.07298] |
+-------+------------------+----------------+--------+-----------------------------+-----------------------------+-----------------------------+-----------------------------+
+-------+------------------+----------------+--------+-----------------------------+-----------------------------+-----------------------------+-----------------------------+
| Epoch | training time(s) | tesing time(s) |  Loss  |            recall           |             ndcg            |          precision          |          hit_ratio          |
+-------+------------------+----------------+--------+-----------------------------+-----------------------------+-----------------------------+-----------------------------+
|   15  |       145        |       2        | 142.53 | [0.02063, 0.03164, 0.05896] | [0.01014, 0.01299, 0.01855] | [0.00234, 0.00182, 0.00136] | [0.02324, 0.03604, 0.06679] |
|   15  |       145        |       2        | 142.53 | [0.02463, 0.03934, 0.06387] | [0.01299, 0.01683, 0.02183] |  [0.00288, 0.0023, 0.00151] | [0.02855, 0.04533, 0.07359] |
+-------+------------------+----------------+--------+-----------------------------+-----------------------------+-----------------------------+-----------------------------+
+-------+------------------+----------------+--------+-----------------------------+-----------------------------+-----------------------------+-----------------------------+
| Epoch | training time(s) | tesing time(s) |  Loss  |            recall           |             ndcg            |          precision          |          hit_ratio          |
+-------+------------------+----------------+--------+-----------------------------+-----------------------------+-----------------------------+-----------------------------+
|   16  |       145        |       2        | 135.68 | [0.02051, 0.03145, 0.05863] |  [0.01013, 0.01297, 0.0185] | [0.00231, 0.00181, 0.00135] | [0.02303, 0.03576, 0.06631] |
|   16  |       145        |       2        | 135.68 | [0.02503, 0.03975, 0.06419] | [0.01308, 0.01692, 0.02191] | [0.00293, 0.00232, 0.00151] |  [0.029, 0.04574, 0.07391]  |
+-------+------------------+----------------+--------+-----------------------------+-----------------------------+-----------------------------+-----------------------------+
+-------+------------------+----------------+--------+-----------------------------+----------------------------+-----------------------------+-----------------------------+
| Epoch | training time(s) | tesing time(s) |  Loss  |            recall           |            ndcg            |          precision          |          hit_ratio          |
+-------+------------------+----------------+--------+-----------------------------+----------------------------+-----------------------------+-----------------------------+
|   17  |       145        |       2        | 129.25 | [0.02049, 0.03188, 0.05885] | [0.0102, 0.01315, 0.01864] | [0.00231, 0.00183, 0.00135] |  [0.02301, 0.03621, 0.0665] |
|   17  |       145        |       2        | 129.25 |  [0.02527, 0.0397, 0.06515] | [0.0132, 0.01696, 0.02215] | [0.00296, 0.00232, 0.00154] | [0.02926, 0.04574, 0.07502] |
+-------+------------------+----------------+--------+-----------------------------+----------------------------+-----------------------------+-----------------------------+
+-------+------------------+----------------+--------+-----------------------------+-----------------------------+-----------------------------+-----------------------------+
| Epoch | training time(s) | tesing time(s) |  Loss  |            recall           |             ndcg            |          precision          |          hit_ratio          |
+-------+------------------+----------------+--------+-----------------------------+-----------------------------+-----------------------------+-----------------------------+
|   18  |       145        |       2        | 123.23 |  [0.02056, 0.03191, 0.059]  | [0.01026, 0.01321, 0.01872] | [0.00231, 0.00183, 0.00135] | [0.02304, 0.03622, 0.06668] |
|   18  |       145        |       2        | 123.23 | [0.02558, 0.03978, 0.06569] |   [0.0133, 0.017, 0.02229]  | [0.00299, 0.00232, 0.00155] | [0.02955, 0.04579, 0.07565] |
+-------+------------------+----------------+--------+-----------------------------+-----------------------------+-----------------------------+-----------------------------+
+-------+------------------+----------------+--------+-----------------------------+-----------------------------+-----------------------------+-----------------------------+
| Epoch | training time(s) | tesing time(s) |  Loss  |            recall           |             ndcg            |          precision          |          hit_ratio          |
+-------+------------------+----------------+--------+-----------------------------+-----------------------------+-----------------------------+-----------------------------+
|   19  |       145        |       2        | 116.83 | [0.02059, 0.03214, 0.05898] |  [0.0103, 0.0133, 0.01875]  | [0.00232, 0.00184, 0.00135] | [0.02309, 0.03644, 0.06657] |
|   19  |       145        |       2        | 116.83 |   [0.02577, 0.04, 0.06616]  | [0.01343, 0.01714, 0.02247] | [0.00301, 0.00234, 0.00156] | [0.02973, 0.04606, 0.07614] |
+-------+------------------+----------------+--------+-----------------------------+-----------------------------+-----------------------------+-----------------------------+
+-------+------------------+----------------+--------+-----------------------------+-----------------------------+-----------------------------+-----------------------------+
| Epoch | training time(s) | tesing time(s) |  Loss  |            recall           |             ndcg            |          precision          |          hit_ratio          |
+-------+------------------+----------------+--------+-----------------------------+-----------------------------+-----------------------------+-----------------------------+
|   20  |       146        |       2        | 111.78 | [0.02085, 0.03276, 0.05916] | [0.01044, 0.01353, 0.01891] | [0.00235, 0.00187, 0.00136] | [0.02338, 0.03712, 0.06684] |
|   20  |       146        |       2        | 111.78 |  [0.02577, 0.04015, 0.0668] | [0.01338, 0.01712, 0.02257] |  [0.003, 0.00235, 0.00158]  | [0.02969, 0.04624, 0.07688] |
+-------+------------------+----------------+--------+-----------------------------+-----------------------------+-----------------------------+-----------------------------+
+-------+------------------+----------------+-------+-----------------------------+-----------------------------+-----------------------------+-----------------------------+
| Epoch | training time(s) | tesing time(s) |  Loss |            recall           |             ndcg            |          precision          |          hit_ratio          |
+-------+------------------+----------------+-------+-----------------------------+-----------------------------+-----------------------------+-----------------------------+
|   21  |       145        |       2        | 106.3 | [0.02089, 0.03319, 0.05947] | [0.01055, 0.01374, 0.01908] |  [0.00236, 0.0019, 0.00136] | [0.02347, 0.03758, 0.06711] |
|   21  |       145        |       2        | 106.3 | [0.02582, 0.04018, 0.06693] |  [0.0134, 0.01714, 0.02261] | [0.00301, 0.00235, 0.00158] | [0.02976, 0.04625, 0.07706] |
+-------+------------------+----------------+-------+-----------------------------+-----------------------------+-----------------------------+-----------------------------+
+-------+------------------+----------------+--------+-----------------------------+-----------------------------+-----------------------------+---------------------------+
| Epoch | training time(s) | tesing time(s) |  Loss  |            recall           |             ndcg            |          precision          |         hit_ratio         |
+-------+------------------+----------------+--------+-----------------------------+-----------------------------+-----------------------------+---------------------------+
|   22  |       146        |       2        | 101.38 |  [0.02115, 0.0336, 0.05972] | [0.01068, 0.01391, 0.01923] | [0.00238, 0.00192, 0.00137] | [0.02371, 0.038, 0.06741] |
|   22  |       146        |       2        | 101.38 | [0.02603, 0.04036, 0.06755] |  [0.01347, 0.0172, 0.02276] | [0.00304, 0.00235, 0.00159] |  [0.03, 0.04636, 0.07767] |
+-------+------------------+----------------+--------+-----------------------------+-----------------------------+-----------------------------+---------------------------+
+-------+------------------+----------------+-------+-----------------------------+-----------------------------+----------------------------+-----------------------------+
| Epoch | training time(s) | tesing time(s) |  Loss |            recall           |             ndcg            |         precision          |          hit_ratio          |
+-------+------------------+----------------+-------+-----------------------------+-----------------------------+----------------------------+-----------------------------+
|   23  |       146        |       2        | 96.46 | [0.02126, 0.03382, 0.05989] | [0.01077, 0.01402, 0.01933] | [0.0024, 0.00193, 0.00137] | [0.02381, 0.03826, 0.06763] |
|   23  |       146        |       2        | 96.46 | [0.02643, 0.04068, 0.06816] | [0.01364, 0.01735, 0.02297] | [0.00308, 0.00237, 0.0016] |  [0.0304, 0.04673, 0.07831] |
+-------+------------------+----------------+-------+-----------------------------+-----------------------------+----------------------------+-----------------------------+
+-------+------------------+----------------+-------+-----------------------------+----------------------------+-----------------------------+-----------------------------+
| Epoch | training time(s) | tesing time(s) |  Loss |            recall           |            ndcg            |          precision          |          hit_ratio          |
+-------+------------------+----------------+-------+-----------------------------+----------------------------+-----------------------------+-----------------------------+
|   24  |       146        |       2        | 91.91 | [0.02147, 0.03406, 0.06023] | [0.01089, 0.01417, 0.0195] | [0.00242, 0.00194, 0.00138] |  [0.02405, 0.0385, 0.06805] |
|   24  |       146        |       2        | 91.91 | [0.02684, 0.04138, 0.06886] | [0.0138, 0.01759, 0.0232]  | [0.00312, 0.00242, 0.00162] | [0.03085, 0.04757, 0.07912] |
+-------+------------------+----------------+-------+-----------------------------+----------------------------+-----------------------------+-----------------------------+
+-------+------------------+----------------+-------+-----------------------------+-----------------------------+-----------------------------+-----------------------------+
| Epoch | training time(s) | tesing time(s) |  Loss |            recall           |             ndcg            |          precision          |          hit_ratio          |
+-------+------------------+----------------+-------+-----------------------------+-----------------------------+-----------------------------+-----------------------------+
|   25  |       145        |       2        | 86.71 | [0.02182, 0.03449, 0.06071] | [0.01108, 0.01437, 0.01971] | [0.00246, 0.00197, 0.00139] | [0.02443, 0.03898, 0.06858] |
|   25  |       145        |       2        | 86.71 |  [0.0271, 0.04168, 0.06957] | [0.01396, 0.01775, 0.02344] | [0.00315, 0.00243, 0.00163] | [0.03116, 0.04786, 0.07983] |
+-------+------------------+----------------+-------+-----------------------------+-----------------------------+-----------------------------+-----------------------------+
+-------+------------------+----------------+-------+-----------------------------+-----------------------------+-----------------------------+-----------------------------+
| Epoch | training time(s) | tesing time(s) |  Loss |            recall           |             ndcg            |          precision          |          hit_ratio          |
+-------+------------------+----------------+-------+-----------------------------+-----------------------------+-----------------------------+-----------------------------+
|   26  |       145        |       2        | 82.34 | [0.02206, 0.03487, 0.06113] |  [0.01123, 0.01456, 0.0199] |  [0.00248, 0.00199, 0.0014] | [0.02467, 0.03939, 0.06904] |
|   26  |       145        |       2        | 82.34 |  [0.02698, 0.042, 0.06998]  | [0.01396, 0.01786, 0.02358] | [0.00314, 0.00245, 0.00165] | [0.03099, 0.04826, 0.08039] |
+-------+------------------+----------------+-------+-----------------------------+-----------------------------+-----------------------------+-----------------------------+
+-------+------------------+----------------+------+-----------------------------+-----------------------------+-----------------------------+-----------------------------+
| Epoch | training time(s) | tesing time(s) | Loss |            recall           |             ndcg            |          precision          |          hit_ratio          |
+-------+------------------+----------------+------+-----------------------------+-----------------------------+-----------------------------+-----------------------------+
|   27  |       146        |       2        | 78.0 |  [0.02242, 0.03517, 0.0616] | [0.01149, 0.01481, 0.02019] | [0.00252, 0.00201, 0.00141] | [0.02506, 0.03971, 0.06958] |
|   27  |       146        |       2        | 78.0 | [0.02718, 0.04224, 0.07086] |  [0.01399, 0.0179, 0.02376] | [0.00316, 0.00246, 0.00166] | [0.03117, 0.04842, 0.08127] |
+-------+------------------+----------------+------+-----------------------------+-----------------------------+-----------------------------+-----------------------------+
+-------+------------------+----------------+-------+-----------------------------+----------------------------+-----------------------------+-----------------------------+
| Epoch | training time(s) | tesing time(s) |  Loss |            recall           |            ndcg            |          precision          |          hit_ratio          |
+-------+------------------+----------------+-------+-----------------------------+----------------------------+-----------------------------+-----------------------------+
|   28  |       145        |       2        | 73.65 | [0.02257, 0.03554, 0.06206] | [0.01162, 0.01499, 0.0204] | [0.00254, 0.00203, 0.00142] |  [0.02525, 0.04011, 0.0701] |
|   28  |       145        |       2        | 73.65 | [0.02745, 0.04267, 0.07165] | [0.0142, 0.01815, 0.02407] | [0.00319, 0.00249, 0.00168] | [0.03148, 0.04897, 0.08203] |
+-------+------------------+----------------+-------+-----------------------------+----------------------------+-----------------------------+-----------------------------+
+-------+------------------+----------------+-------+-----------------------------+----------------------------+-----------------------------+-----------------------------+
| Epoch | training time(s) | tesing time(s) |  Loss |            recall           |            ndcg            |          precision          |          hit_ratio          |
+-------+------------------+----------------+-------+-----------------------------+----------------------------+-----------------------------+-----------------------------+
|   29  |       146        |       2        | 69.81 | [0.02262, 0.03584, 0.06237] | [0.01166, 0.01509, 0.0205] | [0.00254, 0.00204, 0.00143] | [0.02529, 0.04037, 0.07047] |
|   29  |       146        |       2        | 69.81 | [0.02755, 0.04298, 0.07238] | [0.01429, 0.01829, 0.0243] |   [0.0032, 0.0025, 0.0017]  | [0.03159, 0.04926, 0.08287] |
+-------+------------------+----------------+-------+-----------------------------+----------------------------+-----------------------------+-----------------------------+
+-------+------------------+----------------+-------+----------------------------+-----------------------------+-----------------------------+-----------------------------+
| Epoch | training time(s) | tesing time(s) |  Loss |           recall           |             ndcg            |          precision          |          hit_ratio          |
+-------+------------------+----------------+-------+----------------------------+-----------------------------+-----------------------------+-----------------------------+
|   30  |       146        |       2        | 66.03 | [0.02271, 0.03622, 0.0627] | [0.01174, 0.01525, 0.02065] | [0.00255, 0.00206, 0.00144] |  [0.02538, 0.0408, 0.07082] |
|   30  |       146        |       2        | 66.03 | [0.028, 0.04335, 0.07271]  |  [0.01441, 0.0184, 0.0244]  |  [0.00324, 0.00252, 0.0017] | [0.03205, 0.04961, 0.08319] |
+-------+------------------+----------------+-------+----------------------------+-----------------------------+-----------------------------+-----------------------------+
+-------+------------------+----------------+-------+-----------------------------+-----------------------------+-----------------------------+-----------------------------+
| Epoch | training time(s) | tesing time(s) |  Loss |            recall           |             ndcg            |          precision          |          hit_ratio          |
+-------+------------------+----------------+-------+-----------------------------+-----------------------------+-----------------------------+-----------------------------+
|   31  |       145        |       2        | 62.63 | [0.02292, 0.03652, 0.06317] | [0.01186, 0.01539, 0.02082] | [0.00258, 0.00208, 0.00145] | [0.02559, 0.04113, 0.07141] |
|   31  |       145        |       2        | 62.63 |  [0.0285, 0.0439, 0.07379]  |  [0.0147, 0.0187, 0.02481]  |  [0.0033, 0.00255, 0.00173] | [0.03259, 0.05028, 0.08438] |
+-------+------------------+----------------+-------+-----------------------------+-----------------------------+-----------------------------+-----------------------------+
+-------+------------------+----------------+-------+-----------------------------+-----------------------------+-----------------------------+-----------------------------+
| Epoch | training time(s) | tesing time(s) |  Loss |            recall           |             ndcg            |          precision          |          hit_ratio          |
+-------+------------------+----------------+-------+-----------------------------+-----------------------------+-----------------------------+-----------------------------+
|   32  |       146        |       2        | 59.38 | [0.02301, 0.03679, 0.06359] | [0.01193, 0.01551, 0.02097] | [0.00259, 0.00209, 0.00146] |  [0.02571, 0.0414, 0.07186] |
|   32  |       146        |       2        | 59.38 |  [0.02872, 0.0445, 0.07441] |  [0.0148, 0.0189, 0.02501]  | [0.00332, 0.00258, 0.00174] | [0.03281, 0.05087, 0.08501] |
+-------+------------------+----------------+-------+-----------------------------+-----------------------------+-----------------------------+-----------------------------+
+-------+------------------+----------------+-------+-----------------------------+-----------------------------+----------------------------+----------------------------+
| Epoch | training time(s) | tesing time(s) |  Loss |            recall           |             ndcg            |         precision          |         hit_ratio          |
+-------+------------------+----------------+-------+-----------------------------+-----------------------------+----------------------------+----------------------------+
|   33  |       146        |       2        | 55.91 | [0.02315, 0.03715, 0.06392] | [0.01203, 0.01566, 0.02112] | [0.0026, 0.00211, 0.00147] | [0.02584, 0.0418, 0.07221] |
|   33  |       146        |       2        | 55.91 | [0.02892, 0.04475, 0.07504] | [0.01493, 0.01904, 0.02522] | [0.00334, 0.0026, 0.00176] | [0.03305, 0.0512, 0.08569] |
+-------+------------------+----------------+-------+-----------------------------+-----------------------------+----------------------------+----------------------------+
+-------+------------------+----------------+-------+----------------------------+-----------------------------+-----------------------------+-----------------------------+
| Epoch | training time(s) | tesing time(s) |  Loss |           recall           |             ndcg            |          precision          |          hit_ratio          |
+-------+------------------+----------------+-------+----------------------------+-----------------------------+-----------------------------+-----------------------------+
|   34  |       146        |       2        | 52.88 | [0.02351, 0.0375, 0.06415] | [0.01222, 0.01585, 0.02128] | [0.00264, 0.00213, 0.00147] | [0.02623, 0.04219, 0.07242] |
|   34  |       146        |       2        | 52.88 | [0.0291, 0.04506, 0.07526] | [0.01502, 0.01916, 0.02533] | [0.00336, 0.00261, 0.00176] | [0.03323, 0.05148, 0.08594] |
+-------+------------------+----------------+-------+----------------------------+-----------------------------+-----------------------------+-----------------------------+
+-------+------------------+----------------+-------+----------------------------+-----------------------------+-----------------------------+-----------------------------+
| Epoch | training time(s) | tesing time(s) |  Loss |           recall           |             ndcg            |          precision          |          hit_ratio          |
+-------+------------------+----------------+-------+----------------------------+-----------------------------+-----------------------------+-----------------------------+
|   35  |       145        |       2        | 50.32 | [0.0237, 0.03748, 0.06412] | [0.01232, 0.01588, 0.02132] | [0.00267, 0.00213, 0.00147] | [0.02648, 0.04216, 0.07232] |
|   35  |       145        |       2        | 50.32 | [0.0292, 0.04551, 0.0759]  | [0.01519, 0.01942, 0.02563] | [0.00337, 0.00264, 0.00178] | [0.03333, 0.05202, 0.08658] |
+-------+------------------+----------------+-------+----------------------------+-----------------------------+-----------------------------+-----------------------------+
+-------+------------------+----------------+-------+-----------------------------+-----------------------------+-----------------------------+-----------------------------+
| Epoch | training time(s) | tesing time(s) |  Loss |            recall           |             ndcg            |          precision          |          hit_ratio          |
+-------+------------------+----------------+-------+-----------------------------+-----------------------------+-----------------------------+-----------------------------+
|   36  |       146        |       2        | 47.49 | [0.02361, 0.03766, 0.06414] | [0.01235, 0.01599, 0.02139] | [0.00265, 0.00214, 0.00147] | [0.02638, 0.04233, 0.07227] |
|   36  |       146        |       2        | 47.49 | [0.02968, 0.04588, 0.07641] | [0.01534, 0.01955, 0.02578] | [0.00343, 0.00266, 0.00179] | [0.03385, 0.05239, 0.08713] |
+-------+------------------+----------------+-------+-----------------------------+-----------------------------+-----------------------------+-----------------------------+
+-------+------------------+----------------+-------+-----------------------------+-----------------------------+-----------------------------+-----------------------------+
| Epoch | training time(s) | tesing time(s) |  Loss |            recall           |             ndcg            |          precision          |          hit_ratio          |
+-------+------------------+----------------+-------+-----------------------------+-----------------------------+-----------------------------+-----------------------------+
|   37  |       145        |       2        | 45.24 | [0.02397, 0.03793, 0.06436] | [0.01252, 0.01614, 0.02152] | [0.00269, 0.00215, 0.00147] | [0.02676, 0.04262, 0.07248] |
|   37  |       145        |       2        | 45.24 | [0.02991, 0.04611, 0.07696] | [0.01545, 0.01965, 0.02595] |  [0.00345, 0.00267, 0.0018] | [0.03409, 0.05263, 0.08771] |
+-------+------------------+----------------+-------+-----------------------------+-----------------------------+-----------------------------+-----------------------------+
+-------+------------------+----------------+-------+-----------------------------+-----------------------------+-----------------------------+-----------------------------+
| Epoch | training time(s) | tesing time(s) |  Loss |            recall           |             ndcg            |          precision          |          hit_ratio          |
+-------+------------------+----------------+-------+-----------------------------+-----------------------------+-----------------------------+-----------------------------+
|   38  |       146        |       2        | 42.96 | [0.02434, 0.03861, 0.06451] | [0.01268, 0.01638, 0.02167] | [0.00273, 0.00219, 0.00148] | [0.02714, 0.04336, 0.07272] |
|   38  |       146        |       2        | 42.96 | [0.03004, 0.04613, 0.07755] |  [0.0156, 0.01978, 0.0262]  | [0.00346, 0.00267, 0.00181] | [0.03424, 0.05266, 0.08838] |
+-------+------------------+----------------+-------+-----------------------------+-----------------------------+-----------------------------+-----------------------------+
+-------+------------------+----------------+-------+-----------------------------+-----------------------------+-----------------------------+----------------------------+
| Epoch | training time(s) | tesing time(s) |  Loss |            recall           |             ndcg            |          precision          |         hit_ratio          |
+-------+------------------+----------------+-------+-----------------------------+-----------------------------+-----------------------------+----------------------------+
|   39  |       145        |       2        | 40.62 | [0.02412, 0.03835, 0.06468] | [0.01271, 0.01641, 0.02177] | [0.00271, 0.00218, 0.00148] | [0.02688, 0.0431, 0.07284] |
|   39  |       145        |       2        | 40.62 | [0.03038, 0.04694, 0.07794] | [0.01577, 0.02007, 0.02639] |  [0.0035, 0.00272, 0.00182] | [0.03461, 0.0535, 0.08873] |
+-------+------------------+----------------+-------+-----------------------------+-----------------------------+-----------------------------+----------------------------+
+-------+------------------+----------------+-------+----------------------------+-----------------------------+-----------------------------+-----------------------------+
| Epoch | training time(s) | tesing time(s) |  Loss |           recall           |             ndcg            |          precision          |          hit_ratio          |
+-------+------------------+----------------+-------+----------------------------+-----------------------------+-----------------------------+-----------------------------+
|   40  |       145        |       2        | 38.66 | [0.02439, 0.0387, 0.06501] |  [0.01288, 0.0166, 0.02195] |  [0.00274, 0.0022, 0.00149] | [0.02724, 0.04351, 0.07317] |
|   40  |       145        |       2        | 38.66 | [0.0306, 0.04702, 0.07796] | [0.01592, 0.02019, 0.02651] | [0.00352, 0.00272, 0.00182] | [0.03484, 0.05359, 0.08878] |
+-------+------------------+----------------+-------+----------------------------+-----------------------------+-----------------------------+-----------------------------+
+-------+------------------+----------------+-------+-----------------------------+-----------------------------+-----------------------------+-----------------------------+
| Epoch | training time(s) | tesing time(s) |  Loss |            recall           |             ndcg            |          precision          |          hit_ratio          |
+-------+------------------+----------------+-------+-----------------------------+-----------------------------+-----------------------------+-----------------------------+
|   41  |       145        |       2        | 36.87 | [0.02459, 0.03885, 0.06521] | [0.01308, 0.01678, 0.02215] |  [0.00276, 0.0022, 0.00149] | [0.02742, 0.04364, 0.07336] |
|   41  |       145        |       2        | 36.87 | [0.03088, 0.04737, 0.07827] |   [0.016, 0.02028, 0.0266]  | [0.00355, 0.00274, 0.00183] | [0.03518, 0.05392, 0.08917] |
+-------+------------------+----------------+-------+-----------------------------+-----------------------------+-----------------------------+-----------------------------+
+-------+------------------+----------------+-------+-----------------------------+-----------------------------+-----------------------------+-----------------------------+
| Epoch | training time(s) | tesing time(s) |  Loss |            recall           |             ndcg            |          precision          |          hit_ratio          |
+-------+------------------+----------------+-------+-----------------------------+-----------------------------+-----------------------------+-----------------------------+
|   42  |       145        |       2        | 34.79 | [0.02465, 0.03888, 0.06536] | [0.01314, 0.01683, 0.02223] | [0.00277, 0.00221, 0.00149] | [0.02749, 0.04368, 0.07347] |
|   42  |       145        |       2        | 34.79 | [0.03108, 0.04775, 0.07884] | [0.01604, 0.02036, 0.02672] | [0.00358, 0.00275, 0.00184] | [0.03537, 0.05424, 0.08977] |
+-------+------------------+----------------+-------+-----------------------------+-----------------------------+-----------------------------+-----------------------------+
+-------+------------------+----------------+-------+-----------------------------+-----------------------------+-----------------------------+-----------------------------+
| Epoch | training time(s) | tesing time(s) |  Loss |            recall           |             ndcg            |          precision          |          hit_ratio          |
+-------+------------------+----------------+-------+-----------------------------+-----------------------------+-----------------------------+-----------------------------+
|   43  |       146        |       2        | 33.56 | [0.02475, 0.03896, 0.06528] | [0.01317, 0.01686, 0.02222] | [0.00278, 0.00221, 0.00149] | [0.02759, 0.04375, 0.07337] |
|   43  |       146        |       2        | 33.56 | [0.03139, 0.04817, 0.07922] | [0.01628, 0.02063, 0.02698] | [0.00361, 0.00278, 0.00185] | [0.03571, 0.05474, 0.09014] |
+-------+------------------+----------------+-------+-----------------------------+-----------------------------+-----------------------------+-----------------------------+
+-------+------------------+----------------+-------+----------------------------+-----------------------------+-----------------------------+-----------------------------+
| Epoch | training time(s) | tesing time(s) |  Loss |           recall           |             ndcg            |          precision          |          hit_ratio          |
+-------+------------------+----------------+-------+----------------------------+-----------------------------+-----------------------------+-----------------------------+
|   44  |       146        |       2        | 31.94 | [0.0251, 0.03918, 0.06554] | [0.01338, 0.01704, 0.02241] |  [0.00282, 0.00222, 0.0015] |  [0.028, 0.04402, 0.07363]  |
|   44  |       146        |       2        | 31.94 | [0.0316, 0.04822, 0.07959] |  [0.01639, 0.02069, 0.0271] | [0.00363, 0.00279, 0.00186] | [0.03595, 0.05478, 0.09054] |
+-------+------------------+----------------+-------+----------------------------+-----------------------------+-----------------------------+-----------------------------+
+-------+------------------+----------------+-------+-----------------------------+-----------------------------+-----------------------------+-----------------------------+
| Epoch | training time(s) | tesing time(s) |  Loss |            recall           |             ndcg            |          precision          |          hit_ratio          |
+-------+------------------+----------------+-------+-----------------------------+-----------------------------+-----------------------------+-----------------------------+
|   45  |       145        |       2        | 30.55 |  [0.02504, 0.0394, 0.06561] | [0.01338, 0.01711, 0.02244] |  [0.00281, 0.00223, 0.0015] | [0.02795, 0.04421, 0.07373] |
|   45  |       145        |       2        | 30.55 | [0.03196, 0.04864, 0.07984] | [0.01648, 0.02079, 0.02717] | [0.00367, 0.00281, 0.00186] |  [0.03637, 0.0552, 0.09078] |
+-------+------------------+----------------+-------+-----------------------------+-----------------------------+-----------------------------+-----------------------------+
+-------+------------------+----------------+-------+-----------------------------+-----------------------------+-----------------------------+-----------------------------+
| Epoch | training time(s) | tesing time(s) |  Loss |            recall           |             ndcg            |          precision          |          hit_ratio          |
+-------+------------------+----------------+-------+-----------------------------+-----------------------------+-----------------------------+-----------------------------+
|   46  |       145        |       2        | 29.21 | [0.02522, 0.03946, 0.06547] | [0.01348, 0.01717, 0.02246] |  [0.00283, 0.00224, 0.0015] |  [0.02809, 0.0443, 0.0735]  |
|   46  |       145        |       2        | 29.21 | [0.03208, 0.04866, 0.07987] |  [0.0166, 0.02089, 0.02728] | [0.00368, 0.00281, 0.00187] | [0.03649, 0.05519, 0.09082] |
+-------+------------------+----------------+-------+-----------------------------+-----------------------------+-----------------------------+-----------------------------+
+-------+------------------+----------------+-------+-----------------------------+-----------------------------+-----------------------------+-----------------------------+
| Epoch | training time(s) | tesing time(s) |  Loss |            recall           |             ndcg            |          precision          |          hit_ratio          |
+-------+------------------+----------------+-------+-----------------------------+-----------------------------+-----------------------------+-----------------------------+
|   47  |       145        |       2        | 27.69 | [0.02541, 0.03948, 0.06589] | [0.01354, 0.01718, 0.02255] |  [0.00284, 0.00224, 0.0015] | [0.02825, 0.04431, 0.07391] |
|   47  |       145        |       2        | 27.69 |  [0.03215, 0.0488, 0.0801]  | [0.01665, 0.02097, 0.02736] | [0.00369, 0.00282, 0.00187] | [0.03659, 0.05534, 0.09101] |
+-------+------------------+----------------+-------+-----------------------------+-----------------------------+-----------------------------+-----------------------------+
+-------+------------------+----------------+-------+-----------------------------+-----------------------------+-----------------------------+-----------------------------+
| Epoch | training time(s) | tesing time(s) |  Loss |            recall           |             ndcg            |          precision          |          hit_ratio          |
+-------+------------------+----------------+-------+-----------------------------+-----------------------------+-----------------------------+-----------------------------+
|   48  |       146        |       2        | 26.68 | [0.02545, 0.03954, 0.06582] |  [0.01361, 0.01725, 0.0226] |  [0.00285, 0.00224, 0.0015] |  [0.02833, 0.04431, 0.0739] |
|   48  |       146        |       2        | 26.68 |  [0.03206, 0.04867, 0.0802] | [0.01663, 0.02095, 0.02739] | [0.00368, 0.00281, 0.00187] | [0.03643, 0.05517, 0.09106] |
+-------+------------------+----------------+-------+-----------------------------+-----------------------------+-----------------------------+-----------------------------+
+-------+------------------+----------------+------+-----------------------------+-----------------------------+-----------------------------+-----------------------------+
| Epoch | training time(s) | tesing time(s) | Loss |            recall           |             ndcg            |          precision          |          hit_ratio          |
+-------+------------------+----------------+------+-----------------------------+-----------------------------+-----------------------------+-----------------------------+
|   49  |       145        |       2        | 25.7 | [0.02529, 0.03928, 0.06568] | [0.01353, 0.01716, 0.02253] |  [0.00283, 0.00222, 0.0015] | [0.02812, 0.04399, 0.07365] |
|   49  |       145        |       2        | 25.7 | [0.03252, 0.04901, 0.08068] | [0.01677, 0.02104, 0.02752] | [0.00373, 0.00283, 0.00188] | [0.03694, 0.05559, 0.09152] |
+-------+------------------+----------------+------+-----------------------------+-----------------------------+-----------------------------+-----------------------------+
+-------+------------------+----------------+-------+-----------------------------+----------------------------+-----------------------------+-----------------------------+
| Epoch | training time(s) | tesing time(s) |  Loss |            recall           |            ndcg            |          precision          |          hit_ratio          |
+-------+------------------+----------------+-------+-----------------------------+----------------------------+-----------------------------+-----------------------------+
|   50  |       145        |       2        | 24.63 | [0.02504, 0.03896, 0.06571] | [0.01339, 0.017, 0.02244]  |   [0.0028, 0.0022, 0.0015]  | [0.02786, 0.04365, 0.07357] |
|   50  |       145        |       2        | 24.63 |  [0.03275, 0.04951, 0.0811] | [0.0171, 0.02145, 0.02789] | [0.00376, 0.00286, 0.00189] | [0.03724, 0.05615, 0.09195] |
+-------+------------------+----------------+-------+-----------------------------+----------------------------+-----------------------------+-----------------------------+
+-------+------------------+----------------+-------+-----------------------------+-----------------------------+-----------------------------+-----------------------------+
| Epoch | training time(s) | tesing time(s) |  Loss |            recall           |             ndcg            |          precision          |          hit_ratio          |
+-------+------------------+----------------+-------+-----------------------------+-----------------------------+-----------------------------+-----------------------------+
|   51  |       145        |       2        | 23.75 |  [0.02507, 0.03886, 0.0655] |  [0.01341, 0.01698, 0.0224] |  [0.0028, 0.0022, 0.00149]  | [0.02786, 0.04351, 0.07334] |
|   51  |       145        |       2        | 23.75 | [0.03277, 0.04975, 0.08129] | [0.01716, 0.02157, 0.02801] | [0.00376, 0.00287, 0.00189] | [0.03724, 0.05635, 0.09217] |
+-------+------------------+----------------+-------+-----------------------------+-----------------------------+-----------------------------+-----------------------------+
+-------+------------------+----------------+-------+-----------------------------+-----------------------------+-----------------------------+-----------------------------+
| Epoch | training time(s) | tesing time(s) |  Loss |            recall           |             ndcg            |          precision          |          hit_ratio          |
+-------+------------------+----------------+-------+-----------------------------+-----------------------------+-----------------------------+-----------------------------+
|   52  |       146        |       2        | 22.66 | [0.02549, 0.03922, 0.06546] | [0.01363, 0.01718, 0.02252] | [0.00285, 0.00221, 0.00149] | [0.02835, 0.04388, 0.07335] |
|   52  |       146        |       2        | 22.66 | [0.03315, 0.04957, 0.08127] | [0.01731, 0.02158, 0.02806] |  [0.0038, 0.00286, 0.00189] | [0.03761, 0.05621, 0.09223] |
+-------+------------------+----------------+-------+-----------------------------+-----------------------------+-----------------------------+-----------------------------+
+-------+------------------+----------------+------+-----------------------------+----------------------------+-----------------------------+-----------------------------+
| Epoch | training time(s) | tesing time(s) | Loss |            recall           |            ndcg            |          precision          |          hit_ratio          |
+-------+------------------+----------------+------+-----------------------------+----------------------------+-----------------------------+-----------------------------+
|   53  |       145        |       2        | 21.8 |  [0.0256, 0.03936, 0.06618] | [0.01377, 0.01735, 0.0228] | [0.00287, 0.00223, 0.00151] | [0.02853, 0.04413, 0.07419] |
|   53  |       145        |       2        | 21.8 | [0.03294, 0.04955, 0.08121] | [0.01712, 0.02143, 0.0279] | [0.00377, 0.00285, 0.00189] | [0.03734, 0.05612, 0.09208] |
+-------+------------------+----------------+------+-----------------------------+----------------------------+-----------------------------+-----------------------------+
+-------+------------------+----------------+-------+-----------------------------+-----------------------------+----------------------------+-----------------------------+
| Epoch | training time(s) | tesing time(s) |  Loss |            recall           |             ndcg            |         precision          |          hit_ratio          |
+-------+------------------+----------------+-------+-----------------------------+-----------------------------+----------------------------+-----------------------------+
|   54  |       146        |       2        | 21.39 | [0.02576, 0.03938, 0.06592] | [0.01385, 0.01738, 0.02278] | [0.00289, 0.00223, 0.0015] |  [0.0287, 0.04415, 0.07392] |
|   54  |       146        |       2        | 21.39 | [0.03305, 0.04992, 0.08151] | [0.01724, 0.02161, 0.02805] | [0.00378, 0.00288, 0.0019] | [0.03746, 0.05652, 0.09249] |
+-------+------------------+----------------+-------+-----------------------------+-----------------------------+----------------------------+-----------------------------+
+-------+------------------+----------------+-------+-----------------------------+-----------------------------+----------------------------+-----------------------------+
| Epoch | training time(s) | tesing time(s) |  Loss |            recall           |             ndcg            |         precision          |          hit_ratio          |
+-------+------------------+----------------+-------+-----------------------------+-----------------------------+----------------------------+-----------------------------+
|   55  |       146        |       2        | 20.42 | [0.02558, 0.03914, 0.06563] | [0.01381, 0.01733, 0.02272] | [0.00287, 0.00221, 0.0015] | [0.02848, 0.04384, 0.07354] |
|   55  |       146        |       2        | 20.42 | [0.03329, 0.05005, 0.08159] | [0.01736, 0.02171, 0.02815] | [0.0038, 0.00288, 0.0019]  | [0.03763, 0.05662, 0.09258] |
+-------+------------------+----------------+-------+-----------------------------+-----------------------------+----------------------------+-----------------------------+
+-------+------------------+----------------+-------+-----------------------------+-----------------------------+-----------------------------+-----------------------------+
| Epoch | training time(s) | tesing time(s) |  Loss |            recall           |             ndcg            |          precision          |          hit_ratio          |
+-------+------------------+----------------+-------+-----------------------------+-----------------------------+-----------------------------+-----------------------------+
|   56  |       145        |       2        | 19.74 | [0.02584, 0.03931, 0.06537] | [0.01392, 0.01741, 0.02272] | [0.00289, 0.00222, 0.00149] | [0.02876, 0.04405, 0.07326] |
|   56  |       145        |       2        | 19.74 | [0.03348, 0.04995, 0.08159] | [0.01747, 0.02174, 0.02821] |  [0.00383, 0.00288, 0.0019] | [0.03785, 0.05653, 0.09259] |
+-------+------------------+----------------+-------+-----------------------------+-----------------------------+-----------------------------+-----------------------------+
+-------+------------------+----------------+-------+-----------------------------+-----------------------------+----------------------------+-----------------------------+
| Epoch | training time(s) | tesing time(s) |  Loss |            recall           |             ndcg            |         precision          |          hit_ratio          |
+-------+------------------+----------------+-------+-----------------------------+-----------------------------+----------------------------+-----------------------------+
|   57  |       145        |       2        | 19.18 | [0.02603, 0.03949, 0.06567] |  [0.0141, 0.01759, 0.02293] | [0.00292, 0.00223, 0.0015] | [0.02899, 0.04427, 0.07361] |
|   57  |       145        |       2        | 19.18 | [0.03318, 0.04973, 0.08144] | [0.01729, 0.02159, 0.02807] | [0.00378, 0.00286, 0.0019] |  [0.03741, 0.0562, 0.09239] |
+-------+------------------+----------------+-------+-----------------------------+-----------------------------+----------------------------+-----------------------------+
+-------+------------------+----------------+-------+-----------------------------+-----------------------------+-----------------------------+-----------------------------+
| Epoch | training time(s) | tesing time(s) |  Loss |            recall           |             ndcg            |          precision          |          hit_ratio          |
+-------+------------------+----------------+-------+-----------------------------+-----------------------------+-----------------------------+-----------------------------+
|   58  |       145        |       2        | 18.53 |  [0.02617, 0.03962, 0.066]  | [0.01415, 0.01765, 0.02302] | [0.00293, 0.00224, 0.00151] | [0.02908, 0.04437, 0.07401] |
|   58  |       145        |       2        | 18.53 | [0.03311, 0.04973, 0.08109] | [0.01731, 0.02162, 0.02803] | [0.00378, 0.00286, 0.00188] | [0.03737, 0.05619, 0.09185] |
+-------+------------------+----------------+-------+-----------------------------+-----------------------------+-----------------------------+-----------------------------+
+-------+------------------+----------------+-------+-----------------------------+-----------------------------+-----------------------------+-----------------------------+
| Epoch | training time(s) | tesing time(s) |  Loss |            recall           |             ndcg            |          precision          |          hit_ratio          |
+-------+------------------+----------------+-------+-----------------------------+-----------------------------+-----------------------------+-----------------------------+
|   59  |       146        |       2        | 17.93 |  [0.02613, 0.0392, 0.06561] | [0.01418, 0.01757, 0.02295] |  [0.00292, 0.00222, 0.0015] |  [0.02907, 0.04392, 0.0735] |
|   59  |       146        |       2        | 17.93 | [0.03314, 0.04989, 0.08101] | [0.01729, 0.02163, 0.02799] | [0.00378, 0.00287, 0.00188] | [0.03739, 0.05637, 0.09182] |
+-------+------------------+----------------+-------+-----------------------------+-----------------------------+-----------------------------+-----------------------------+
+-------+------------------+----------------+-------+-----------------------------+-----------------------------+-----------------------------+-----------------------------+
| Epoch | training time(s) | tesing time(s) |  Loss |            recall           |             ndcg            |          precision          |          hit_ratio          |
+-------+------------------+----------------+-------+-----------------------------+-----------------------------+-----------------------------+-----------------------------+
|   60  |       146        |       2        | 17.45 | [0.02612, 0.03922, 0.06546] | [0.01419, 0.01759, 0.02293] | [0.00293, 0.00222, 0.00149] | [0.02908, 0.04389, 0.07335] |
|   60  |       146        |       2        | 17.45 |  [0.03319, 0.0499, 0.08118] | [0.01733, 0.02167, 0.02806] | [0.00378, 0.00287, 0.00189] | [0.03743, 0.05637, 0.09194] |
+-------+------------------+----------------+-------+-----------------------------+-----------------------------+-----------------------------+-----------------------------+
+-------+------------------+----------------+-------+-----------------------------+-----------------------------+-----------------------------+-----------------------------+
| Epoch | training time(s) | tesing time(s) |  Loss |            recall           |             ndcg            |          precision          |          hit_ratio          |
+-------+------------------+----------------+-------+-----------------------------+-----------------------------+-----------------------------+-----------------------------+
|   61  |       131        |       2        | 17.08 | [0.02624, 0.03944, 0.06537] | [0.01432, 0.01774, 0.02302] | [0.00294, 0.00223, 0.00149] | [0.02922, 0.04414, 0.07328] |
|   61  |       131        |       2        | 17.08 |  [0.0331, 0.04985, 0.08118] |  [0.01735, 0.0217, 0.02811] | [0.00377, 0.00287, 0.00189] |  [0.03733, 0.05633, 0.0919] |
+-------+------------------+----------------+-------+-----------------------------+-----------------------------+-----------------------------+-----------------------------+
+-------+------------------+----------------+-------+-----------------------------+-----------------------------+-----------------------------+-----------------------------+
| Epoch | training time(s) | tesing time(s) |  Loss |            recall           |             ndcg            |          precision          |          hit_ratio          |
+-------+------------------+----------------+-------+-----------------------------+-----------------------------+-----------------------------+-----------------------------+
|   62  |       133        |       2        | 16.54 | [0.02648, 0.03935, 0.06539] | [0.01445, 0.01778, 0.02309] | [0.00296, 0.00222, 0.00149] | [0.02944, 0.04402, 0.07334] |
|   62  |       133        |       2        | 16.54 | [0.03268, 0.04955, 0.08112] | [0.01715, 0.02154, 0.02799] | [0.00373, 0.00285, 0.00189] | [0.03688, 0.05599, 0.09182] |
+-------+------------------+----------------+-------+-----------------------------+-----------------------------+-----------------------------+-----------------------------+
+-------+------------------+----------------+-------+-----------------------------+-----------------------------+-----------------------------+-----------------------------+
| Epoch | training time(s) | tesing time(s) |  Loss |            recall           |             ndcg            |          precision          |          hit_ratio          |
+-------+------------------+----------------+-------+-----------------------------+-----------------------------+-----------------------------+-----------------------------+
|   63  |       133        |       2        | 16.08 | [0.02656, 0.03949, 0.06513] |  [0.0145, 0.01785, 0.02307] | [0.00297, 0.00223, 0.00149] | [0.02952, 0.04417, 0.07298] |
|   63  |       133        |       2        | 16.08 |   [0.0328, 0.04974, 0.081]  | [0.01723, 0.02163, 0.02802] | [0.00374, 0.00286, 0.00188] | [0.03701, 0.05626, 0.09166] |
+-------+------------------+----------------+-------+-----------------------------+-----------------------------+-----------------------------+-----------------------------+
+-------+------------------+----------------+-------+-----------------------------+-----------------------------+-----------------------------+-----------------------------+
| Epoch | training time(s) | tesing time(s) |  Loss |            recall           |             ndcg            |          precision          |          hit_ratio          |
+-------+------------------+----------------+-------+-----------------------------+-----------------------------+-----------------------------+-----------------------------+
|   64  |       133        |       2        | 15.88 |  [0.0264, 0.03925, 0.06475] | [0.01443, 0.01776, 0.02295] | [0.00296, 0.00222, 0.00148] | [0.02937, 0.04394, 0.07255] |
|   64  |       133        |       2        | 15.88 | [0.03286, 0.04963, 0.08093] | [0.01739, 0.02174, 0.02814] | [0.00375, 0.00286, 0.00188] | [0.03705, 0.05611, 0.09155] |
+-------+------------------+----------------+-------+-----------------------------+-----------------------------+-----------------------------+-----------------------------+
+-------+------------------+----------------+-------+----------------------------+-----------------------------+-----------------------------+-----------------------------+
| Epoch | training time(s) | tesing time(s) |  Loss |           recall           |             ndcg            |          precision          |          hit_ratio          |
+-------+------------------+----------------+-------+----------------------------+-----------------------------+-----------------------------+-----------------------------+
|   65  |       132        |       2        | 15.24 | [0.02634, 0.0392, 0.06465] | [0.01441, 0.01774, 0.02292] | [0.00294, 0.00221, 0.00147] | [0.02924, 0.04375, 0.07236] |
|   65  |       132        |       2        | 15.24 | [0.03291, 0.04973, 0.0813] | [0.01747, 0.02184, 0.02829] | [0.00375, 0.00286, 0.00189] | [0.03712, 0.05621, 0.09192] |
+-------+------------------+----------------+-------+----------------------------+-----------------------------+-----------------------------+-----------------------------+
Early stopping is trigger at step: 10 log:0.04973
Sep-21-2024_22-31-12 end training ...
early stopping at 65, recall@20:0.0500
+-------+------------------+----------------+-------+-----------------------------+-----------------------------+----------------------------+-----------------------------+
| Epoch | training time(s) | tesing time(s) |  Loss |            recall           |             ndcg            |         precision          |          hit_ratio          |
+-------+------------------+----------------+-------+-----------------------------+-----------------------------+----------------------------+-----------------------------+
|   55  |       146        |       2        | 20.42 | [0.02558, 0.03914, 0.06563] | [0.01381, 0.01733, 0.02272] | [0.00287, 0.00221, 0.0015] | [0.02848, 0.04384, 0.07354] |
+-------+------------------+----------------+-------+-----------------------------+-----------------------------+----------------------------+-----------------------------+
